2015-08-19 12:54:03 [INFO ] [] XPayClient initialize [/home/hosting_users/xplex/www/wp-content/plugins/woocommerce-lguplus-kr/lgdacom] [service]
2015-08-19 12:54:03 [DEBUG] [] Config [server_id] = [01]
2015-08-19 12:54:03 [DEBUG] [] Config [timeout] = [60]
2015-08-19 12:54:03 [DEBUG] [] Config [log_level] = [4]
2015-08-19 12:54:03 [DEBUG] [] Config [verify_cert] = [1]
2015-08-19 12:54:03 [DEBUG] [] Config [verify_host] = [1]
2015-08-19 12:54:03 [DEBUG] [] Config [report_error] = [1]
2015-08-19 12:54:03 [DEBUG] [] Config [output_UTF8] = [1]
2015-08-19 12:54:03 [DEBUG] [] Config [auto_rollback] = [1]
2015-08-19 12:54:03 [DEBUG] [] Config [log_dir] = [/home/hosting_users/xplex/www/wp-content/plugins/woocommerce-lguplus-kr/lgdacom/log]
2015-08-19 12:54:03 [DEBUG] [] Config [txplex4] = [12d7f002e43a80c0dd64128a1957e351]
2015-08-19 12:54:03 [DEBUG] [] Config [xplex4] = [12d7f002e43a80c0dd64128a1957e351]
2015-08-19 12:54:03 [DEBUG] [] Config [url] = [https://xpayclient.lgdacom.net/xpay/Gateway.do]
2015-08-19 12:54:03 [DEBUG] [] Config [test_url] = [https://xpayclient.lgdacom.net:7443/xpay/Gateway.do]
2015-08-19 12:54:03 [DEBUG] [] Config [aux_url] = [http://xpayclient.lgdacom.net:7080/xpay/Gateway.do]
2015-08-19 12:54:03 [DEBUG] [xplex4-0120150819125403b83b74c2436a98456bf790dc0ac7ccb678fd316a] Post [LGD_TXID] = [xplex4-0120150819125403b83b74c2436a98456bf790dc0ac7ccb678fd316a]
2015-08-19 12:54:03 [DEBUG] [xplex4-0120150819125403b83b74c2436a98456bf790dc0ac7ccb678fd316a] Post [LGD_AUTHCODE] = [3b112dcb80db78996214229b7a28352ae2033de1]
2015-08-19 12:54:03 [DEBUG] [xplex4-0120150819125403b83b74c2436a98456bf790dc0ac7ccb678fd316a] Post [LGD_MID] = [xplex4]
2015-08-19 12:54:03 [DEBUG] [xplex4-0120150819125403b83b74c2436a98456bf790dc0ac7ccb678fd316a] Post [LGD_TXNAME] = [PaymentByKey]
2015-08-19 12:54:03 [DEBUG] [xplex4-0120150819125403b83b74c2436a98456bf790dc0ac7ccb678fd316a] Post [LGD_PAYKEY] = [201508192154013C964B433FA87921FA0A6446DC64B4EA43D10B36]
2015-08-19 12:54:03 [DEBUG] [xplex4-0120150819125403b83b74c2436a98456bf790dc0ac7ccb678fd316a] post_string = LGD_TXID=xplex4-0120150819125403b83b74c2436a98456bf790dc0ac7ccb678fd316a&LGD_AUTHCODE=3b112dcb80db78996214229b7a28352ae2033de1&LGD_MID=xplex4&LGD_TXNAME=PaymentByKey&LGD_PAYKEY=201508192154013C964B433FA87921FA0A6446DC64B4EA43D10B36
2015-08-19 12:54:04 [DEBUG] [xplex4-0120150819125403b83b74c2436a98456bf790dc0ac7ccb678fd316a] Result = [









{"LGD_RESPCODE":"0000","LGD_RESPMSG":"20: ","LGD_RESPONSE":[{"LGD_IFOS":"3A4C0S","LGD_MID":"xplex4","LGD_FINANCENAME":"우리","LGD_CASHRECEIPTKIND":"0","LGD_DELIVERYINFO":"","LGD_BUYER":"나안나","LGD_BUYERID":"","LGD_OID":"3402","LGD_RECEIVERPHONE":"","LGD_2TR_FLAG":"Y","LGD_DEVICE":"","LGD_TID":"xplex2015081921540306926","LGD_TIMESTAMP":"20150819215404","LGD_SAOWNER":"엑스플렉스(X-PLEX)","LGD_FINANCECODE":"020","LGD_BUYERPHONE":"01096469981","LGD_ESCROWYN":"N","LGD_PAYTYPE":"SC0040","LGD_CASFLAG":"R","LGD_CASCAMOUNT":"0","LGD_CASTAMOUNT":"0","LGD_AMOUNT":"150000","LGD_BUYERSSN":".","LGD_CASHRECEIPTCODE":"0000","LGD_RESPMSG":"20: ","LGD_PAYDATE":"20150819215404","LGD_PRODUCTINFO":"나도 옛이야기 작가문화코드와 이야기원형 읽기","LGD_CASSEQNO":"000","LGD_PRODUCTCODE":"","LGD_HASHDATA":"f29624c4c6364aa407abf43aea64f840","LGD_BUYERADDRESS":"고양시 일산동구 장항동775-1 삼성마이다스 오피스텔 715호","LGD_RECEIVER":"","LGD_RESPCODE":"0000","LGD_ACCOUNTNUM":"61650727318594","LGD_PAYER":"나안나","LGD_BUYEREMAIL":"anfrjrl@naver.com"}]}
]
2015-08-19 12:54:04 [INFO ] [xplex4-0120150819125403b83b74c2436a98456bf790dc0ac7ccb678fd316a] Response Code=[0000], Msg=[20: ], Count=1
2015-08-19 12:54:04 [DEBUG] [xplex4-0120150819125403b83b74c2436a98456bf790dc0ac7ccb678fd316a] Response (LGD_IFOS, 0) = 3A4C0S
2015-08-19 12:54:04 [DEBUG] [xplex4-0120150819125403b83b74c2436a98456bf790dc0ac7ccb678fd316a] Response (LGD_MID, 0) = xplex4
2015-08-19 12:54:04 [DEBUG] [xplex4-0120150819125403b83b74c2436a98456bf790dc0ac7ccb678fd316a] Response (LGD_FINANCENAME, 0) = 우리
2015-08-19 12:54:04 [DEBUG] [xplex4-0120150819125403b83b74c2436a98456bf790dc0ac7ccb678fd316a] Response (LGD_CASHRECEIPTKIND, 0) = 0
2015-08-19 12:54:04 [DEBUG] [xplex4-0120150819125403b83b74c2436a98456bf790dc0ac7ccb678fd316a] Response (LGD_DELIVERYINFO, 0) = 
2015-08-19 12:54:04 [DEBUG] [xplex4-0120150819125403b83b74c2436a98456bf790dc0ac7ccb678fd316a] Response (LGD_BUYER, 0) = 나안나
2015-08-19 12:54:04 [DEBUG] [xplex4-0120150819125403b83b74c2436a98456bf790dc0ac7ccb678fd316a] Response (LGD_BUYERID, 0) = 
2015-08-19 12:54:04 [DEBUG] [xplex4-0120150819125403b83b74c2436a98456bf790dc0ac7ccb678fd316a] Response (LGD_OID, 0) = 3402
2015-08-19 12:54:04 [DEBUG] [xplex4-0120150819125403b83b74c2436a98456bf790dc0ac7ccb678fd316a] Response (LGD_RECEIVERPHONE, 0) = 
2015-08-19 12:54:04 [DEBUG] [xplex4-0120150819125403b83b74c2436a98456bf790dc0ac7ccb678fd316a] Response (LGD_2TR_FLAG, 0) = Y
2015-08-19 12:54:04 [DEBUG] [xplex4-0120150819125403b83b74c2436a98456bf790dc0ac7ccb678fd316a] Response (LGD_DEVICE, 0) = 
2015-08-19 12:54:04 [DEBUG] [xplex4-0120150819125403b83b74c2436a98456bf790dc0ac7ccb678fd316a] Response (LGD_TID, 0) = xplex2015081921540306926
2015-08-19 12:54:04 [DEBUG] [xplex4-0120150819125403b83b74c2436a98456bf790dc0ac7ccb678fd316a] Response (LGD_TIMESTAMP, 0) = 20150819215404
2015-08-19 12:54:04 [DEBUG] [xplex4-0120150819125403b83b74c2436a98456bf790dc0ac7ccb678fd316a] Response (LGD_SAOWNER, 0) = 엑스플렉스(X-PLEX)
2015-08-19 12:54:04 [DEBUG] [xplex4-0120150819125403b83b74c2436a98456bf790dc0ac7ccb678fd316a] Response (LGD_FINANCECODE, 0) = 020
2015-08-19 12:54:04 [DEBUG] [xplex4-0120150819125403b83b74c2436a98456bf790dc0ac7ccb678fd316a] Response (LGD_BUYERPHONE, 0) = 01096469981
2015-08-19 12:54:04 [DEBUG] [xplex4-0120150819125403b83b74c2436a98456bf790dc0ac7ccb678fd316a] Response (LGD_ESCROWYN, 0) = N
2015-08-19 12:54:04 [DEBUG] [xplex4-0120150819125403b83b74c2436a98456bf790dc0ac7ccb678fd316a] Response (LGD_PAYTYPE, 0) = SC0040
2015-08-19 12:54:04 [DEBUG] [xplex4-0120150819125403b83b74c2436a98456bf790dc0ac7ccb678fd316a] Response (LGD_CASFLAG, 0) = R
2015-08-19 12:54:04 [DEBUG] [xplex4-0120150819125403b83b74c2436a98456bf790dc0ac7ccb678fd316a] Response (LGD_CASCAMOUNT, 0) = 0
2015-08-19 12:54:04 [DEBUG] [xplex4-0120150819125403b83b74c2436a98456bf790dc0ac7ccb678fd316a] Response (LGD_CASTAMOUNT, 0) = 0
2015-08-19 12:54:04 [DEBUG] [xplex4-0120150819125403b83b74c2436a98456bf790dc0ac7ccb678fd316a] Response (LGD_AMOUNT, 0) = 150000
2015-08-19 12:54:04 [DEBUG] [xplex4-0120150819125403b83b74c2436a98456bf790dc0ac7ccb678fd316a] Response (LGD_BUYERSSN, 0) = .
2015-08-19 12:54:04 [DEBUG] [xplex4-0120150819125403b83b74c2436a98456bf790dc0ac7ccb678fd316a] Response (LGD_CASHRECEIPTCODE, 0) = 0000
2015-08-19 12:54:04 [DEBUG] [xplex4-0120150819125403b83b74c2436a98456bf790dc0ac7ccb678fd316a] Response (LGD_RESPMSG, 0) = 20: 
2015-08-19 12:54:04 [DEBUG] [xplex4-0120150819125403b83b74c2436a98456bf790dc0ac7ccb678fd316a] Response (LGD_PAYDATE, 0) = 20150819215404
2015-08-19 12:54:04 [DEBUG] [xplex4-0120150819125403b83b74c2436a98456bf790dc0ac7ccb678fd316a] Response (LGD_PRODUCTINFO, 0) = 나도 옛이야기 작가문화코드와 이야기원형 읽기
2015-08-19 12:54:04 [DEBUG] [xplex4-0120150819125403b83b74c2436a98456bf790dc0ac7ccb678fd316a] Response (LGD_CASSEQNO, 0) = 000
2015-08-19 12:54:04 [DEBUG] [xplex4-0120150819125403b83b74c2436a98456bf790dc0ac7ccb678fd316a] Response (LGD_PRODUCTCODE, 0) = 
2015-08-19 12:54:04 [DEBUG] [xplex4-0120150819125403b83b74c2436a98456bf790dc0ac7ccb678fd316a] Response (LGD_HASHDATA, 0) = f29624c4c6364aa407abf43aea64f840
2015-08-19 12:54:04 [DEBUG] [xplex4-0120150819125403b83b74c2436a98456bf790dc0ac7ccb678fd316a] Response (LGD_BUYERADDRESS, 0) = 고양시 일산동구 장항동775-1 삼성마이다스 오피스텔 715호
2015-08-19 12:54:04 [DEBUG] [xplex4-0120150819125403b83b74c2436a98456bf790dc0ac7ccb678fd316a] Response (LGD_RECEIVER, 0) = 
2015-08-19 12:54:04 [DEBUG] [xplex4-0120150819125403b83b74c2436a98456bf790dc0ac7ccb678fd316a] Response (LGD_RESPCODE, 0) = 0000
2015-08-19 12:54:04 [DEBUG] [xplex4-0120150819125403b83b74c2436a98456bf790dc0ac7ccb678fd316a] Response (LGD_ACCOUNTNUM, 0) = 61650727318594
2015-08-19 12:54:04 [DEBUG] [xplex4-0120150819125403b83b74c2436a98456bf790dc0ac7ccb678fd316a] Response (LGD_PAYER, 0) = 나안나
2015-08-19 12:54:04 [DEBUG] [xplex4-0120150819125403b83b74c2436a98456bf790dc0ac7ccb678fd316a] Response (LGD_BUYEREMAIL, 0) = anfrjrl@naver.com
