2016-04-28 05:53:15 [INFO ] [] XPayClient initialize [/home/hosting_users/xplex/www/wp-content/plugins/woocommerce-lguplus-kr/lgdacom] [service]
2016-04-28 05:53:15 [DEBUG] [] Config [server_id] = [01]
2016-04-28 05:53:15 [DEBUG] [] Config [timeout] = [60]
2016-04-28 05:53:15 [DEBUG] [] Config [log_level] = [4]
2016-04-28 05:53:15 [DEBUG] [] Config [verify_cert] = [1]
2016-04-28 05:53:15 [DEBUG] [] Config [verify_host] = [1]
2016-04-28 05:53:15 [DEBUG] [] Config [report_error] = [1]
2016-04-28 05:53:15 [DEBUG] [] Config [output_UTF8] = [1]
2016-04-28 05:53:15 [DEBUG] [] Config [auto_rollback] = [1]
2016-04-28 05:53:15 [DEBUG] [] Config [log_dir] = [/home/hosting_users/xplex/www/wp-content/plugins/woocommerce-lguplus-kr/lgdacom/log]
2016-04-28 05:53:15 [DEBUG] [] Config [txplex4] = [12d7f002e43a80c0dd64128a1957e351]
2016-04-28 05:53:15 [DEBUG] [] Config [xplex4] = [12d7f002e43a80c0dd64128a1957e351]
2016-04-28 05:53:15 [DEBUG] [] Config [url] = [https://xpayclient.lgdacom.net/xpay/Gateway.do]
2016-04-28 05:53:15 [DEBUG] [] Config [test_url] = [https://xpayclient.lgdacom.net:7443/xpay/Gateway.do]
2016-04-28 05:53:15 [DEBUG] [] Config [aux_url] = [http://xpayclient.lgdacom.net:7080/xpay/Gateway.do]
2016-04-28 05:53:15 [DEBUG] [xplex4-01201604280553155ba8774e5026cce38c5be3af86bfcf8a4545730e] Post [LGD_TXID] = [xplex4-01201604280553155ba8774e5026cce38c5be3af86bfcf8a4545730e]
2016-04-28 05:53:15 [DEBUG] [xplex4-01201604280553155ba8774e5026cce38c5be3af86bfcf8a4545730e] Post [LGD_AUTHCODE] = [673020ddb5f62d48a33dde3f3783fb2336b59c52]
2016-04-28 05:53:15 [DEBUG] [xplex4-01201604280553155ba8774e5026cce38c5be3af86bfcf8a4545730e] Post [LGD_MID] = [xplex4]
2016-04-28 05:53:15 [DEBUG] [xplex4-01201604280553155ba8774e5026cce38c5be3af86bfcf8a4545730e] Post [LGD_TXNAME] = [PaymentByKey]
2016-04-28 05:53:15 [DEBUG] [xplex4-01201604280553155ba8774e5026cce38c5be3af86bfcf8a4545730e] Post [LGD_PAYKEY] = [201604281453102864E616A2B11F783D67C13EE913D96E540D773C]
2016-04-28 05:53:15 [DEBUG] [xplex4-01201604280553155ba8774e5026cce38c5be3af86bfcf8a4545730e] post_string = LGD_TXID=xplex4-01201604280553155ba8774e5026cce38c5be3af86bfcf8a4545730e&LGD_AUTHCODE=673020ddb5f62d48a33dde3f3783fb2336b59c52&LGD_MID=xplex4&LGD_TXNAME=PaymentByKey&LGD_PAYKEY=201604281453102864E616A2B11F783D67C13EE913D96E540D773C
2016-04-28 05:53:16 [DEBUG] [xplex4-01201604280553155ba8774e5026cce38c5be3af86bfcf8a4545730e] Result = [









{"LGD_RESPCODE":"0000","LGD_RESPMSG":"11: ","LGD_RESPONSE":[{"LGD_IFOS":"3A6C0S","LGD_MID":"xplex4","LGD_FINANCENAME":"농협","LGD_CASHRECEIPTKIND":"0","LGD_DELIVERYINFO":"","LGD_BUYER":"최라인","LGD_BUYERID":"","LGD_OID":"5254","LGD_RECEIVERPHONE":"","LGD_2TR_FLAG":"Y","LGD_DEVICE":"","LGD_TID":"xplex2016042814531675766","LGD_TIMESTAMP":"20160428145317","LGD_SAOWNER":"엑스플렉스(X-PLEX)","LGD_FINANCECODE":"011","LGD_BUYERPHONE":"01055714857","LGD_ESCROWYN":"N","LGD_PAYTYPE":"SC0040","LGD_CASFLAG":"R","LGD_CASCAMOUNT":"0","LGD_CASTAMOUNT":"0","LGD_AMOUNT":"10000","LGD_BUYERSSN":".","LGD_CASHRECEIPTCODE":"0000","LGD_RESPMSG":"11: ","LGD_PAYDATE":"20160428145316","LGD_PRODUCTINFO":"마음그림 워크숍 -스스로 그리는 내면초상화","LGD_CASSEQNO":"000","LGD_PRODUCTCODE":"","LGD_HASHDATA":"129a38fb587da142b6b1eee1d37f5e29","LGD_BUYERADDRESS":"의정부시 신곡2동 760~789","LGD_RECEIVER":"","LGD_RESPCODE":"0000","LGD_ACCOUNTNUM":"79004638845322","LGD_PAYER":"최라인","LGD_BUYEREMAIL":"line9408@naver.com"}]}
]
2016-04-28 05:53:16 [INFO ] [xplex4-01201604280553155ba8774e5026cce38c5be3af86bfcf8a4545730e] Response Code=[0000], Msg=[11: ], Count=1
2016-04-28 05:53:16 [DEBUG] [xplex4-01201604280553155ba8774e5026cce38c5be3af86bfcf8a4545730e] Response (LGD_IFOS, 0) = 3A6C0S
2016-04-28 05:53:16 [DEBUG] [xplex4-01201604280553155ba8774e5026cce38c5be3af86bfcf8a4545730e] Response (LGD_MID, 0) = xplex4
2016-04-28 05:53:16 [DEBUG] [xplex4-01201604280553155ba8774e5026cce38c5be3af86bfcf8a4545730e] Response (LGD_FINANCENAME, 0) = 농협
2016-04-28 05:53:16 [DEBUG] [xplex4-01201604280553155ba8774e5026cce38c5be3af86bfcf8a4545730e] Response (LGD_CASHRECEIPTKIND, 0) = 0
2016-04-28 05:53:16 [DEBUG] [xplex4-01201604280553155ba8774e5026cce38c5be3af86bfcf8a4545730e] Response (LGD_DELIVERYINFO, 0) = 
2016-04-28 05:53:16 [DEBUG] [xplex4-01201604280553155ba8774e5026cce38c5be3af86bfcf8a4545730e] Response (LGD_BUYER, 0) = 최라인
2016-04-28 05:53:16 [DEBUG] [xplex4-01201604280553155ba8774e5026cce38c5be3af86bfcf8a4545730e] Response (LGD_BUYERID, 0) = 
2016-04-28 05:53:16 [DEBUG] [xplex4-01201604280553155ba8774e5026cce38c5be3af86bfcf8a4545730e] Response (LGD_OID, 0) = 5254
2016-04-28 05:53:16 [DEBUG] [xplex4-01201604280553155ba8774e5026cce38c5be3af86bfcf8a4545730e] Response (LGD_RECEIVERPHONE, 0) = 
2016-04-28 05:53:16 [DEBUG] [xplex4-01201604280553155ba8774e5026cce38c5be3af86bfcf8a4545730e] Response (LGD_2TR_FLAG, 0) = Y
2016-04-28 05:53:16 [DEBUG] [xplex4-01201604280553155ba8774e5026cce38c5be3af86bfcf8a4545730e] Response (LGD_DEVICE, 0) = 
2016-04-28 05:53:16 [DEBUG] [xplex4-01201604280553155ba8774e5026cce38c5be3af86bfcf8a4545730e] Response (LGD_TID, 0) = xplex2016042814531675766
2016-04-28 05:53:16 [DEBUG] [xplex4-01201604280553155ba8774e5026cce38c5be3af86bfcf8a4545730e] Response (LGD_TIMESTAMP, 0) = 20160428145317
2016-04-28 05:53:16 [DEBUG] [xplex4-01201604280553155ba8774e5026cce38c5be3af86bfcf8a4545730e] Response (LGD_SAOWNER, 0) = 엑스플렉스(X-PLEX)
2016-04-28 05:53:16 [DEBUG] [xplex4-01201604280553155ba8774e5026cce38c5be3af86bfcf8a4545730e] Response (LGD_FINANCECODE, 0) = 011
2016-04-28 05:53:16 [DEBUG] [xplex4-01201604280553155ba8774e5026cce38c5be3af86bfcf8a4545730e] Response (LGD_BUYERPHONE, 0) = 01055714857
2016-04-28 05:53:16 [DEBUG] [xplex4-01201604280553155ba8774e5026cce38c5be3af86bfcf8a4545730e] Response (LGD_ESCROWYN, 0) = N
2016-04-28 05:53:16 [DEBUG] [xplex4-01201604280553155ba8774e5026cce38c5be3af86bfcf8a4545730e] Response (LGD_PAYTYPE, 0) = SC0040
2016-04-28 05:53:16 [DEBUG] [xplex4-01201604280553155ba8774e5026cce38c5be3af86bfcf8a4545730e] Response (LGD_CASFLAG, 0) = R
2016-04-28 05:53:16 [DEBUG] [xplex4-01201604280553155ba8774e5026cce38c5be3af86bfcf8a4545730e] Response (LGD_CASCAMOUNT, 0) = 0
2016-04-28 05:53:16 [DEBUG] [xplex4-01201604280553155ba8774e5026cce38c5be3af86bfcf8a4545730e] Response (LGD_CASTAMOUNT, 0) = 0
2016-04-28 05:53:16 [DEBUG] [xplex4-01201604280553155ba8774e5026cce38c5be3af86bfcf8a4545730e] Response (LGD_AMOUNT, 0) = 10000
2016-04-28 05:53:16 [DEBUG] [xplex4-01201604280553155ba8774e5026cce38c5be3af86bfcf8a4545730e] Response (LGD_BUYERSSN, 0) = .
2016-04-28 05:53:16 [DEBUG] [xplex4-01201604280553155ba8774e5026cce38c5be3af86bfcf8a4545730e] Response (LGD_CASHRECEIPTCODE, 0) = 0000
2016-04-28 05:53:16 [DEBUG] [xplex4-01201604280553155ba8774e5026cce38c5be3af86bfcf8a4545730e] Response (LGD_RESPMSG, 0) = 11: 
2016-04-28 05:53:16 [DEBUG] [xplex4-01201604280553155ba8774e5026cce38c5be3af86bfcf8a4545730e] Response (LGD_PAYDATE, 0) = 20160428145316
2016-04-28 05:53:16 [DEBUG] [xplex4-01201604280553155ba8774e5026cce38c5be3af86bfcf8a4545730e] Response (LGD_PRODUCTINFO, 0) = 마음그림 워크숍 -스스로 그리는 내면초상화
2016-04-28 05:53:16 [DEBUG] [xplex4-01201604280553155ba8774e5026cce38c5be3af86bfcf8a4545730e] Response (LGD_CASSEQNO, 0) = 000
2016-04-28 05:53:16 [DEBUG] [xplex4-01201604280553155ba8774e5026cce38c5be3af86bfcf8a4545730e] Response (LGD_PRODUCTCODE, 0) = 
2016-04-28 05:53:16 [DEBUG] [xplex4-01201604280553155ba8774e5026cce38c5be3af86bfcf8a4545730e] Response (LGD_HASHDATA, 0) = 129a38fb587da142b6b1eee1d37f5e29
2016-04-28 05:53:16 [DEBUG] [xplex4-01201604280553155ba8774e5026cce38c5be3af86bfcf8a4545730e] Response (LGD_BUYERADDRESS, 0) = 의정부시 신곡2동 760~789
2016-04-28 05:53:16 [DEBUG] [xplex4-01201604280553155ba8774e5026cce38c5be3af86bfcf8a4545730e] Response (LGD_RECEIVER, 0) = 
2016-04-28 05:53:16 [DEBUG] [xplex4-01201604280553155ba8774e5026cce38c5be3af86bfcf8a4545730e] Response (LGD_RESPCODE, 0) = 0000
2016-04-28 05:53:16 [DEBUG] [xplex4-01201604280553155ba8774e5026cce38c5be3af86bfcf8a4545730e] Response (LGD_ACCOUNTNUM, 0) = 79004638845322
2016-04-28 05:53:16 [DEBUG] [xplex4-01201604280553155ba8774e5026cce38c5be3af86bfcf8a4545730e] Response (LGD_PAYER, 0) = 최라인
2016-04-28 05:53:16 [DEBUG] [xplex4-01201604280553155ba8774e5026cce38c5be3af86bfcf8a4545730e] Response (LGD_BUYEREMAIL, 0) = line9408@naver.com
