2015-07-02 00:53:59 [INFO ] [] XPayClient initialize [/home/hosting_users/xplex/www/wp-content/plugins/woocommerce-lguplus-kr/lgdacom] [service]
2015-07-02 00:53:59 [DEBUG] [] Config [server_id] = [01]
2015-07-02 00:53:59 [DEBUG] [] Config [timeout] = [60]
2015-07-02 00:53:59 [DEBUG] [] Config [log_level] = [4]
2015-07-02 00:53:59 [DEBUG] [] Config [verify_cert] = [1]
2015-07-02 00:53:59 [DEBUG] [] Config [verify_host] = [1]
2015-07-02 00:53:59 [DEBUG] [] Config [report_error] = [1]
2015-07-02 00:53:59 [DEBUG] [] Config [output_UTF8] = [1]
2015-07-02 00:53:59 [DEBUG] [] Config [auto_rollback] = [1]
2015-07-02 00:53:59 [DEBUG] [] Config [log_dir] = [/home/hosting_users/xplex/www/wp-content/plugins/woocommerce-lguplus-kr/lgdacom/log]
2015-07-02 00:53:59 [DEBUG] [] Config [txplex4] = [12d7f002e43a80c0dd64128a1957e351]
2015-07-02 00:53:59 [DEBUG] [] Config [xplex4] = [12d7f002e43a80c0dd64128a1957e351]
2015-07-02 00:53:59 [DEBUG] [] Config [url] = [https://xpayclient.lgdacom.net/xpay/Gateway.do]
2015-07-02 00:53:59 [DEBUG] [] Config [test_url] = [https://xpayclient.lgdacom.net:7443/xpay/Gateway.do]
2015-07-02 00:53:59 [DEBUG] [] Config [aux_url] = [http://xpayclient.lgdacom.net:7080/xpay/Gateway.do]
2015-07-02 00:53:59 [DEBUG] [xplex4-01201507020053591425667352bb33c46e2fea268cb020a1f8903b1d] Post [LGD_TXID] = [xplex4-01201507020053591425667352bb33c46e2fea268cb020a1f8903b1d]
2015-07-02 00:53:59 [DEBUG] [xplex4-01201507020053591425667352bb33c46e2fea268cb020a1f8903b1d] Post [LGD_AUTHCODE] = [aa69a281852e94a6a2266456d9f4e10bdedbbb04]
2015-07-02 00:53:59 [DEBUG] [xplex4-01201507020053591425667352bb33c46e2fea268cb020a1f8903b1d] Post [LGD_MID] = [xplex4]
2015-07-02 00:53:59 [DEBUG] [xplex4-01201507020053591425667352bb33c46e2fea268cb020a1f8903b1d] Post [LGD_TXNAME] = [PaymentByKey]
2015-07-02 00:53:59 [DEBUG] [xplex4-01201507020053591425667352bb33c46e2fea268cb020a1f8903b1d] Post [LGD_PAYKEY] = [20150702095358B90E030C51A3E12B0F7C61EE30AB1000AD13BE22]
2015-07-02 00:53:59 [DEBUG] [xplex4-01201507020053591425667352bb33c46e2fea268cb020a1f8903b1d] post_string = LGD_TXID=xplex4-01201507020053591425667352bb33c46e2fea268cb020a1f8903b1d&LGD_AUTHCODE=aa69a281852e94a6a2266456d9f4e10bdedbbb04&LGD_MID=xplex4&LGD_TXNAME=PaymentByKey&LGD_PAYKEY=20150702095358B90E030C51A3E12B0F7C61EE30AB1000AD13BE22
2015-07-02 00:54:00 [DEBUG] [xplex4-01201507020053591425667352bb33c46e2fea268cb020a1f8903b1d] Result = [









{"LGD_RESPCODE":"0000","LGD_RESPMSG":"06: ","LGD_RESPONSE":[{"LGD_IFOS":"3M8ETM","LGD_MID":"xplex4","LGD_FINANCENAME":"국민","LGD_DELIVERYINFO":"","LGD_BUYER":"조현미","LGD_BUYERID":"","LGD_OID":"3090","LGD_RECEIVERPHONE":"","LGD_2TR_FLAG":"Y","LGD_DEVICE":"","LGD_TID":"xplex2015070209540001163","LGD_TIMESTAMP":"20150702095401","LGD_SAOWNER":"엑스플렉스(X-PLEX)","LGD_FINANCECODE":"004","LGD_BUYERPHONE":"01037252612","LGD_ESCROWYN":"N","LGD_PAYTYPE":"SC0040","LGD_CASFLAG":"R","LGD_CASCAMOUNT":"0","LGD_CASTAMOUNT":"0","LGD_AMOUNT":"120000","LGD_BUYERSSN":".","LGD_RESPMSG":"06: ","LGD_PAYDATE":"20150702095400","LGD_PRODUCTINFO":"영화를 읽는다X영화를 쓴다–전찬일 평론가와 김서영 교수의 영화특강","LGD_CASSEQNO":"000","LGD_PRODUCTCODE":"","LGD_HASHDATA":"bf39edf7f9d50ab95be64612a1735921","LGD_BUYERADDRESS":"은평구 갈현동515-8 203호","LGD_RECEIVER":"","LGD_RESPCODE":"0000","LGD_ACCOUNTNUM":"68959011888950","LGD_PAYER":"조현미","LGD_BUYEREMAIL":"chm215@hanmail.net"}]}
]
2015-07-02 00:54:00 [INFO ] [xplex4-01201507020053591425667352bb33c46e2fea268cb020a1f8903b1d] Response Code=[0000], Msg=[06: ], Count=1
2015-07-02 00:54:00 [DEBUG] [xplex4-01201507020053591425667352bb33c46e2fea268cb020a1f8903b1d] Response (LGD_IFOS, 0) = 3M8ETM
2015-07-02 00:54:00 [DEBUG] [xplex4-01201507020053591425667352bb33c46e2fea268cb020a1f8903b1d] Response (LGD_MID, 0) = xplex4
2015-07-02 00:54:00 [DEBUG] [xplex4-01201507020053591425667352bb33c46e2fea268cb020a1f8903b1d] Response (LGD_FINANCENAME, 0) = 국민
2015-07-02 00:54:00 [DEBUG] [xplex4-01201507020053591425667352bb33c46e2fea268cb020a1f8903b1d] Response (LGD_DELIVERYINFO, 0) = 
2015-07-02 00:54:00 [DEBUG] [xplex4-01201507020053591425667352bb33c46e2fea268cb020a1f8903b1d] Response (LGD_BUYER, 0) = 조현미
2015-07-02 00:54:00 [DEBUG] [xplex4-01201507020053591425667352bb33c46e2fea268cb020a1f8903b1d] Response (LGD_BUYERID, 0) = 
2015-07-02 00:54:00 [DEBUG] [xplex4-01201507020053591425667352bb33c46e2fea268cb020a1f8903b1d] Response (LGD_OID, 0) = 3090
2015-07-02 00:54:00 [DEBUG] [xplex4-01201507020053591425667352bb33c46e2fea268cb020a1f8903b1d] Response (LGD_RECEIVERPHONE, 0) = 
2015-07-02 00:54:00 [DEBUG] [xplex4-01201507020053591425667352bb33c46e2fea268cb020a1f8903b1d] Response (LGD_2TR_FLAG, 0) = Y
2015-07-02 00:54:00 [DEBUG] [xplex4-01201507020053591425667352bb33c46e2fea268cb020a1f8903b1d] Response (LGD_DEVICE, 0) = 
2015-07-02 00:54:00 [DEBUG] [xplex4-01201507020053591425667352bb33c46e2fea268cb020a1f8903b1d] Response (LGD_TID, 0) = xplex2015070209540001163
2015-07-02 00:54:00 [DEBUG] [xplex4-01201507020053591425667352bb33c46e2fea268cb020a1f8903b1d] Response (LGD_TIMESTAMP, 0) = 20150702095401
2015-07-02 00:54:00 [DEBUG] [xplex4-01201507020053591425667352bb33c46e2fea268cb020a1f8903b1d] Response (LGD_SAOWNER, 0) = 엑스플렉스(X-PLEX)
2015-07-02 00:54:00 [DEBUG] [xplex4-01201507020053591425667352bb33c46e2fea268cb020a1f8903b1d] Response (LGD_FINANCECODE, 0) = 004
2015-07-02 00:54:00 [DEBUG] [xplex4-01201507020053591425667352bb33c46e2fea268cb020a1f8903b1d] Response (LGD_BUYERPHONE, 0) = 01037252612
2015-07-02 00:54:00 [DEBUG] [xplex4-01201507020053591425667352bb33c46e2fea268cb020a1f8903b1d] Response (LGD_ESCROWYN, 0) = N
2015-07-02 00:54:00 [DEBUG] [xplex4-01201507020053591425667352bb33c46e2fea268cb020a1f8903b1d] Response (LGD_PAYTYPE, 0) = SC0040
2015-07-02 00:54:00 [DEBUG] [xplex4-01201507020053591425667352bb33c46e2fea268cb020a1f8903b1d] Response (LGD_CASFLAG, 0) = R
2015-07-02 00:54:00 [DEBUG] [xplex4-01201507020053591425667352bb33c46e2fea268cb020a1f8903b1d] Response (LGD_CASCAMOUNT, 0) = 0
2015-07-02 00:54:00 [DEBUG] [xplex4-01201507020053591425667352bb33c46e2fea268cb020a1f8903b1d] Response (LGD_CASTAMOUNT, 0) = 0
2015-07-02 00:54:00 [DEBUG] [xplex4-01201507020053591425667352bb33c46e2fea268cb020a1f8903b1d] Response (LGD_AMOUNT, 0) = 120000
2015-07-02 00:54:00 [DEBUG] [xplex4-01201507020053591425667352bb33c46e2fea268cb020a1f8903b1d] Response (LGD_BUYERSSN, 0) = .
2015-07-02 00:54:00 [DEBUG] [xplex4-01201507020053591425667352bb33c46e2fea268cb020a1f8903b1d] Response (LGD_RESPMSG, 0) = 06: 
2015-07-02 00:54:00 [DEBUG] [xplex4-01201507020053591425667352bb33c46e2fea268cb020a1f8903b1d] Response (LGD_PAYDATE, 0) = 20150702095400
2015-07-02 00:54:00 [DEBUG] [xplex4-01201507020053591425667352bb33c46e2fea268cb020a1f8903b1d] Response (LGD_PRODUCTINFO, 0) = 영화를 읽는다X영화를 쓴다–전찬일 평론가와 김서영 교수의 영화특강
2015-07-02 00:54:00 [DEBUG] [xplex4-01201507020053591425667352bb33c46e2fea268cb020a1f8903b1d] Response (LGD_CASSEQNO, 0) = 000
2015-07-02 00:54:00 [DEBUG] [xplex4-01201507020053591425667352bb33c46e2fea268cb020a1f8903b1d] Response (LGD_PRODUCTCODE, 0) = 
2015-07-02 00:54:00 [DEBUG] [xplex4-01201507020053591425667352bb33c46e2fea268cb020a1f8903b1d] Response (LGD_HASHDATA, 0) = bf39edf7f9d50ab95be64612a1735921
2015-07-02 00:54:00 [DEBUG] [xplex4-01201507020053591425667352bb33c46e2fea268cb020a1f8903b1d] Response (LGD_BUYERADDRESS, 0) = 은평구 갈현동515-8 203호
2015-07-02 00:54:00 [DEBUG] [xplex4-01201507020053591425667352bb33c46e2fea268cb020a1f8903b1d] Response (LGD_RECEIVER, 0) = 
2015-07-02 00:54:00 [DEBUG] [xplex4-01201507020053591425667352bb33c46e2fea268cb020a1f8903b1d] Response (LGD_RESPCODE, 0) = 0000
2015-07-02 00:54:00 [DEBUG] [xplex4-01201507020053591425667352bb33c46e2fea268cb020a1f8903b1d] Response (LGD_ACCOUNTNUM, 0) = 68959011888950
2015-07-02 00:54:00 [DEBUG] [xplex4-01201507020053591425667352bb33c46e2fea268cb020a1f8903b1d] Response (LGD_PAYER, 0) = 조현미
2015-07-02 00:54:00 [DEBUG] [xplex4-01201507020053591425667352bb33c46e2fea268cb020a1f8903b1d] Response (LGD_BUYEREMAIL, 0) = chm215@hanmail.net
