2015-09-08 02:36:07 [INFO ] [] XPayClient initialize [/home/hosting_users/xplex/www/wp-content/plugins/woocommerce-lguplus-kr/lgdacom] [service]
2015-09-08 02:36:07 [DEBUG] [] Config [server_id] = [01]
2015-09-08 02:36:07 [DEBUG] [] Config [timeout] = [60]
2015-09-08 02:36:07 [DEBUG] [] Config [log_level] = [4]
2015-09-08 02:36:07 [DEBUG] [] Config [verify_cert] = [1]
2015-09-08 02:36:07 [DEBUG] [] Config [verify_host] = [1]
2015-09-08 02:36:07 [DEBUG] [] Config [report_error] = [1]
2015-09-08 02:36:07 [DEBUG] [] Config [output_UTF8] = [1]
2015-09-08 02:36:07 [DEBUG] [] Config [auto_rollback] = [1]
2015-09-08 02:36:07 [DEBUG] [] Config [log_dir] = [/home/hosting_users/xplex/www/wp-content/plugins/woocommerce-lguplus-kr/lgdacom/log]
2015-09-08 02:36:07 [DEBUG] [] Config [txplex4] = [12d7f002e43a80c0dd64128a1957e351]
2015-09-08 02:36:07 [DEBUG] [] Config [xplex4] = [12d7f002e43a80c0dd64128a1957e351]
2015-09-08 02:36:07 [DEBUG] [] Config [url] = [https://xpayclient.lgdacom.net/xpay/Gateway.do]
2015-09-08 02:36:07 [DEBUG] [] Config [test_url] = [https://xpayclient.lgdacom.net:7443/xpay/Gateway.do]
2015-09-08 02:36:07 [DEBUG] [] Config [aux_url] = [http://xpayclient.lgdacom.net:7080/xpay/Gateway.do]
2015-09-08 02:36:07 [DEBUG] [xplex4-0120150908023607703c046d443d7493acdddfc42cca17c507cd15f4] Post [LGD_TXID] = [xplex4-0120150908023607703c046d443d7493acdddfc42cca17c507cd15f4]
2015-09-08 02:36:07 [DEBUG] [xplex4-0120150908023607703c046d443d7493acdddfc42cca17c507cd15f4] Post [LGD_AUTHCODE] = [d88e3a9721efa703c8f58e5b8433c4dcafb691ad]
2015-09-08 02:36:07 [DEBUG] [xplex4-0120150908023607703c046d443d7493acdddfc42cca17c507cd15f4] Post [LGD_MID] = [xplex4]
2015-09-08 02:36:07 [DEBUG] [xplex4-0120150908023607703c046d443d7493acdddfc42cca17c507cd15f4] Post [LGD_TXNAME] = [PaymentByKey]
2015-09-08 02:36:07 [DEBUG] [xplex4-0120150908023607703c046d443d7493acdddfc42cca17c507cd15f4] Post [LGD_PAYKEY] = [201509081136076507744D90359CC45FFAA5F79E3BDCCEF0A57E36]
2015-09-08 02:36:07 [DEBUG] [xplex4-0120150908023607703c046d443d7493acdddfc42cca17c507cd15f4] post_string = LGD_TXID=xplex4-0120150908023607703c046d443d7493acdddfc42cca17c507cd15f4&LGD_AUTHCODE=d88e3a9721efa703c8f58e5b8433c4dcafb691ad&LGD_MID=xplex4&LGD_TXNAME=PaymentByKey&LGD_PAYKEY=201509081136076507744D90359CC45FFAA5F79E3BDCCEF0A57E36
2015-09-08 02:36:09 [DEBUG] [xplex4-0120150908023607703c046d443d7493acdddfc42cca17c507cd15f4] Result = [









{"LGD_RESPCODE":"0000","LGD_RESPMSG":"06: ","LGD_RESPONSE":[{"LGD_IFOS":"3M8S0M","LGD_MID":"xplex4","LGD_FINANCENAME":"국민","LGD_CASHRECEIPTKIND":"0","LGD_DELIVERYINFO":"","LGD_BUYER":"신나경","LGD_BUYERID":"","LGD_OID":"3610","LGD_RECEIVERPHONE":"","LGD_2TR_FLAG":"Y","LGD_DEVICE":"","LGD_TID":"xplex2015090811360837523","LGD_TIMESTAMP":"20150908113609","LGD_SAOWNER":"엑스플렉스(X-PLEX)","LGD_FINANCECODE":"004","LGD_BUYERPHONE":"01089347926","LGD_ESCROWYN":"N","LGD_PAYTYPE":"SC0040","LGD_CASFLAG":"R","LGD_CASCAMOUNT":"0","LGD_CASTAMOUNT":"0","LGD_AMOUNT":"210000","LGD_BUYERSSN":".","LGD_CASHRECEIPTCODE":"0000","LGD_RESPMSG":"06: ","LGD_PAYDATE":"20150908113609","LGD_PRODUCTINFO":"나도 그림책 작가 2기스토리텔링 강화로 그림책 글쓰기 도전!","LGD_CASSEQNO":"000","LGD_PRODUCTCODE":"","LGD_HASHDATA":"135e0f242e70402525439829f29670ef","LGD_BUYERADDRESS":"제주시 아라일동아란15길 27 202호","LGD_RECEIVER":"","LGD_RESPCODE":"0000","LGD_ACCOUNTNUM":"68379011838311","LGD_PAYER":"신나경","LGD_BUYEREMAIL":"subaruu@nate.com"}]}
]
2015-09-08 02:36:09 [INFO ] [xplex4-0120150908023607703c046d443d7493acdddfc42cca17c507cd15f4] Response Code=[0000], Msg=[06: ], Count=1
2015-09-08 02:36:09 [DEBUG] [xplex4-0120150908023607703c046d443d7493acdddfc42cca17c507cd15f4] Response (LGD_IFOS, 0) = 3M8S0M
2015-09-08 02:36:09 [DEBUG] [xplex4-0120150908023607703c046d443d7493acdddfc42cca17c507cd15f4] Response (LGD_MID, 0) = xplex4
2015-09-08 02:36:09 [DEBUG] [xplex4-0120150908023607703c046d443d7493acdddfc42cca17c507cd15f4] Response (LGD_FINANCENAME, 0) = 국민
2015-09-08 02:36:09 [DEBUG] [xplex4-0120150908023607703c046d443d7493acdddfc42cca17c507cd15f4] Response (LGD_CASHRECEIPTKIND, 0) = 0
2015-09-08 02:36:09 [DEBUG] [xplex4-0120150908023607703c046d443d7493acdddfc42cca17c507cd15f4] Response (LGD_DELIVERYINFO, 0) = 
2015-09-08 02:36:09 [DEBUG] [xplex4-0120150908023607703c046d443d7493acdddfc42cca17c507cd15f4] Response (LGD_BUYER, 0) = 신나경
2015-09-08 02:36:09 [DEBUG] [xplex4-0120150908023607703c046d443d7493acdddfc42cca17c507cd15f4] Response (LGD_BUYERID, 0) = 
2015-09-08 02:36:09 [DEBUG] [xplex4-0120150908023607703c046d443d7493acdddfc42cca17c507cd15f4] Response (LGD_OID, 0) = 3610
2015-09-08 02:36:09 [DEBUG] [xplex4-0120150908023607703c046d443d7493acdddfc42cca17c507cd15f4] Response (LGD_RECEIVERPHONE, 0) = 
2015-09-08 02:36:09 [DEBUG] [xplex4-0120150908023607703c046d443d7493acdddfc42cca17c507cd15f4] Response (LGD_2TR_FLAG, 0) = Y
2015-09-08 02:36:09 [DEBUG] [xplex4-0120150908023607703c046d443d7493acdddfc42cca17c507cd15f4] Response (LGD_DEVICE, 0) = 
2015-09-08 02:36:09 [DEBUG] [xplex4-0120150908023607703c046d443d7493acdddfc42cca17c507cd15f4] Response (LGD_TID, 0) = xplex2015090811360837523
2015-09-08 02:36:09 [DEBUG] [xplex4-0120150908023607703c046d443d7493acdddfc42cca17c507cd15f4] Response (LGD_TIMESTAMP, 0) = 20150908113609
2015-09-08 02:36:09 [DEBUG] [xplex4-0120150908023607703c046d443d7493acdddfc42cca17c507cd15f4] Response (LGD_SAOWNER, 0) = 엑스플렉스(X-PLEX)
2015-09-08 02:36:09 [DEBUG] [xplex4-0120150908023607703c046d443d7493acdddfc42cca17c507cd15f4] Response (LGD_FINANCECODE, 0) = 004
2015-09-08 02:36:09 [DEBUG] [xplex4-0120150908023607703c046d443d7493acdddfc42cca17c507cd15f4] Response (LGD_BUYERPHONE, 0) = 01089347926
2015-09-08 02:36:09 [DEBUG] [xplex4-0120150908023607703c046d443d7493acdddfc42cca17c507cd15f4] Response (LGD_ESCROWYN, 0) = N
2015-09-08 02:36:09 [DEBUG] [xplex4-0120150908023607703c046d443d7493acdddfc42cca17c507cd15f4] Response (LGD_PAYTYPE, 0) = SC0040
2015-09-08 02:36:09 [DEBUG] [xplex4-0120150908023607703c046d443d7493acdddfc42cca17c507cd15f4] Response (LGD_CASFLAG, 0) = R
2015-09-08 02:36:09 [DEBUG] [xplex4-0120150908023607703c046d443d7493acdddfc42cca17c507cd15f4] Response (LGD_CASCAMOUNT, 0) = 0
2015-09-08 02:36:09 [DEBUG] [xplex4-0120150908023607703c046d443d7493acdddfc42cca17c507cd15f4] Response (LGD_CASTAMOUNT, 0) = 0
2015-09-08 02:36:09 [DEBUG] [xplex4-0120150908023607703c046d443d7493acdddfc42cca17c507cd15f4] Response (LGD_AMOUNT, 0) = 210000
2015-09-08 02:36:09 [DEBUG] [xplex4-0120150908023607703c046d443d7493acdddfc42cca17c507cd15f4] Response (LGD_BUYERSSN, 0) = .
2015-09-08 02:36:09 [DEBUG] [xplex4-0120150908023607703c046d443d7493acdddfc42cca17c507cd15f4] Response (LGD_CASHRECEIPTCODE, 0) = 0000
2015-09-08 02:36:09 [DEBUG] [xplex4-0120150908023607703c046d443d7493acdddfc42cca17c507cd15f4] Response (LGD_RESPMSG, 0) = 06: 
2015-09-08 02:36:09 [DEBUG] [xplex4-0120150908023607703c046d443d7493acdddfc42cca17c507cd15f4] Response (LGD_PAYDATE, 0) = 20150908113609
2015-09-08 02:36:09 [DEBUG] [xplex4-0120150908023607703c046d443d7493acdddfc42cca17c507cd15f4] Response (LGD_PRODUCTINFO, 0) = 나도 그림책 작가 2기스토리텔링 강화로 그림책 글쓰기 도전!
2015-09-08 02:36:09 [DEBUG] [xplex4-0120150908023607703c046d443d7493acdddfc42cca17c507cd15f4] Response (LGD_CASSEQNO, 0) = 000
2015-09-08 02:36:09 [DEBUG] [xplex4-0120150908023607703c046d443d7493acdddfc42cca17c507cd15f4] Response (LGD_PRODUCTCODE, 0) = 
2015-09-08 02:36:09 [DEBUG] [xplex4-0120150908023607703c046d443d7493acdddfc42cca17c507cd15f4] Response (LGD_HASHDATA, 0) = 135e0f242e70402525439829f29670ef
2015-09-08 02:36:09 [DEBUG] [xplex4-0120150908023607703c046d443d7493acdddfc42cca17c507cd15f4] Response (LGD_BUYERADDRESS, 0) = 제주시 아라일동아란15길 27 202호
2015-09-08 02:36:09 [DEBUG] [xplex4-0120150908023607703c046d443d7493acdddfc42cca17c507cd15f4] Response (LGD_RECEIVER, 0) = 
2015-09-08 02:36:09 [DEBUG] [xplex4-0120150908023607703c046d443d7493acdddfc42cca17c507cd15f4] Response (LGD_RESPCODE, 0) = 0000
2015-09-08 02:36:09 [DEBUG] [xplex4-0120150908023607703c046d443d7493acdddfc42cca17c507cd15f4] Response (LGD_ACCOUNTNUM, 0) = 68379011838311
2015-09-08 02:36:09 [DEBUG] [xplex4-0120150908023607703c046d443d7493acdddfc42cca17c507cd15f4] Response (LGD_PAYER, 0) = 신나경
2015-09-08 02:36:09 [DEBUG] [xplex4-0120150908023607703c046d443d7493acdddfc42cca17c507cd15f4] Response (LGD_BUYEREMAIL, 0) = subaruu@nate.com
2015-09-08 13:51:05 [INFO ] [] XPayClient initialize [/home/hosting_users/xplex/www/wp-content/plugins/woocommerce-lguplus-kr/lgdacom] [service]
2015-09-08 13:51:05 [DEBUG] [] Config [server_id] = [01]
2015-09-08 13:51:05 [DEBUG] [] Config [timeout] = [60]
2015-09-08 13:51:05 [DEBUG] [] Config [log_level] = [4]
2015-09-08 13:51:05 [DEBUG] [] Config [verify_cert] = [1]
2015-09-08 13:51:05 [DEBUG] [] Config [verify_host] = [1]
2015-09-08 13:51:05 [DEBUG] [] Config [report_error] = [1]
2015-09-08 13:51:05 [DEBUG] [] Config [output_UTF8] = [1]
2015-09-08 13:51:05 [DEBUG] [] Config [auto_rollback] = [1]
2015-09-08 13:51:05 [DEBUG] [] Config [log_dir] = [/home/hosting_users/xplex/www/wp-content/plugins/woocommerce-lguplus-kr/lgdacom/log]
2015-09-08 13:51:05 [DEBUG] [] Config [txplex4] = [12d7f002e43a80c0dd64128a1957e351]
2015-09-08 13:51:05 [DEBUG] [] Config [xplex4] = [12d7f002e43a80c0dd64128a1957e351]
2015-09-08 13:51:05 [DEBUG] [] Config [url] = [https://xpayclient.lgdacom.net/xpay/Gateway.do]
2015-09-08 13:51:05 [DEBUG] [] Config [test_url] = [https://xpayclient.lgdacom.net:7443/xpay/Gateway.do]
2015-09-08 13:51:05 [DEBUG] [] Config [aux_url] = [http://xpayclient.lgdacom.net:7080/xpay/Gateway.do]
2015-09-08 13:51:05 [DEBUG] [xplex4-012015090813510564ccc95f82bdedb0c0ae6f6ac43a0eaf92237749] Post [LGD_TXID] = [xplex4-012015090813510564ccc95f82bdedb0c0ae6f6ac43a0eaf92237749]
2015-09-08 13:51:05 [DEBUG] [xplex4-012015090813510564ccc95f82bdedb0c0ae6f6ac43a0eaf92237749] Post [LGD_AUTHCODE] = [7627c27dfb83704c536ccd58edc53f8ac9f5aa89]
2015-09-08 13:51:05 [DEBUG] [xplex4-012015090813510564ccc95f82bdedb0c0ae6f6ac43a0eaf92237749] Post [LGD_MID] = [xplex4]
2015-09-08 13:51:05 [DEBUG] [xplex4-012015090813510564ccc95f82bdedb0c0ae6f6ac43a0eaf92237749] Post [LGD_TXNAME] = [PaymentByKey]
2015-09-08 13:51:05 [DEBUG] [xplex4-012015090813510564ccc95f82bdedb0c0ae6f6ac43a0eaf92237749] Post [LGD_PAYKEY] = [20150908225104123DBFEAA53F0ECC94ECE6871E06C0B28D26E866]
2015-09-08 13:51:05 [DEBUG] [xplex4-012015090813510564ccc95f82bdedb0c0ae6f6ac43a0eaf92237749] post_string = LGD_TXID=xplex4-012015090813510564ccc95f82bdedb0c0ae6f6ac43a0eaf92237749&LGD_AUTHCODE=7627c27dfb83704c536ccd58edc53f8ac9f5aa89&LGD_MID=xplex4&LGD_TXNAME=PaymentByKey&LGD_PAYKEY=20150908225104123DBFEAA53F0ECC94ECE6871E06C0B28D26E866
2015-09-08 13:51:07 [DEBUG] [xplex4-012015090813510564ccc95f82bdedb0c0ae6f6ac43a0eaf92237749] Result = [









{"LGD_RESPCODE":"0000","LGD_RESPMSG":"06: ","LGD_RESPONSE":[{"LGD_IFOS":"3A4C0S","LGD_MID":"xplex4","LGD_FINANCENAME":"국민","LGD_CASHRECEIPTKIND":"0","LGD_DELIVERYINFO":"","LGD_BUYER":"임은영","LGD_BUYERID":"","LGD_OID":"3639","LGD_RECEIVERPHONE":"","LGD_2TR_FLAG":"Y","LGD_DEVICE":"","LGD_TID":"xplex2015090822510663582","LGD_TIMESTAMP":"20150908225107","LGD_SAOWNER":"엑스플렉스(X-PLEX)","LGD_FINANCECODE":"004","LGD_BUYERPHONE":"01099897992","LGD_ESCROWYN":"N","LGD_PAYTYPE":"SC0040","LGD_CASFLAG":"R","LGD_CASCAMOUNT":"0","LGD_CASTAMOUNT":"0","LGD_AMOUNT":"210000","LGD_BUYERSSN":".","LGD_CASHRECEIPTCODE":"0000","LGD_RESPMSG":"06: ","LGD_PAYDATE":"20150908225106","LGD_PRODUCTINFO":"나도 그림책 작가 2기스토리텔링 강화로 그림책 글쓰기 도전!","LGD_CASSEQNO":"000","LGD_PRODUCTCODE":"","LGD_HASHDATA":"a73735bbf36b92a3561ec8e679a82657","LGD_BUYERADDRESS":"고양시 덕양구 행신3동 서정마을7단지아파트 701~713동704-602","LGD_RECEIVER":"","LGD_RESPCODE":"0000","LGD_ACCOUNTNUM":"69509011537789","LGD_PAYER":"임은영","LGD_BUYEREMAIL":"bettypooh927@gmail.com"}]}
]
2015-09-08 13:51:07 [INFO ] [xplex4-012015090813510564ccc95f82bdedb0c0ae6f6ac43a0eaf92237749] Response Code=[0000], Msg=[06: ], Count=1
2015-09-08 13:51:07 [DEBUG] [xplex4-012015090813510564ccc95f82bdedb0c0ae6f6ac43a0eaf92237749] Response (LGD_IFOS, 0) = 3A4C0S
2015-09-08 13:51:07 [DEBUG] [xplex4-012015090813510564ccc95f82bdedb0c0ae6f6ac43a0eaf92237749] Response (LGD_MID, 0) = xplex4
2015-09-08 13:51:07 [DEBUG] [xplex4-012015090813510564ccc95f82bdedb0c0ae6f6ac43a0eaf92237749] Response (LGD_FINANCENAME, 0) = 국민
2015-09-08 13:51:07 [DEBUG] [xplex4-012015090813510564ccc95f82bdedb0c0ae6f6ac43a0eaf92237749] Response (LGD_CASHRECEIPTKIND, 0) = 0
2015-09-08 13:51:07 [DEBUG] [xplex4-012015090813510564ccc95f82bdedb0c0ae6f6ac43a0eaf92237749] Response (LGD_DELIVERYINFO, 0) = 
2015-09-08 13:51:07 [DEBUG] [xplex4-012015090813510564ccc95f82bdedb0c0ae6f6ac43a0eaf92237749] Response (LGD_BUYER, 0) = 임은영
2015-09-08 13:51:07 [DEBUG] [xplex4-012015090813510564ccc95f82bdedb0c0ae6f6ac43a0eaf92237749] Response (LGD_BUYERID, 0) = 
2015-09-08 13:51:07 [DEBUG] [xplex4-012015090813510564ccc95f82bdedb0c0ae6f6ac43a0eaf92237749] Response (LGD_OID, 0) = 3639
2015-09-08 13:51:07 [DEBUG] [xplex4-012015090813510564ccc95f82bdedb0c0ae6f6ac43a0eaf92237749] Response (LGD_RECEIVERPHONE, 0) = 
2015-09-08 13:51:07 [DEBUG] [xplex4-012015090813510564ccc95f82bdedb0c0ae6f6ac43a0eaf92237749] Response (LGD_2TR_FLAG, 0) = Y
2015-09-08 13:51:07 [DEBUG] [xplex4-012015090813510564ccc95f82bdedb0c0ae6f6ac43a0eaf92237749] Response (LGD_DEVICE, 0) = 
2015-09-08 13:51:07 [DEBUG] [xplex4-012015090813510564ccc95f82bdedb0c0ae6f6ac43a0eaf92237749] Response (LGD_TID, 0) = xplex2015090822510663582
2015-09-08 13:51:07 [DEBUG] [xplex4-012015090813510564ccc95f82bdedb0c0ae6f6ac43a0eaf92237749] Response (LGD_TIMESTAMP, 0) = 20150908225107
2015-09-08 13:51:07 [DEBUG] [xplex4-012015090813510564ccc95f82bdedb0c0ae6f6ac43a0eaf92237749] Response (LGD_SAOWNER, 0) = 엑스플렉스(X-PLEX)
2015-09-08 13:51:07 [DEBUG] [xplex4-012015090813510564ccc95f82bdedb0c0ae6f6ac43a0eaf92237749] Response (LGD_FINANCECODE, 0) = 004
2015-09-08 13:51:07 [DEBUG] [xplex4-012015090813510564ccc95f82bdedb0c0ae6f6ac43a0eaf92237749] Response (LGD_BUYERPHONE, 0) = 01099897992
2015-09-08 13:51:07 [DEBUG] [xplex4-012015090813510564ccc95f82bdedb0c0ae6f6ac43a0eaf92237749] Response (LGD_ESCROWYN, 0) = N
2015-09-08 13:51:07 [DEBUG] [xplex4-012015090813510564ccc95f82bdedb0c0ae6f6ac43a0eaf92237749] Response (LGD_PAYTYPE, 0) = SC0040
2015-09-08 13:51:07 [DEBUG] [xplex4-012015090813510564ccc95f82bdedb0c0ae6f6ac43a0eaf92237749] Response (LGD_CASFLAG, 0) = R
2015-09-08 13:51:07 [DEBUG] [xplex4-012015090813510564ccc95f82bdedb0c0ae6f6ac43a0eaf92237749] Response (LGD_CASCAMOUNT, 0) = 0
2015-09-08 13:51:07 [DEBUG] [xplex4-012015090813510564ccc95f82bdedb0c0ae6f6ac43a0eaf92237749] Response (LGD_CASTAMOUNT, 0) = 0
2015-09-08 13:51:07 [DEBUG] [xplex4-012015090813510564ccc95f82bdedb0c0ae6f6ac43a0eaf92237749] Response (LGD_AMOUNT, 0) = 210000
2015-09-08 13:51:07 [DEBUG] [xplex4-012015090813510564ccc95f82bdedb0c0ae6f6ac43a0eaf92237749] Response (LGD_BUYERSSN, 0) = .
2015-09-08 13:51:07 [DEBUG] [xplex4-012015090813510564ccc95f82bdedb0c0ae6f6ac43a0eaf92237749] Response (LGD_CASHRECEIPTCODE, 0) = 0000
2015-09-08 13:51:07 [DEBUG] [xplex4-012015090813510564ccc95f82bdedb0c0ae6f6ac43a0eaf92237749] Response (LGD_RESPMSG, 0) = 06: 
2015-09-08 13:51:07 [DEBUG] [xplex4-012015090813510564ccc95f82bdedb0c0ae6f6ac43a0eaf92237749] Response (LGD_PAYDATE, 0) = 20150908225106
2015-09-08 13:51:07 [DEBUG] [xplex4-012015090813510564ccc95f82bdedb0c0ae6f6ac43a0eaf92237749] Response (LGD_PRODUCTINFO, 0) = 나도 그림책 작가 2기스토리텔링 강화로 그림책 글쓰기 도전!
2015-09-08 13:51:07 [DEBUG] [xplex4-012015090813510564ccc95f82bdedb0c0ae6f6ac43a0eaf92237749] Response (LGD_CASSEQNO, 0) = 000
2015-09-08 13:51:07 [DEBUG] [xplex4-012015090813510564ccc95f82bdedb0c0ae6f6ac43a0eaf92237749] Response (LGD_PRODUCTCODE, 0) = 
2015-09-08 13:51:07 [DEBUG] [xplex4-012015090813510564ccc95f82bdedb0c0ae6f6ac43a0eaf92237749] Response (LGD_HASHDATA, 0) = a73735bbf36b92a3561ec8e679a82657
2015-09-08 13:51:07 [DEBUG] [xplex4-012015090813510564ccc95f82bdedb0c0ae6f6ac43a0eaf92237749] Response (LGD_BUYERADDRESS, 0) = 고양시 덕양구 행신3동 서정마을7단지아파트 701~713동704-602
2015-09-08 13:51:07 [DEBUG] [xplex4-012015090813510564ccc95f82bdedb0c0ae6f6ac43a0eaf92237749] Response (LGD_RECEIVER, 0) = 
2015-09-08 13:51:07 [DEBUG] [xplex4-012015090813510564ccc95f82bdedb0c0ae6f6ac43a0eaf92237749] Response (LGD_RESPCODE, 0) = 0000
2015-09-08 13:51:07 [DEBUG] [xplex4-012015090813510564ccc95f82bdedb0c0ae6f6ac43a0eaf92237749] Response (LGD_ACCOUNTNUM, 0) = 69509011537789
2015-09-08 13:51:07 [DEBUG] [xplex4-012015090813510564ccc95f82bdedb0c0ae6f6ac43a0eaf92237749] Response (LGD_PAYER, 0) = 임은영
2015-09-08 13:51:07 [DEBUG] [xplex4-012015090813510564ccc95f82bdedb0c0ae6f6ac43a0eaf92237749] Response (LGD_BUYEREMAIL, 0) = bettypooh927@gmail.com
