2014-09-07 03:28:15 [INFO ] [] XPayClient initialize [/home/hosting_users/xplex/www/wp-content/plugins/woocommerce-lguplus-kr/lgdacom] [service]
2014-09-07 03:28:15 [DEBUG] [] Config [server_id] = [01]
2014-09-07 03:28:15 [DEBUG] [] Config [timeout] = [60]
2014-09-07 03:28:15 [DEBUG] [] Config [log_level] = [4]
2014-09-07 03:28:15 [DEBUG] [] Config [verify_cert] = [1]
2014-09-07 03:28:15 [DEBUG] [] Config [verify_host] = [1]
2014-09-07 03:28:15 [DEBUG] [] Config [report_error] = [1]
2014-09-07 03:28:15 [DEBUG] [] Config [output_UTF8] = [1]
2014-09-07 03:28:15 [DEBUG] [] Config [auto_rollback] = [1]
2014-09-07 03:28:15 [DEBUG] [] Config [log_dir] = [/home/hosting_users/xplex/www/wp-content/plugins/woocommerce-lguplus-kr/lgdacom/log]
2014-09-07 03:28:15 [DEBUG] [] Config [txplex] = [0a1f464907f598da46372755acc78b0a]
2014-09-07 03:28:15 [DEBUG] [] Config [xplex] = [0a1f464907f598da46372755acc78b0a]
2014-09-07 03:28:15 [DEBUG] [] Config [url] = [https://xpayclient.lgdacom.net/xpay/Gateway.do]
2014-09-07 03:28:15 [DEBUG] [] Config [test_url] = [https://xpayclient.lgdacom.net:7443/xpay/Gateway.do]
2014-09-07 03:28:15 [DEBUG] [] Config [aux_url] = [http://xpayclient.lgdacom.net:7080/xpay/Gateway.do]
2014-09-07 03:28:15 [DEBUG] [xplex-01201409070328152891858afd5fc8647c9a446a0068cc2689ac8041] Post [LGD_TXID] = [xplex-01201409070328152891858afd5fc8647c9a446a0068cc2689ac8041]
2014-09-07 03:28:15 [DEBUG] [xplex-01201409070328152891858afd5fc8647c9a446a0068cc2689ac8041] Post [LGD_AUTHCODE] = [29c59b15851de7b655882c759b02e3ee7b91b209]
2014-09-07 03:28:15 [DEBUG] [xplex-01201409070328152891858afd5fc8647c9a446a0068cc2689ac8041] Post [LGD_MID] = [xplex]
2014-09-07 03:28:15 [DEBUG] [xplex-01201409070328152891858afd5fc8647c9a446a0068cc2689ac8041] Post [LGD_TXNAME] = [PaymentByKey]
2014-09-07 03:28:15 [DEBUG] [xplex-01201409070328152891858afd5fc8647c9a446a0068cc2689ac8041] Post [LGD_PAYKEY] = [20140907122814B1F46C5075E9CFDE398CCE0E9438BA86CCD1FEAC]
2014-09-07 03:28:15 [DEBUG] [xplex-01201409070328152891858afd5fc8647c9a446a0068cc2689ac8041] post_string = LGD_TXID=xplex-01201409070328152891858afd5fc8647c9a446a0068cc2689ac8041&LGD_AUTHCODE=29c59b15851de7b655882c759b02e3ee7b91b209&LGD_MID=xplex&LGD_TXNAME=PaymentByKey&LGD_PAYKEY=20140907122814B1F46C5075E9CFDE398CCE0E9438BA86CCD1FEAC
2014-09-07 03:28:16 [DEBUG] [xplex-01201409070328152891858afd5fc8647c9a446a0068cc2689ac8041] Result = [









{"LGD_RESPCODE":"0000","LGD_RESPMSG":"20: ","LGD_RESPONSE":[{"LGD_IFOS":"3A4S0S","LGD_MID":"xplex","LGD_FINANCENAME":"우리","LGD_DELIVERYINFO":"","LGD_BUYER":"이미혜","LGD_BUYERID":"","LGD_OID":"568","LGD_RECEIVERPHONE":"","LGD_2TR_FLAG":"Y","LGD_DEVICE":"","LGD_TID":"xplex2014090712281556929","LGD_TIMESTAMP":"20140907122816","LGD_SAOWNER":"엑스플렉스(X-PLEX)","LGD_FINANCECODE":"020","LGD_BUYERPHONE":"01056540556","LGD_ESCROWYN":"N","LGD_PAYTYPE":"SC0040","LGD_CASFLAG":"R","LGD_CASCAMOUNT":"0","LGD_CASTAMOUNT":"0","LGD_AMOUNT":"90000","LGD_BUYERSSN":".","LGD_RESPMSG":"20: ","LGD_PAYDATE":"20140907122815","LGD_PRODUCTINFO":"문체로 길을 내다습작생들에게 가장 도움이 될 법한 한국소설 3권 깊이 읽기!","LGD_CASSEQNO":"000","LGD_PRODUCTCODE":"","LGD_HASHDATA":"fe4e8ffeab313e7daa0673b3d43f3162","LGD_BUYERADDRESS":"강동구 성내3동 385~399386-27 201","LGD_RECEIVER":"","LGD_RESPCODE":"0000","LGD_ACCOUNTNUM":"61641872418297","LGD_PAYER":"이미혜","LGD_BUYEREMAIL":"mihae91@naver.com"}]}
]
2014-09-07 03:28:16 [INFO ] [xplex-01201409070328152891858afd5fc8647c9a446a0068cc2689ac8041] Response Code=[0000], Msg=[20: ], Count=1
2014-09-07 03:28:16 [DEBUG] [xplex-01201409070328152891858afd5fc8647c9a446a0068cc2689ac8041] Response (LGD_IFOS, 0) = 3A4S0S
2014-09-07 03:28:16 [DEBUG] [xplex-01201409070328152891858afd5fc8647c9a446a0068cc2689ac8041] Response (LGD_MID, 0) = xplex
2014-09-07 03:28:16 [DEBUG] [xplex-01201409070328152891858afd5fc8647c9a446a0068cc2689ac8041] Response (LGD_FINANCENAME, 0) = 우리
2014-09-07 03:28:16 [DEBUG] [xplex-01201409070328152891858afd5fc8647c9a446a0068cc2689ac8041] Response (LGD_DELIVERYINFO, 0) = 
2014-09-07 03:28:16 [DEBUG] [xplex-01201409070328152891858afd5fc8647c9a446a0068cc2689ac8041] Response (LGD_BUYER, 0) = 이미혜
2014-09-07 03:28:16 [DEBUG] [xplex-01201409070328152891858afd5fc8647c9a446a0068cc2689ac8041] Response (LGD_BUYERID, 0) = 
2014-09-07 03:28:16 [DEBUG] [xplex-01201409070328152891858afd5fc8647c9a446a0068cc2689ac8041] Response (LGD_OID, 0) = 568
2014-09-07 03:28:16 [DEBUG] [xplex-01201409070328152891858afd5fc8647c9a446a0068cc2689ac8041] Response (LGD_RECEIVERPHONE, 0) = 
2014-09-07 03:28:16 [DEBUG] [xplex-01201409070328152891858afd5fc8647c9a446a0068cc2689ac8041] Response (LGD_2TR_FLAG, 0) = Y
2014-09-07 03:28:16 [DEBUG] [xplex-01201409070328152891858afd5fc8647c9a446a0068cc2689ac8041] Response (LGD_DEVICE, 0) = 
2014-09-07 03:28:16 [DEBUG] [xplex-01201409070328152891858afd5fc8647c9a446a0068cc2689ac8041] Response (LGD_TID, 0) = xplex2014090712281556929
2014-09-07 03:28:16 [DEBUG] [xplex-01201409070328152891858afd5fc8647c9a446a0068cc2689ac8041] Response (LGD_TIMESTAMP, 0) = 20140907122816
2014-09-07 03:28:16 [DEBUG] [xplex-01201409070328152891858afd5fc8647c9a446a0068cc2689ac8041] Response (LGD_SAOWNER, 0) = 엑스플렉스(X-PLEX)
2014-09-07 03:28:16 [DEBUG] [xplex-01201409070328152891858afd5fc8647c9a446a0068cc2689ac8041] Response (LGD_FINANCECODE, 0) = 020
2014-09-07 03:28:16 [DEBUG] [xplex-01201409070328152891858afd5fc8647c9a446a0068cc2689ac8041] Response (LGD_BUYERPHONE, 0) = 01056540556
2014-09-07 03:28:16 [DEBUG] [xplex-01201409070328152891858afd5fc8647c9a446a0068cc2689ac8041] Response (LGD_ESCROWYN, 0) = N
2014-09-07 03:28:16 [DEBUG] [xplex-01201409070328152891858afd5fc8647c9a446a0068cc2689ac8041] Response (LGD_PAYTYPE, 0) = SC0040
2014-09-07 03:28:16 [DEBUG] [xplex-01201409070328152891858afd5fc8647c9a446a0068cc2689ac8041] Response (LGD_CASFLAG, 0) = R
2014-09-07 03:28:16 [DEBUG] [xplex-01201409070328152891858afd5fc8647c9a446a0068cc2689ac8041] Response (LGD_CASCAMOUNT, 0) = 0
2014-09-07 03:28:16 [DEBUG] [xplex-01201409070328152891858afd5fc8647c9a446a0068cc2689ac8041] Response (LGD_CASTAMOUNT, 0) = 0
2014-09-07 03:28:16 [DEBUG] [xplex-01201409070328152891858afd5fc8647c9a446a0068cc2689ac8041] Response (LGD_AMOUNT, 0) = 90000
2014-09-07 03:28:16 [DEBUG] [xplex-01201409070328152891858afd5fc8647c9a446a0068cc2689ac8041] Response (LGD_BUYERSSN, 0) = .
2014-09-07 03:28:16 [DEBUG] [xplex-01201409070328152891858afd5fc8647c9a446a0068cc2689ac8041] Response (LGD_RESPMSG, 0) = 20: 
2014-09-07 03:28:16 [DEBUG] [xplex-01201409070328152891858afd5fc8647c9a446a0068cc2689ac8041] Response (LGD_PAYDATE, 0) = 20140907122815
2014-09-07 03:28:16 [DEBUG] [xplex-01201409070328152891858afd5fc8647c9a446a0068cc2689ac8041] Response (LGD_PRODUCTINFO, 0) = 문체로 길을 내다습작생들에게 가장 도움이 될 법한 한국소설 3권 깊이 읽기!
2014-09-07 03:28:16 [DEBUG] [xplex-01201409070328152891858afd5fc8647c9a446a0068cc2689ac8041] Response (LGD_CASSEQNO, 0) = 000
2014-09-07 03:28:16 [DEBUG] [xplex-01201409070328152891858afd5fc8647c9a446a0068cc2689ac8041] Response (LGD_PRODUCTCODE, 0) = 
2014-09-07 03:28:16 [DEBUG] [xplex-01201409070328152891858afd5fc8647c9a446a0068cc2689ac8041] Response (LGD_HASHDATA, 0) = fe4e8ffeab313e7daa0673b3d43f3162
2014-09-07 03:28:16 [DEBUG] [xplex-01201409070328152891858afd5fc8647c9a446a0068cc2689ac8041] Response (LGD_BUYERADDRESS, 0) = 강동구 성내3동 385~399386-27 201
2014-09-07 03:28:16 [DEBUG] [xplex-01201409070328152891858afd5fc8647c9a446a0068cc2689ac8041] Response (LGD_RECEIVER, 0) = 
2014-09-07 03:28:16 [DEBUG] [xplex-01201409070328152891858afd5fc8647c9a446a0068cc2689ac8041] Response (LGD_RESPCODE, 0) = 0000
2014-09-07 03:28:16 [DEBUG] [xplex-01201409070328152891858afd5fc8647c9a446a0068cc2689ac8041] Response (LGD_ACCOUNTNUM, 0) = 61641872418297
2014-09-07 03:28:16 [DEBUG] [xplex-01201409070328152891858afd5fc8647c9a446a0068cc2689ac8041] Response (LGD_PAYER, 0) = 이미혜
2014-09-07 03:28:16 [DEBUG] [xplex-01201409070328152891858afd5fc8647c9a446a0068cc2689ac8041] Response (LGD_BUYEREMAIL, 0) = mihae91@naver.com
