2015-09-01 13:42:25 [INFO ] [] XPayClient initialize [/home/hosting_users/xplex/www/wp-content/plugins/woocommerce-lguplus-kr/lgdacom] [service]
2015-09-01 13:42:25 [DEBUG] [] Config [server_id] = [01]
2015-09-01 13:42:25 [DEBUG] [] Config [timeout] = [60]
2015-09-01 13:42:25 [DEBUG] [] Config [log_level] = [4]
2015-09-01 13:42:25 [DEBUG] [] Config [verify_cert] = [1]
2015-09-01 13:42:25 [DEBUG] [] Config [verify_host] = [1]
2015-09-01 13:42:25 [DEBUG] [] Config [report_error] = [1]
2015-09-01 13:42:25 [DEBUG] [] Config [output_UTF8] = [1]
2015-09-01 13:42:25 [DEBUG] [] Config [auto_rollback] = [1]
2015-09-01 13:42:25 [DEBUG] [] Config [log_dir] = [/home/hosting_users/xplex/www/wp-content/plugins/woocommerce-lguplus-kr/lgdacom/log]
2015-09-01 13:42:25 [DEBUG] [] Config [txplex4] = [12d7f002e43a80c0dd64128a1957e351]
2015-09-01 13:42:25 [DEBUG] [] Config [xplex4] = [12d7f002e43a80c0dd64128a1957e351]
2015-09-01 13:42:25 [DEBUG] [] Config [url] = [https://xpayclient.lgdacom.net/xpay/Gateway.do]
2015-09-01 13:42:25 [DEBUG] [] Config [test_url] = [https://xpayclient.lgdacom.net:7443/xpay/Gateway.do]
2015-09-01 13:42:25 [DEBUG] [] Config [aux_url] = [http://xpayclient.lgdacom.net:7080/xpay/Gateway.do]
2015-09-01 13:42:25 [DEBUG] [xplex4-0120150901134225829741b43580afff847790c1abe145331a78bd1f] Post [LGD_TXID] = [xplex4-0120150901134225829741b43580afff847790c1abe145331a78bd1f]
2015-09-01 13:42:25 [DEBUG] [xplex4-0120150901134225829741b43580afff847790c1abe145331a78bd1f] Post [LGD_AUTHCODE] = [0c2bf1d189a432c54c8e164c023b12ec587070ac]
2015-09-01 13:42:25 [DEBUG] [xplex4-0120150901134225829741b43580afff847790c1abe145331a78bd1f] Post [LGD_MID] = [xplex4]
2015-09-01 13:42:25 [DEBUG] [xplex4-0120150901134225829741b43580afff847790c1abe145331a78bd1f] Post [LGD_TXNAME] = [PaymentByKey]
2015-09-01 13:42:25 [DEBUG] [xplex4-0120150901134225829741b43580afff847790c1abe145331a78bd1f] Post [LGD_PAYKEY] = [20150901224223D724562B0E2BA26CA006CAD7CFA033065DC68BEA]
2015-09-01 13:42:25 [DEBUG] [xplex4-0120150901134225829741b43580afff847790c1abe145331a78bd1f] post_string = LGD_TXID=xplex4-0120150901134225829741b43580afff847790c1abe145331a78bd1f&LGD_AUTHCODE=0c2bf1d189a432c54c8e164c023b12ec587070ac&LGD_MID=xplex4&LGD_TXNAME=PaymentByKey&LGD_PAYKEY=20150901224223D724562B0E2BA26CA006CAD7CFA033065DC68BEA
2015-09-01 13:42:25 [DEBUG] [xplex4-0120150901134225829741b43580afff847790c1abe145331a78bd1f] Result = [









{"LGD_RESPCODE":"3000","LGD_RESPMSG":"A9:κ±°λμ •μ§€μΉ΄λ“","LGD_RESPONSE":[{"LGD_CARDACQUIRER":"41","LGD_IFOS":"3A5C0S","LGD_MID":"xplex4","LGD_FINANCENAME":"μ‹ ν•MASTER","LGD_PCANCELFLAG":"1","LGD_FINANCEAUTHNUM":"        ","LGD_DELIVERYINFO":"","LGD_BUYER":"μ „μμ—°","LGD_AFFILIATECODE":"AGB03M","LGD_TRANSAMOUNT":"150000","LGD_BUYERID":"","LGD_OID":"3538","LGD_CARDNUM":"510737******4990","LGD_RECEIVERPHONE":"","LGD_2TR_FLAG":"Y","LGD_DEVICE":"SM-N916L","LGD_TID":"xplex2015090122422519665","LGD_TIMESTAMP":"20150901224225","LGD_FINANCECODE":"41200","LGD_CARDNOINTYN":"0","LGD_PCANCELSTR":"0","LGD_DISCOUNTUSEYN":"0","LGD_BUYERPHONE":"01037914979","LGD_ESCROWYN":"N","LGD_PAYTYPE":"SC0010","LGD_AMOUNT":"150000","LGD_VANCODE":"van0011","LGD_EXCHANGERATE":"1.0","LGD_BUYERSSN":"","LGD_CARDINSTALLMONTH":"00","LGD_RESPMSG":"A9:κ±°λμ •μ§€μΉ΄λ“","LGD_PAYDATE":"20150901224225","LGD_PRODUCTINFO":"λ¬Έν•™μ κ³µκ°„λ¬Έν•™μ€ λ¬΄μ—‡μ„ μ‚¬μ ν•λ”κ°€","LGD_PRODUCTCODE":"","LGD_HASHDATA":"26573765a98ebc9b82a53a042e5be528","LGD_CARDGUBUN1":"0","LGD_CARDGUBUN2":"1","LGD_BUYERADDRESS":"κ°•λ‚¨κµ¬ μ²­λ‹΄λ™μ‚Όμ„±μ²­λ‹΄κ³µμ›μ•„ννΈ 107λ™ 1202νΈ","LGD_RECEIVER":"","LGD_RESPCODE":"3000","LGD_BUYEREMAIL":"dewypoppy@naver.com","LGD_DISCOUNTUSEAMOUNT":"0"}]}
]
2015-09-01 13:42:25 [INFO ] [xplex4-0120150901134225829741b43580afff847790c1abe145331a78bd1f] Response Code=[3000], Msg=[A9:°Ε·΅Α¤ΑφΔ«µε], Count=1
2015-09-01 13:42:25 [DEBUG] [xplex4-0120150901134225829741b43580afff847790c1abe145331a78bd1f] Response (LGD_CARDACQUIRER, 0) = 41
2015-09-01 13:42:25 [DEBUG] [xplex4-0120150901134225829741b43580afff847790c1abe145331a78bd1f] Response (LGD_IFOS, 0) = 3A5C0S
2015-09-01 13:42:25 [DEBUG] [xplex4-0120150901134225829741b43580afff847790c1abe145331a78bd1f] Response (LGD_MID, 0) = xplex4
2015-09-01 13:42:25 [DEBUG] [xplex4-0120150901134225829741b43580afff847790c1abe145331a78bd1f] Response (LGD_FINANCENAME, 0) = μ‹ ν•MASTER
2015-09-01 13:42:25 [DEBUG] [xplex4-0120150901134225829741b43580afff847790c1abe145331a78bd1f] Response (LGD_PCANCELFLAG, 0) = 1
2015-09-01 13:42:25 [DEBUG] [xplex4-0120150901134225829741b43580afff847790c1abe145331a78bd1f] Response (LGD_FINANCEAUTHNUM, 0) =         
2015-09-01 13:42:25 [DEBUG] [xplex4-0120150901134225829741b43580afff847790c1abe145331a78bd1f] Response (LGD_DELIVERYINFO, 0) = 
2015-09-01 13:42:25 [DEBUG] [xplex4-0120150901134225829741b43580afff847790c1abe145331a78bd1f] Response (LGD_BUYER, 0) = μ „μμ—°
2015-09-01 13:42:25 [DEBUG] [xplex4-0120150901134225829741b43580afff847790c1abe145331a78bd1f] Response (LGD_AFFILIATECODE, 0) = AGB03M
2015-09-01 13:42:25 [DEBUG] [xplex4-0120150901134225829741b43580afff847790c1abe145331a78bd1f] Response (LGD_TRANSAMOUNT, 0) = 150000
2015-09-01 13:42:25 [DEBUG] [xplex4-0120150901134225829741b43580afff847790c1abe145331a78bd1f] Response (LGD_BUYERID, 0) = 
2015-09-01 13:42:25 [DEBUG] [xplex4-0120150901134225829741b43580afff847790c1abe145331a78bd1f] Response (LGD_OID, 0) = 3538
2015-09-01 13:42:25 [DEBUG] [xplex4-0120150901134225829741b43580afff847790c1abe145331a78bd1f] Response (LGD_CARDNUM, 0) = 510737******4990
2015-09-01 13:42:25 [DEBUG] [xplex4-0120150901134225829741b43580afff847790c1abe145331a78bd1f] Response (LGD_RECEIVERPHONE, 0) = 
2015-09-01 13:42:25 [DEBUG] [xplex4-0120150901134225829741b43580afff847790c1abe145331a78bd1f] Response (LGD_2TR_FLAG, 0) = Y
2015-09-01 13:42:25 [DEBUG] [xplex4-0120150901134225829741b43580afff847790c1abe145331a78bd1f] Response (LGD_DEVICE, 0) = SM-N916L
2015-09-01 13:42:25 [DEBUG] [xplex4-0120150901134225829741b43580afff847790c1abe145331a78bd1f] Response (LGD_TID, 0) = xplex2015090122422519665
2015-09-01 13:42:25 [DEBUG] [xplex4-0120150901134225829741b43580afff847790c1abe145331a78bd1f] Response (LGD_TIMESTAMP, 0) = 20150901224225
2015-09-01 13:42:25 [DEBUG] [xplex4-0120150901134225829741b43580afff847790c1abe145331a78bd1f] Response (LGD_FINANCECODE, 0) = 41200
2015-09-01 13:42:25 [DEBUG] [xplex4-0120150901134225829741b43580afff847790c1abe145331a78bd1f] Response (LGD_CARDNOINTYN, 0) = 0
2015-09-01 13:42:25 [DEBUG] [xplex4-0120150901134225829741b43580afff847790c1abe145331a78bd1f] Response (LGD_PCANCELSTR, 0) = 0
2015-09-01 13:42:25 [DEBUG] [xplex4-0120150901134225829741b43580afff847790c1abe145331a78bd1f] Response (LGD_DISCOUNTUSEYN, 0) = 0
2015-09-01 13:42:25 [DEBUG] [xplex4-0120150901134225829741b43580afff847790c1abe145331a78bd1f] Response (LGD_BUYERPHONE, 0) = 01037914979
2015-09-01 13:42:25 [DEBUG] [xplex4-0120150901134225829741b43580afff847790c1abe145331a78bd1f] Response (LGD_ESCROWYN, 0) = N
2015-09-01 13:42:25 [DEBUG] [xplex4-0120150901134225829741b43580afff847790c1abe145331a78bd1f] Response (LGD_PAYTYPE, 0) = SC0010
2015-09-01 13:42:25 [DEBUG] [xplex4-0120150901134225829741b43580afff847790c1abe145331a78bd1f] Response (LGD_AMOUNT, 0) = 150000
2015-09-01 13:42:25 [DEBUG] [xplex4-0120150901134225829741b43580afff847790c1abe145331a78bd1f] Response (LGD_VANCODE, 0) = van0011
2015-09-01 13:42:25 [DEBUG] [xplex4-0120150901134225829741b43580afff847790c1abe145331a78bd1f] Response (LGD_EXCHANGERATE, 0) = 1.0
2015-09-01 13:42:25 [DEBUG] [xplex4-0120150901134225829741b43580afff847790c1abe145331a78bd1f] Response (LGD_BUYERSSN, 0) = 
2015-09-01 13:42:25 [DEBUG] [xplex4-0120150901134225829741b43580afff847790c1abe145331a78bd1f] Response (LGD_CARDINSTALLMONTH, 0) = 00
2015-09-01 13:42:25 [DEBUG] [xplex4-0120150901134225829741b43580afff847790c1abe145331a78bd1f] Response (LGD_RESPMSG, 0) = A9:κ±°λμ •μ§€μΉ΄λ“
2015-09-01 13:42:25 [DEBUG] [xplex4-0120150901134225829741b43580afff847790c1abe145331a78bd1f] Response (LGD_PAYDATE, 0) = 20150901224225
2015-09-01 13:42:25 [DEBUG] [xplex4-0120150901134225829741b43580afff847790c1abe145331a78bd1f] Response (LGD_PRODUCTINFO, 0) = λ¬Έν•™μ κ³µκ°„λ¬Έν•™μ€ λ¬΄μ—‡μ„ μ‚¬μ ν•λ”κ°€
2015-09-01 13:42:25 [DEBUG] [xplex4-0120150901134225829741b43580afff847790c1abe145331a78bd1f] Response (LGD_PRODUCTCODE, 0) = 
2015-09-01 13:42:25 [DEBUG] [xplex4-0120150901134225829741b43580afff847790c1abe145331a78bd1f] Response (LGD_HASHDATA, 0) = 26573765a98ebc9b82a53a042e5be528
2015-09-01 13:42:25 [DEBUG] [xplex4-0120150901134225829741b43580afff847790c1abe145331a78bd1f] Response (LGD_CARDGUBUN1, 0) = 0
2015-09-01 13:42:25 [DEBUG] [xplex4-0120150901134225829741b43580afff847790c1abe145331a78bd1f] Response (LGD_CARDGUBUN2, 0) = 1
2015-09-01 13:42:25 [DEBUG] [xplex4-0120150901134225829741b43580afff847790c1abe145331a78bd1f] Response (LGD_BUYERADDRESS, 0) = κ°•λ‚¨κµ¬ μ²­λ‹΄λ™μ‚Όμ„±μ²­λ‹΄κ³µμ›μ•„ννΈ 107λ™ 1202νΈ
2015-09-01 13:42:25 [DEBUG] [xplex4-0120150901134225829741b43580afff847790c1abe145331a78bd1f] Response (LGD_RECEIVER, 0) = 
2015-09-01 13:42:25 [DEBUG] [xplex4-0120150901134225829741b43580afff847790c1abe145331a78bd1f] Response (LGD_RESPCODE, 0) = 3000
2015-09-01 13:42:25 [DEBUG] [xplex4-0120150901134225829741b43580afff847790c1abe145331a78bd1f] Response (LGD_BUYEREMAIL, 0) = dewypoppy@naver.com
2015-09-01 13:42:25 [DEBUG] [xplex4-0120150901134225829741b43580afff847790c1abe145331a78bd1f] Response (LGD_DISCOUNTUSEAMOUNT, 0) = 0
2015-09-01 13:44:24 [INFO ] [] XPayClient initialize [/home/hosting_users/xplex/www/wp-content/plugins/woocommerce-lguplus-kr/lgdacom] [service]
2015-09-01 13:44:24 [DEBUG] [] Config [server_id] = [01]
2015-09-01 13:44:24 [DEBUG] [] Config [timeout] = [60]
2015-09-01 13:44:24 [DEBUG] [] Config [log_level] = [4]
2015-09-01 13:44:24 [DEBUG] [] Config [verify_cert] = [1]
2015-09-01 13:44:24 [DEBUG] [] Config [verify_host] = [1]
2015-09-01 13:44:24 [DEBUG] [] Config [report_error] = [1]
2015-09-01 13:44:24 [DEBUG] [] Config [output_UTF8] = [1]
2015-09-01 13:44:24 [DEBUG] [] Config [auto_rollback] = [1]
2015-09-01 13:44:24 [DEBUG] [] Config [log_dir] = [/home/hosting_users/xplex/www/wp-content/plugins/woocommerce-lguplus-kr/lgdacom/log]
2015-09-01 13:44:24 [DEBUG] [] Config [txplex4] = [12d7f002e43a80c0dd64128a1957e351]
2015-09-01 13:44:24 [DEBUG] [] Config [xplex4] = [12d7f002e43a80c0dd64128a1957e351]
2015-09-01 13:44:24 [DEBUG] [] Config [url] = [https://xpayclient.lgdacom.net/xpay/Gateway.do]
2015-09-01 13:44:24 [DEBUG] [] Config [test_url] = [https://xpayclient.lgdacom.net:7443/xpay/Gateway.do]
2015-09-01 13:44:24 [DEBUG] [] Config [aux_url] = [http://xpayclient.lgdacom.net:7080/xpay/Gateway.do]
2015-09-01 13:44:24 [DEBUG] [xplex4-0120150901134424bef126bfe59c83d930b7193247fe05c84d992ddb] Post [LGD_TXID] = [xplex4-0120150901134424bef126bfe59c83d930b7193247fe05c84d992ddb]
2015-09-01 13:44:24 [DEBUG] [xplex4-0120150901134424bef126bfe59c83d930b7193247fe05c84d992ddb] Post [LGD_AUTHCODE] = [36a96165d81b29ab58aa9f20d4cc8f1bc218fbd7]
2015-09-01 13:44:24 [DEBUG] [xplex4-0120150901134424bef126bfe59c83d930b7193247fe05c84d992ddb] Post [LGD_MID] = [xplex4]
2015-09-01 13:44:24 [DEBUG] [xplex4-0120150901134424bef126bfe59c83d930b7193247fe05c84d992ddb] Post [LGD_TXNAME] = [PaymentByKey]
2015-09-01 13:44:24 [DEBUG] [xplex4-0120150901134424bef126bfe59c83d930b7193247fe05c84d992ddb] Post [LGD_PAYKEY] = [20150901224423313314C0FA26C45036A6AD8442E8CEE277A34EAA]
2015-09-01 13:44:24 [DEBUG] [xplex4-0120150901134424bef126bfe59c83d930b7193247fe05c84d992ddb] post_string = LGD_TXID=xplex4-0120150901134424bef126bfe59c83d930b7193247fe05c84d992ddb&LGD_AUTHCODE=36a96165d81b29ab58aa9f20d4cc8f1bc218fbd7&LGD_MID=xplex4&LGD_TXNAME=PaymentByKey&LGD_PAYKEY=20150901224423313314C0FA26C45036A6AD8442E8CEE277A34EAA
2015-09-01 13:44:26 [DEBUG] [xplex4-0120150901134424bef126bfe59c83d930b7193247fe05c84d992ddb] Result = [









{"LGD_RESPCODE":"0000","LGD_RESPMSG":"26: ","LGD_RESPONSE":[{"LGD_IFOS":"3A5C0S","LGD_MID":"xplex4","LGD_FINANCENAME":"μ‹ ν•","LGD_CASHRECEIPTKIND":"0","LGD_DELIVERYINFO":"","LGD_BUYER":"μ „μμ—°","LGD_BUYERID":"","LGD_OID":"3538","LGD_RECEIVERPHONE":"","LGD_2TR_FLAG":"Y","LGD_DEVICE":"","LGD_TID":"xplex2015090122442420333","LGD_TIMESTAMP":"20150901224426","LGD_SAOWNER":"μ—‘μ¤ν”λ ‰μ¤(X-PLEX)","LGD_FINANCECODE":"088","LGD_BUYERPHONE":"01037914979","LGD_ESCROWYN":"N","LGD_PAYTYPE":"SC0040","LGD_CASFLAG":"R","LGD_CASCAMOUNT":"0","LGD_CASTAMOUNT":"0","LGD_AMOUNT":"150000","LGD_BUYERSSN":".","LGD_CASHRECEIPTCODE":"0000","LGD_RESPMSG":"26: ","LGD_PAYDATE":"20150901224425","LGD_PRODUCTINFO":"λ¬Έν•™μ κ³µκ°„λ¬Έν•™μ€ λ¬΄μ—‡μ„ μ‚¬μ ν•λ”κ°€","LGD_CASSEQNO":"000","LGD_PRODUCTCODE":"","LGD_HASHDATA":"6bf44a4a2949140a882382afb740e73f","LGD_BUYERADDRESS":"κ°•λ‚¨κµ¬ μ²­λ‹΄λ™μ‚Όμ„±μ²­λ‹΄κ³µμ›μ•„ννΈ 107λ™ 1202νΈ","LGD_RECEIVER":"","LGD_RESPCODE":"0000","LGD_ACCOUNTNUM":"63790113931917","LGD_PAYER":"μ „μμ—°","LGD_BUYEREMAIL":"dewypoppy@naver.com"}]}
]
2015-09-01 13:44:26 [INFO ] [xplex4-0120150901134424bef126bfe59c83d930b7193247fe05c84d992ddb] Response Code=[0000], Msg=[26: ], Count=1
2015-09-01 13:44:26 [DEBUG] [xplex4-0120150901134424bef126bfe59c83d930b7193247fe05c84d992ddb] Response (LGD_IFOS, 0) = 3A5C0S
2015-09-01 13:44:26 [DEBUG] [xplex4-0120150901134424bef126bfe59c83d930b7193247fe05c84d992ddb] Response (LGD_MID, 0) = xplex4
2015-09-01 13:44:26 [DEBUG] [xplex4-0120150901134424bef126bfe59c83d930b7193247fe05c84d992ddb] Response (LGD_FINANCENAME, 0) = μ‹ ν•
2015-09-01 13:44:26 [DEBUG] [xplex4-0120150901134424bef126bfe59c83d930b7193247fe05c84d992ddb] Response (LGD_CASHRECEIPTKIND, 0) = 0
2015-09-01 13:44:26 [DEBUG] [xplex4-0120150901134424bef126bfe59c83d930b7193247fe05c84d992ddb] Response (LGD_DELIVERYINFO, 0) = 
2015-09-01 13:44:26 [DEBUG] [xplex4-0120150901134424bef126bfe59c83d930b7193247fe05c84d992ddb] Response (LGD_BUYER, 0) = μ „μμ—°
2015-09-01 13:44:26 [DEBUG] [xplex4-0120150901134424bef126bfe59c83d930b7193247fe05c84d992ddb] Response (LGD_BUYERID, 0) = 
2015-09-01 13:44:26 [DEBUG] [xplex4-0120150901134424bef126bfe59c83d930b7193247fe05c84d992ddb] Response (LGD_OID, 0) = 3538
2015-09-01 13:44:26 [DEBUG] [xplex4-0120150901134424bef126bfe59c83d930b7193247fe05c84d992ddb] Response (LGD_RECEIVERPHONE, 0) = 
2015-09-01 13:44:26 [DEBUG] [xplex4-0120150901134424bef126bfe59c83d930b7193247fe05c84d992ddb] Response (LGD_2TR_FLAG, 0) = Y
2015-09-01 13:44:26 [DEBUG] [xplex4-0120150901134424bef126bfe59c83d930b7193247fe05c84d992ddb] Response (LGD_DEVICE, 0) = 
2015-09-01 13:44:26 [DEBUG] [xplex4-0120150901134424bef126bfe59c83d930b7193247fe05c84d992ddb] Response (LGD_TID, 0) = xplex2015090122442420333
2015-09-01 13:44:26 [DEBUG] [xplex4-0120150901134424bef126bfe59c83d930b7193247fe05c84d992ddb] Response (LGD_TIMESTAMP, 0) = 20150901224426
2015-09-01 13:44:26 [DEBUG] [xplex4-0120150901134424bef126bfe59c83d930b7193247fe05c84d992ddb] Response (LGD_SAOWNER, 0) = μ—‘μ¤ν”λ ‰μ¤(X-PLEX)
2015-09-01 13:44:26 [DEBUG] [xplex4-0120150901134424bef126bfe59c83d930b7193247fe05c84d992ddb] Response (LGD_FINANCECODE, 0) = 088
2015-09-01 13:44:26 [DEBUG] [xplex4-0120150901134424bef126bfe59c83d930b7193247fe05c84d992ddb] Response (LGD_BUYERPHONE, 0) = 01037914979
2015-09-01 13:44:26 [DEBUG] [xplex4-0120150901134424bef126bfe59c83d930b7193247fe05c84d992ddb] Response (LGD_ESCROWYN, 0) = N
2015-09-01 13:44:26 [DEBUG] [xplex4-0120150901134424bef126bfe59c83d930b7193247fe05c84d992ddb] Response (LGD_PAYTYPE, 0) = SC0040
2015-09-01 13:44:26 [DEBUG] [xplex4-0120150901134424bef126bfe59c83d930b7193247fe05c84d992ddb] Response (LGD_CASFLAG, 0) = R
2015-09-01 13:44:26 [DEBUG] [xplex4-0120150901134424bef126bfe59c83d930b7193247fe05c84d992ddb] Response (LGD_CASCAMOUNT, 0) = 0
2015-09-01 13:44:26 [DEBUG] [xplex4-0120150901134424bef126bfe59c83d930b7193247fe05c84d992ddb] Response (LGD_CASTAMOUNT, 0) = 0
2015-09-01 13:44:26 [DEBUG] [xplex4-0120150901134424bef126bfe59c83d930b7193247fe05c84d992ddb] Response (LGD_AMOUNT, 0) = 150000
2015-09-01 13:44:26 [DEBUG] [xplex4-0120150901134424bef126bfe59c83d930b7193247fe05c84d992ddb] Response (LGD_BUYERSSN, 0) = .
2015-09-01 13:44:26 [DEBUG] [xplex4-0120150901134424bef126bfe59c83d930b7193247fe05c84d992ddb] Response (LGD_CASHRECEIPTCODE, 0) = 0000
2015-09-01 13:44:26 [DEBUG] [xplex4-0120150901134424bef126bfe59c83d930b7193247fe05c84d992ddb] Response (LGD_RESPMSG, 0) = 26: 
2015-09-01 13:44:26 [DEBUG] [xplex4-0120150901134424bef126bfe59c83d930b7193247fe05c84d992ddb] Response (LGD_PAYDATE, 0) = 20150901224425
2015-09-01 13:44:26 [DEBUG] [xplex4-0120150901134424bef126bfe59c83d930b7193247fe05c84d992ddb] Response (LGD_PRODUCTINFO, 0) = λ¬Έν•™μ κ³µκ°„λ¬Έν•™μ€ λ¬΄μ—‡μ„ μ‚¬μ ν•λ”κ°€
2015-09-01 13:44:26 [DEBUG] [xplex4-0120150901134424bef126bfe59c83d930b7193247fe05c84d992ddb] Response (LGD_CASSEQNO, 0) = 000
2015-09-01 13:44:26 [DEBUG] [xplex4-0120150901134424bef126bfe59c83d930b7193247fe05c84d992ddb] Response (LGD_PRODUCTCODE, 0) = 
2015-09-01 13:44:26 [DEBUG] [xplex4-0120150901134424bef126bfe59c83d930b7193247fe05c84d992ddb] Response (LGD_HASHDATA, 0) = 6bf44a4a2949140a882382afb740e73f
2015-09-01 13:44:26 [DEBUG] [xplex4-0120150901134424bef126bfe59c83d930b7193247fe05c84d992ddb] Response (LGD_BUYERADDRESS, 0) = κ°•λ‚¨κµ¬ μ²­λ‹΄λ™μ‚Όμ„±μ²­λ‹΄κ³µμ›μ•„ννΈ 107λ™ 1202νΈ
2015-09-01 13:44:26 [DEBUG] [xplex4-0120150901134424bef126bfe59c83d930b7193247fe05c84d992ddb] Response (LGD_RECEIVER, 0) = 
2015-09-01 13:44:26 [DEBUG] [xplex4-0120150901134424bef126bfe59c83d930b7193247fe05c84d992ddb] Response (LGD_RESPCODE, 0) = 0000
2015-09-01 13:44:26 [DEBUG] [xplex4-0120150901134424bef126bfe59c83d930b7193247fe05c84d992ddb] Response (LGD_ACCOUNTNUM, 0) = 63790113931917
2015-09-01 13:44:26 [DEBUG] [xplex4-0120150901134424bef126bfe59c83d930b7193247fe05c84d992ddb] Response (LGD_PAYER, 0) = μ „μμ—°
2015-09-01 13:44:26 [DEBUG] [xplex4-0120150901134424bef126bfe59c83d930b7193247fe05c84d992ddb] Response (LGD_BUYEREMAIL, 0) = dewypoppy@naver.com
