2016-03-30 06:57:58 [INFO ] [] XPayClient initialize [/home/hosting_users/xplex/www/wp-content/plugins/woocommerce-lguplus-kr/lgdacom] [service]
2016-03-30 06:57:58 [DEBUG] [] Config [server_id] = [01]
2016-03-30 06:57:58 [DEBUG] [] Config [timeout] = [60]
2016-03-30 06:57:58 [DEBUG] [] Config [log_level] = [4]
2016-03-30 06:57:58 [DEBUG] [] Config [verify_cert] = [1]
2016-03-30 06:57:58 [DEBUG] [] Config [verify_host] = [1]
2016-03-30 06:57:58 [DEBUG] [] Config [report_error] = [1]
2016-03-30 06:57:58 [DEBUG] [] Config [output_UTF8] = [1]
2016-03-30 06:57:58 [DEBUG] [] Config [auto_rollback] = [1]
2016-03-30 06:57:58 [DEBUG] [] Config [log_dir] = [/home/hosting_users/xplex/www/wp-content/plugins/woocommerce-lguplus-kr/lgdacom/log]
2016-03-30 06:57:58 [DEBUG] [] Config [txplex4] = [12d7f002e43a80c0dd64128a1957e351]
2016-03-30 06:57:58 [DEBUG] [] Config [xplex4] = [12d7f002e43a80c0dd64128a1957e351]
2016-03-30 06:57:58 [DEBUG] [] Config [url] = [https://xpayclient.lgdacom.net/xpay/Gateway.do]
2016-03-30 06:57:58 [DEBUG] [] Config [test_url] = [https://xpayclient.lgdacom.net:7443/xpay/Gateway.do]
2016-03-30 06:57:58 [DEBUG] [] Config [aux_url] = [http://xpayclient.lgdacom.net:7080/xpay/Gateway.do]
2016-03-30 06:57:58 [DEBUG] [xplex4-0120160330065758a32ed68ee3dea7bba8e3a8c29aa8612de92e79a3] Post [LGD_TXID] = [xplex4-0120160330065758a32ed68ee3dea7bba8e3a8c29aa8612de92e79a3]
2016-03-30 06:57:58 [DEBUG] [xplex4-0120160330065758a32ed68ee3dea7bba8e3a8c29aa8612de92e79a3] Post [LGD_AUTHCODE] = [ee892398d4c871a2caf8be1a2c4131e5c5a3f7ef]
2016-03-30 06:57:58 [DEBUG] [xplex4-0120160330065758a32ed68ee3dea7bba8e3a8c29aa8612de92e79a3] Post [LGD_MID] = [xplex4]
2016-03-30 06:57:58 [DEBUG] [xplex4-0120160330065758a32ed68ee3dea7bba8e3a8c29aa8612de92e79a3] Post [LGD_TXNAME] = [PaymentByKey]
2016-03-30 06:57:58 [DEBUG] [xplex4-0120160330065758a32ed68ee3dea7bba8e3a8c29aa8612de92e79a3] Post [LGD_PAYKEY] = [2016033015575799DE31D5AF89C7BA0C363B4A8D63C93EC95C4B1D]
2016-03-30 06:57:58 [DEBUG] [xplex4-0120160330065758a32ed68ee3dea7bba8e3a8c29aa8612de92e79a3] post_string = LGD_TXID=xplex4-0120160330065758a32ed68ee3dea7bba8e3a8c29aa8612de92e79a3&LGD_AUTHCODE=ee892398d4c871a2caf8be1a2c4131e5c5a3f7ef&LGD_MID=xplex4&LGD_TXNAME=PaymentByKey&LGD_PAYKEY=2016033015575799DE31D5AF89C7BA0C363B4A8D63C93EC95C4B1D
2016-03-30 06:58:01 [DEBUG] [xplex4-0120160330065758a32ed68ee3dea7bba8e3a8c29aa8612de92e79a3] Result = [









{"LGD_RESPCODE":"0000","LGD_RESPMSG":"06: ","LGD_RESPONSE":[{"LGD_IFOS":"3M9ETM","LGD_MID":"xplex4","LGD_FINANCENAME":"국민","LGD_CASHRECEIPTKIND":"0","LGD_DELIVERYINFO":"","LGD_BUYER":"이유진","LGD_BUYERID":"","LGD_OID":"5040","LGD_RECEIVERPHONE":"","LGD_2TR_FLAG":"Y","LGD_DEVICE":"","LGD_TID":"xplex2016033015580047660","LGD_TIMESTAMP":"20160330155801","LGD_SAOWNER":"엑스플렉스(X-PLEX)","LGD_FINANCECODE":"004","LGD_BUYERPHONE":"01026281331","LGD_ESCROWYN":"N","LGD_PAYTYPE":"SC0040","LGD_CASFLAG":"R","LGD_CASCAMOUNT":"0","LGD_CASTAMOUNT":"0","LGD_AMOUNT":"30000","LGD_BUYERSSN":".","LGD_CASHRECEIPTCODE":"0000","LGD_RESPMSG":"06: ","LGD_PAYDATE":"20160330155800","LGD_PRODUCTINFO":"오리지널 마인드 -어떻게 소설이 탄생하는가 ‧ 무엇이 카피가 되는가 ‧ 무엇이 책이 되는가","LGD_CASSEQNO":"000","LGD_PRODUCTCODE":"","LGD_HASHDATA":"a5bc348c029e798059cd9e78dff7fc1b","LGD_BUYERADDRESS":"고양시 일산동구 백석2동 동문굿모닝힐2차오피스텔 201~204동202동 730호","LGD_RECEIVER":"","LGD_RESPCODE":"0000","LGD_ACCOUNTNUM":"69839011527714","LGD_PAYER":"이유진","LGD_BUYEREMAIL":"yoojin.lee@telit.com"}]}
]
2016-03-30 06:58:01 [INFO ] [xplex4-0120160330065758a32ed68ee3dea7bba8e3a8c29aa8612de92e79a3] Response Code=[0000], Msg=[06: ], Count=1
2016-03-30 06:58:01 [DEBUG] [xplex4-0120160330065758a32ed68ee3dea7bba8e3a8c29aa8612de92e79a3] Response (LGD_IFOS, 0) = 3M9ETM
2016-03-30 06:58:01 [DEBUG] [xplex4-0120160330065758a32ed68ee3dea7bba8e3a8c29aa8612de92e79a3] Response (LGD_MID, 0) = xplex4
2016-03-30 06:58:01 [DEBUG] [xplex4-0120160330065758a32ed68ee3dea7bba8e3a8c29aa8612de92e79a3] Response (LGD_FINANCENAME, 0) = 국민
2016-03-30 06:58:01 [DEBUG] [xplex4-0120160330065758a32ed68ee3dea7bba8e3a8c29aa8612de92e79a3] Response (LGD_CASHRECEIPTKIND, 0) = 0
2016-03-30 06:58:01 [DEBUG] [xplex4-0120160330065758a32ed68ee3dea7bba8e3a8c29aa8612de92e79a3] Response (LGD_DELIVERYINFO, 0) = 
2016-03-30 06:58:01 [DEBUG] [xplex4-0120160330065758a32ed68ee3dea7bba8e3a8c29aa8612de92e79a3] Response (LGD_BUYER, 0) = 이유진
2016-03-30 06:58:01 [DEBUG] [xplex4-0120160330065758a32ed68ee3dea7bba8e3a8c29aa8612de92e79a3] Response (LGD_BUYERID, 0) = 
2016-03-30 06:58:01 [DEBUG] [xplex4-0120160330065758a32ed68ee3dea7bba8e3a8c29aa8612de92e79a3] Response (LGD_OID, 0) = 5040
2016-03-30 06:58:01 [DEBUG] [xplex4-0120160330065758a32ed68ee3dea7bba8e3a8c29aa8612de92e79a3] Response (LGD_RECEIVERPHONE, 0) = 
2016-03-30 06:58:01 [DEBUG] [xplex4-0120160330065758a32ed68ee3dea7bba8e3a8c29aa8612de92e79a3] Response (LGD_2TR_FLAG, 0) = Y
2016-03-30 06:58:01 [DEBUG] [xplex4-0120160330065758a32ed68ee3dea7bba8e3a8c29aa8612de92e79a3] Response (LGD_DEVICE, 0) = 
2016-03-30 06:58:01 [DEBUG] [xplex4-0120160330065758a32ed68ee3dea7bba8e3a8c29aa8612de92e79a3] Response (LGD_TID, 0) = xplex2016033015580047660
2016-03-30 06:58:01 [DEBUG] [xplex4-0120160330065758a32ed68ee3dea7bba8e3a8c29aa8612de92e79a3] Response (LGD_TIMESTAMP, 0) = 20160330155801
2016-03-30 06:58:01 [DEBUG] [xplex4-0120160330065758a32ed68ee3dea7bba8e3a8c29aa8612de92e79a3] Response (LGD_SAOWNER, 0) = 엑스플렉스(X-PLEX)
2016-03-30 06:58:01 [DEBUG] [xplex4-0120160330065758a32ed68ee3dea7bba8e3a8c29aa8612de92e79a3] Response (LGD_FINANCECODE, 0) = 004
2016-03-30 06:58:01 [DEBUG] [xplex4-0120160330065758a32ed68ee3dea7bba8e3a8c29aa8612de92e79a3] Response (LGD_BUYERPHONE, 0) = 01026281331
2016-03-30 06:58:01 [DEBUG] [xplex4-0120160330065758a32ed68ee3dea7bba8e3a8c29aa8612de92e79a3] Response (LGD_ESCROWYN, 0) = N
2016-03-30 06:58:01 [DEBUG] [xplex4-0120160330065758a32ed68ee3dea7bba8e3a8c29aa8612de92e79a3] Response (LGD_PAYTYPE, 0) = SC0040
2016-03-30 06:58:01 [DEBUG] [xplex4-0120160330065758a32ed68ee3dea7bba8e3a8c29aa8612de92e79a3] Response (LGD_CASFLAG, 0) = R
2016-03-30 06:58:01 [DEBUG] [xplex4-0120160330065758a32ed68ee3dea7bba8e3a8c29aa8612de92e79a3] Response (LGD_CASCAMOUNT, 0) = 0
2016-03-30 06:58:01 [DEBUG] [xplex4-0120160330065758a32ed68ee3dea7bba8e3a8c29aa8612de92e79a3] Response (LGD_CASTAMOUNT, 0) = 0
2016-03-30 06:58:01 [DEBUG] [xplex4-0120160330065758a32ed68ee3dea7bba8e3a8c29aa8612de92e79a3] Response (LGD_AMOUNT, 0) = 30000
2016-03-30 06:58:01 [DEBUG] [xplex4-0120160330065758a32ed68ee3dea7bba8e3a8c29aa8612de92e79a3] Response (LGD_BUYERSSN, 0) = .
2016-03-30 06:58:01 [DEBUG] [xplex4-0120160330065758a32ed68ee3dea7bba8e3a8c29aa8612de92e79a3] Response (LGD_CASHRECEIPTCODE, 0) = 0000
2016-03-30 06:58:01 [DEBUG] [xplex4-0120160330065758a32ed68ee3dea7bba8e3a8c29aa8612de92e79a3] Response (LGD_RESPMSG, 0) = 06: 
2016-03-30 06:58:01 [DEBUG] [xplex4-0120160330065758a32ed68ee3dea7bba8e3a8c29aa8612de92e79a3] Response (LGD_PAYDATE, 0) = 20160330155800
2016-03-30 06:58:01 [DEBUG] [xplex4-0120160330065758a32ed68ee3dea7bba8e3a8c29aa8612de92e79a3] Response (LGD_PRODUCTINFO, 0) = 오리지널 마인드 -어떻게 소설이 탄생하는가 ‧ 무엇이 카피가 되는가 ‧ 무엇이 책이 되는가
2016-03-30 06:58:01 [DEBUG] [xplex4-0120160330065758a32ed68ee3dea7bba8e3a8c29aa8612de92e79a3] Response (LGD_CASSEQNO, 0) = 000
2016-03-30 06:58:01 [DEBUG] [xplex4-0120160330065758a32ed68ee3dea7bba8e3a8c29aa8612de92e79a3] Response (LGD_PRODUCTCODE, 0) = 
2016-03-30 06:58:01 [DEBUG] [xplex4-0120160330065758a32ed68ee3dea7bba8e3a8c29aa8612de92e79a3] Response (LGD_HASHDATA, 0) = a5bc348c029e798059cd9e78dff7fc1b
2016-03-30 06:58:01 [DEBUG] [xplex4-0120160330065758a32ed68ee3dea7bba8e3a8c29aa8612de92e79a3] Response (LGD_BUYERADDRESS, 0) = 고양시 일산동구 백석2동 동문굿모닝힐2차오피스텔 201~204동202동 730호
2016-03-30 06:58:01 [DEBUG] [xplex4-0120160330065758a32ed68ee3dea7bba8e3a8c29aa8612de92e79a3] Response (LGD_RECEIVER, 0) = 
2016-03-30 06:58:01 [DEBUG] [xplex4-0120160330065758a32ed68ee3dea7bba8e3a8c29aa8612de92e79a3] Response (LGD_RESPCODE, 0) = 0000
2016-03-30 06:58:01 [DEBUG] [xplex4-0120160330065758a32ed68ee3dea7bba8e3a8c29aa8612de92e79a3] Response (LGD_ACCOUNTNUM, 0) = 69839011527714
2016-03-30 06:58:01 [DEBUG] [xplex4-0120160330065758a32ed68ee3dea7bba8e3a8c29aa8612de92e79a3] Response (LGD_PAYER, 0) = 이유진
2016-03-30 06:58:01 [DEBUG] [xplex4-0120160330065758a32ed68ee3dea7bba8e3a8c29aa8612de92e79a3] Response (LGD_BUYEREMAIL, 0) = yoojin.lee@telit.com
