2016-06-26 23:49:45 [INFO ] [] XPayClient initialize [/home/hosting_users/xplex/www/wp-content/plugins/woocommerce-lguplus-kr/lgdacom] [service]
2016-06-26 23:49:45 [DEBUG] [] Config [server_id] = [01]
2016-06-26 23:49:45 [DEBUG] [] Config [timeout] = [60]
2016-06-26 23:49:45 [DEBUG] [] Config [log_level] = [4]
2016-06-26 23:49:45 [DEBUG] [] Config [verify_cert] = [1]
2016-06-26 23:49:45 [DEBUG] [] Config [verify_host] = [1]
2016-06-26 23:49:45 [DEBUG] [] Config [report_error] = [1]
2016-06-26 23:49:45 [DEBUG] [] Config [output_UTF8] = [1]
2016-06-26 23:49:45 [DEBUG] [] Config [auto_rollback] = [1]
2016-06-26 23:49:45 [DEBUG] [] Config [log_dir] = [/home/hosting_users/xplex/www/wp-content/plugins/woocommerce-lguplus-kr/lgdacom/log]
2016-06-26 23:49:45 [DEBUG] [] Config [txplex4] = [12d7f002e43a80c0dd64128a1957e351]
2016-06-26 23:49:45 [DEBUG] [] Config [xplex4] = [12d7f002e43a80c0dd64128a1957e351]
2016-06-26 23:49:45 [DEBUG] [] Config [url] = [https://xpayclient.lgdacom.net/xpay/Gateway.do]
2016-06-26 23:49:45 [DEBUG] [] Config [test_url] = [https://xpayclient.lgdacom.net:7443/xpay/Gateway.do]
2016-06-26 23:49:45 [DEBUG] [] Config [aux_url] = [http://xpayclient.lgdacom.net:7080/xpay/Gateway.do]
2016-06-26 23:49:45 [DEBUG] [xplex4-01201606262349450c6ab92b1f3ad548767ee09218db2a0c576ba681] Post [LGD_TXID] = [xplex4-01201606262349450c6ab92b1f3ad548767ee09218db2a0c576ba681]
2016-06-26 23:49:45 [DEBUG] [xplex4-01201606262349450c6ab92b1f3ad548767ee09218db2a0c576ba681] Post [LGD_AUTHCODE] = [165ae1634ece9276491f8e6c804069c1e50d43c2]
2016-06-26 23:49:45 [DEBUG] [xplex4-01201606262349450c6ab92b1f3ad548767ee09218db2a0c576ba681] Post [LGD_MID] = [xplex4]
2016-06-26 23:49:45 [DEBUG] [xplex4-01201606262349450c6ab92b1f3ad548767ee09218db2a0c576ba681] Post [LGD_TXNAME] = [PaymentByKey]
2016-06-26 23:49:45 [DEBUG] [xplex4-01201606262349450c6ab92b1f3ad548767ee09218db2a0c576ba681] Post [LGD_PAYKEY] = [20160627084945E98DB0CC35C1078D95138833596E55716FA78D30]
2016-06-26 23:49:45 [DEBUG] [xplex4-01201606262349450c6ab92b1f3ad548767ee09218db2a0c576ba681] post_string = LGD_TXID=xplex4-01201606262349450c6ab92b1f3ad548767ee09218db2a0c576ba681&LGD_AUTHCODE=165ae1634ece9276491f8e6c804069c1e50d43c2&LGD_MID=xplex4&LGD_TXNAME=PaymentByKey&LGD_PAYKEY=20160627084945E98DB0CC35C1078D95138833596E55716FA78D30
2016-06-26 23:49:47 [DEBUG] [xplex4-01201606262349450c6ab92b1f3ad548767ee09218db2a0c576ba681] Result = [









{"LGD_RESPCODE":"0000","LGD_RESPMSG":"26: ","LGD_RESPONSE":[{"LGD_IFOS":"3A4C0S","LGD_MID":"xplex4","LGD_FINANCENAME":"신한","LGD_CASHRECEIPTKIND":"0","LGD_DELIVERYINFO":"","LGD_BUYER":"이순희","LGD_BUYERID":"","LGD_OID":"5811","LGD_RECEIVERPHONE":"","LGD_2TR_FLAG":"Y","LGD_DEVICE":"","LGD_TID":"xplex2016062708494729818","LGD_TIMESTAMP":"20160627084948","LGD_SAOWNER":"엑스플렉스(X-PLEX)","LGD_FINANCECODE":"088","LGD_BUYERPHONE":"01067777064","LGD_ESCROWYN":"N","LGD_PAYTYPE":"SC0040","LGD_CASFLAG":"R","LGD_CASCAMOUNT":"0","LGD_CASTAMOUNT":"0","LGD_AMOUNT":"15000","LGD_BUYERSSN":".","LGD_CASHRECEIPTCODE":"0000","LGD_RESPMSG":"26: ","LGD_PAYDATE":"20160627084947","LGD_PRODUCTINFO":"디지털 스토리텔링","LGD_CASSEQNO":"000","LGD_PRODUCTCODE":"","LGD_HASHDATA":"5b8b9e242c61d75ce8d04583a541dc3e","LGD_BUYERADDRESS":"수원시 장안구 율전동 1~250삼보그린 단독주태 203호","LGD_RECEIVER":"","LGD_RESPCODE":"0000","LGD_ACCOUNTNUM":"63790118796132","LGD_PAYER":"이순희","LGD_BUYEREMAIL":"renaiilee@gmail.com"}]}
]
2016-06-26 23:49:47 [INFO ] [xplex4-01201606262349450c6ab92b1f3ad548767ee09218db2a0c576ba681] Response Code=[0000], Msg=[26: ], Count=1
2016-06-26 23:49:47 [DEBUG] [xplex4-01201606262349450c6ab92b1f3ad548767ee09218db2a0c576ba681] Response (LGD_IFOS, 0) = 3A4C0S
2016-06-26 23:49:47 [DEBUG] [xplex4-01201606262349450c6ab92b1f3ad548767ee09218db2a0c576ba681] Response (LGD_MID, 0) = xplex4
2016-06-26 23:49:47 [DEBUG] [xplex4-01201606262349450c6ab92b1f3ad548767ee09218db2a0c576ba681] Response (LGD_FINANCENAME, 0) = 신한
2016-06-26 23:49:47 [DEBUG] [xplex4-01201606262349450c6ab92b1f3ad548767ee09218db2a0c576ba681] Response (LGD_CASHRECEIPTKIND, 0) = 0
2016-06-26 23:49:47 [DEBUG] [xplex4-01201606262349450c6ab92b1f3ad548767ee09218db2a0c576ba681] Response (LGD_DELIVERYINFO, 0) = 
2016-06-26 23:49:47 [DEBUG] [xplex4-01201606262349450c6ab92b1f3ad548767ee09218db2a0c576ba681] Response (LGD_BUYER, 0) = 이순희
2016-06-26 23:49:47 [DEBUG] [xplex4-01201606262349450c6ab92b1f3ad548767ee09218db2a0c576ba681] Response (LGD_BUYERID, 0) = 
2016-06-26 23:49:47 [DEBUG] [xplex4-01201606262349450c6ab92b1f3ad548767ee09218db2a0c576ba681] Response (LGD_OID, 0) = 5811
2016-06-26 23:49:47 [DEBUG] [xplex4-01201606262349450c6ab92b1f3ad548767ee09218db2a0c576ba681] Response (LGD_RECEIVERPHONE, 0) = 
2016-06-26 23:49:47 [DEBUG] [xplex4-01201606262349450c6ab92b1f3ad548767ee09218db2a0c576ba681] Response (LGD_2TR_FLAG, 0) = Y
2016-06-26 23:49:47 [DEBUG] [xplex4-01201606262349450c6ab92b1f3ad548767ee09218db2a0c576ba681] Response (LGD_DEVICE, 0) = 
2016-06-26 23:49:47 [DEBUG] [xplex4-01201606262349450c6ab92b1f3ad548767ee09218db2a0c576ba681] Response (LGD_TID, 0) = xplex2016062708494729818
2016-06-26 23:49:47 [DEBUG] [xplex4-01201606262349450c6ab92b1f3ad548767ee09218db2a0c576ba681] Response (LGD_TIMESTAMP, 0) = 20160627084948
2016-06-26 23:49:47 [DEBUG] [xplex4-01201606262349450c6ab92b1f3ad548767ee09218db2a0c576ba681] Response (LGD_SAOWNER, 0) = 엑스플렉스(X-PLEX)
2016-06-26 23:49:47 [DEBUG] [xplex4-01201606262349450c6ab92b1f3ad548767ee09218db2a0c576ba681] Response (LGD_FINANCECODE, 0) = 088
2016-06-26 23:49:47 [DEBUG] [xplex4-01201606262349450c6ab92b1f3ad548767ee09218db2a0c576ba681] Response (LGD_BUYERPHONE, 0) = 01067777064
2016-06-26 23:49:47 [DEBUG] [xplex4-01201606262349450c6ab92b1f3ad548767ee09218db2a0c576ba681] Response (LGD_ESCROWYN, 0) = N
2016-06-26 23:49:47 [DEBUG] [xplex4-01201606262349450c6ab92b1f3ad548767ee09218db2a0c576ba681] Response (LGD_PAYTYPE, 0) = SC0040
2016-06-26 23:49:47 [DEBUG] [xplex4-01201606262349450c6ab92b1f3ad548767ee09218db2a0c576ba681] Response (LGD_CASFLAG, 0) = R
2016-06-26 23:49:47 [DEBUG] [xplex4-01201606262349450c6ab92b1f3ad548767ee09218db2a0c576ba681] Response (LGD_CASCAMOUNT, 0) = 0
2016-06-26 23:49:47 [DEBUG] [xplex4-01201606262349450c6ab92b1f3ad548767ee09218db2a0c576ba681] Response (LGD_CASTAMOUNT, 0) = 0
2016-06-26 23:49:47 [DEBUG] [xplex4-01201606262349450c6ab92b1f3ad548767ee09218db2a0c576ba681] Response (LGD_AMOUNT, 0) = 15000
2016-06-26 23:49:47 [DEBUG] [xplex4-01201606262349450c6ab92b1f3ad548767ee09218db2a0c576ba681] Response (LGD_BUYERSSN, 0) = .
2016-06-26 23:49:47 [DEBUG] [xplex4-01201606262349450c6ab92b1f3ad548767ee09218db2a0c576ba681] Response (LGD_CASHRECEIPTCODE, 0) = 0000
2016-06-26 23:49:47 [DEBUG] [xplex4-01201606262349450c6ab92b1f3ad548767ee09218db2a0c576ba681] Response (LGD_RESPMSG, 0) = 26: 
2016-06-26 23:49:47 [DEBUG] [xplex4-01201606262349450c6ab92b1f3ad548767ee09218db2a0c576ba681] Response (LGD_PAYDATE, 0) = 20160627084947
2016-06-26 23:49:47 [DEBUG] [xplex4-01201606262349450c6ab92b1f3ad548767ee09218db2a0c576ba681] Response (LGD_PRODUCTINFO, 0) = 디지털 스토리텔링
2016-06-26 23:49:47 [DEBUG] [xplex4-01201606262349450c6ab92b1f3ad548767ee09218db2a0c576ba681] Response (LGD_CASSEQNO, 0) = 000
2016-06-26 23:49:47 [DEBUG] [xplex4-01201606262349450c6ab92b1f3ad548767ee09218db2a0c576ba681] Response (LGD_PRODUCTCODE, 0) = 
2016-06-26 23:49:47 [DEBUG] [xplex4-01201606262349450c6ab92b1f3ad548767ee09218db2a0c576ba681] Response (LGD_HASHDATA, 0) = 5b8b9e242c61d75ce8d04583a541dc3e
2016-06-26 23:49:47 [DEBUG] [xplex4-01201606262349450c6ab92b1f3ad548767ee09218db2a0c576ba681] Response (LGD_BUYERADDRESS, 0) = 수원시 장안구 율전동 1~250삼보그린 단독주태 203호
2016-06-26 23:49:47 [DEBUG] [xplex4-01201606262349450c6ab92b1f3ad548767ee09218db2a0c576ba681] Response (LGD_RECEIVER, 0) = 
2016-06-26 23:49:47 [DEBUG] [xplex4-01201606262349450c6ab92b1f3ad548767ee09218db2a0c576ba681] Response (LGD_RESPCODE, 0) = 0000
2016-06-26 23:49:47 [DEBUG] [xplex4-01201606262349450c6ab92b1f3ad548767ee09218db2a0c576ba681] Response (LGD_ACCOUNTNUM, 0) = 63790118796132
2016-06-26 23:49:47 [DEBUG] [xplex4-01201606262349450c6ab92b1f3ad548767ee09218db2a0c576ba681] Response (LGD_PAYER, 0) = 이순희
2016-06-26 23:49:47 [DEBUG] [xplex4-01201606262349450c6ab92b1f3ad548767ee09218db2a0c576ba681] Response (LGD_BUYEREMAIL, 0) = renaiilee@gmail.com
