2016-02-10 16:58:48 [INFO ] [] XPayClient initialize [/home/hosting_users/xplex/www/wp-content/plugins/woocommerce-lguplus-kr/lgdacom] [service]
2016-02-10 16:58:48 [DEBUG] [] Config [server_id] = [01]
2016-02-10 16:58:48 [DEBUG] [] Config [timeout] = [60]
2016-02-10 16:58:48 [DEBUG] [] Config [log_level] = [4]
2016-02-10 16:58:48 [DEBUG] [] Config [verify_cert] = [1]
2016-02-10 16:58:48 [DEBUG] [] Config [verify_host] = [1]
2016-02-10 16:58:48 [DEBUG] [] Config [report_error] = [1]
2016-02-10 16:58:48 [DEBUG] [] Config [output_UTF8] = [1]
2016-02-10 16:58:48 [DEBUG] [] Config [auto_rollback] = [1]
2016-02-10 16:58:48 [DEBUG] [] Config [log_dir] = [/home/hosting_users/xplex/www/wp-content/plugins/woocommerce-lguplus-kr/lgdacom/log]
2016-02-10 16:58:48 [DEBUG] [] Config [txplex4] = [12d7f002e43a80c0dd64128a1957e351]
2016-02-10 16:58:48 [DEBUG] [] Config [xplex4] = [12d7f002e43a80c0dd64128a1957e351]
2016-02-10 16:58:48 [DEBUG] [] Config [url] = [https://xpayclient.lgdacom.net/xpay/Gateway.do]
2016-02-10 16:58:48 [DEBUG] [] Config [test_url] = [https://xpayclient.lgdacom.net:7443/xpay/Gateway.do]
2016-02-10 16:58:48 [DEBUG] [] Config [aux_url] = [http://xpayclient.lgdacom.net:7080/xpay/Gateway.do]
2016-02-10 16:58:48 [DEBUG] [xplex4-01201602101658486a2ac6d82dc02b003f8d38e9aa35e7af9c8b561e] Post [LGD_TXID] = [xplex4-01201602101658486a2ac6d82dc02b003f8d38e9aa35e7af9c8b561e]
2016-02-10 16:58:48 [DEBUG] [xplex4-01201602101658486a2ac6d82dc02b003f8d38e9aa35e7af9c8b561e] Post [LGD_AUTHCODE] = [626b2a7bf039531b984cb7daa37e182ca76251e2]
2016-02-10 16:58:48 [DEBUG] [xplex4-01201602101658486a2ac6d82dc02b003f8d38e9aa35e7af9c8b561e] Post [LGD_MID] = [xplex4]
2016-02-10 16:58:48 [DEBUG] [xplex4-01201602101658486a2ac6d82dc02b003f8d38e9aa35e7af9c8b561e] Post [LGD_TXNAME] = [PaymentByKey]
2016-02-10 16:58:48 [DEBUG] [xplex4-01201602101658486a2ac6d82dc02b003f8d38e9aa35e7af9c8b561e] Post [LGD_PAYKEY] = [20160211015848CFC3627932BD20AAC1C2CA27BDC9B9240ABC8F7F]
2016-02-10 16:58:48 [DEBUG] [xplex4-01201602101658486a2ac6d82dc02b003f8d38e9aa35e7af9c8b561e] post_string = LGD_TXID=xplex4-01201602101658486a2ac6d82dc02b003f8d38e9aa35e7af9c8b561e&LGD_AUTHCODE=626b2a7bf039531b984cb7daa37e182ca76251e2&LGD_MID=xplex4&LGD_TXNAME=PaymentByKey&LGD_PAYKEY=20160211015848CFC3627932BD20AAC1C2CA27BDC9B9240ABC8F7F
2016-02-10 16:58:49 [DEBUG] [xplex4-01201602101658486a2ac6d82dc02b003f8d38e9aa35e7af9c8b561e] Result = [









{"LGD_RESPCODE":"0000","LGD_RESPMSG":"11: ","LGD_RESPONSE":[{"LGD_IFOS":"3M8S0M","LGD_MID":"xplex4","LGD_FINANCENAME":"농협","LGD_DELIVERYINFO":"","LGD_BUYER":"김보민","LGD_BUYERID":"","LGD_OID":"4646","LGD_RECEIVERPHONE":"","LGD_2TR_FLAG":"Y","LGD_DEVICE":"","LGD_TID":"xplex2016021101585071746","LGD_TIMESTAMP":"20160211015851","LGD_SAOWNER":"엑스플렉스(X-PLEX)","LGD_FINANCECODE":"011","LGD_BUYERPHONE":"01075627679","LGD_ESCROWYN":"N","LGD_PAYTYPE":"SC0040","LGD_CASFLAG":"R","LGD_CASCAMOUNT":"0","LGD_CASTAMOUNT":"0","LGD_AMOUNT":"350000","LGD_BUYERSSN":".","LGD_RESPMSG":"11: ","LGD_PAYDATE":"20160211015850","LGD_PRODUCTINFO":"김경주 시인의 무중력 타이핑 4기감수성 혁명가가 되기 위한 언어 소묘의 과정","LGD_CASSEQNO":"000","LGD_PRODUCTCODE":"","LGD_HASHDATA":"f9d9ee21cb26a1e46aa677a9d2430d69","LGD_BUYERADDRESS":"통영시 도천동솔개1길4 힐하우스 302호","LGD_RECEIVER":"","LGD_RESPCODE":"0000","LGD_ACCOUNTNUM":"79012755344492","LGD_PAYER":"김보민","LGD_BUYEREMAIL":"rlaqhals103@naver.com"}]}
]
2016-02-10 16:58:49 [INFO ] [xplex4-01201602101658486a2ac6d82dc02b003f8d38e9aa35e7af9c8b561e] Response Code=[0000], Msg=[11: ], Count=1
2016-02-10 16:58:49 [DEBUG] [xplex4-01201602101658486a2ac6d82dc02b003f8d38e9aa35e7af9c8b561e] Response (LGD_IFOS, 0) = 3M8S0M
2016-02-10 16:58:49 [DEBUG] [xplex4-01201602101658486a2ac6d82dc02b003f8d38e9aa35e7af9c8b561e] Response (LGD_MID, 0) = xplex4
2016-02-10 16:58:49 [DEBUG] [xplex4-01201602101658486a2ac6d82dc02b003f8d38e9aa35e7af9c8b561e] Response (LGD_FINANCENAME, 0) = 농협
2016-02-10 16:58:49 [DEBUG] [xplex4-01201602101658486a2ac6d82dc02b003f8d38e9aa35e7af9c8b561e] Response (LGD_DELIVERYINFO, 0) = 
2016-02-10 16:58:49 [DEBUG] [xplex4-01201602101658486a2ac6d82dc02b003f8d38e9aa35e7af9c8b561e] Response (LGD_BUYER, 0) = 김보민
2016-02-10 16:58:49 [DEBUG] [xplex4-01201602101658486a2ac6d82dc02b003f8d38e9aa35e7af9c8b561e] Response (LGD_BUYERID, 0) = 
2016-02-10 16:58:49 [DEBUG] [xplex4-01201602101658486a2ac6d82dc02b003f8d38e9aa35e7af9c8b561e] Response (LGD_OID, 0) = 4646
2016-02-10 16:58:49 [DEBUG] [xplex4-01201602101658486a2ac6d82dc02b003f8d38e9aa35e7af9c8b561e] Response (LGD_RECEIVERPHONE, 0) = 
2016-02-10 16:58:49 [DEBUG] [xplex4-01201602101658486a2ac6d82dc02b003f8d38e9aa35e7af9c8b561e] Response (LGD_2TR_FLAG, 0) = Y
2016-02-10 16:58:49 [DEBUG] [xplex4-01201602101658486a2ac6d82dc02b003f8d38e9aa35e7af9c8b561e] Response (LGD_DEVICE, 0) = 
2016-02-10 16:58:49 [DEBUG] [xplex4-01201602101658486a2ac6d82dc02b003f8d38e9aa35e7af9c8b561e] Response (LGD_TID, 0) = xplex2016021101585071746
2016-02-10 16:58:49 [DEBUG] [xplex4-01201602101658486a2ac6d82dc02b003f8d38e9aa35e7af9c8b561e] Response (LGD_TIMESTAMP, 0) = 20160211015851
2016-02-10 16:58:49 [DEBUG] [xplex4-01201602101658486a2ac6d82dc02b003f8d38e9aa35e7af9c8b561e] Response (LGD_SAOWNER, 0) = 엑스플렉스(X-PLEX)
2016-02-10 16:58:49 [DEBUG] [xplex4-01201602101658486a2ac6d82dc02b003f8d38e9aa35e7af9c8b561e] Response (LGD_FINANCECODE, 0) = 011
2016-02-10 16:58:49 [DEBUG] [xplex4-01201602101658486a2ac6d82dc02b003f8d38e9aa35e7af9c8b561e] Response (LGD_BUYERPHONE, 0) = 01075627679
2016-02-10 16:58:49 [DEBUG] [xplex4-01201602101658486a2ac6d82dc02b003f8d38e9aa35e7af9c8b561e] Response (LGD_ESCROWYN, 0) = N
2016-02-10 16:58:49 [DEBUG] [xplex4-01201602101658486a2ac6d82dc02b003f8d38e9aa35e7af9c8b561e] Response (LGD_PAYTYPE, 0) = SC0040
2016-02-10 16:58:49 [DEBUG] [xplex4-01201602101658486a2ac6d82dc02b003f8d38e9aa35e7af9c8b561e] Response (LGD_CASFLAG, 0) = R
2016-02-10 16:58:49 [DEBUG] [xplex4-01201602101658486a2ac6d82dc02b003f8d38e9aa35e7af9c8b561e] Response (LGD_CASCAMOUNT, 0) = 0
2016-02-10 16:58:49 [DEBUG] [xplex4-01201602101658486a2ac6d82dc02b003f8d38e9aa35e7af9c8b561e] Response (LGD_CASTAMOUNT, 0) = 0
2016-02-10 16:58:49 [DEBUG] [xplex4-01201602101658486a2ac6d82dc02b003f8d38e9aa35e7af9c8b561e] Response (LGD_AMOUNT, 0) = 350000
2016-02-10 16:58:49 [DEBUG] [xplex4-01201602101658486a2ac6d82dc02b003f8d38e9aa35e7af9c8b561e] Response (LGD_BUYERSSN, 0) = .
2016-02-10 16:58:49 [DEBUG] [xplex4-01201602101658486a2ac6d82dc02b003f8d38e9aa35e7af9c8b561e] Response (LGD_RESPMSG, 0) = 11: 
2016-02-10 16:58:49 [DEBUG] [xplex4-01201602101658486a2ac6d82dc02b003f8d38e9aa35e7af9c8b561e] Response (LGD_PAYDATE, 0) = 20160211015850
2016-02-10 16:58:49 [DEBUG] [xplex4-01201602101658486a2ac6d82dc02b003f8d38e9aa35e7af9c8b561e] Response (LGD_PRODUCTINFO, 0) = 김경주 시인의 무중력 타이핑 4기감수성 혁명가가 되기 위한 언어 소묘의 과정
2016-02-10 16:58:49 [DEBUG] [xplex4-01201602101658486a2ac6d82dc02b003f8d38e9aa35e7af9c8b561e] Response (LGD_CASSEQNO, 0) = 000
2016-02-10 16:58:49 [DEBUG] [xplex4-01201602101658486a2ac6d82dc02b003f8d38e9aa35e7af9c8b561e] Response (LGD_PRODUCTCODE, 0) = 
2016-02-10 16:58:49 [DEBUG] [xplex4-01201602101658486a2ac6d82dc02b003f8d38e9aa35e7af9c8b561e] Response (LGD_HASHDATA, 0) = f9d9ee21cb26a1e46aa677a9d2430d69
2016-02-10 16:58:49 [DEBUG] [xplex4-01201602101658486a2ac6d82dc02b003f8d38e9aa35e7af9c8b561e] Response (LGD_BUYERADDRESS, 0) = 통영시 도천동솔개1길4 힐하우스 302호
2016-02-10 16:58:49 [DEBUG] [xplex4-01201602101658486a2ac6d82dc02b003f8d38e9aa35e7af9c8b561e] Response (LGD_RECEIVER, 0) = 
2016-02-10 16:58:49 [DEBUG] [xplex4-01201602101658486a2ac6d82dc02b003f8d38e9aa35e7af9c8b561e] Response (LGD_RESPCODE, 0) = 0000
2016-02-10 16:58:49 [DEBUG] [xplex4-01201602101658486a2ac6d82dc02b003f8d38e9aa35e7af9c8b561e] Response (LGD_ACCOUNTNUM, 0) = 79012755344492
2016-02-10 16:58:49 [DEBUG] [xplex4-01201602101658486a2ac6d82dc02b003f8d38e9aa35e7af9c8b561e] Response (LGD_PAYER, 0) = 김보민
2016-02-10 16:58:49 [DEBUG] [xplex4-01201602101658486a2ac6d82dc02b003f8d38e9aa35e7af9c8b561e] Response (LGD_BUYEREMAIL, 0) = rlaqhals103@naver.com
