2016-06-28 23:04:24 [INFO ] [] XPayClient initialize [/home/hosting_users/xplex/www/wp-content/plugins/woocommerce-lguplus-kr/lgdacom] [service]
2016-06-28 23:04:24 [DEBUG] [] Config [server_id] = [01]
2016-06-28 23:04:24 [DEBUG] [] Config [timeout] = [60]
2016-06-28 23:04:24 [DEBUG] [] Config [log_level] = [4]
2016-06-28 23:04:24 [DEBUG] [] Config [verify_cert] = [1]
2016-06-28 23:04:24 [DEBUG] [] Config [verify_host] = [1]
2016-06-28 23:04:24 [DEBUG] [] Config [report_error] = [1]
2016-06-28 23:04:24 [DEBUG] [] Config [output_UTF8] = [1]
2016-06-28 23:04:24 [DEBUG] [] Config [auto_rollback] = [1]
2016-06-28 23:04:24 [DEBUG] [] Config [log_dir] = [/home/hosting_users/xplex/www/wp-content/plugins/woocommerce-lguplus-kr/lgdacom/log]
2016-06-28 23:04:24 [DEBUG] [] Config [txplex4] = [12d7f002e43a80c0dd64128a1957e351]
2016-06-28 23:04:24 [DEBUG] [] Config [xplex4] = [12d7f002e43a80c0dd64128a1957e351]
2016-06-28 23:04:24 [DEBUG] [] Config [url] = [https://xpayclient.lgdacom.net/xpay/Gateway.do]
2016-06-28 23:04:24 [DEBUG] [] Config [test_url] = [https://xpayclient.lgdacom.net:7443/xpay/Gateway.do]
2016-06-28 23:04:24 [DEBUG] [] Config [aux_url] = [http://xpayclient.lgdacom.net:7080/xpay/Gateway.do]
2016-06-28 23:04:24 [DEBUG] [xplex4-0120160628230424f24354a03ea0255ed7c3b8b14970ca0ec21f4b65] Post [LGD_TXID] = [xplex4-0120160628230424f24354a03ea0255ed7c3b8b14970ca0ec21f4b65]
2016-06-28 23:04:24 [DEBUG] [xplex4-0120160628230424f24354a03ea0255ed7c3b8b14970ca0ec21f4b65] Post [LGD_AUTHCODE] = [d3ff015f6f56188d07aac837b4aeea9ff9110766]
2016-06-28 23:04:24 [DEBUG] [xplex4-0120160628230424f24354a03ea0255ed7c3b8b14970ca0ec21f4b65] Post [LGD_MID] = [xplex4]
2016-06-28 23:04:24 [DEBUG] [xplex4-0120160628230424f24354a03ea0255ed7c3b8b14970ca0ec21f4b65] Post [LGD_TXNAME] = [PaymentByKey]
2016-06-28 23:04:24 [DEBUG] [xplex4-0120160628230424f24354a03ea0255ed7c3b8b14970ca0ec21f4b65] Post [LGD_PAYKEY] = [2016062908042362B843A9F858BEF2085E880AEC01495B1ECEC384]
2016-06-28 23:04:24 [DEBUG] [xplex4-0120160628230424f24354a03ea0255ed7c3b8b14970ca0ec21f4b65] post_string = LGD_TXID=xplex4-0120160628230424f24354a03ea0255ed7c3b8b14970ca0ec21f4b65&LGD_AUTHCODE=d3ff015f6f56188d07aac837b4aeea9ff9110766&LGD_MID=xplex4&LGD_TXNAME=PaymentByKey&LGD_PAYKEY=2016062908042362B843A9F858BEF2085E880AEC01495B1ECEC384
2016-06-28 23:04:25 [DEBUG] [xplex4-0120160628230424f24354a03ea0255ed7c3b8b14970ca0ec21f4b65] Result = [









{"LGD_RESPCODE":"0000","LGD_RESPMSG":"26: ","LGD_RESPONSE":[{"LGD_IFOS":"3A4C0S","LGD_MID":"xplex4","LGD_FINANCENAME":"신한","LGD_CASHRECEIPTKIND":"0","LGD_DELIVERYINFO":"","LGD_BUYER":"유미선","LGD_BUYERID":"","LGD_OID":"5825","LGD_RECEIVERPHONE":"","LGD_2TR_FLAG":"Y","LGD_DEVICE":"","LGD_TID":"xplex2016062908042534707","LGD_TIMESTAMP":"20160629080426","LGD_SAOWNER":"엑스플렉스(X-PLEX)","LGD_FINANCECODE":"088","LGD_BUYERPHONE":"01091703632","LGD_ESCROWYN":"N","LGD_PAYTYPE":"SC0040","LGD_CASFLAG":"R","LGD_CASCAMOUNT":"0","LGD_CASTAMOUNT":"0","LGD_AMOUNT":"150000","LGD_BUYERSSN":".","LGD_CASHRECEIPTCODE":"0000","LGD_RESPMSG":"26: ","LGD_PAYDATE":"20160629080425","LGD_PRODUCTINFO":"한방에 통과되는 기획서/보고서 작성법 9기– 업무용 글쓰기 솔루션","LGD_CASSEQNO":"000","LGD_PRODUCTCODE":"","LGD_HASHDATA":"8b7aebf56db333e228dd1988ca781248","LGD_BUYERADDRESS":"중구 저동1가나라키움저동빌딩 9층","LGD_RECEIVER":"","LGD_RESPCODE":"0000","LGD_ACCOUNTNUM":"63790110702773","LGD_PAYER":"유미선","LGD_BUYEREMAIL":"ussam@daum.net"}]}
]
2016-06-28 23:04:25 [INFO ] [xplex4-0120160628230424f24354a03ea0255ed7c3b8b14970ca0ec21f4b65] Response Code=[0000], Msg=[26: ], Count=1
2016-06-28 23:04:25 [DEBUG] [xplex4-0120160628230424f24354a03ea0255ed7c3b8b14970ca0ec21f4b65] Response (LGD_IFOS, 0) = 3A4C0S
2016-06-28 23:04:25 [DEBUG] [xplex4-0120160628230424f24354a03ea0255ed7c3b8b14970ca0ec21f4b65] Response (LGD_MID, 0) = xplex4
2016-06-28 23:04:25 [DEBUG] [xplex4-0120160628230424f24354a03ea0255ed7c3b8b14970ca0ec21f4b65] Response (LGD_FINANCENAME, 0) = 신한
2016-06-28 23:04:25 [DEBUG] [xplex4-0120160628230424f24354a03ea0255ed7c3b8b14970ca0ec21f4b65] Response (LGD_CASHRECEIPTKIND, 0) = 0
2016-06-28 23:04:25 [DEBUG] [xplex4-0120160628230424f24354a03ea0255ed7c3b8b14970ca0ec21f4b65] Response (LGD_DELIVERYINFO, 0) = 
2016-06-28 23:04:25 [DEBUG] [xplex4-0120160628230424f24354a03ea0255ed7c3b8b14970ca0ec21f4b65] Response (LGD_BUYER, 0) = 유미선
2016-06-28 23:04:25 [DEBUG] [xplex4-0120160628230424f24354a03ea0255ed7c3b8b14970ca0ec21f4b65] Response (LGD_BUYERID, 0) = 
2016-06-28 23:04:25 [DEBUG] [xplex4-0120160628230424f24354a03ea0255ed7c3b8b14970ca0ec21f4b65] Response (LGD_OID, 0) = 5825
2016-06-28 23:04:25 [DEBUG] [xplex4-0120160628230424f24354a03ea0255ed7c3b8b14970ca0ec21f4b65] Response (LGD_RECEIVERPHONE, 0) = 
2016-06-28 23:04:25 [DEBUG] [xplex4-0120160628230424f24354a03ea0255ed7c3b8b14970ca0ec21f4b65] Response (LGD_2TR_FLAG, 0) = Y
2016-06-28 23:04:25 [DEBUG] [xplex4-0120160628230424f24354a03ea0255ed7c3b8b14970ca0ec21f4b65] Response (LGD_DEVICE, 0) = 
2016-06-28 23:04:25 [DEBUG] [xplex4-0120160628230424f24354a03ea0255ed7c3b8b14970ca0ec21f4b65] Response (LGD_TID, 0) = xplex2016062908042534707
2016-06-28 23:04:25 [DEBUG] [xplex4-0120160628230424f24354a03ea0255ed7c3b8b14970ca0ec21f4b65] Response (LGD_TIMESTAMP, 0) = 20160629080426
2016-06-28 23:04:25 [DEBUG] [xplex4-0120160628230424f24354a03ea0255ed7c3b8b14970ca0ec21f4b65] Response (LGD_SAOWNER, 0) = 엑스플렉스(X-PLEX)
2016-06-28 23:04:25 [DEBUG] [xplex4-0120160628230424f24354a03ea0255ed7c3b8b14970ca0ec21f4b65] Response (LGD_FINANCECODE, 0) = 088
2016-06-28 23:04:25 [DEBUG] [xplex4-0120160628230424f24354a03ea0255ed7c3b8b14970ca0ec21f4b65] Response (LGD_BUYERPHONE, 0) = 01091703632
2016-06-28 23:04:25 [DEBUG] [xplex4-0120160628230424f24354a03ea0255ed7c3b8b14970ca0ec21f4b65] Response (LGD_ESCROWYN, 0) = N
2016-06-28 23:04:25 [DEBUG] [xplex4-0120160628230424f24354a03ea0255ed7c3b8b14970ca0ec21f4b65] Response (LGD_PAYTYPE, 0) = SC0040
2016-06-28 23:04:25 [DEBUG] [xplex4-0120160628230424f24354a03ea0255ed7c3b8b14970ca0ec21f4b65] Response (LGD_CASFLAG, 0) = R
2016-06-28 23:04:25 [DEBUG] [xplex4-0120160628230424f24354a03ea0255ed7c3b8b14970ca0ec21f4b65] Response (LGD_CASCAMOUNT, 0) = 0
2016-06-28 23:04:25 [DEBUG] [xplex4-0120160628230424f24354a03ea0255ed7c3b8b14970ca0ec21f4b65] Response (LGD_CASTAMOUNT, 0) = 0
2016-06-28 23:04:25 [DEBUG] [xplex4-0120160628230424f24354a03ea0255ed7c3b8b14970ca0ec21f4b65] Response (LGD_AMOUNT, 0) = 150000
2016-06-28 23:04:25 [DEBUG] [xplex4-0120160628230424f24354a03ea0255ed7c3b8b14970ca0ec21f4b65] Response (LGD_BUYERSSN, 0) = .
2016-06-28 23:04:25 [DEBUG] [xplex4-0120160628230424f24354a03ea0255ed7c3b8b14970ca0ec21f4b65] Response (LGD_CASHRECEIPTCODE, 0) = 0000
2016-06-28 23:04:25 [DEBUG] [xplex4-0120160628230424f24354a03ea0255ed7c3b8b14970ca0ec21f4b65] Response (LGD_RESPMSG, 0) = 26: 
2016-06-28 23:04:25 [DEBUG] [xplex4-0120160628230424f24354a03ea0255ed7c3b8b14970ca0ec21f4b65] Response (LGD_PAYDATE, 0) = 20160629080425
2016-06-28 23:04:25 [DEBUG] [xplex4-0120160628230424f24354a03ea0255ed7c3b8b14970ca0ec21f4b65] Response (LGD_PRODUCTINFO, 0) = 한방에 통과되는 기획서/보고서 작성법 9기– 업무용 글쓰기 솔루션
2016-06-28 23:04:25 [DEBUG] [xplex4-0120160628230424f24354a03ea0255ed7c3b8b14970ca0ec21f4b65] Response (LGD_CASSEQNO, 0) = 000
2016-06-28 23:04:25 [DEBUG] [xplex4-0120160628230424f24354a03ea0255ed7c3b8b14970ca0ec21f4b65] Response (LGD_PRODUCTCODE, 0) = 
2016-06-28 23:04:25 [DEBUG] [xplex4-0120160628230424f24354a03ea0255ed7c3b8b14970ca0ec21f4b65] Response (LGD_HASHDATA, 0) = 8b7aebf56db333e228dd1988ca781248
2016-06-28 23:04:25 [DEBUG] [xplex4-0120160628230424f24354a03ea0255ed7c3b8b14970ca0ec21f4b65] Response (LGD_BUYERADDRESS, 0) = 중구 저동1가나라키움저동빌딩 9층
2016-06-28 23:04:25 [DEBUG] [xplex4-0120160628230424f24354a03ea0255ed7c3b8b14970ca0ec21f4b65] Response (LGD_RECEIVER, 0) = 
2016-06-28 23:04:25 [DEBUG] [xplex4-0120160628230424f24354a03ea0255ed7c3b8b14970ca0ec21f4b65] Response (LGD_RESPCODE, 0) = 0000
2016-06-28 23:04:25 [DEBUG] [xplex4-0120160628230424f24354a03ea0255ed7c3b8b14970ca0ec21f4b65] Response (LGD_ACCOUNTNUM, 0) = 63790110702773
2016-06-28 23:04:25 [DEBUG] [xplex4-0120160628230424f24354a03ea0255ed7c3b8b14970ca0ec21f4b65] Response (LGD_PAYER, 0) = 유미선
2016-06-28 23:04:25 [DEBUG] [xplex4-0120160628230424f24354a03ea0255ed7c3b8b14970ca0ec21f4b65] Response (LGD_BUYEREMAIL, 0) = ussam@daum.net
