2015-02-03 08:08:50 [INFO ] [] XPayClient initialize [/home/hosting_users/xplex/www/wp-content/plugins/woocommerce-lguplus-kr/lgdacom] [service]
2015-02-03 08:08:50 [DEBUG] [] Config [server_id] = [01]
2015-02-03 08:08:50 [DEBUG] [] Config [timeout] = [60]
2015-02-03 08:08:50 [DEBUG] [] Config [log_level] = [4]
2015-02-03 08:08:50 [DEBUG] [] Config [verify_cert] = [1]
2015-02-03 08:08:50 [DEBUG] [] Config [verify_host] = [1]
2015-02-03 08:08:50 [DEBUG] [] Config [report_error] = [1]
2015-02-03 08:08:50 [DEBUG] [] Config [output_UTF8] = [1]
2015-02-03 08:08:50 [DEBUG] [] Config [auto_rollback] = [1]
2015-02-03 08:08:50 [DEBUG] [] Config [log_dir] = [/home/hosting_users/xplex/www/wp-content/plugins/woocommerce-lguplus-kr/lgdacom/log]
2015-02-03 08:08:50 [DEBUG] [] Config [txplex4] = [12d7f002e43a80c0dd64128a1957e351]
2015-02-03 08:08:50 [DEBUG] [] Config [xplex4] = [12d7f002e43a80c0dd64128a1957e351]
2015-02-03 08:08:50 [DEBUG] [] Config [url] = [https://xpayclient.lgdacom.net/xpay/Gateway.do]
2015-02-03 08:08:50 [DEBUG] [] Config [test_url] = [https://xpayclient.lgdacom.net:7443/xpay/Gateway.do]
2015-02-03 08:08:50 [DEBUG] [] Config [aux_url] = [http://xpayclient.lgdacom.net:7080/xpay/Gateway.do]
2015-02-03 08:08:50 [DEBUG] [xplex4-0120150203080850ca20c4a692f0bb3e27caa914221e830da01c2493] Post [LGD_TXID] = [xplex4-0120150203080850ca20c4a692f0bb3e27caa914221e830da01c2493]
2015-02-03 08:08:50 [DEBUG] [xplex4-0120150203080850ca20c4a692f0bb3e27caa914221e830da01c2493] Post [LGD_AUTHCODE] = [1337806bf6c013c110699200434041aaca14cf78]
2015-02-03 08:08:50 [DEBUG] [xplex4-0120150203080850ca20c4a692f0bb3e27caa914221e830da01c2493] Post [LGD_MID] = [xplex4]
2015-02-03 08:08:50 [DEBUG] [xplex4-0120150203080850ca20c4a692f0bb3e27caa914221e830da01c2493] Post [LGD_TXNAME] = [PaymentByKey]
2015-02-03 08:08:50 [DEBUG] [xplex4-0120150203080850ca20c4a692f0bb3e27caa914221e830da01c2493] Post [LGD_PAYKEY] = [20150203170850D21D3A42082CCB0BEF8A8F7459A280B77AACC0D5]
2015-02-03 08:08:50 [DEBUG] [xplex4-0120150203080850ca20c4a692f0bb3e27caa914221e830da01c2493] post_string = LGD_TXID=xplex4-0120150203080850ca20c4a692f0bb3e27caa914221e830da01c2493&LGD_AUTHCODE=1337806bf6c013c110699200434041aaca14cf78&LGD_MID=xplex4&LGD_TXNAME=PaymentByKey&LGD_PAYKEY=20150203170850D21D3A42082CCB0BEF8A8F7459A280B77AACC0D5
2015-02-03 08:08:52 [DEBUG] [xplex4-0120150203080850ca20c4a692f0bb3e27caa914221e830da01c2493] Result = [









{"LGD_RESPCODE":"0000","LGD_RESPMSG":"20: ","LGD_RESPONSE":[{"LGD_IFOS":"3M6S0M","LGD_MID":"xplex4","LGD_FINANCENAME":"우리","LGD_DELIVERYINFO":"","LGD_BUYER":"양승아","LGD_BUYERID":"","LGD_OID":"1453","LGD_RECEIVERPHONE":"","LGD_2TR_FLAG":"Y","LGD_DEVICE":"","LGD_TID":"xplex2015020317085107927","LGD_TIMESTAMP":"20150203170852","LGD_SAOWNER":"엑스플렉스(X-PLEX)","LGD_FINANCECODE":"020","LGD_BUYERPHONE":"01043038594","LGD_ESCROWYN":"N","LGD_PAYTYPE":"SC0040","LGD_CASFLAG":"R","LGD_CASCAMOUNT":"0","LGD_CASTAMOUNT":"0","LGD_AMOUNT":"400000","LGD_BUYERSSN":".","LGD_RESPMSG":"20: ","LGD_PAYDATE":"20150203170852","LGD_PRODUCTINFO":"김경주 시인의 무중력 타이핑감수성 혁명가가 되기 위한 언어 소묘의 과정","LGD_CASSEQNO":"000","LGD_PRODUCTCODE":"","LGD_HASHDATA":"44e6f0b564b36974f13cb59d8b49b0a1","LGD_BUYERADDRESS":"동작구 상도4동214-82번지 301호","LGD_RECEIVER":"","LGD_RESPCODE":"0000","LGD_ACCOUNTNUM":"61648684818275","LGD_PAYER":"양승아","LGD_BUYEREMAIL":"seung_ya@naver.com"}]}
]
2015-02-03 08:08:52 [INFO ] [xplex4-0120150203080850ca20c4a692f0bb3e27caa914221e830da01c2493] Response Code=[0000], Msg=[20: ], Count=1
2015-02-03 08:08:52 [DEBUG] [xplex4-0120150203080850ca20c4a692f0bb3e27caa914221e830da01c2493] Response (LGD_IFOS, 0) = 3M6S0M
2015-02-03 08:08:52 [DEBUG] [xplex4-0120150203080850ca20c4a692f0bb3e27caa914221e830da01c2493] Response (LGD_MID, 0) = xplex4
2015-02-03 08:08:52 [DEBUG] [xplex4-0120150203080850ca20c4a692f0bb3e27caa914221e830da01c2493] Response (LGD_FINANCENAME, 0) = 우리
2015-02-03 08:08:52 [DEBUG] [xplex4-0120150203080850ca20c4a692f0bb3e27caa914221e830da01c2493] Response (LGD_DELIVERYINFO, 0) = 
2015-02-03 08:08:52 [DEBUG] [xplex4-0120150203080850ca20c4a692f0bb3e27caa914221e830da01c2493] Response (LGD_BUYER, 0) = 양승아
2015-02-03 08:08:52 [DEBUG] [xplex4-0120150203080850ca20c4a692f0bb3e27caa914221e830da01c2493] Response (LGD_BUYERID, 0) = 
2015-02-03 08:08:52 [DEBUG] [xplex4-0120150203080850ca20c4a692f0bb3e27caa914221e830da01c2493] Response (LGD_OID, 0) = 1453
2015-02-03 08:08:52 [DEBUG] [xplex4-0120150203080850ca20c4a692f0bb3e27caa914221e830da01c2493] Response (LGD_RECEIVERPHONE, 0) = 
2015-02-03 08:08:52 [DEBUG] [xplex4-0120150203080850ca20c4a692f0bb3e27caa914221e830da01c2493] Response (LGD_2TR_FLAG, 0) = Y
2015-02-03 08:08:52 [DEBUG] [xplex4-0120150203080850ca20c4a692f0bb3e27caa914221e830da01c2493] Response (LGD_DEVICE, 0) = 
2015-02-03 08:08:52 [DEBUG] [xplex4-0120150203080850ca20c4a692f0bb3e27caa914221e830da01c2493] Response (LGD_TID, 0) = xplex2015020317085107927
2015-02-03 08:08:52 [DEBUG] [xplex4-0120150203080850ca20c4a692f0bb3e27caa914221e830da01c2493] Response (LGD_TIMESTAMP, 0) = 20150203170852
2015-02-03 08:08:52 [DEBUG] [xplex4-0120150203080850ca20c4a692f0bb3e27caa914221e830da01c2493] Response (LGD_SAOWNER, 0) = 엑스플렉스(X-PLEX)
2015-02-03 08:08:52 [DEBUG] [xplex4-0120150203080850ca20c4a692f0bb3e27caa914221e830da01c2493] Response (LGD_FINANCECODE, 0) = 020
2015-02-03 08:08:52 [DEBUG] [xplex4-0120150203080850ca20c4a692f0bb3e27caa914221e830da01c2493] Response (LGD_BUYERPHONE, 0) = 01043038594
2015-02-03 08:08:52 [DEBUG] [xplex4-0120150203080850ca20c4a692f0bb3e27caa914221e830da01c2493] Response (LGD_ESCROWYN, 0) = N
2015-02-03 08:08:52 [DEBUG] [xplex4-0120150203080850ca20c4a692f0bb3e27caa914221e830da01c2493] Response (LGD_PAYTYPE, 0) = SC0040
2015-02-03 08:08:52 [DEBUG] [xplex4-0120150203080850ca20c4a692f0bb3e27caa914221e830da01c2493] Response (LGD_CASFLAG, 0) = R
2015-02-03 08:08:52 [DEBUG] [xplex4-0120150203080850ca20c4a692f0bb3e27caa914221e830da01c2493] Response (LGD_CASCAMOUNT, 0) = 0
2015-02-03 08:08:52 [DEBUG] [xplex4-0120150203080850ca20c4a692f0bb3e27caa914221e830da01c2493] Response (LGD_CASTAMOUNT, 0) = 0
2015-02-03 08:08:52 [DEBUG] [xplex4-0120150203080850ca20c4a692f0bb3e27caa914221e830da01c2493] Response (LGD_AMOUNT, 0) = 400000
2015-02-03 08:08:52 [DEBUG] [xplex4-0120150203080850ca20c4a692f0bb3e27caa914221e830da01c2493] Response (LGD_BUYERSSN, 0) = .
2015-02-03 08:08:52 [DEBUG] [xplex4-0120150203080850ca20c4a692f0bb3e27caa914221e830da01c2493] Response (LGD_RESPMSG, 0) = 20: 
2015-02-03 08:08:52 [DEBUG] [xplex4-0120150203080850ca20c4a692f0bb3e27caa914221e830da01c2493] Response (LGD_PAYDATE, 0) = 20150203170852
2015-02-03 08:08:52 [DEBUG] [xplex4-0120150203080850ca20c4a692f0bb3e27caa914221e830da01c2493] Response (LGD_PRODUCTINFO, 0) = 김경주 시인의 무중력 타이핑감수성 혁명가가 되기 위한 언어 소묘의 과정
2015-02-03 08:08:52 [DEBUG] [xplex4-0120150203080850ca20c4a692f0bb3e27caa914221e830da01c2493] Response (LGD_CASSEQNO, 0) = 000
2015-02-03 08:08:52 [DEBUG] [xplex4-0120150203080850ca20c4a692f0bb3e27caa914221e830da01c2493] Response (LGD_PRODUCTCODE, 0) = 
2015-02-03 08:08:52 [DEBUG] [xplex4-0120150203080850ca20c4a692f0bb3e27caa914221e830da01c2493] Response (LGD_HASHDATA, 0) = 44e6f0b564b36974f13cb59d8b49b0a1
2015-02-03 08:08:52 [DEBUG] [xplex4-0120150203080850ca20c4a692f0bb3e27caa914221e830da01c2493] Response (LGD_BUYERADDRESS, 0) = 동작구 상도4동214-82번지 301호
2015-02-03 08:08:52 [DEBUG] [xplex4-0120150203080850ca20c4a692f0bb3e27caa914221e830da01c2493] Response (LGD_RECEIVER, 0) = 
2015-02-03 08:08:52 [DEBUG] [xplex4-0120150203080850ca20c4a692f0bb3e27caa914221e830da01c2493] Response (LGD_RESPCODE, 0) = 0000
2015-02-03 08:08:52 [DEBUG] [xplex4-0120150203080850ca20c4a692f0bb3e27caa914221e830da01c2493] Response (LGD_ACCOUNTNUM, 0) = 61648684818275
2015-02-03 08:08:52 [DEBUG] [xplex4-0120150203080850ca20c4a692f0bb3e27caa914221e830da01c2493] Response (LGD_PAYER, 0) = 양승아
2015-02-03 08:08:52 [DEBUG] [xplex4-0120150203080850ca20c4a692f0bb3e27caa914221e830da01c2493] Response (LGD_BUYEREMAIL, 0) = seung_ya@naver.com
