2015-10-26 04:49:31 [INFO ] [] XPayClient initialize [/home/hosting_users/xplex/www/wp-content/plugins/woocommerce-lguplus-kr/lgdacom] [service]
2015-10-26 04:49:31 [DEBUG] [] Config [server_id] = [01]
2015-10-26 04:49:31 [DEBUG] [] Config [timeout] = [60]
2015-10-26 04:49:31 [DEBUG] [] Config [log_level] = [4]
2015-10-26 04:49:31 [DEBUG] [] Config [verify_cert] = [1]
2015-10-26 04:49:31 [DEBUG] [] Config [verify_host] = [1]
2015-10-26 04:49:31 [DEBUG] [] Config [report_error] = [1]
2015-10-26 04:49:31 [DEBUG] [] Config [output_UTF8] = [1]
2015-10-26 04:49:31 [DEBUG] [] Config [auto_rollback] = [1]
2015-10-26 04:49:31 [DEBUG] [] Config [log_dir] = [/home/hosting_users/xplex/www/wp-content/plugins/woocommerce-lguplus-kr/lgdacom/log]
2015-10-26 04:49:31 [DEBUG] [] Config [txplex4] = [12d7f002e43a80c0dd64128a1957e351]
2015-10-26 04:49:31 [DEBUG] [] Config [xplex4] = [12d7f002e43a80c0dd64128a1957e351]
2015-10-26 04:49:31 [DEBUG] [] Config [url] = [https://xpayclient.lgdacom.net/xpay/Gateway.do]
2015-10-26 04:49:31 [DEBUG] [] Config [test_url] = [https://xpayclient.lgdacom.net:7443/xpay/Gateway.do]
2015-10-26 04:49:31 [DEBUG] [] Config [aux_url] = [http://xpayclient.lgdacom.net:7080/xpay/Gateway.do]
2015-10-26 04:49:31 [DEBUG] [xplex4-012015102604493157ff7a09ca6aaed549a22dcd8d75144880adcb01] Post [LGD_TXID] = [xplex4-012015102604493157ff7a09ca6aaed549a22dcd8d75144880adcb01]
2015-10-26 04:49:31 [DEBUG] [xplex4-012015102604493157ff7a09ca6aaed549a22dcd8d75144880adcb01] Post [LGD_AUTHCODE] = [9506e37dc59bae98b95691bc2b5a0c803dcaf507]
2015-10-26 04:49:31 [DEBUG] [xplex4-012015102604493157ff7a09ca6aaed549a22dcd8d75144880adcb01] Post [LGD_MID] = [xplex4]
2015-10-26 04:49:31 [DEBUG] [xplex4-012015102604493157ff7a09ca6aaed549a22dcd8d75144880adcb01] Post [LGD_TXNAME] = [PaymentByKey]
2015-10-26 04:49:31 [DEBUG] [xplex4-012015102604493157ff7a09ca6aaed549a22dcd8d75144880adcb01] Post [LGD_PAYKEY] = [201510261349290A94427A39F3E9CF362CF56F2EA73169E2EAE883]
2015-10-26 04:49:31 [DEBUG] [xplex4-012015102604493157ff7a09ca6aaed549a22dcd8d75144880adcb01] post_string = LGD_TXID=xplex4-012015102604493157ff7a09ca6aaed549a22dcd8d75144880adcb01&LGD_AUTHCODE=9506e37dc59bae98b95691bc2b5a0c803dcaf507&LGD_MID=xplex4&LGD_TXNAME=PaymentByKey&LGD_PAYKEY=201510261349290A94427A39F3E9CF362CF56F2EA73169E2EAE883
2015-10-26 04:49:32 [DEBUG] [xplex4-012015102604493157ff7a09ca6aaed549a22dcd8d75144880adcb01] Result = [









{"LGD_RESPCODE":"0000","LGD_RESPMSG":"06: ","LGD_RESPONSE":[{"LGD_IFOS":"3A5C0S","LGD_MID":"xplex4","LGD_FINANCENAME":"국민","LGD_DELIVERYINFO":"","LGD_BUYER":"김백송","LGD_BUYERID":"","LGD_OID":"3942","LGD_RECEIVERPHONE":"","LGD_2TR_FLAG":"Y","LGD_DEVICE":"","LGD_TID":"xplex2015102613493103763","LGD_TIMESTAMP":"20151026134932","LGD_SAOWNER":"엑스플렉스(X-PLEX)","LGD_FINANCECODE":"004","LGD_BUYERPHONE":"01023207230","LGD_ESCROWYN":"N","LGD_PAYTYPE":"SC0040","LGD_CASFLAG":"R","LGD_CASCAMOUNT":"0","LGD_CASTAMOUNT":"0","LGD_AMOUNT":"210000","LGD_BUYERSSN":".","LGD_RESPMSG":"06: ","LGD_PAYDATE":"20151026134931","LGD_PRODUCTINFO":"나도 그림책 작가 3기스토리텔링 강화로 그림책 글쓰기 도전!","LGD_CASSEQNO":"000","LGD_PRODUCTCODE":"","LGD_HASHDATA":"77eed5435a6862427daa86cf49f82f19","LGD_BUYERADDRESS":"수원시 팔달구 인계동 수정아파트106-407","LGD_RECEIVER":"","LGD_RESPCODE":"0000","LGD_ACCOUNTNUM":"68669011414969","LGD_PAYER":"김백송","LGD_BUYEREMAIL":"song2kb@hanmail.net"}]}
]
2015-10-26 04:49:32 [INFO ] [xplex4-012015102604493157ff7a09ca6aaed549a22dcd8d75144880adcb01] Response Code=[0000], Msg=[06: ], Count=1
2015-10-26 04:49:32 [DEBUG] [xplex4-012015102604493157ff7a09ca6aaed549a22dcd8d75144880adcb01] Response (LGD_IFOS, 0) = 3A5C0S
2015-10-26 04:49:32 [DEBUG] [xplex4-012015102604493157ff7a09ca6aaed549a22dcd8d75144880adcb01] Response (LGD_MID, 0) = xplex4
2015-10-26 04:49:32 [DEBUG] [xplex4-012015102604493157ff7a09ca6aaed549a22dcd8d75144880adcb01] Response (LGD_FINANCENAME, 0) = 국민
2015-10-26 04:49:32 [DEBUG] [xplex4-012015102604493157ff7a09ca6aaed549a22dcd8d75144880adcb01] Response (LGD_DELIVERYINFO, 0) = 
2015-10-26 04:49:32 [DEBUG] [xplex4-012015102604493157ff7a09ca6aaed549a22dcd8d75144880adcb01] Response (LGD_BUYER, 0) = 김백송
2015-10-26 04:49:32 [DEBUG] [xplex4-012015102604493157ff7a09ca6aaed549a22dcd8d75144880adcb01] Response (LGD_BUYERID, 0) = 
2015-10-26 04:49:32 [DEBUG] [xplex4-012015102604493157ff7a09ca6aaed549a22dcd8d75144880adcb01] Response (LGD_OID, 0) = 3942
2015-10-26 04:49:32 [DEBUG] [xplex4-012015102604493157ff7a09ca6aaed549a22dcd8d75144880adcb01] Response (LGD_RECEIVERPHONE, 0) = 
2015-10-26 04:49:32 [DEBUG] [xplex4-012015102604493157ff7a09ca6aaed549a22dcd8d75144880adcb01] Response (LGD_2TR_FLAG, 0) = Y
2015-10-26 04:49:32 [DEBUG] [xplex4-012015102604493157ff7a09ca6aaed549a22dcd8d75144880adcb01] Response (LGD_DEVICE, 0) = 
2015-10-26 04:49:32 [DEBUG] [xplex4-012015102604493157ff7a09ca6aaed549a22dcd8d75144880adcb01] Response (LGD_TID, 0) = xplex2015102613493103763
2015-10-26 04:49:32 [DEBUG] [xplex4-012015102604493157ff7a09ca6aaed549a22dcd8d75144880adcb01] Response (LGD_TIMESTAMP, 0) = 20151026134932
2015-10-26 04:49:32 [DEBUG] [xplex4-012015102604493157ff7a09ca6aaed549a22dcd8d75144880adcb01] Response (LGD_SAOWNER, 0) = 엑스플렉스(X-PLEX)
2015-10-26 04:49:32 [DEBUG] [xplex4-012015102604493157ff7a09ca6aaed549a22dcd8d75144880adcb01] Response (LGD_FINANCECODE, 0) = 004
2015-10-26 04:49:32 [DEBUG] [xplex4-012015102604493157ff7a09ca6aaed549a22dcd8d75144880adcb01] Response (LGD_BUYERPHONE, 0) = 01023207230
2015-10-26 04:49:32 [DEBUG] [xplex4-012015102604493157ff7a09ca6aaed549a22dcd8d75144880adcb01] Response (LGD_ESCROWYN, 0) = N
2015-10-26 04:49:32 [DEBUG] [xplex4-012015102604493157ff7a09ca6aaed549a22dcd8d75144880adcb01] Response (LGD_PAYTYPE, 0) = SC0040
2015-10-26 04:49:32 [DEBUG] [xplex4-012015102604493157ff7a09ca6aaed549a22dcd8d75144880adcb01] Response (LGD_CASFLAG, 0) = R
2015-10-26 04:49:32 [DEBUG] [xplex4-012015102604493157ff7a09ca6aaed549a22dcd8d75144880adcb01] Response (LGD_CASCAMOUNT, 0) = 0
2015-10-26 04:49:32 [DEBUG] [xplex4-012015102604493157ff7a09ca6aaed549a22dcd8d75144880adcb01] Response (LGD_CASTAMOUNT, 0) = 0
2015-10-26 04:49:32 [DEBUG] [xplex4-012015102604493157ff7a09ca6aaed549a22dcd8d75144880adcb01] Response (LGD_AMOUNT, 0) = 210000
2015-10-26 04:49:32 [DEBUG] [xplex4-012015102604493157ff7a09ca6aaed549a22dcd8d75144880adcb01] Response (LGD_BUYERSSN, 0) = .
2015-10-26 04:49:32 [DEBUG] [xplex4-012015102604493157ff7a09ca6aaed549a22dcd8d75144880adcb01] Response (LGD_RESPMSG, 0) = 06: 
2015-10-26 04:49:32 [DEBUG] [xplex4-012015102604493157ff7a09ca6aaed549a22dcd8d75144880adcb01] Response (LGD_PAYDATE, 0) = 20151026134931
2015-10-26 04:49:32 [DEBUG] [xplex4-012015102604493157ff7a09ca6aaed549a22dcd8d75144880adcb01] Response (LGD_PRODUCTINFO, 0) = 나도 그림책 작가 3기스토리텔링 강화로 그림책 글쓰기 도전!
2015-10-26 04:49:32 [DEBUG] [xplex4-012015102604493157ff7a09ca6aaed549a22dcd8d75144880adcb01] Response (LGD_CASSEQNO, 0) = 000
2015-10-26 04:49:32 [DEBUG] [xplex4-012015102604493157ff7a09ca6aaed549a22dcd8d75144880adcb01] Response (LGD_PRODUCTCODE, 0) = 
2015-10-26 04:49:32 [DEBUG] [xplex4-012015102604493157ff7a09ca6aaed549a22dcd8d75144880adcb01] Response (LGD_HASHDATA, 0) = 77eed5435a6862427daa86cf49f82f19
2015-10-26 04:49:32 [DEBUG] [xplex4-012015102604493157ff7a09ca6aaed549a22dcd8d75144880adcb01] Response (LGD_BUYERADDRESS, 0) = 수원시 팔달구 인계동 수정아파트106-407
2015-10-26 04:49:32 [DEBUG] [xplex4-012015102604493157ff7a09ca6aaed549a22dcd8d75144880adcb01] Response (LGD_RECEIVER, 0) = 
2015-10-26 04:49:32 [DEBUG] [xplex4-012015102604493157ff7a09ca6aaed549a22dcd8d75144880adcb01] Response (LGD_RESPCODE, 0) = 0000
2015-10-26 04:49:32 [DEBUG] [xplex4-012015102604493157ff7a09ca6aaed549a22dcd8d75144880adcb01] Response (LGD_ACCOUNTNUM, 0) = 68669011414969
2015-10-26 04:49:32 [DEBUG] [xplex4-012015102604493157ff7a09ca6aaed549a22dcd8d75144880adcb01] Response (LGD_PAYER, 0) = 김백송
2015-10-26 04:49:32 [DEBUG] [xplex4-012015102604493157ff7a09ca6aaed549a22dcd8d75144880adcb01] Response (LGD_BUYEREMAIL, 0) = song2kb@hanmail.net
2015-10-26 08:26:25 [INFO ] [] XPayClient initialize [/home/hosting_users/xplex/www/wp-content/plugins/woocommerce-lguplus-kr/lgdacom] [service]
2015-10-26 08:26:25 [DEBUG] [] Config [server_id] = [01]
2015-10-26 08:26:25 [DEBUG] [] Config [timeout] = [60]
2015-10-26 08:26:25 [DEBUG] [] Config [log_level] = [4]
2015-10-26 08:26:25 [DEBUG] [] Config [verify_cert] = [1]
2015-10-26 08:26:25 [DEBUG] [] Config [verify_host] = [1]
2015-10-26 08:26:25 [DEBUG] [] Config [report_error] = [1]
2015-10-26 08:26:25 [DEBUG] [] Config [output_UTF8] = [1]
2015-10-26 08:26:25 [DEBUG] [] Config [auto_rollback] = [1]
2015-10-26 08:26:25 [DEBUG] [] Config [log_dir] = [/home/hosting_users/xplex/www/wp-content/plugins/woocommerce-lguplus-kr/lgdacom/log]
2015-10-26 08:26:25 [DEBUG] [] Config [txplex4] = [12d7f002e43a80c0dd64128a1957e351]
2015-10-26 08:26:25 [DEBUG] [] Config [xplex4] = [12d7f002e43a80c0dd64128a1957e351]
2015-10-26 08:26:25 [DEBUG] [] Config [url] = [https://xpayclient.lgdacom.net/xpay/Gateway.do]
2015-10-26 08:26:25 [DEBUG] [] Config [test_url] = [https://xpayclient.lgdacom.net:7443/xpay/Gateway.do]
2015-10-26 08:26:25 [DEBUG] [] Config [aux_url] = [http://xpayclient.lgdacom.net:7080/xpay/Gateway.do]
2015-10-26 08:26:25 [DEBUG] [xplex4-0120151026082625558a8e61efae7dc82857dd764db02f7d41d4b42b] Post [LGD_TXID] = [xplex4-0120151026082625558a8e61efae7dc82857dd764db02f7d41d4b42b]
2015-10-26 08:26:25 [DEBUG] [xplex4-0120151026082625558a8e61efae7dc82857dd764db02f7d41d4b42b] Post [LGD_AUTHCODE] = [c6cdd1d37274d9b0292f8c9294360c4536aae02e]
2015-10-26 08:26:25 [DEBUG] [xplex4-0120151026082625558a8e61efae7dc82857dd764db02f7d41d4b42b] Post [LGD_MID] = [xplex4]
2015-10-26 08:26:25 [DEBUG] [xplex4-0120151026082625558a8e61efae7dc82857dd764db02f7d41d4b42b] Post [LGD_TXNAME] = [PaymentByKey]
2015-10-26 08:26:25 [DEBUG] [xplex4-0120151026082625558a8e61efae7dc82857dd764db02f7d41d4b42b] Post [LGD_PAYKEY] = [20151026172623B9B3BCB01DA597D25BA54C1A4E930E6CF7323751]
2015-10-26 08:26:25 [DEBUG] [xplex4-0120151026082625558a8e61efae7dc82857dd764db02f7d41d4b42b] post_string = LGD_TXID=xplex4-0120151026082625558a8e61efae7dc82857dd764db02f7d41d4b42b&LGD_AUTHCODE=c6cdd1d37274d9b0292f8c9294360c4536aae02e&LGD_MID=xplex4&LGD_TXNAME=PaymentByKey&LGD_PAYKEY=20151026172623B9B3BCB01DA597D25BA54C1A4E930E6CF7323751
2015-10-26 08:26:27 [DEBUG] [xplex4-0120151026082625558a8e61efae7dc82857dd764db02f7d41d4b42b] Result = [









{"LGD_RESPCODE":"0000","LGD_RESPMSG":"05: ","LGD_RESPONSE":[{"LGD_IFOS":"3M8ETM","LGD_MID":"xplex4","LGD_FINANCENAME":"외환","LGD_CASHRECEIPTKIND":"0","LGD_DELIVERYINFO":"","LGD_BUYER":"김승현","LGD_BUYERID":"","LGD_OID":"3943","LGD_RECEIVERPHONE":"","LGD_2TR_FLAG":"Y","LGD_DEVICE":"","LGD_TID":"xplex2015102617262545548","LGD_TIMESTAMP":"20151026172627","LGD_SAOWNER":"엑스플렉스(X-PLEX)","LGD_FINANCECODE":"005","LGD_BUYERPHONE":"01036122352","LGD_ESCROWYN":"N","LGD_PAYTYPE":"SC0040","LGD_CASFLAG":"R","LGD_CASCAMOUNT":"0","LGD_CASTAMOUNT":"0","LGD_AMOUNT":"150000","LGD_BUYERSSN":".","LGD_CASHRECEIPTCODE":"0000","LGD_RESPMSG":"05: ","LGD_PAYDATE":"20151026172626","LGD_PRODUCTINFO":"김홍민의 1인출판 스타트업 5기","LGD_CASSEQNO":"000","LGD_PRODUCTCODE":"","LGD_HASHDATA":"b447017200125334b42975c201e0f788","LGD_BUYERADDRESS":"성북구 동소문동7가5 순안빌딩 1층 모당약국","LGD_RECEIVER":"","LGD_RESPCODE":"0000","LGD_ACCOUNTNUM":"900118581640","LGD_PAYER":"김승현","LGD_BUYEREMAIL":"cutiehoney@korea.com"}]}
]
2015-10-26 08:26:27 [INFO ] [xplex4-0120151026082625558a8e61efae7dc82857dd764db02f7d41d4b42b] Response Code=[0000], Msg=[05: ], Count=1
2015-10-26 08:26:27 [DEBUG] [xplex4-0120151026082625558a8e61efae7dc82857dd764db02f7d41d4b42b] Response (LGD_IFOS, 0) = 3M8ETM
2015-10-26 08:26:27 [DEBUG] [xplex4-0120151026082625558a8e61efae7dc82857dd764db02f7d41d4b42b] Response (LGD_MID, 0) = xplex4
2015-10-26 08:26:27 [DEBUG] [xplex4-0120151026082625558a8e61efae7dc82857dd764db02f7d41d4b42b] Response (LGD_FINANCENAME, 0) = 외환
2015-10-26 08:26:27 [DEBUG] [xplex4-0120151026082625558a8e61efae7dc82857dd764db02f7d41d4b42b] Response (LGD_CASHRECEIPTKIND, 0) = 0
2015-10-26 08:26:27 [DEBUG] [xplex4-0120151026082625558a8e61efae7dc82857dd764db02f7d41d4b42b] Response (LGD_DELIVERYINFO, 0) = 
2015-10-26 08:26:27 [DEBUG] [xplex4-0120151026082625558a8e61efae7dc82857dd764db02f7d41d4b42b] Response (LGD_BUYER, 0) = 김승현
2015-10-26 08:26:27 [DEBUG] [xplex4-0120151026082625558a8e61efae7dc82857dd764db02f7d41d4b42b] Response (LGD_BUYERID, 0) = 
2015-10-26 08:26:27 [DEBUG] [xplex4-0120151026082625558a8e61efae7dc82857dd764db02f7d41d4b42b] Response (LGD_OID, 0) = 3943
2015-10-26 08:26:27 [DEBUG] [xplex4-0120151026082625558a8e61efae7dc82857dd764db02f7d41d4b42b] Response (LGD_RECEIVERPHONE, 0) = 
2015-10-26 08:26:27 [DEBUG] [xplex4-0120151026082625558a8e61efae7dc82857dd764db02f7d41d4b42b] Response (LGD_2TR_FLAG, 0) = Y
2015-10-26 08:26:27 [DEBUG] [xplex4-0120151026082625558a8e61efae7dc82857dd764db02f7d41d4b42b] Response (LGD_DEVICE, 0) = 
2015-10-26 08:26:27 [DEBUG] [xplex4-0120151026082625558a8e61efae7dc82857dd764db02f7d41d4b42b] Response (LGD_TID, 0) = xplex2015102617262545548
2015-10-26 08:26:27 [DEBUG] [xplex4-0120151026082625558a8e61efae7dc82857dd764db02f7d41d4b42b] Response (LGD_TIMESTAMP, 0) = 20151026172627
2015-10-26 08:26:27 [DEBUG] [xplex4-0120151026082625558a8e61efae7dc82857dd764db02f7d41d4b42b] Response (LGD_SAOWNER, 0) = 엑스플렉스(X-PLEX)
2015-10-26 08:26:27 [DEBUG] [xplex4-0120151026082625558a8e61efae7dc82857dd764db02f7d41d4b42b] Response (LGD_FINANCECODE, 0) = 005
2015-10-26 08:26:27 [DEBUG] [xplex4-0120151026082625558a8e61efae7dc82857dd764db02f7d41d4b42b] Response (LGD_BUYERPHONE, 0) = 01036122352
2015-10-26 08:26:27 [DEBUG] [xplex4-0120151026082625558a8e61efae7dc82857dd764db02f7d41d4b42b] Response (LGD_ESCROWYN, 0) = N
2015-10-26 08:26:27 [DEBUG] [xplex4-0120151026082625558a8e61efae7dc82857dd764db02f7d41d4b42b] Response (LGD_PAYTYPE, 0) = SC0040
2015-10-26 08:26:27 [DEBUG] [xplex4-0120151026082625558a8e61efae7dc82857dd764db02f7d41d4b42b] Response (LGD_CASFLAG, 0) = R
2015-10-26 08:26:27 [DEBUG] [xplex4-0120151026082625558a8e61efae7dc82857dd764db02f7d41d4b42b] Response (LGD_CASCAMOUNT, 0) = 0
2015-10-26 08:26:27 [DEBUG] [xplex4-0120151026082625558a8e61efae7dc82857dd764db02f7d41d4b42b] Response (LGD_CASTAMOUNT, 0) = 0
2015-10-26 08:26:27 [DEBUG] [xplex4-0120151026082625558a8e61efae7dc82857dd764db02f7d41d4b42b] Response (LGD_AMOUNT, 0) = 150000
2015-10-26 08:26:27 [DEBUG] [xplex4-0120151026082625558a8e61efae7dc82857dd764db02f7d41d4b42b] Response (LGD_BUYERSSN, 0) = .
2015-10-26 08:26:27 [DEBUG] [xplex4-0120151026082625558a8e61efae7dc82857dd764db02f7d41d4b42b] Response (LGD_CASHRECEIPTCODE, 0) = 0000
2015-10-26 08:26:27 [DEBUG] [xplex4-0120151026082625558a8e61efae7dc82857dd764db02f7d41d4b42b] Response (LGD_RESPMSG, 0) = 05: 
2015-10-26 08:26:27 [DEBUG] [xplex4-0120151026082625558a8e61efae7dc82857dd764db02f7d41d4b42b] Response (LGD_PAYDATE, 0) = 20151026172626
2015-10-26 08:26:27 [DEBUG] [xplex4-0120151026082625558a8e61efae7dc82857dd764db02f7d41d4b42b] Response (LGD_PRODUCTINFO, 0) = 김홍민의 1인출판 스타트업 5기
2015-10-26 08:26:27 [DEBUG] [xplex4-0120151026082625558a8e61efae7dc82857dd764db02f7d41d4b42b] Response (LGD_CASSEQNO, 0) = 000
2015-10-26 08:26:27 [DEBUG] [xplex4-0120151026082625558a8e61efae7dc82857dd764db02f7d41d4b42b] Response (LGD_PRODUCTCODE, 0) = 
2015-10-26 08:26:27 [DEBUG] [xplex4-0120151026082625558a8e61efae7dc82857dd764db02f7d41d4b42b] Response (LGD_HASHDATA, 0) = b447017200125334b42975c201e0f788
2015-10-26 08:26:27 [DEBUG] [xplex4-0120151026082625558a8e61efae7dc82857dd764db02f7d41d4b42b] Response (LGD_BUYERADDRESS, 0) = 성북구 동소문동7가5 순안빌딩 1층 모당약국
2015-10-26 08:26:27 [DEBUG] [xplex4-0120151026082625558a8e61efae7dc82857dd764db02f7d41d4b42b] Response (LGD_RECEIVER, 0) = 
2015-10-26 08:26:27 [DEBUG] [xplex4-0120151026082625558a8e61efae7dc82857dd764db02f7d41d4b42b] Response (LGD_RESPCODE, 0) = 0000
2015-10-26 08:26:27 [DEBUG] [xplex4-0120151026082625558a8e61efae7dc82857dd764db02f7d41d4b42b] Response (LGD_ACCOUNTNUM, 0) = 900118581640
2015-10-26 08:26:27 [DEBUG] [xplex4-0120151026082625558a8e61efae7dc82857dd764db02f7d41d4b42b] Response (LGD_PAYER, 0) = 김승현
2015-10-26 08:26:27 [DEBUG] [xplex4-0120151026082625558a8e61efae7dc82857dd764db02f7d41d4b42b] Response (LGD_BUYEREMAIL, 0) = cutiehoney@korea.com
