2016-02-23 07:58:40 [INFO ] [] XPayClient initialize [/home/hosting_users/xplex/www/wp-content/plugins/woocommerce-lguplus-kr/lgdacom] [service]
2016-02-23 07:58:40 [DEBUG] [] Config [server_id] = [01]
2016-02-23 07:58:40 [DEBUG] [] Config [timeout] = [60]
2016-02-23 07:58:40 [DEBUG] [] Config [log_level] = [4]
2016-02-23 07:58:40 [DEBUG] [] Config [verify_cert] = [1]
2016-02-23 07:58:40 [DEBUG] [] Config [verify_host] = [1]
2016-02-23 07:58:40 [DEBUG] [] Config [report_error] = [1]
2016-02-23 07:58:40 [DEBUG] [] Config [output_UTF8] = [1]
2016-02-23 07:58:40 [DEBUG] [] Config [auto_rollback] = [1]
2016-02-23 07:58:40 [DEBUG] [] Config [log_dir] = [/home/hosting_users/xplex/www/wp-content/plugins/woocommerce-lguplus-kr/lgdacom/log]
2016-02-23 07:58:40 [DEBUG] [] Config [txplex4] = [12d7f002e43a80c0dd64128a1957e351]
2016-02-23 07:58:40 [DEBUG] [] Config [xplex4] = [12d7f002e43a80c0dd64128a1957e351]
2016-02-23 07:58:40 [DEBUG] [] Config [url] = [https://xpayclient.lgdacom.net/xpay/Gateway.do]
2016-02-23 07:58:40 [DEBUG] [] Config [test_url] = [https://xpayclient.lgdacom.net:7443/xpay/Gateway.do]
2016-02-23 07:58:40 [DEBUG] [] Config [aux_url] = [http://xpayclient.lgdacom.net:7080/xpay/Gateway.do]
2016-02-23 07:58:40 [DEBUG] [xplex4-01201602230758406ed02a192e4556cea8d0ad2cc1d9aa41e340dbc7] Post [LGD_TXID] = [xplex4-01201602230758406ed02a192e4556cea8d0ad2cc1d9aa41e340dbc7]
2016-02-23 07:58:40 [DEBUG] [xplex4-01201602230758406ed02a192e4556cea8d0ad2cc1d9aa41e340dbc7] Post [LGD_AUTHCODE] = [fa5efcf2fc0a863dbb8a699a616c1e832d4a6ec3]
2016-02-23 07:58:40 [DEBUG] [xplex4-01201602230758406ed02a192e4556cea8d0ad2cc1d9aa41e340dbc7] Post [LGD_MID] = [xplex4]
2016-02-23 07:58:40 [DEBUG] [xplex4-01201602230758406ed02a192e4556cea8d0ad2cc1d9aa41e340dbc7] Post [LGD_TXNAME] = [PaymentByKey]
2016-02-23 07:58:40 [DEBUG] [xplex4-01201602230758406ed02a192e4556cea8d0ad2cc1d9aa41e340dbc7] Post [LGD_PAYKEY] = [20160223165839F47178B22BB561BDFF255440A8884CEFAC34BD1C]
2016-02-23 07:58:40 [DEBUG] [xplex4-01201602230758406ed02a192e4556cea8d0ad2cc1d9aa41e340dbc7] post_string = LGD_TXID=xplex4-01201602230758406ed02a192e4556cea8d0ad2cc1d9aa41e340dbc7&LGD_AUTHCODE=fa5efcf2fc0a863dbb8a699a616c1e832d4a6ec3&LGD_MID=xplex4&LGD_TXNAME=PaymentByKey&LGD_PAYKEY=20160223165839F47178B22BB561BDFF255440A8884CEFAC34BD1C
2016-02-23 07:58:41 [DEBUG] [xplex4-01201602230758406ed02a192e4556cea8d0ad2cc1d9aa41e340dbc7] Result = [









{"LGD_RESPCODE":"0000","LGD_RESPMSG":"11: ","LGD_RESPONSE":[{"LGD_IFOS":"3M9ETM","LGD_MID":"xplex4","LGD_FINANCENAME":"농협","LGD_CASHRECEIPTKIND":"0","LGD_DELIVERYINFO":"","LGD_BUYER":"방샛별","LGD_BUYERID":"","LGD_OID":"4764","LGD_RECEIVERPHONE":"","LGD_2TR_FLAG":"Y","LGD_DEVICE":"","LGD_TID":"xplex2016022316584027479","LGD_TIMESTAMP":"20160223165842","LGD_SAOWNER":"엑스플렉스(X-PLEX)","LGD_FINANCECODE":"011","LGD_BUYERPHONE":"01046978090","LGD_ESCROWYN":"N","LGD_PAYTYPE":"SC0040","LGD_CASFLAG":"R","LGD_CASCAMOUNT":"0","LGD_CASTAMOUNT":"0","LGD_AMOUNT":"150000","LGD_BUYERSSN":".","LGD_CASHRECEIPTCODE":"0000","LGD_RESPMSG":"11: ","LGD_PAYDATE":"20160223165841","LGD_PRODUCTINFO":"김홍민의 1인출판 스타트업 7기","LGD_CASSEQNO":"000","LGD_PRODUCTCODE":"","LGD_HASHDATA":"a5ce0a5360833be48c794c0ac52fa279","LGD_BUYERADDRESS":"남구 용현3동","LGD_RECEIVER":"","LGD_RESPCODE":"0000","LGD_ACCOUNTNUM":"79004636689011","LGD_PAYER":"방샛별","LGD_BUYEREMAIL":"tkdzmarbfqlc@naver.com"}]}
]
2016-02-23 07:58:41 [INFO ] [xplex4-01201602230758406ed02a192e4556cea8d0ad2cc1d9aa41e340dbc7] Response Code=[0000], Msg=[11: ], Count=1
2016-02-23 07:58:41 [DEBUG] [xplex4-01201602230758406ed02a192e4556cea8d0ad2cc1d9aa41e340dbc7] Response (LGD_IFOS, 0) = 3M9ETM
2016-02-23 07:58:41 [DEBUG] [xplex4-01201602230758406ed02a192e4556cea8d0ad2cc1d9aa41e340dbc7] Response (LGD_MID, 0) = xplex4
2016-02-23 07:58:41 [DEBUG] [xplex4-01201602230758406ed02a192e4556cea8d0ad2cc1d9aa41e340dbc7] Response (LGD_FINANCENAME, 0) = 농협
2016-02-23 07:58:41 [DEBUG] [xplex4-01201602230758406ed02a192e4556cea8d0ad2cc1d9aa41e340dbc7] Response (LGD_CASHRECEIPTKIND, 0) = 0
2016-02-23 07:58:41 [DEBUG] [xplex4-01201602230758406ed02a192e4556cea8d0ad2cc1d9aa41e340dbc7] Response (LGD_DELIVERYINFO, 0) = 
2016-02-23 07:58:41 [DEBUG] [xplex4-01201602230758406ed02a192e4556cea8d0ad2cc1d9aa41e340dbc7] Response (LGD_BUYER, 0) = 방샛별
2016-02-23 07:58:41 [DEBUG] [xplex4-01201602230758406ed02a192e4556cea8d0ad2cc1d9aa41e340dbc7] Response (LGD_BUYERID, 0) = 
2016-02-23 07:58:41 [DEBUG] [xplex4-01201602230758406ed02a192e4556cea8d0ad2cc1d9aa41e340dbc7] Response (LGD_OID, 0) = 4764
2016-02-23 07:58:41 [DEBUG] [xplex4-01201602230758406ed02a192e4556cea8d0ad2cc1d9aa41e340dbc7] Response (LGD_RECEIVERPHONE, 0) = 
2016-02-23 07:58:41 [DEBUG] [xplex4-01201602230758406ed02a192e4556cea8d0ad2cc1d9aa41e340dbc7] Response (LGD_2TR_FLAG, 0) = Y
2016-02-23 07:58:41 [DEBUG] [xplex4-01201602230758406ed02a192e4556cea8d0ad2cc1d9aa41e340dbc7] Response (LGD_DEVICE, 0) = 
2016-02-23 07:58:41 [DEBUG] [xplex4-01201602230758406ed02a192e4556cea8d0ad2cc1d9aa41e340dbc7] Response (LGD_TID, 0) = xplex2016022316584027479
2016-02-23 07:58:41 [DEBUG] [xplex4-01201602230758406ed02a192e4556cea8d0ad2cc1d9aa41e340dbc7] Response (LGD_TIMESTAMP, 0) = 20160223165842
2016-02-23 07:58:41 [DEBUG] [xplex4-01201602230758406ed02a192e4556cea8d0ad2cc1d9aa41e340dbc7] Response (LGD_SAOWNER, 0) = 엑스플렉스(X-PLEX)
2016-02-23 07:58:41 [DEBUG] [xplex4-01201602230758406ed02a192e4556cea8d0ad2cc1d9aa41e340dbc7] Response (LGD_FINANCECODE, 0) = 011
2016-02-23 07:58:41 [DEBUG] [xplex4-01201602230758406ed02a192e4556cea8d0ad2cc1d9aa41e340dbc7] Response (LGD_BUYERPHONE, 0) = 01046978090
2016-02-23 07:58:41 [DEBUG] [xplex4-01201602230758406ed02a192e4556cea8d0ad2cc1d9aa41e340dbc7] Response (LGD_ESCROWYN, 0) = N
2016-02-23 07:58:41 [DEBUG] [xplex4-01201602230758406ed02a192e4556cea8d0ad2cc1d9aa41e340dbc7] Response (LGD_PAYTYPE, 0) = SC0040
2016-02-23 07:58:41 [DEBUG] [xplex4-01201602230758406ed02a192e4556cea8d0ad2cc1d9aa41e340dbc7] Response (LGD_CASFLAG, 0) = R
2016-02-23 07:58:41 [DEBUG] [xplex4-01201602230758406ed02a192e4556cea8d0ad2cc1d9aa41e340dbc7] Response (LGD_CASCAMOUNT, 0) = 0
2016-02-23 07:58:41 [DEBUG] [xplex4-01201602230758406ed02a192e4556cea8d0ad2cc1d9aa41e340dbc7] Response (LGD_CASTAMOUNT, 0) = 0
2016-02-23 07:58:41 [DEBUG] [xplex4-01201602230758406ed02a192e4556cea8d0ad2cc1d9aa41e340dbc7] Response (LGD_AMOUNT, 0) = 150000
2016-02-23 07:58:41 [DEBUG] [xplex4-01201602230758406ed02a192e4556cea8d0ad2cc1d9aa41e340dbc7] Response (LGD_BUYERSSN, 0) = .
2016-02-23 07:58:41 [DEBUG] [xplex4-01201602230758406ed02a192e4556cea8d0ad2cc1d9aa41e340dbc7] Response (LGD_CASHRECEIPTCODE, 0) = 0000
2016-02-23 07:58:41 [DEBUG] [xplex4-01201602230758406ed02a192e4556cea8d0ad2cc1d9aa41e340dbc7] Response (LGD_RESPMSG, 0) = 11: 
2016-02-23 07:58:41 [DEBUG] [xplex4-01201602230758406ed02a192e4556cea8d0ad2cc1d9aa41e340dbc7] Response (LGD_PAYDATE, 0) = 20160223165841
2016-02-23 07:58:41 [DEBUG] [xplex4-01201602230758406ed02a192e4556cea8d0ad2cc1d9aa41e340dbc7] Response (LGD_PRODUCTINFO, 0) = 김홍민의 1인출판 스타트업 7기
2016-02-23 07:58:41 [DEBUG] [xplex4-01201602230758406ed02a192e4556cea8d0ad2cc1d9aa41e340dbc7] Response (LGD_CASSEQNO, 0) = 000
2016-02-23 07:58:41 [DEBUG] [xplex4-01201602230758406ed02a192e4556cea8d0ad2cc1d9aa41e340dbc7] Response (LGD_PRODUCTCODE, 0) = 
2016-02-23 07:58:41 [DEBUG] [xplex4-01201602230758406ed02a192e4556cea8d0ad2cc1d9aa41e340dbc7] Response (LGD_HASHDATA, 0) = a5ce0a5360833be48c794c0ac52fa279
2016-02-23 07:58:41 [DEBUG] [xplex4-01201602230758406ed02a192e4556cea8d0ad2cc1d9aa41e340dbc7] Response (LGD_BUYERADDRESS, 0) = 남구 용현3동
2016-02-23 07:58:41 [DEBUG] [xplex4-01201602230758406ed02a192e4556cea8d0ad2cc1d9aa41e340dbc7] Response (LGD_RECEIVER, 0) = 
2016-02-23 07:58:41 [DEBUG] [xplex4-01201602230758406ed02a192e4556cea8d0ad2cc1d9aa41e340dbc7] Response (LGD_RESPCODE, 0) = 0000
2016-02-23 07:58:41 [DEBUG] [xplex4-01201602230758406ed02a192e4556cea8d0ad2cc1d9aa41e340dbc7] Response (LGD_ACCOUNTNUM, 0) = 79004636689011
2016-02-23 07:58:41 [DEBUG] [xplex4-01201602230758406ed02a192e4556cea8d0ad2cc1d9aa41e340dbc7] Response (LGD_PAYER, 0) = 방샛별
2016-02-23 07:58:41 [DEBUG] [xplex4-01201602230758406ed02a192e4556cea8d0ad2cc1d9aa41e340dbc7] Response (LGD_BUYEREMAIL, 0) = tkdzmarbfqlc@naver.com
