2015-08-03 18:04:20 [INFO ] [] XPayClient initialize [/home/hosting_users/xplex/www/wp-content/plugins/woocommerce-lguplus-kr/lgdacom] [service]
2015-08-03 18:04:20 [DEBUG] [] Config [server_id] = [01]
2015-08-03 18:04:20 [DEBUG] [] Config [timeout] = [60]
2015-08-03 18:04:20 [DEBUG] [] Config [log_level] = [4]
2015-08-03 18:04:20 [DEBUG] [] Config [verify_cert] = [1]
2015-08-03 18:04:20 [DEBUG] [] Config [verify_host] = [1]
2015-08-03 18:04:20 [DEBUG] [] Config [report_error] = [1]
2015-08-03 18:04:20 [DEBUG] [] Config [output_UTF8] = [1]
2015-08-03 18:04:20 [DEBUG] [] Config [auto_rollback] = [1]
2015-08-03 18:04:20 [DEBUG] [] Config [log_dir] = [/home/hosting_users/xplex/www/wp-content/plugins/woocommerce-lguplus-kr/lgdacom/log]
2015-08-03 18:04:20 [DEBUG] [] Config [txplex4] = [12d7f002e43a80c0dd64128a1957e351]
2015-08-03 18:04:20 [DEBUG] [] Config [xplex4] = [12d7f002e43a80c0dd64128a1957e351]
2015-08-03 18:04:20 [DEBUG] [] Config [url] = [https://xpayclient.lgdacom.net/xpay/Gateway.do]
2015-08-03 18:04:20 [DEBUG] [] Config [test_url] = [https://xpayclient.lgdacom.net:7443/xpay/Gateway.do]
2015-08-03 18:04:20 [DEBUG] [] Config [aux_url] = [http://xpayclient.lgdacom.net:7080/xpay/Gateway.do]
2015-08-03 18:04:20 [DEBUG] [xplex4-01201508031804205e4ca11d579a75619964eaf8a66831b39a128056] Post [LGD_TXID] = [xplex4-01201508031804205e4ca11d579a75619964eaf8a66831b39a128056]
2015-08-03 18:04:20 [DEBUG] [xplex4-01201508031804205e4ca11d579a75619964eaf8a66831b39a128056] Post [LGD_AUTHCODE] = [5fdf73589b54373382deec02450fc5f1e0abdd4c]
2015-08-03 18:04:20 [DEBUG] [xplex4-01201508031804205e4ca11d579a75619964eaf8a66831b39a128056] Post [LGD_MID] = [xplex4]
2015-08-03 18:04:20 [DEBUG] [xplex4-01201508031804205e4ca11d579a75619964eaf8a66831b39a128056] Post [LGD_TXNAME] = [PaymentByKey]
2015-08-03 18:04:20 [DEBUG] [xplex4-01201508031804205e4ca11d579a75619964eaf8a66831b39a128056] Post [LGD_PAYKEY] = [201508040304198154EE11F99BD75EE084BD9515A3BD3F190C4255]
2015-08-03 18:04:20 [DEBUG] [xplex4-01201508031804205e4ca11d579a75619964eaf8a66831b39a128056] post_string = LGD_TXID=xplex4-01201508031804205e4ca11d579a75619964eaf8a66831b39a128056&LGD_AUTHCODE=5fdf73589b54373382deec02450fc5f1e0abdd4c&LGD_MID=xplex4&LGD_TXNAME=PaymentByKey&LGD_PAYKEY=201508040304198154EE11F99BD75EE084BD9515A3BD3F190C4255
2015-08-03 18:04:21 [DEBUG] [xplex4-01201508031804205e4ca11d579a75619964eaf8a66831b39a128056] Result = [









{"LGD_RESPCODE":"0000","LGD_RESPMSG":"81: ","LGD_RESPONSE":[{"LGD_IFOS":"3M8ETM","LGD_MID":"xplex4","LGD_FINANCENAME":"하나","LGD_CASHRECEIPTKIND":"0","LGD_DELIVERYINFO":"","LGD_BUYER":"이수민","LGD_BUYERID":"","LGD_OID":"3317","LGD_RECEIVERPHONE":"","LGD_2TR_FLAG":"Y","LGD_DEVICE":"","LGD_TID":"xplex2015080403042013263","LGD_TIMESTAMP":"20150804030421","LGD_SAOWNER":"엑스플렉스(X-PLEX)","LGD_FINANCECODE":"081","LGD_BUYERPHONE":"01089326378","LGD_ESCROWYN":"N","LGD_PAYTYPE":"SC0040","LGD_CASFLAG":"R","LGD_CASCAMOUNT":"0","LGD_CASTAMOUNT":"0","LGD_AMOUNT":"320000","LGD_BUYERSSN":".","LGD_CASHRECEIPTCODE":"0000","LGD_RESPMSG":"81: ","LGD_PAYDATE":"20150804030421","LGD_PRODUCTINFO":"글쓰기의 본격적인 잔기술 2기–최민석 작가의 8주 속성 글쓰기 수업","LGD_CASSEQNO":"000","LGD_PRODUCTCODE":"","LGD_HASHDATA":"ca54ef8db47d547de002c9ac8bbb0017","LGD_BUYERADDRESS":"성북구 성북동 209~235210-44","LGD_RECEIVER":"","LGD_RESPCODE":"0000","LGD_ACCOUNTNUM":"29890129915137","LGD_PAYER":"이수민","LGD_BUYEREMAIL":"violinsarah@naver.com"}]}
]
2015-08-03 18:04:21 [INFO ] [xplex4-01201508031804205e4ca11d579a75619964eaf8a66831b39a128056] Response Code=[0000], Msg=[81: ], Count=1
2015-08-03 18:04:21 [DEBUG] [xplex4-01201508031804205e4ca11d579a75619964eaf8a66831b39a128056] Response (LGD_IFOS, 0) = 3M8ETM
2015-08-03 18:04:21 [DEBUG] [xplex4-01201508031804205e4ca11d579a75619964eaf8a66831b39a128056] Response (LGD_MID, 0) = xplex4
2015-08-03 18:04:21 [DEBUG] [xplex4-01201508031804205e4ca11d579a75619964eaf8a66831b39a128056] Response (LGD_FINANCENAME, 0) = 하나
2015-08-03 18:04:21 [DEBUG] [xplex4-01201508031804205e4ca11d579a75619964eaf8a66831b39a128056] Response (LGD_CASHRECEIPTKIND, 0) = 0
2015-08-03 18:04:21 [DEBUG] [xplex4-01201508031804205e4ca11d579a75619964eaf8a66831b39a128056] Response (LGD_DELIVERYINFO, 0) = 
2015-08-03 18:04:21 [DEBUG] [xplex4-01201508031804205e4ca11d579a75619964eaf8a66831b39a128056] Response (LGD_BUYER, 0) = 이수민
2015-08-03 18:04:21 [DEBUG] [xplex4-01201508031804205e4ca11d579a75619964eaf8a66831b39a128056] Response (LGD_BUYERID, 0) = 
2015-08-03 18:04:21 [DEBUG] [xplex4-01201508031804205e4ca11d579a75619964eaf8a66831b39a128056] Response (LGD_OID, 0) = 3317
2015-08-03 18:04:21 [DEBUG] [xplex4-01201508031804205e4ca11d579a75619964eaf8a66831b39a128056] Response (LGD_RECEIVERPHONE, 0) = 
2015-08-03 18:04:21 [DEBUG] [xplex4-01201508031804205e4ca11d579a75619964eaf8a66831b39a128056] Response (LGD_2TR_FLAG, 0) = Y
2015-08-03 18:04:21 [DEBUG] [xplex4-01201508031804205e4ca11d579a75619964eaf8a66831b39a128056] Response (LGD_DEVICE, 0) = 
2015-08-03 18:04:21 [DEBUG] [xplex4-01201508031804205e4ca11d579a75619964eaf8a66831b39a128056] Response (LGD_TID, 0) = xplex2015080403042013263
2015-08-03 18:04:21 [DEBUG] [xplex4-01201508031804205e4ca11d579a75619964eaf8a66831b39a128056] Response (LGD_TIMESTAMP, 0) = 20150804030421
2015-08-03 18:04:21 [DEBUG] [xplex4-01201508031804205e4ca11d579a75619964eaf8a66831b39a128056] Response (LGD_SAOWNER, 0) = 엑스플렉스(X-PLEX)
2015-08-03 18:04:21 [DEBUG] [xplex4-01201508031804205e4ca11d579a75619964eaf8a66831b39a128056] Response (LGD_FINANCECODE, 0) = 081
2015-08-03 18:04:21 [DEBUG] [xplex4-01201508031804205e4ca11d579a75619964eaf8a66831b39a128056] Response (LGD_BUYERPHONE, 0) = 01089326378
2015-08-03 18:04:21 [DEBUG] [xplex4-01201508031804205e4ca11d579a75619964eaf8a66831b39a128056] Response (LGD_ESCROWYN, 0) = N
2015-08-03 18:04:21 [DEBUG] [xplex4-01201508031804205e4ca11d579a75619964eaf8a66831b39a128056] Response (LGD_PAYTYPE, 0) = SC0040
2015-08-03 18:04:21 [DEBUG] [xplex4-01201508031804205e4ca11d579a75619964eaf8a66831b39a128056] Response (LGD_CASFLAG, 0) = R
2015-08-03 18:04:21 [DEBUG] [xplex4-01201508031804205e4ca11d579a75619964eaf8a66831b39a128056] Response (LGD_CASCAMOUNT, 0) = 0
2015-08-03 18:04:21 [DEBUG] [xplex4-01201508031804205e4ca11d579a75619964eaf8a66831b39a128056] Response (LGD_CASTAMOUNT, 0) = 0
2015-08-03 18:04:21 [DEBUG] [xplex4-01201508031804205e4ca11d579a75619964eaf8a66831b39a128056] Response (LGD_AMOUNT, 0) = 320000
2015-08-03 18:04:21 [DEBUG] [xplex4-01201508031804205e4ca11d579a75619964eaf8a66831b39a128056] Response (LGD_BUYERSSN, 0) = .
2015-08-03 18:04:21 [DEBUG] [xplex4-01201508031804205e4ca11d579a75619964eaf8a66831b39a128056] Response (LGD_CASHRECEIPTCODE, 0) = 0000
2015-08-03 18:04:21 [DEBUG] [xplex4-01201508031804205e4ca11d579a75619964eaf8a66831b39a128056] Response (LGD_RESPMSG, 0) = 81: 
2015-08-03 18:04:21 [DEBUG] [xplex4-01201508031804205e4ca11d579a75619964eaf8a66831b39a128056] Response (LGD_PAYDATE, 0) = 20150804030421
2015-08-03 18:04:21 [DEBUG] [xplex4-01201508031804205e4ca11d579a75619964eaf8a66831b39a128056] Response (LGD_PRODUCTINFO, 0) = 글쓰기의 본격적인 잔기술 2기–최민석 작가의 8주 속성 글쓰기 수업
2015-08-03 18:04:21 [DEBUG] [xplex4-01201508031804205e4ca11d579a75619964eaf8a66831b39a128056] Response (LGD_CASSEQNO, 0) = 000
2015-08-03 18:04:21 [DEBUG] [xplex4-01201508031804205e4ca11d579a75619964eaf8a66831b39a128056] Response (LGD_PRODUCTCODE, 0) = 
2015-08-03 18:04:21 [DEBUG] [xplex4-01201508031804205e4ca11d579a75619964eaf8a66831b39a128056] Response (LGD_HASHDATA, 0) = ca54ef8db47d547de002c9ac8bbb0017
2015-08-03 18:04:21 [DEBUG] [xplex4-01201508031804205e4ca11d579a75619964eaf8a66831b39a128056] Response (LGD_BUYERADDRESS, 0) = 성북구 성북동 209~235210-44
2015-08-03 18:04:21 [DEBUG] [xplex4-01201508031804205e4ca11d579a75619964eaf8a66831b39a128056] Response (LGD_RECEIVER, 0) = 
2015-08-03 18:04:21 [DEBUG] [xplex4-01201508031804205e4ca11d579a75619964eaf8a66831b39a128056] Response (LGD_RESPCODE, 0) = 0000
2015-08-03 18:04:21 [DEBUG] [xplex4-01201508031804205e4ca11d579a75619964eaf8a66831b39a128056] Response (LGD_ACCOUNTNUM, 0) = 29890129915137
2015-08-03 18:04:21 [DEBUG] [xplex4-01201508031804205e4ca11d579a75619964eaf8a66831b39a128056] Response (LGD_PAYER, 0) = 이수민
2015-08-03 18:04:21 [DEBUG] [xplex4-01201508031804205e4ca11d579a75619964eaf8a66831b39a128056] Response (LGD_BUYEREMAIL, 0) = violinsarah@naver.com
