2016-07-04 14:37:06 [INFO ] [] XPayClient initialize [/home/hosting_users/xplex/www/wp-content/plugins/woocommerce-lguplus-kr/lgdacom] [service]
2016-07-04 14:37:06 [DEBUG] [] Config [server_id] = [01]
2016-07-04 14:37:06 [DEBUG] [] Config [timeout] = [60]
2016-07-04 14:37:06 [DEBUG] [] Config [log_level] = [4]
2016-07-04 14:37:06 [DEBUG] [] Config [verify_cert] = [1]
2016-07-04 14:37:06 [DEBUG] [] Config [verify_host] = [1]
2016-07-04 14:37:06 [DEBUG] [] Config [report_error] = [1]
2016-07-04 14:37:06 [DEBUG] [] Config [output_UTF8] = [1]
2016-07-04 14:37:06 [DEBUG] [] Config [auto_rollback] = [1]
2016-07-04 14:37:06 [DEBUG] [] Config [log_dir] = [/home/hosting_users/xplex/www/wp-content/plugins/woocommerce-lguplus-kr/lgdacom/log]
2016-07-04 14:37:06 [DEBUG] [] Config [txplex4] = [12d7f002e43a80c0dd64128a1957e351]
2016-07-04 14:37:06 [DEBUG] [] Config [xplex4] = [12d7f002e43a80c0dd64128a1957e351]
2016-07-04 14:37:06 [DEBUG] [] Config [url] = [https://xpayclient.lgdacom.net/xpay/Gateway.do]
2016-07-04 14:37:06 [DEBUG] [] Config [test_url] = [https://xpayclient.lgdacom.net:7443/xpay/Gateway.do]
2016-07-04 14:37:06 [DEBUG] [] Config [aux_url] = [http://xpayclient.lgdacom.net:7080/xpay/Gateway.do]
2016-07-04 14:37:06 [DEBUG] [xplex4-01201607041437067d091331a4f3844de8d537de2b916b26c3c7a6ca] Post [LGD_TXID] = [xplex4-01201607041437067d091331a4f3844de8d537de2b916b26c3c7a6ca]
2016-07-04 14:37:06 [DEBUG] [xplex4-01201607041437067d091331a4f3844de8d537de2b916b26c3c7a6ca] Post [LGD_AUTHCODE] = [577041b2e29166750c5446a5de79d32099bc05d5]
2016-07-04 14:37:06 [DEBUG] [xplex4-01201607041437067d091331a4f3844de8d537de2b916b26c3c7a6ca] Post [LGD_MID] = [xplex4]
2016-07-04 14:37:06 [DEBUG] [xplex4-01201607041437067d091331a4f3844de8d537de2b916b26c3c7a6ca] Post [LGD_TXNAME] = [PaymentByKey]
2016-07-04 14:37:06 [DEBUG] [xplex4-01201607041437067d091331a4f3844de8d537de2b916b26c3c7a6ca] Post [LGD_PAYKEY] = [201607042337060A6F43A3F8D06D13153AF3859591AD1FA6CDD476]
2016-07-04 14:37:06 [DEBUG] [xplex4-01201607041437067d091331a4f3844de8d537de2b916b26c3c7a6ca] post_string = LGD_TXID=xplex4-01201607041437067d091331a4f3844de8d537de2b916b26c3c7a6ca&LGD_AUTHCODE=577041b2e29166750c5446a5de79d32099bc05d5&LGD_MID=xplex4&LGD_TXNAME=PaymentByKey&LGD_PAYKEY=201607042337060A6F43A3F8D06D13153AF3859591AD1FA6CDD476
2016-07-04 14:37:08 [DEBUG] [xplex4-01201607041437067d091331a4f3844de8d537de2b916b26c3c7a6ca] Result = [









{"LGD_RESPCODE":"0000","LGD_RESPMSG":"26: ","LGD_RESPONSE":[{"LGD_IFOS":"3M9S0M","LGD_MID":"xplex4","LGD_FINANCENAME":"신한","LGD_CASHRECEIPTKIND":"0","LGD_DELIVERYINFO":"","LGD_BUYER":"차민정","LGD_BUYERID":"","LGD_OID":"6020","LGD_RECEIVERPHONE":"","LGD_2TR_FLAG":"Y","LGD_DEVICE":"","LGD_TID":"xplex2016070423370848614","LGD_TIMESTAMP":"20160704233709","LGD_SAOWNER":"엑스플렉스(X-PLEX)","LGD_FINANCECODE":"088","LGD_BUYERPHONE":"01032812402","LGD_ESCROWYN":"N","LGD_PAYTYPE":"SC0040","LGD_CASFLAG":"R","LGD_CASCAMOUNT":"0","LGD_CASTAMOUNT":"0","LGD_AMOUNT":"240000","LGD_BUYERSSN":".","LGD_CASHRECEIPTCODE":"0000","LGD_RESPMSG":"26: ","LGD_PAYDATE":"20160704233708","LGD_PRODUCTINFO":"나도 그림책 작가스토리텔링 강화로 그림책 글쓰기 도전","LGD_CASSEQNO":"000","LGD_PRODUCTCODE":"","LGD_HASHDATA":"bea976ce3029e0415b8de56dc0218219","LGD_BUYERADDRESS":"중랑구 신내2동 성원아파트105동 701호","LGD_RECEIVER":"","LGD_RESPCODE":"0000","LGD_ACCOUNTNUM":"63790116840598","LGD_PAYER":"차민정","LGD_BUYEREMAIL":"designforwhat@gmail.com"}]}
]
2016-07-04 14:37:08 [INFO ] [xplex4-01201607041437067d091331a4f3844de8d537de2b916b26c3c7a6ca] Response Code=[0000], Msg=[26: ], Count=1
2016-07-04 14:37:08 [DEBUG] [xplex4-01201607041437067d091331a4f3844de8d537de2b916b26c3c7a6ca] Response (LGD_IFOS, 0) = 3M9S0M
2016-07-04 14:37:08 [DEBUG] [xplex4-01201607041437067d091331a4f3844de8d537de2b916b26c3c7a6ca] Response (LGD_MID, 0) = xplex4
2016-07-04 14:37:08 [DEBUG] [xplex4-01201607041437067d091331a4f3844de8d537de2b916b26c3c7a6ca] Response (LGD_FINANCENAME, 0) = 신한
2016-07-04 14:37:08 [DEBUG] [xplex4-01201607041437067d091331a4f3844de8d537de2b916b26c3c7a6ca] Response (LGD_CASHRECEIPTKIND, 0) = 0
2016-07-04 14:37:08 [DEBUG] [xplex4-01201607041437067d091331a4f3844de8d537de2b916b26c3c7a6ca] Response (LGD_DELIVERYINFO, 0) = 
2016-07-04 14:37:08 [DEBUG] [xplex4-01201607041437067d091331a4f3844de8d537de2b916b26c3c7a6ca] Response (LGD_BUYER, 0) = 차민정
2016-07-04 14:37:08 [DEBUG] [xplex4-01201607041437067d091331a4f3844de8d537de2b916b26c3c7a6ca] Response (LGD_BUYERID, 0) = 
2016-07-04 14:37:08 [DEBUG] [xplex4-01201607041437067d091331a4f3844de8d537de2b916b26c3c7a6ca] Response (LGD_OID, 0) = 6020
2016-07-04 14:37:08 [DEBUG] [xplex4-01201607041437067d091331a4f3844de8d537de2b916b26c3c7a6ca] Response (LGD_RECEIVERPHONE, 0) = 
2016-07-04 14:37:08 [DEBUG] [xplex4-01201607041437067d091331a4f3844de8d537de2b916b26c3c7a6ca] Response (LGD_2TR_FLAG, 0) = Y
2016-07-04 14:37:08 [DEBUG] [xplex4-01201607041437067d091331a4f3844de8d537de2b916b26c3c7a6ca] Response (LGD_DEVICE, 0) = 
2016-07-04 14:37:08 [DEBUG] [xplex4-01201607041437067d091331a4f3844de8d537de2b916b26c3c7a6ca] Response (LGD_TID, 0) = xplex2016070423370848614
2016-07-04 14:37:08 [DEBUG] [xplex4-01201607041437067d091331a4f3844de8d537de2b916b26c3c7a6ca] Response (LGD_TIMESTAMP, 0) = 20160704233709
2016-07-04 14:37:08 [DEBUG] [xplex4-01201607041437067d091331a4f3844de8d537de2b916b26c3c7a6ca] Response (LGD_SAOWNER, 0) = 엑스플렉스(X-PLEX)
2016-07-04 14:37:08 [DEBUG] [xplex4-01201607041437067d091331a4f3844de8d537de2b916b26c3c7a6ca] Response (LGD_FINANCECODE, 0) = 088
2016-07-04 14:37:08 [DEBUG] [xplex4-01201607041437067d091331a4f3844de8d537de2b916b26c3c7a6ca] Response (LGD_BUYERPHONE, 0) = 01032812402
2016-07-04 14:37:08 [DEBUG] [xplex4-01201607041437067d091331a4f3844de8d537de2b916b26c3c7a6ca] Response (LGD_ESCROWYN, 0) = N
2016-07-04 14:37:08 [DEBUG] [xplex4-01201607041437067d091331a4f3844de8d537de2b916b26c3c7a6ca] Response (LGD_PAYTYPE, 0) = SC0040
2016-07-04 14:37:08 [DEBUG] [xplex4-01201607041437067d091331a4f3844de8d537de2b916b26c3c7a6ca] Response (LGD_CASFLAG, 0) = R
2016-07-04 14:37:08 [DEBUG] [xplex4-01201607041437067d091331a4f3844de8d537de2b916b26c3c7a6ca] Response (LGD_CASCAMOUNT, 0) = 0
2016-07-04 14:37:08 [DEBUG] [xplex4-01201607041437067d091331a4f3844de8d537de2b916b26c3c7a6ca] Response (LGD_CASTAMOUNT, 0) = 0
2016-07-04 14:37:08 [DEBUG] [xplex4-01201607041437067d091331a4f3844de8d537de2b916b26c3c7a6ca] Response (LGD_AMOUNT, 0) = 240000
2016-07-04 14:37:08 [DEBUG] [xplex4-01201607041437067d091331a4f3844de8d537de2b916b26c3c7a6ca] Response (LGD_BUYERSSN, 0) = .
2016-07-04 14:37:08 [DEBUG] [xplex4-01201607041437067d091331a4f3844de8d537de2b916b26c3c7a6ca] Response (LGD_CASHRECEIPTCODE, 0) = 0000
2016-07-04 14:37:08 [DEBUG] [xplex4-01201607041437067d091331a4f3844de8d537de2b916b26c3c7a6ca] Response (LGD_RESPMSG, 0) = 26: 
2016-07-04 14:37:08 [DEBUG] [xplex4-01201607041437067d091331a4f3844de8d537de2b916b26c3c7a6ca] Response (LGD_PAYDATE, 0) = 20160704233708
2016-07-04 14:37:08 [DEBUG] [xplex4-01201607041437067d091331a4f3844de8d537de2b916b26c3c7a6ca] Response (LGD_PRODUCTINFO, 0) = 나도 그림책 작가스토리텔링 강화로 그림책 글쓰기 도전
2016-07-04 14:37:08 [DEBUG] [xplex4-01201607041437067d091331a4f3844de8d537de2b916b26c3c7a6ca] Response (LGD_CASSEQNO, 0) = 000
2016-07-04 14:37:08 [DEBUG] [xplex4-01201607041437067d091331a4f3844de8d537de2b916b26c3c7a6ca] Response (LGD_PRODUCTCODE, 0) = 
2016-07-04 14:37:08 [DEBUG] [xplex4-01201607041437067d091331a4f3844de8d537de2b916b26c3c7a6ca] Response (LGD_HASHDATA, 0) = bea976ce3029e0415b8de56dc0218219
2016-07-04 14:37:08 [DEBUG] [xplex4-01201607041437067d091331a4f3844de8d537de2b916b26c3c7a6ca] Response (LGD_BUYERADDRESS, 0) = 중랑구 신내2동 성원아파트105동 701호
2016-07-04 14:37:08 [DEBUG] [xplex4-01201607041437067d091331a4f3844de8d537de2b916b26c3c7a6ca] Response (LGD_RECEIVER, 0) = 
2016-07-04 14:37:08 [DEBUG] [xplex4-01201607041437067d091331a4f3844de8d537de2b916b26c3c7a6ca] Response (LGD_RESPCODE, 0) = 0000
2016-07-04 14:37:08 [DEBUG] [xplex4-01201607041437067d091331a4f3844de8d537de2b916b26c3c7a6ca] Response (LGD_ACCOUNTNUM, 0) = 63790116840598
2016-07-04 14:37:08 [DEBUG] [xplex4-01201607041437067d091331a4f3844de8d537de2b916b26c3c7a6ca] Response (LGD_PAYER, 0) = 차민정
2016-07-04 14:37:08 [DEBUG] [xplex4-01201607041437067d091331a4f3844de8d537de2b916b26c3c7a6ca] Response (LGD_BUYEREMAIL, 0) = designforwhat@gmail.com
