2015-11-20 07:13:36 [INFO ] [] XPayClient initialize [/home/hosting_users/xplex/www/wp-content/plugins/woocommerce-lguplus-kr/lgdacom] [service]
2015-11-20 07:13:36 [DEBUG] [] Config [server_id] = [01]
2015-11-20 07:13:36 [DEBUG] [] Config [timeout] = [60]
2015-11-20 07:13:36 [DEBUG] [] Config [log_level] = [4]
2015-11-20 07:13:36 [DEBUG] [] Config [verify_cert] = [1]
2015-11-20 07:13:36 [DEBUG] [] Config [verify_host] = [1]
2015-11-20 07:13:36 [DEBUG] [] Config [report_error] = [1]
2015-11-20 07:13:36 [DEBUG] [] Config [output_UTF8] = [1]
2015-11-20 07:13:36 [DEBUG] [] Config [auto_rollback] = [1]
2015-11-20 07:13:36 [DEBUG] [] Config [log_dir] = [/home/hosting_users/xplex/www/wp-content/plugins/woocommerce-lguplus-kr/lgdacom/log]
2015-11-20 07:13:36 [DEBUG] [] Config [txplex4] = [12d7f002e43a80c0dd64128a1957e351]
2015-11-20 07:13:36 [DEBUG] [] Config [xplex4] = [12d7f002e43a80c0dd64128a1957e351]
2015-11-20 07:13:36 [DEBUG] [] Config [url] = [https://xpayclient.lgdacom.net/xpay/Gateway.do]
2015-11-20 07:13:36 [DEBUG] [] Config [test_url] = [https://xpayclient.lgdacom.net:7443/xpay/Gateway.do]
2015-11-20 07:13:36 [DEBUG] [] Config [aux_url] = [http://xpayclient.lgdacom.net:7080/xpay/Gateway.do]
2015-11-20 07:13:36 [DEBUG] [xplex4-0120151120071336e4ae2ced592954dba7a0a302ebb673eb81f61e8c] Post [LGD_TXID] = [xplex4-0120151120071336e4ae2ced592954dba7a0a302ebb673eb81f61e8c]
2015-11-20 07:13:36 [DEBUG] [xplex4-0120151120071336e4ae2ced592954dba7a0a302ebb673eb81f61e8c] Post [LGD_AUTHCODE] = [9ec540933f6c7dda5e7a64e7852581f05e1f1bdb]
2015-11-20 07:13:36 [DEBUG] [xplex4-0120151120071336e4ae2ced592954dba7a0a302ebb673eb81f61e8c] Post [LGD_MID] = [xplex4]
2015-11-20 07:13:36 [DEBUG] [xplex4-0120151120071336e4ae2ced592954dba7a0a302ebb673eb81f61e8c] Post [LGD_TXNAME] = [PaymentByKey]
2015-11-20 07:13:36 [DEBUG] [xplex4-0120151120071336e4ae2ced592954dba7a0a302ebb673eb81f61e8c] Post [LGD_PAYKEY] = [201511201613351FA7CBC231107838C30911BFCEC3FEC7C1AA835A]
2015-11-20 07:13:36 [DEBUG] [xplex4-0120151120071336e4ae2ced592954dba7a0a302ebb673eb81f61e8c] post_string = LGD_TXID=xplex4-0120151120071336e4ae2ced592954dba7a0a302ebb673eb81f61e8c&LGD_AUTHCODE=9ec540933f6c7dda5e7a64e7852581f05e1f1bdb&LGD_MID=xplex4&LGD_TXNAME=PaymentByKey&LGD_PAYKEY=201511201613351FA7CBC231107838C30911BFCEC3FEC7C1AA835A
2015-11-20 07:13:38 [DEBUG] [xplex4-0120151120071336e4ae2ced592954dba7a0a302ebb673eb81f61e8c] Result = [









{"LGD_RESPCODE":"0000","LGD_RESPMSG":"20: ","LGD_RESPONSE":[{"LGD_IFOS":"3A5C0S","LGD_MID":"xplex4","LGD_FINANCENAME":"우리","LGD_CASHRECEIPTKIND":"0","LGD_DELIVERYINFO":"","LGD_BUYER":"김미선","LGD_BUYERID":"","LGD_OID":"4059","LGD_RECEIVERPHONE":"","LGD_2TR_FLAG":"Y","LGD_DEVICE":"","LGD_TID":"xplex2015112016133781258","LGD_TIMESTAMP":"20151120161338","LGD_SAOWNER":"엑스플렉스(X-PLEX)","LGD_FINANCECODE":"020","LGD_BUYERPHONE":"01063358766","LGD_ESCROWYN":"N","LGD_PAYTYPE":"SC0040","LGD_CASFLAG":"R","LGD_CASCAMOUNT":"0","LGD_CASTAMOUNT":"0","LGD_AMOUNT":"210000","LGD_BUYERSSN":".","LGD_CASHRECEIPTCODE":"0000","LGD_RESPMSG":"20: ","LGD_PAYDATE":"20151120161337","LGD_PRODUCTINFO":"나도 그림책 작가 3기스토리텔링 강화로 그림책 글쓰기 도전!","LGD_CASSEQNO":"000","LGD_PRODUCTCODE":"","LGD_HASHDATA":"b8e3c81e30d95dfc0d27c6d554d619d5","LGD_BUYERADDRESS":"화성시 오산동 풍성신미주아파트 101~108동104-1103","LGD_RECEIVER":"","LGD_RESPCODE":"0000","LGD_ACCOUNTNUM":"46500633918562","LGD_PAYER":"이승태","LGD_BUYEREMAIL":"misun4000@naver.com"}]}
]
2015-11-20 07:13:38 [INFO ] [xplex4-0120151120071336e4ae2ced592954dba7a0a302ebb673eb81f61e8c] Response Code=[0000], Msg=[20: ], Count=1
2015-11-20 07:13:38 [DEBUG] [xplex4-0120151120071336e4ae2ced592954dba7a0a302ebb673eb81f61e8c] Response (LGD_IFOS, 0) = 3A5C0S
2015-11-20 07:13:38 [DEBUG] [xplex4-0120151120071336e4ae2ced592954dba7a0a302ebb673eb81f61e8c] Response (LGD_MID, 0) = xplex4
2015-11-20 07:13:38 [DEBUG] [xplex4-0120151120071336e4ae2ced592954dba7a0a302ebb673eb81f61e8c] Response (LGD_FINANCENAME, 0) = 우리
2015-11-20 07:13:38 [DEBUG] [xplex4-0120151120071336e4ae2ced592954dba7a0a302ebb673eb81f61e8c] Response (LGD_CASHRECEIPTKIND, 0) = 0
2015-11-20 07:13:38 [DEBUG] [xplex4-0120151120071336e4ae2ced592954dba7a0a302ebb673eb81f61e8c] Response (LGD_DELIVERYINFO, 0) = 
2015-11-20 07:13:38 [DEBUG] [xplex4-0120151120071336e4ae2ced592954dba7a0a302ebb673eb81f61e8c] Response (LGD_BUYER, 0) = 김미선
2015-11-20 07:13:38 [DEBUG] [xplex4-0120151120071336e4ae2ced592954dba7a0a302ebb673eb81f61e8c] Response (LGD_BUYERID, 0) = 
2015-11-20 07:13:38 [DEBUG] [xplex4-0120151120071336e4ae2ced592954dba7a0a302ebb673eb81f61e8c] Response (LGD_OID, 0) = 4059
2015-11-20 07:13:38 [DEBUG] [xplex4-0120151120071336e4ae2ced592954dba7a0a302ebb673eb81f61e8c] Response (LGD_RECEIVERPHONE, 0) = 
2015-11-20 07:13:38 [DEBUG] [xplex4-0120151120071336e4ae2ced592954dba7a0a302ebb673eb81f61e8c] Response (LGD_2TR_FLAG, 0) = Y
2015-11-20 07:13:38 [DEBUG] [xplex4-0120151120071336e4ae2ced592954dba7a0a302ebb673eb81f61e8c] Response (LGD_DEVICE, 0) = 
2015-11-20 07:13:38 [DEBUG] [xplex4-0120151120071336e4ae2ced592954dba7a0a302ebb673eb81f61e8c] Response (LGD_TID, 0) = xplex2015112016133781258
2015-11-20 07:13:38 [DEBUG] [xplex4-0120151120071336e4ae2ced592954dba7a0a302ebb673eb81f61e8c] Response (LGD_TIMESTAMP, 0) = 20151120161338
2015-11-20 07:13:38 [DEBUG] [xplex4-0120151120071336e4ae2ced592954dba7a0a302ebb673eb81f61e8c] Response (LGD_SAOWNER, 0) = 엑스플렉스(X-PLEX)
2015-11-20 07:13:38 [DEBUG] [xplex4-0120151120071336e4ae2ced592954dba7a0a302ebb673eb81f61e8c] Response (LGD_FINANCECODE, 0) = 020
2015-11-20 07:13:38 [DEBUG] [xplex4-0120151120071336e4ae2ced592954dba7a0a302ebb673eb81f61e8c] Response (LGD_BUYERPHONE, 0) = 01063358766
2015-11-20 07:13:38 [DEBUG] [xplex4-0120151120071336e4ae2ced592954dba7a0a302ebb673eb81f61e8c] Response (LGD_ESCROWYN, 0) = N
2015-11-20 07:13:38 [DEBUG] [xplex4-0120151120071336e4ae2ced592954dba7a0a302ebb673eb81f61e8c] Response (LGD_PAYTYPE, 0) = SC0040
2015-11-20 07:13:38 [DEBUG] [xplex4-0120151120071336e4ae2ced592954dba7a0a302ebb673eb81f61e8c] Response (LGD_CASFLAG, 0) = R
2015-11-20 07:13:38 [DEBUG] [xplex4-0120151120071336e4ae2ced592954dba7a0a302ebb673eb81f61e8c] Response (LGD_CASCAMOUNT, 0) = 0
2015-11-20 07:13:38 [DEBUG] [xplex4-0120151120071336e4ae2ced592954dba7a0a302ebb673eb81f61e8c] Response (LGD_CASTAMOUNT, 0) = 0
2015-11-20 07:13:38 [DEBUG] [xplex4-0120151120071336e4ae2ced592954dba7a0a302ebb673eb81f61e8c] Response (LGD_AMOUNT, 0) = 210000
2015-11-20 07:13:38 [DEBUG] [xplex4-0120151120071336e4ae2ced592954dba7a0a302ebb673eb81f61e8c] Response (LGD_BUYERSSN, 0) = .
2015-11-20 07:13:38 [DEBUG] [xplex4-0120151120071336e4ae2ced592954dba7a0a302ebb673eb81f61e8c] Response (LGD_CASHRECEIPTCODE, 0) = 0000
2015-11-20 07:13:38 [DEBUG] [xplex4-0120151120071336e4ae2ced592954dba7a0a302ebb673eb81f61e8c] Response (LGD_RESPMSG, 0) = 20: 
2015-11-20 07:13:38 [DEBUG] [xplex4-0120151120071336e4ae2ced592954dba7a0a302ebb673eb81f61e8c] Response (LGD_PAYDATE, 0) = 20151120161337
2015-11-20 07:13:38 [DEBUG] [xplex4-0120151120071336e4ae2ced592954dba7a0a302ebb673eb81f61e8c] Response (LGD_PRODUCTINFO, 0) = 나도 그림책 작가 3기스토리텔링 강화로 그림책 글쓰기 도전!
2015-11-20 07:13:38 [DEBUG] [xplex4-0120151120071336e4ae2ced592954dba7a0a302ebb673eb81f61e8c] Response (LGD_CASSEQNO, 0) = 000
2015-11-20 07:13:38 [DEBUG] [xplex4-0120151120071336e4ae2ced592954dba7a0a302ebb673eb81f61e8c] Response (LGD_PRODUCTCODE, 0) = 
2015-11-20 07:13:38 [DEBUG] [xplex4-0120151120071336e4ae2ced592954dba7a0a302ebb673eb81f61e8c] Response (LGD_HASHDATA, 0) = b8e3c81e30d95dfc0d27c6d554d619d5
2015-11-20 07:13:38 [DEBUG] [xplex4-0120151120071336e4ae2ced592954dba7a0a302ebb673eb81f61e8c] Response (LGD_BUYERADDRESS, 0) = 화성시 오산동 풍성신미주아파트 101~108동104-1103
2015-11-20 07:13:38 [DEBUG] [xplex4-0120151120071336e4ae2ced592954dba7a0a302ebb673eb81f61e8c] Response (LGD_RECEIVER, 0) = 
2015-11-20 07:13:38 [DEBUG] [xplex4-0120151120071336e4ae2ced592954dba7a0a302ebb673eb81f61e8c] Response (LGD_RESPCODE, 0) = 0000
2015-11-20 07:13:38 [DEBUG] [xplex4-0120151120071336e4ae2ced592954dba7a0a302ebb673eb81f61e8c] Response (LGD_ACCOUNTNUM, 0) = 46500633918562
2015-11-20 07:13:38 [DEBUG] [xplex4-0120151120071336e4ae2ced592954dba7a0a302ebb673eb81f61e8c] Response (LGD_PAYER, 0) = 이승태
2015-11-20 07:13:38 [DEBUG] [xplex4-0120151120071336e4ae2ced592954dba7a0a302ebb673eb81f61e8c] Response (LGD_BUYEREMAIL, 0) = misun4000@naver.com
