2015-06-19 23:29:52 [INFO ] [] XPayClient initialize [/home/hosting_users/xplex/www/wp-content/plugins/woocommerce-lguplus-kr/lgdacom] [service]
2015-06-19 23:29:52 [DEBUG] [] Config [server_id] = [01]
2015-06-19 23:29:52 [DEBUG] [] Config [timeout] = [60]
2015-06-19 23:29:52 [DEBUG] [] Config [log_level] = [4]
2015-06-19 23:29:52 [DEBUG] [] Config [verify_cert] = [1]
2015-06-19 23:29:52 [DEBUG] [] Config [verify_host] = [1]
2015-06-19 23:29:52 [DEBUG] [] Config [report_error] = [1]
2015-06-19 23:29:52 [DEBUG] [] Config [output_UTF8] = [1]
2015-06-19 23:29:52 [DEBUG] [] Config [auto_rollback] = [1]
2015-06-19 23:29:52 [DEBUG] [] Config [log_dir] = [/home/hosting_users/xplex/www/wp-content/plugins/woocommerce-lguplus-kr/lgdacom/log]
2015-06-19 23:29:52 [DEBUG] [] Config [txplex4] = [12d7f002e43a80c0dd64128a1957e351]
2015-06-19 23:29:52 [DEBUG] [] Config [xplex4] = [12d7f002e43a80c0dd64128a1957e351]
2015-06-19 23:29:52 [DEBUG] [] Config [url] = [https://xpayclient.lgdacom.net/xpay/Gateway.do]
2015-06-19 23:29:52 [DEBUG] [] Config [test_url] = [https://xpayclient.lgdacom.net:7443/xpay/Gateway.do]
2015-06-19 23:29:52 [DEBUG] [] Config [aux_url] = [http://xpayclient.lgdacom.net:7080/xpay/Gateway.do]
2015-06-19 23:29:52 [DEBUG] [xplex4-012015061923295217c7a3462f2cc037afeb48a793ef9bc7e396c80c] Post [LGD_TXID] = [xplex4-012015061923295217c7a3462f2cc037afeb48a793ef9bc7e396c80c]
2015-06-19 23:29:52 [DEBUG] [xplex4-012015061923295217c7a3462f2cc037afeb48a793ef9bc7e396c80c] Post [LGD_AUTHCODE] = [29f1aa1a7b713c4874ca64e07cbd990020dd2b5f]
2015-06-19 23:29:52 [DEBUG] [xplex4-012015061923295217c7a3462f2cc037afeb48a793ef9bc7e396c80c] Post [LGD_MID] = [xplex4]
2015-06-19 23:29:52 [DEBUG] [xplex4-012015061923295217c7a3462f2cc037afeb48a793ef9bc7e396c80c] Post [LGD_TXNAME] = [PaymentByKey]
2015-06-19 23:29:52 [DEBUG] [xplex4-012015061923295217c7a3462f2cc037afeb48a793ef9bc7e396c80c] Post [LGD_PAYKEY] = [201506200829513C7A424A77B864DA9DDA6F966DEF8E5AEA29D6ED]
2015-06-19 23:29:52 [DEBUG] [xplex4-012015061923295217c7a3462f2cc037afeb48a793ef9bc7e396c80c] post_string = LGD_TXID=xplex4-012015061923295217c7a3462f2cc037afeb48a793ef9bc7e396c80c&LGD_AUTHCODE=29f1aa1a7b713c4874ca64e07cbd990020dd2b5f&LGD_MID=xplex4&LGD_TXNAME=PaymentByKey&LGD_PAYKEY=201506200829513C7A424A77B864DA9DDA6F966DEF8E5AEA29D6ED
2015-06-19 23:29:53 [DEBUG] [xplex4-012015061923295217c7a3462f2cc037afeb48a793ef9bc7e396c80c] Result = [









{"LGD_RESPCODE":"0000","LGD_RESPMSG":"06: ","LGD_RESPONSE":[{"LGD_IFOS":"3M7ETM","LGD_MID":"xplex4","LGD_FINANCENAME":"국민","LGD_DELIVERYINFO":"","LGD_BUYER":"유준원","LGD_BUYERID":"","LGD_OID":"3040","LGD_RECEIVERPHONE":"","LGD_2TR_FLAG":"Y","LGD_DEVICE":"","LGD_TID":"xplex2015062008295355923","LGD_TIMESTAMP":"20150620082954","LGD_SAOWNER":"엑스플렉스(X-PLEX)","LGD_FINANCECODE":"004","LGD_BUYERPHONE":"01030862460","LGD_ESCROWYN":"N","LGD_PAYTYPE":"SC0040","LGD_CASFLAG":"R","LGD_CASCAMOUNT":"0","LGD_CASTAMOUNT":"0","LGD_AMOUNT":"150000","LGD_BUYERSSN":".","LGD_RESPMSG":"06: ","LGD_PAYDATE":"20150620082954","LGD_PRODUCTINFO":"출판오감–출판인을 위한 새로운 감각수업","LGD_CASSEQNO":"000","LGD_PRODUCTCODE":"","LGD_HASHDATA":"8ae62f79e32b6a9b776e4a4893e75b63","LGD_BUYERADDRESS":"금천구 가산동 한신IT타워2차402호 더클","LGD_RECEIVER":"","LGD_RESPCODE":"0000","LGD_ACCOUNTNUM":"69479011020200","LGD_PAYER":"유준원","LGD_BUYEREMAIL":"noran777@hanmail.net"}]}
]
2015-06-19 23:29:53 [INFO ] [xplex4-012015061923295217c7a3462f2cc037afeb48a793ef9bc7e396c80c] Response Code=[0000], Msg=[06: ], Count=1
2015-06-19 23:29:53 [DEBUG] [xplex4-012015061923295217c7a3462f2cc037afeb48a793ef9bc7e396c80c] Response (LGD_IFOS, 0) = 3M7ETM
2015-06-19 23:29:53 [DEBUG] [xplex4-012015061923295217c7a3462f2cc037afeb48a793ef9bc7e396c80c] Response (LGD_MID, 0) = xplex4
2015-06-19 23:29:53 [DEBUG] [xplex4-012015061923295217c7a3462f2cc037afeb48a793ef9bc7e396c80c] Response (LGD_FINANCENAME, 0) = 국민
2015-06-19 23:29:53 [DEBUG] [xplex4-012015061923295217c7a3462f2cc037afeb48a793ef9bc7e396c80c] Response (LGD_DELIVERYINFO, 0) = 
2015-06-19 23:29:53 [DEBUG] [xplex4-012015061923295217c7a3462f2cc037afeb48a793ef9bc7e396c80c] Response (LGD_BUYER, 0) = 유준원
2015-06-19 23:29:53 [DEBUG] [xplex4-012015061923295217c7a3462f2cc037afeb48a793ef9bc7e396c80c] Response (LGD_BUYERID, 0) = 
2015-06-19 23:29:53 [DEBUG] [xplex4-012015061923295217c7a3462f2cc037afeb48a793ef9bc7e396c80c] Response (LGD_OID, 0) = 3040
2015-06-19 23:29:53 [DEBUG] [xplex4-012015061923295217c7a3462f2cc037afeb48a793ef9bc7e396c80c] Response (LGD_RECEIVERPHONE, 0) = 
2015-06-19 23:29:53 [DEBUG] [xplex4-012015061923295217c7a3462f2cc037afeb48a793ef9bc7e396c80c] Response (LGD_2TR_FLAG, 0) = Y
2015-06-19 23:29:53 [DEBUG] [xplex4-012015061923295217c7a3462f2cc037afeb48a793ef9bc7e396c80c] Response (LGD_DEVICE, 0) = 
2015-06-19 23:29:53 [DEBUG] [xplex4-012015061923295217c7a3462f2cc037afeb48a793ef9bc7e396c80c] Response (LGD_TID, 0) = xplex2015062008295355923
2015-06-19 23:29:53 [DEBUG] [xplex4-012015061923295217c7a3462f2cc037afeb48a793ef9bc7e396c80c] Response (LGD_TIMESTAMP, 0) = 20150620082954
2015-06-19 23:29:53 [DEBUG] [xplex4-012015061923295217c7a3462f2cc037afeb48a793ef9bc7e396c80c] Response (LGD_SAOWNER, 0) = 엑스플렉스(X-PLEX)
2015-06-19 23:29:53 [DEBUG] [xplex4-012015061923295217c7a3462f2cc037afeb48a793ef9bc7e396c80c] Response (LGD_FINANCECODE, 0) = 004
2015-06-19 23:29:53 [DEBUG] [xplex4-012015061923295217c7a3462f2cc037afeb48a793ef9bc7e396c80c] Response (LGD_BUYERPHONE, 0) = 01030862460
2015-06-19 23:29:53 [DEBUG] [xplex4-012015061923295217c7a3462f2cc037afeb48a793ef9bc7e396c80c] Response (LGD_ESCROWYN, 0) = N
2015-06-19 23:29:53 [DEBUG] [xplex4-012015061923295217c7a3462f2cc037afeb48a793ef9bc7e396c80c] Response (LGD_PAYTYPE, 0) = SC0040
2015-06-19 23:29:53 [DEBUG] [xplex4-012015061923295217c7a3462f2cc037afeb48a793ef9bc7e396c80c] Response (LGD_CASFLAG, 0) = R
2015-06-19 23:29:53 [DEBUG] [xplex4-012015061923295217c7a3462f2cc037afeb48a793ef9bc7e396c80c] Response (LGD_CASCAMOUNT, 0) = 0
2015-06-19 23:29:53 [DEBUG] [xplex4-012015061923295217c7a3462f2cc037afeb48a793ef9bc7e396c80c] Response (LGD_CASTAMOUNT, 0) = 0
2015-06-19 23:29:53 [DEBUG] [xplex4-012015061923295217c7a3462f2cc037afeb48a793ef9bc7e396c80c] Response (LGD_AMOUNT, 0) = 150000
2015-06-19 23:29:53 [DEBUG] [xplex4-012015061923295217c7a3462f2cc037afeb48a793ef9bc7e396c80c] Response (LGD_BUYERSSN, 0) = .
2015-06-19 23:29:53 [DEBUG] [xplex4-012015061923295217c7a3462f2cc037afeb48a793ef9bc7e396c80c] Response (LGD_RESPMSG, 0) = 06: 
2015-06-19 23:29:53 [DEBUG] [xplex4-012015061923295217c7a3462f2cc037afeb48a793ef9bc7e396c80c] Response (LGD_PAYDATE, 0) = 20150620082954
2015-06-19 23:29:53 [DEBUG] [xplex4-012015061923295217c7a3462f2cc037afeb48a793ef9bc7e396c80c] Response (LGD_PRODUCTINFO, 0) = 출판오감–출판인을 위한 새로운 감각수업
2015-06-19 23:29:53 [DEBUG] [xplex4-012015061923295217c7a3462f2cc037afeb48a793ef9bc7e396c80c] Response (LGD_CASSEQNO, 0) = 000
2015-06-19 23:29:53 [DEBUG] [xplex4-012015061923295217c7a3462f2cc037afeb48a793ef9bc7e396c80c] Response (LGD_PRODUCTCODE, 0) = 
2015-06-19 23:29:53 [DEBUG] [xplex4-012015061923295217c7a3462f2cc037afeb48a793ef9bc7e396c80c] Response (LGD_HASHDATA, 0) = 8ae62f79e32b6a9b776e4a4893e75b63
2015-06-19 23:29:53 [DEBUG] [xplex4-012015061923295217c7a3462f2cc037afeb48a793ef9bc7e396c80c] Response (LGD_BUYERADDRESS, 0) = 금천구 가산동 한신IT타워2차402호 더클
2015-06-19 23:29:53 [DEBUG] [xplex4-012015061923295217c7a3462f2cc037afeb48a793ef9bc7e396c80c] Response (LGD_RECEIVER, 0) = 
2015-06-19 23:29:53 [DEBUG] [xplex4-012015061923295217c7a3462f2cc037afeb48a793ef9bc7e396c80c] Response (LGD_RESPCODE, 0) = 0000
2015-06-19 23:29:53 [DEBUG] [xplex4-012015061923295217c7a3462f2cc037afeb48a793ef9bc7e396c80c] Response (LGD_ACCOUNTNUM, 0) = 69479011020200
2015-06-19 23:29:53 [DEBUG] [xplex4-012015061923295217c7a3462f2cc037afeb48a793ef9bc7e396c80c] Response (LGD_PAYER, 0) = 유준원
2015-06-19 23:29:53 [DEBUG] [xplex4-012015061923295217c7a3462f2cc037afeb48a793ef9bc7e396c80c] Response (LGD_BUYEREMAIL, 0) = noran777@hanmail.net
