2014-10-27 06:28:01 [INFO ] [] XPayClient initialize [/home/hosting_users/xplex/www/wp-content/plugins/woocommerce-lguplus-kr/lgdacom] [service]
2014-10-27 06:28:01 [DEBUG] [] Config [server_id] = [01]
2014-10-27 06:28:01 [DEBUG] [] Config [timeout] = [60]
2014-10-27 06:28:01 [DEBUG] [] Config [log_level] = [4]
2014-10-27 06:28:01 [DEBUG] [] Config [verify_cert] = [1]
2014-10-27 06:28:01 [DEBUG] [] Config [verify_host] = [1]
2014-10-27 06:28:01 [DEBUG] [] Config [report_error] = [1]
2014-10-27 06:28:01 [DEBUG] [] Config [output_UTF8] = [1]
2014-10-27 06:28:01 [DEBUG] [] Config [auto_rollback] = [1]
2014-10-27 06:28:01 [DEBUG] [] Config [log_dir] = [/home/hosting_users/xplex/www/wp-content/plugins/woocommerce-lguplus-kr/lgdacom/log]
2014-10-27 06:28:01 [DEBUG] [] Config [txplex4] = [12d7f002e43a80c0dd64128a1957e351]
2014-10-27 06:28:01 [DEBUG] [] Config [xplex4] = [12d7f002e43a80c0dd64128a1957e351]
2014-10-27 06:28:01 [DEBUG] [] Config [url] = [https://xpayclient.lgdacom.net/xpay/Gateway.do]
2014-10-27 06:28:01 [DEBUG] [] Config [test_url] = [https://xpayclient.lgdacom.net:7443/xpay/Gateway.do]
2014-10-27 06:28:01 [DEBUG] [] Config [aux_url] = [http://xpayclient.lgdacom.net:7080/xpay/Gateway.do]
2014-10-27 06:28:01 [DEBUG] [xplex4-01201410270628016daef83fd636bbb0b4f2c8fccea52f6a13fa5e4d] Post [LGD_TXID] = [xplex4-01201410270628016daef83fd636bbb0b4f2c8fccea52f6a13fa5e4d]
2014-10-27 06:28:01 [DEBUG] [xplex4-01201410270628016daef83fd636bbb0b4f2c8fccea52f6a13fa5e4d] Post [LGD_AUTHCODE] = [c4b36c5a045dfdf21a29590456bbd3655766d333]
2014-10-27 06:28:01 [DEBUG] [xplex4-01201410270628016daef83fd636bbb0b4f2c8fccea52f6a13fa5e4d] Post [LGD_MID] = [xplex4]
2014-10-27 06:28:01 [DEBUG] [xplex4-01201410270628016daef83fd636bbb0b4f2c8fccea52f6a13fa5e4d] Post [LGD_TXNAME] = [PaymentByKey]
2014-10-27 06:28:01 [DEBUG] [xplex4-01201410270628016daef83fd636bbb0b4f2c8fccea52f6a13fa5e4d] Post [LGD_PAYKEY] = [20141027152800859B3B11970A24414DF55E954DAD101D9A66CD0D]
2014-10-27 06:28:01 [DEBUG] [xplex4-01201410270628016daef83fd636bbb0b4f2c8fccea52f6a13fa5e4d] post_string = LGD_TXID=xplex4-01201410270628016daef83fd636bbb0b4f2c8fccea52f6a13fa5e4d&LGD_AUTHCODE=c4b36c5a045dfdf21a29590456bbd3655766d333&LGD_MID=xplex4&LGD_TXNAME=PaymentByKey&LGD_PAYKEY=20141027152800859B3B11970A24414DF55E954DAD101D9A66CD0D
2014-10-27 06:28:02 [DEBUG] [xplex4-01201410270628016daef83fd636bbb0b4f2c8fccea52f6a13fa5e4d] Result = [









{"LGD_RESPCODE":"0000","LGD_RESPMSG":"20: ","LGD_RESPONSE":[{"LGD_IFOS":"3A4S0S","LGD_MID":"xplex4","LGD_FINANCENAME":"우리","LGD_CASHRECEIPTKIND":"0","LGD_DELIVERYINFO":"","LGD_BUYER":"이향란","LGD_BUYERID":"","LGD_OID":"976","LGD_RECEIVERPHONE":"","LGD_2TR_FLAG":"Y","LGD_DEVICE":"","LGD_TID":"xplex2014102715280118355","LGD_TIMESTAMP":"20141027152802","LGD_SAOWNER":"엑스플렉스(X-PLEX)","LGD_FINANCECODE":"020","LGD_BUYERPHONE":"01038972056","LGD_ESCROWYN":"N","LGD_PAYTYPE":"SC0040","LGD_CASFLAG":"R","LGD_CASCAMOUNT":"0","LGD_CASTAMOUNT":"0","LGD_AMOUNT":"150000","LGD_BUYERSSN":".","LGD_CASHRECEIPTCODE":"0000","LGD_RESPMSG":"20: ","LGD_PAYDATE":"20141027152802","LGD_PRODUCTINFO":"자기발견의 글쓰기 - 내 인생이 글이 된다","LGD_CASSEQNO":"000","LGD_PRODUCTCODE":"","LGD_HASHDATA":"d05b7c2f199917db29f3e29e14034573","LGD_BUYERADDRESS":"은평구 역촌동 36~4442ㅡ13 2층","LGD_RECEIVER":"","LGD_RESPCODE":"0000","LGD_ACCOUNTNUM":"61645615418190","LGD_PAYER":"이원중","LGD_BUYEREMAIL":"dalrigisong@naver.com"}]}
]
2014-10-27 06:28:02 [INFO ] [xplex4-01201410270628016daef83fd636bbb0b4f2c8fccea52f6a13fa5e4d] Response Code=[0000], Msg=[20: ], Count=1
2014-10-27 06:28:02 [DEBUG] [xplex4-01201410270628016daef83fd636bbb0b4f2c8fccea52f6a13fa5e4d] Response (LGD_IFOS, 0) = 3A4S0S
2014-10-27 06:28:02 [DEBUG] [xplex4-01201410270628016daef83fd636bbb0b4f2c8fccea52f6a13fa5e4d] Response (LGD_MID, 0) = xplex4
2014-10-27 06:28:02 [DEBUG] [xplex4-01201410270628016daef83fd636bbb0b4f2c8fccea52f6a13fa5e4d] Response (LGD_FINANCENAME, 0) = 우리
2014-10-27 06:28:02 [DEBUG] [xplex4-01201410270628016daef83fd636bbb0b4f2c8fccea52f6a13fa5e4d] Response (LGD_CASHRECEIPTKIND, 0) = 0
2014-10-27 06:28:02 [DEBUG] [xplex4-01201410270628016daef83fd636bbb0b4f2c8fccea52f6a13fa5e4d] Response (LGD_DELIVERYINFO, 0) = 
2014-10-27 06:28:02 [DEBUG] [xplex4-01201410270628016daef83fd636bbb0b4f2c8fccea52f6a13fa5e4d] Response (LGD_BUYER, 0) = 이향란
2014-10-27 06:28:02 [DEBUG] [xplex4-01201410270628016daef83fd636bbb0b4f2c8fccea52f6a13fa5e4d] Response (LGD_BUYERID, 0) = 
2014-10-27 06:28:02 [DEBUG] [xplex4-01201410270628016daef83fd636bbb0b4f2c8fccea52f6a13fa5e4d] Response (LGD_OID, 0) = 976
2014-10-27 06:28:02 [DEBUG] [xplex4-01201410270628016daef83fd636bbb0b4f2c8fccea52f6a13fa5e4d] Response (LGD_RECEIVERPHONE, 0) = 
2014-10-27 06:28:02 [DEBUG] [xplex4-01201410270628016daef83fd636bbb0b4f2c8fccea52f6a13fa5e4d] Response (LGD_2TR_FLAG, 0) = Y
2014-10-27 06:28:02 [DEBUG] [xplex4-01201410270628016daef83fd636bbb0b4f2c8fccea52f6a13fa5e4d] Response (LGD_DEVICE, 0) = 
2014-10-27 06:28:02 [DEBUG] [xplex4-01201410270628016daef83fd636bbb0b4f2c8fccea52f6a13fa5e4d] Response (LGD_TID, 0) = xplex2014102715280118355
2014-10-27 06:28:02 [DEBUG] [xplex4-01201410270628016daef83fd636bbb0b4f2c8fccea52f6a13fa5e4d] Response (LGD_TIMESTAMP, 0) = 20141027152802
2014-10-27 06:28:02 [DEBUG] [xplex4-01201410270628016daef83fd636bbb0b4f2c8fccea52f6a13fa5e4d] Response (LGD_SAOWNER, 0) = 엑스플렉스(X-PLEX)
2014-10-27 06:28:02 [DEBUG] [xplex4-01201410270628016daef83fd636bbb0b4f2c8fccea52f6a13fa5e4d] Response (LGD_FINANCECODE, 0) = 020
2014-10-27 06:28:02 [DEBUG] [xplex4-01201410270628016daef83fd636bbb0b4f2c8fccea52f6a13fa5e4d] Response (LGD_BUYERPHONE, 0) = 01038972056
2014-10-27 06:28:02 [DEBUG] [xplex4-01201410270628016daef83fd636bbb0b4f2c8fccea52f6a13fa5e4d] Response (LGD_ESCROWYN, 0) = N
2014-10-27 06:28:02 [DEBUG] [xplex4-01201410270628016daef83fd636bbb0b4f2c8fccea52f6a13fa5e4d] Response (LGD_PAYTYPE, 0) = SC0040
2014-10-27 06:28:02 [DEBUG] [xplex4-01201410270628016daef83fd636bbb0b4f2c8fccea52f6a13fa5e4d] Response (LGD_CASFLAG, 0) = R
2014-10-27 06:28:02 [DEBUG] [xplex4-01201410270628016daef83fd636bbb0b4f2c8fccea52f6a13fa5e4d] Response (LGD_CASCAMOUNT, 0) = 0
2014-10-27 06:28:02 [DEBUG] [xplex4-01201410270628016daef83fd636bbb0b4f2c8fccea52f6a13fa5e4d] Response (LGD_CASTAMOUNT, 0) = 0
2014-10-27 06:28:02 [DEBUG] [xplex4-01201410270628016daef83fd636bbb0b4f2c8fccea52f6a13fa5e4d] Response (LGD_AMOUNT, 0) = 150000
2014-10-27 06:28:02 [DEBUG] [xplex4-01201410270628016daef83fd636bbb0b4f2c8fccea52f6a13fa5e4d] Response (LGD_BUYERSSN, 0) = .
2014-10-27 06:28:02 [DEBUG] [xplex4-01201410270628016daef83fd636bbb0b4f2c8fccea52f6a13fa5e4d] Response (LGD_CASHRECEIPTCODE, 0) = 0000
2014-10-27 06:28:02 [DEBUG] [xplex4-01201410270628016daef83fd636bbb0b4f2c8fccea52f6a13fa5e4d] Response (LGD_RESPMSG, 0) = 20: 
2014-10-27 06:28:02 [DEBUG] [xplex4-01201410270628016daef83fd636bbb0b4f2c8fccea52f6a13fa5e4d] Response (LGD_PAYDATE, 0) = 20141027152802
2014-10-27 06:28:02 [DEBUG] [xplex4-01201410270628016daef83fd636bbb0b4f2c8fccea52f6a13fa5e4d] Response (LGD_PRODUCTINFO, 0) = 자기발견의 글쓰기 - 내 인생이 글이 된다
2014-10-27 06:28:02 [DEBUG] [xplex4-01201410270628016daef83fd636bbb0b4f2c8fccea52f6a13fa5e4d] Response (LGD_CASSEQNO, 0) = 000
2014-10-27 06:28:02 [DEBUG] [xplex4-01201410270628016daef83fd636bbb0b4f2c8fccea52f6a13fa5e4d] Response (LGD_PRODUCTCODE, 0) = 
2014-10-27 06:28:02 [DEBUG] [xplex4-01201410270628016daef83fd636bbb0b4f2c8fccea52f6a13fa5e4d] Response (LGD_HASHDATA, 0) = d05b7c2f199917db29f3e29e14034573
2014-10-27 06:28:02 [DEBUG] [xplex4-01201410270628016daef83fd636bbb0b4f2c8fccea52f6a13fa5e4d] Response (LGD_BUYERADDRESS, 0) = 은평구 역촌동 36~4442ㅡ13 2층
2014-10-27 06:28:02 [DEBUG] [xplex4-01201410270628016daef83fd636bbb0b4f2c8fccea52f6a13fa5e4d] Response (LGD_RECEIVER, 0) = 
2014-10-27 06:28:02 [DEBUG] [xplex4-01201410270628016daef83fd636bbb0b4f2c8fccea52f6a13fa5e4d] Response (LGD_RESPCODE, 0) = 0000
2014-10-27 06:28:02 [DEBUG] [xplex4-01201410270628016daef83fd636bbb0b4f2c8fccea52f6a13fa5e4d] Response (LGD_ACCOUNTNUM, 0) = 61645615418190
2014-10-27 06:28:02 [DEBUG] [xplex4-01201410270628016daef83fd636bbb0b4f2c8fccea52f6a13fa5e4d] Response (LGD_PAYER, 0) = 이원중
2014-10-27 06:28:02 [DEBUG] [xplex4-01201410270628016daef83fd636bbb0b4f2c8fccea52f6a13fa5e4d] Response (LGD_BUYEREMAIL, 0) = dalrigisong@naver.com
