2016-02-05 04:26:50 [INFO ] [] XPayClient initialize [/home/hosting_users/xplex/www/wp-content/plugins/woocommerce-lguplus-kr/lgdacom] [service]
2016-02-05 04:26:50 [DEBUG] [] Config [server_id] = [01]
2016-02-05 04:26:50 [DEBUG] [] Config [timeout] = [60]
2016-02-05 04:26:50 [DEBUG] [] Config [log_level] = [4]
2016-02-05 04:26:50 [DEBUG] [] Config [verify_cert] = [1]
2016-02-05 04:26:50 [DEBUG] [] Config [verify_host] = [1]
2016-02-05 04:26:50 [DEBUG] [] Config [report_error] = [1]
2016-02-05 04:26:50 [DEBUG] [] Config [output_UTF8] = [1]
2016-02-05 04:26:50 [DEBUG] [] Config [auto_rollback] = [1]
2016-02-05 04:26:50 [DEBUG] [] Config [log_dir] = [/home/hosting_users/xplex/www/wp-content/plugins/woocommerce-lguplus-kr/lgdacom/log]
2016-02-05 04:26:50 [DEBUG] [] Config [txplex4] = [12d7f002e43a80c0dd64128a1957e351]
2016-02-05 04:26:50 [DEBUG] [] Config [xplex4] = [12d7f002e43a80c0dd64128a1957e351]
2016-02-05 04:26:50 [DEBUG] [] Config [url] = [https://xpayclient.lgdacom.net/xpay/Gateway.do]
2016-02-05 04:26:50 [DEBUG] [] Config [test_url] = [https://xpayclient.lgdacom.net:7443/xpay/Gateway.do]
2016-02-05 04:26:50 [DEBUG] [] Config [aux_url] = [http://xpayclient.lgdacom.net:7080/xpay/Gateway.do]
2016-02-05 04:26:50 [DEBUG] [xplex4-0120160205042650a7f76e9eae53f12229c1cf2ea576a3f5c1c64d3e] Post [LGD_TXID] = [xplex4-0120160205042650a7f76e9eae53f12229c1cf2ea576a3f5c1c64d3e]
2016-02-05 04:26:50 [DEBUG] [xplex4-0120160205042650a7f76e9eae53f12229c1cf2ea576a3f5c1c64d3e] Post [LGD_AUTHCODE] = [6739a2e52623d702ee90e0c01ecb5d6a3093d7b5]
2016-02-05 04:26:50 [DEBUG] [xplex4-0120160205042650a7f76e9eae53f12229c1cf2ea576a3f5c1c64d3e] Post [LGD_MID] = [xplex4]
2016-02-05 04:26:50 [DEBUG] [xplex4-0120160205042650a7f76e9eae53f12229c1cf2ea576a3f5c1c64d3e] Post [LGD_TXNAME] = [PaymentByKey]
2016-02-05 04:26:50 [DEBUG] [xplex4-0120160205042650a7f76e9eae53f12229c1cf2ea576a3f5c1c64d3e] Post [LGD_PAYKEY] = [20160205132649C423FBA3913CEBDDEECC094D49D3810F47107D9F]
2016-02-05 04:26:50 [DEBUG] [xplex4-0120160205042650a7f76e9eae53f12229c1cf2ea576a3f5c1c64d3e] post_string = LGD_TXID=xplex4-0120160205042650a7f76e9eae53f12229c1cf2ea576a3f5c1c64d3e&LGD_AUTHCODE=6739a2e52623d702ee90e0c01ecb5d6a3093d7b5&LGD_MID=xplex4&LGD_TXNAME=PaymentByKey&LGD_PAYKEY=20160205132649C423FBA3913CEBDDEECC094D49D3810F47107D9F
2016-02-05 04:26:51 [DEBUG] [xplex4-0120160205042650a7f76e9eae53f12229c1cf2ea576a3f5c1c64d3e] Result = [









{"LGD_RESPCODE":"0000","LGD_RESPMSG":"06: ","LGD_RESPONSE":[{"LGD_IFOS":"3M9ETM","LGD_MID":"xplex4","LGD_FINANCENAME":"국민","LGD_DELIVERYINFO":"","LGD_BUYER":"박정은","LGD_BUYERID":"","LGD_OID":"4629","LGD_RECEIVERPHONE":"","LGD_2TR_FLAG":"Y","LGD_DEVICE":"","LGD_TID":"xplex2016020513265126316","LGD_TIMESTAMP":"20160205132652","LGD_SAOWNER":"엑스플렉스(X-PLEX)","LGD_FINANCECODE":"004","LGD_BUYERPHONE":"01084520818","LGD_ESCROWYN":"N","LGD_PAYTYPE":"SC0040","LGD_CASFLAG":"R","LGD_CASCAMOUNT":"0","LGD_CASTAMOUNT":"0","LGD_AMOUNT":"350000","LGD_BUYERSSN":".","LGD_RESPMSG":"06: ","LGD_PAYDATE":"20160205132651","LGD_PRODUCTINFO":"김경주 시인의 무중력 타이핑 4기감수성 혁명가가 되기 위한 언어 소묘의 과정","LGD_CASSEQNO":"000","LGD_PRODUCTCODE":"","LGD_HASHDATA":"5c675a292dced0a05f54443637566d09","LGD_BUYERADDRESS":"안산시 단원구 고잔동 호수공원대림아파트122동 304호","LGD_RECEIVER":"","LGD_RESPCODE":"0000","LGD_ACCOUNTNUM":"69479011988023","LGD_PAYER":"박정은","LGD_BUYEREMAIL":"ppjjee0818@naver.com"}]}
]
2016-02-05 04:26:51 [INFO ] [xplex4-0120160205042650a7f76e9eae53f12229c1cf2ea576a3f5c1c64d3e] Response Code=[0000], Msg=[06: ], Count=1
2016-02-05 04:26:51 [DEBUG] [xplex4-0120160205042650a7f76e9eae53f12229c1cf2ea576a3f5c1c64d3e] Response (LGD_IFOS, 0) = 3M9ETM
2016-02-05 04:26:51 [DEBUG] [xplex4-0120160205042650a7f76e9eae53f12229c1cf2ea576a3f5c1c64d3e] Response (LGD_MID, 0) = xplex4
2016-02-05 04:26:51 [DEBUG] [xplex4-0120160205042650a7f76e9eae53f12229c1cf2ea576a3f5c1c64d3e] Response (LGD_FINANCENAME, 0) = 국민
2016-02-05 04:26:51 [DEBUG] [xplex4-0120160205042650a7f76e9eae53f12229c1cf2ea576a3f5c1c64d3e] Response (LGD_DELIVERYINFO, 0) = 
2016-02-05 04:26:51 [DEBUG] [xplex4-0120160205042650a7f76e9eae53f12229c1cf2ea576a3f5c1c64d3e] Response (LGD_BUYER, 0) = 박정은
2016-02-05 04:26:51 [DEBUG] [xplex4-0120160205042650a7f76e9eae53f12229c1cf2ea576a3f5c1c64d3e] Response (LGD_BUYERID, 0) = 
2016-02-05 04:26:51 [DEBUG] [xplex4-0120160205042650a7f76e9eae53f12229c1cf2ea576a3f5c1c64d3e] Response (LGD_OID, 0) = 4629
2016-02-05 04:26:51 [DEBUG] [xplex4-0120160205042650a7f76e9eae53f12229c1cf2ea576a3f5c1c64d3e] Response (LGD_RECEIVERPHONE, 0) = 
2016-02-05 04:26:51 [DEBUG] [xplex4-0120160205042650a7f76e9eae53f12229c1cf2ea576a3f5c1c64d3e] Response (LGD_2TR_FLAG, 0) = Y
2016-02-05 04:26:51 [DEBUG] [xplex4-0120160205042650a7f76e9eae53f12229c1cf2ea576a3f5c1c64d3e] Response (LGD_DEVICE, 0) = 
2016-02-05 04:26:51 [DEBUG] [xplex4-0120160205042650a7f76e9eae53f12229c1cf2ea576a3f5c1c64d3e] Response (LGD_TID, 0) = xplex2016020513265126316
2016-02-05 04:26:51 [DEBUG] [xplex4-0120160205042650a7f76e9eae53f12229c1cf2ea576a3f5c1c64d3e] Response (LGD_TIMESTAMP, 0) = 20160205132652
2016-02-05 04:26:51 [DEBUG] [xplex4-0120160205042650a7f76e9eae53f12229c1cf2ea576a3f5c1c64d3e] Response (LGD_SAOWNER, 0) = 엑스플렉스(X-PLEX)
2016-02-05 04:26:51 [DEBUG] [xplex4-0120160205042650a7f76e9eae53f12229c1cf2ea576a3f5c1c64d3e] Response (LGD_FINANCECODE, 0) = 004
2016-02-05 04:26:51 [DEBUG] [xplex4-0120160205042650a7f76e9eae53f12229c1cf2ea576a3f5c1c64d3e] Response (LGD_BUYERPHONE, 0) = 01084520818
2016-02-05 04:26:51 [DEBUG] [xplex4-0120160205042650a7f76e9eae53f12229c1cf2ea576a3f5c1c64d3e] Response (LGD_ESCROWYN, 0) = N
2016-02-05 04:26:51 [DEBUG] [xplex4-0120160205042650a7f76e9eae53f12229c1cf2ea576a3f5c1c64d3e] Response (LGD_PAYTYPE, 0) = SC0040
2016-02-05 04:26:51 [DEBUG] [xplex4-0120160205042650a7f76e9eae53f12229c1cf2ea576a3f5c1c64d3e] Response (LGD_CASFLAG, 0) = R
2016-02-05 04:26:51 [DEBUG] [xplex4-0120160205042650a7f76e9eae53f12229c1cf2ea576a3f5c1c64d3e] Response (LGD_CASCAMOUNT, 0) = 0
2016-02-05 04:26:51 [DEBUG] [xplex4-0120160205042650a7f76e9eae53f12229c1cf2ea576a3f5c1c64d3e] Response (LGD_CASTAMOUNT, 0) = 0
2016-02-05 04:26:51 [DEBUG] [xplex4-0120160205042650a7f76e9eae53f12229c1cf2ea576a3f5c1c64d3e] Response (LGD_AMOUNT, 0) = 350000
2016-02-05 04:26:51 [DEBUG] [xplex4-0120160205042650a7f76e9eae53f12229c1cf2ea576a3f5c1c64d3e] Response (LGD_BUYERSSN, 0) = .
2016-02-05 04:26:51 [DEBUG] [xplex4-0120160205042650a7f76e9eae53f12229c1cf2ea576a3f5c1c64d3e] Response (LGD_RESPMSG, 0) = 06: 
2016-02-05 04:26:51 [DEBUG] [xplex4-0120160205042650a7f76e9eae53f12229c1cf2ea576a3f5c1c64d3e] Response (LGD_PAYDATE, 0) = 20160205132651
2016-02-05 04:26:51 [DEBUG] [xplex4-0120160205042650a7f76e9eae53f12229c1cf2ea576a3f5c1c64d3e] Response (LGD_PRODUCTINFO, 0) = 김경주 시인의 무중력 타이핑 4기감수성 혁명가가 되기 위한 언어 소묘의 과정
2016-02-05 04:26:51 [DEBUG] [xplex4-0120160205042650a7f76e9eae53f12229c1cf2ea576a3f5c1c64d3e] Response (LGD_CASSEQNO, 0) = 000
2016-02-05 04:26:51 [DEBUG] [xplex4-0120160205042650a7f76e9eae53f12229c1cf2ea576a3f5c1c64d3e] Response (LGD_PRODUCTCODE, 0) = 
2016-02-05 04:26:51 [DEBUG] [xplex4-0120160205042650a7f76e9eae53f12229c1cf2ea576a3f5c1c64d3e] Response (LGD_HASHDATA, 0) = 5c675a292dced0a05f54443637566d09
2016-02-05 04:26:51 [DEBUG] [xplex4-0120160205042650a7f76e9eae53f12229c1cf2ea576a3f5c1c64d3e] Response (LGD_BUYERADDRESS, 0) = 안산시 단원구 고잔동 호수공원대림아파트122동 304호
2016-02-05 04:26:51 [DEBUG] [xplex4-0120160205042650a7f76e9eae53f12229c1cf2ea576a3f5c1c64d3e] Response (LGD_RECEIVER, 0) = 
2016-02-05 04:26:51 [DEBUG] [xplex4-0120160205042650a7f76e9eae53f12229c1cf2ea576a3f5c1c64d3e] Response (LGD_RESPCODE, 0) = 0000
2016-02-05 04:26:51 [DEBUG] [xplex4-0120160205042650a7f76e9eae53f12229c1cf2ea576a3f5c1c64d3e] Response (LGD_ACCOUNTNUM, 0) = 69479011988023
2016-02-05 04:26:51 [DEBUG] [xplex4-0120160205042650a7f76e9eae53f12229c1cf2ea576a3f5c1c64d3e] Response (LGD_PAYER, 0) = 박정은
2016-02-05 04:26:51 [DEBUG] [xplex4-0120160205042650a7f76e9eae53f12229c1cf2ea576a3f5c1c64d3e] Response (LGD_BUYEREMAIL, 0) = ppjjee0818@naver.com
2016-02-05 09:07:51 [INFO ] [] XPayClient initialize [/home/hosting_users/xplex/www/wp-content/plugins/woocommerce-lguplus-kr/lgdacom] [service]
2016-02-05 09:07:51 [DEBUG] [] Config [server_id] = [01]
2016-02-05 09:07:51 [DEBUG] [] Config [timeout] = [60]
2016-02-05 09:07:51 [DEBUG] [] Config [log_level] = [4]
2016-02-05 09:07:51 [DEBUG] [] Config [verify_cert] = [1]
2016-02-05 09:07:51 [DEBUG] [] Config [verify_host] = [1]
2016-02-05 09:07:51 [DEBUG] [] Config [report_error] = [1]
2016-02-05 09:07:51 [DEBUG] [] Config [output_UTF8] = [1]
2016-02-05 09:07:51 [DEBUG] [] Config [auto_rollback] = [1]
2016-02-05 09:07:51 [DEBUG] [] Config [log_dir] = [/home/hosting_users/xplex/www/wp-content/plugins/woocommerce-lguplus-kr/lgdacom/log]
2016-02-05 09:07:51 [DEBUG] [] Config [txplex4] = [12d7f002e43a80c0dd64128a1957e351]
2016-02-05 09:07:51 [DEBUG] [] Config [xplex4] = [12d7f002e43a80c0dd64128a1957e351]
2016-02-05 09:07:51 [DEBUG] [] Config [url] = [https://xpayclient.lgdacom.net/xpay/Gateway.do]
2016-02-05 09:07:51 [DEBUG] [] Config [test_url] = [https://xpayclient.lgdacom.net:7443/xpay/Gateway.do]
2016-02-05 09:07:51 [DEBUG] [] Config [aux_url] = [http://xpayclient.lgdacom.net:7080/xpay/Gateway.do]
2016-02-05 09:07:51 [DEBUG] [xplex4-0120160205090751524903aa58e162473bcdf6127838d8643bf668eb] Post [LGD_TXID] = [xplex4-0120160205090751524903aa58e162473bcdf6127838d8643bf668eb]
2016-02-05 09:07:51 [DEBUG] [xplex4-0120160205090751524903aa58e162473bcdf6127838d8643bf668eb] Post [LGD_AUTHCODE] = [410b0a210ef406dddd03e6015ceaa424083c39a3]
2016-02-05 09:07:51 [DEBUG] [xplex4-0120160205090751524903aa58e162473bcdf6127838d8643bf668eb] Post [LGD_MID] = [xplex4]
2016-02-05 09:07:51 [DEBUG] [xplex4-0120160205090751524903aa58e162473bcdf6127838d8643bf668eb] Post [LGD_TXNAME] = [PaymentByKey]
2016-02-05 09:07:51 [DEBUG] [xplex4-0120160205090751524903aa58e162473bcdf6127838d8643bf668eb] Post [LGD_PAYKEY] = [20160205180750CA21E2FE693FE1DEBA968D5C79FDCB8D4135FC1A]
2016-02-05 09:07:51 [DEBUG] [xplex4-0120160205090751524903aa58e162473bcdf6127838d8643bf668eb] post_string = LGD_TXID=xplex4-0120160205090751524903aa58e162473bcdf6127838d8643bf668eb&LGD_AUTHCODE=410b0a210ef406dddd03e6015ceaa424083c39a3&LGD_MID=xplex4&LGD_TXNAME=PaymentByKey&LGD_PAYKEY=20160205180750CA21E2FE693FE1DEBA968D5C79FDCB8D4135FC1A
2016-02-05 09:07:52 [DEBUG] [xplex4-0120160205090751524903aa58e162473bcdf6127838d8643bf668eb] Result = [









{"LGD_RESPCODE":"0000","LGD_RESPMSG":"06: ","LGD_RESPONSE":[{"LGD_IFOS":"3M8S0M","LGD_MID":"xplex4","LGD_FINANCENAME":"국민","LGD_CASHRECEIPTKIND":"1","LGD_DELIVERYINFO":"","LGD_BUYER":"박민혜","LGD_BUYERID":"","LGD_OID":"4641","LGD_RECEIVERPHONE":"","LGD_2TR_FLAG":"Y","LGD_DEVICE":"","LGD_TID":"xplex2016020518075240312","LGD_TIMESTAMP":"20160205180753","LGD_SAOWNER":"엑스플렉스(X-PLEX)","LGD_FINANCECODE":"004","LGD_BUYERPHONE":"01071991216","LGD_ESCROWYN":"N","LGD_PAYTYPE":"SC0040","LGD_CASFLAG":"R","LGD_CASCAMOUNT":"0","LGD_CASTAMOUNT":"0","LGD_AMOUNT":"240000","LGD_BUYERSSN":".","LGD_CASHRECEIPTCODE":"0000","LGD_RESPMSG":"06: ","LGD_PAYDATE":"20160205180752","LGD_PRODUCTINFO":"대중문화 글쓰기 펀치-라이팅 6기문화와 이슈를 가지고 노는 글쓰기의 노하우","LGD_CASSEQNO":"000","LGD_PRODUCTCODE":"","LGD_HASHDATA":"2ec56bda5368940cf6d966ed79941c40","LGD_BUYERADDRESS":"마포구 연남동 501~580509-22 2층","LGD_RECEIVER":"","LGD_RESPCODE":"0000","LGD_ACCOUNTNUM":"68959011562856","LGD_PAYER":"박민혜","LGD_BUYEREMAIL":"manlcc1216@gmail.com"}]}
]
2016-02-05 09:07:52 [INFO ] [xplex4-0120160205090751524903aa58e162473bcdf6127838d8643bf668eb] Response Code=[0000], Msg=[06: ], Count=1
2016-02-05 09:07:52 [DEBUG] [xplex4-0120160205090751524903aa58e162473bcdf6127838d8643bf668eb] Response (LGD_IFOS, 0) = 3M8S0M
2016-02-05 09:07:52 [DEBUG] [xplex4-0120160205090751524903aa58e162473bcdf6127838d8643bf668eb] Response (LGD_MID, 0) = xplex4
2016-02-05 09:07:52 [DEBUG] [xplex4-0120160205090751524903aa58e162473bcdf6127838d8643bf668eb] Response (LGD_FINANCENAME, 0) = 국민
2016-02-05 09:07:52 [DEBUG] [xplex4-0120160205090751524903aa58e162473bcdf6127838d8643bf668eb] Response (LGD_CASHRECEIPTKIND, 0) = 1
2016-02-05 09:07:52 [DEBUG] [xplex4-0120160205090751524903aa58e162473bcdf6127838d8643bf668eb] Response (LGD_DELIVERYINFO, 0) = 
2016-02-05 09:07:52 [DEBUG] [xplex4-0120160205090751524903aa58e162473bcdf6127838d8643bf668eb] Response (LGD_BUYER, 0) = 박민혜
2016-02-05 09:07:52 [DEBUG] [xplex4-0120160205090751524903aa58e162473bcdf6127838d8643bf668eb] Response (LGD_BUYERID, 0) = 
2016-02-05 09:07:52 [DEBUG] [xplex4-0120160205090751524903aa58e162473bcdf6127838d8643bf668eb] Response (LGD_OID, 0) = 4641
2016-02-05 09:07:52 [DEBUG] [xplex4-0120160205090751524903aa58e162473bcdf6127838d8643bf668eb] Response (LGD_RECEIVERPHONE, 0) = 
2016-02-05 09:07:52 [DEBUG] [xplex4-0120160205090751524903aa58e162473bcdf6127838d8643bf668eb] Response (LGD_2TR_FLAG, 0) = Y
2016-02-05 09:07:52 [DEBUG] [xplex4-0120160205090751524903aa58e162473bcdf6127838d8643bf668eb] Response (LGD_DEVICE, 0) = 
2016-02-05 09:07:52 [DEBUG] [xplex4-0120160205090751524903aa58e162473bcdf6127838d8643bf668eb] Response (LGD_TID, 0) = xplex2016020518075240312
2016-02-05 09:07:52 [DEBUG] [xplex4-0120160205090751524903aa58e162473bcdf6127838d8643bf668eb] Response (LGD_TIMESTAMP, 0) = 20160205180753
2016-02-05 09:07:52 [DEBUG] [xplex4-0120160205090751524903aa58e162473bcdf6127838d8643bf668eb] Response (LGD_SAOWNER, 0) = 엑스플렉스(X-PLEX)
2016-02-05 09:07:52 [DEBUG] [xplex4-0120160205090751524903aa58e162473bcdf6127838d8643bf668eb] Response (LGD_FINANCECODE, 0) = 004
2016-02-05 09:07:52 [DEBUG] [xplex4-0120160205090751524903aa58e162473bcdf6127838d8643bf668eb] Response (LGD_BUYERPHONE, 0) = 01071991216
2016-02-05 09:07:52 [DEBUG] [xplex4-0120160205090751524903aa58e162473bcdf6127838d8643bf668eb] Response (LGD_ESCROWYN, 0) = N
2016-02-05 09:07:52 [DEBUG] [xplex4-0120160205090751524903aa58e162473bcdf6127838d8643bf668eb] Response (LGD_PAYTYPE, 0) = SC0040
2016-02-05 09:07:52 [DEBUG] [xplex4-0120160205090751524903aa58e162473bcdf6127838d8643bf668eb] Response (LGD_CASFLAG, 0) = R
2016-02-05 09:07:52 [DEBUG] [xplex4-0120160205090751524903aa58e162473bcdf6127838d8643bf668eb] Response (LGD_CASCAMOUNT, 0) = 0
2016-02-05 09:07:52 [DEBUG] [xplex4-0120160205090751524903aa58e162473bcdf6127838d8643bf668eb] Response (LGD_CASTAMOUNT, 0) = 0
2016-02-05 09:07:52 [DEBUG] [xplex4-0120160205090751524903aa58e162473bcdf6127838d8643bf668eb] Response (LGD_AMOUNT, 0) = 240000
2016-02-05 09:07:52 [DEBUG] [xplex4-0120160205090751524903aa58e162473bcdf6127838d8643bf668eb] Response (LGD_BUYERSSN, 0) = .
2016-02-05 09:07:52 [DEBUG] [xplex4-0120160205090751524903aa58e162473bcdf6127838d8643bf668eb] Response (LGD_CASHRECEIPTCODE, 0) = 0000
2016-02-05 09:07:52 [DEBUG] [xplex4-0120160205090751524903aa58e162473bcdf6127838d8643bf668eb] Response (LGD_RESPMSG, 0) = 06: 
2016-02-05 09:07:52 [DEBUG] [xplex4-0120160205090751524903aa58e162473bcdf6127838d8643bf668eb] Response (LGD_PAYDATE, 0) = 20160205180752
2016-02-05 09:07:52 [DEBUG] [xplex4-0120160205090751524903aa58e162473bcdf6127838d8643bf668eb] Response (LGD_PRODUCTINFO, 0) = 대중문화 글쓰기 펀치-라이팅 6기문화와 이슈를 가지고 노는 글쓰기의 노하우
2016-02-05 09:07:52 [DEBUG] [xplex4-0120160205090751524903aa58e162473bcdf6127838d8643bf668eb] Response (LGD_CASSEQNO, 0) = 000
2016-02-05 09:07:52 [DEBUG] [xplex4-0120160205090751524903aa58e162473bcdf6127838d8643bf668eb] Response (LGD_PRODUCTCODE, 0) = 
2016-02-05 09:07:52 [DEBUG] [xplex4-0120160205090751524903aa58e162473bcdf6127838d8643bf668eb] Response (LGD_HASHDATA, 0) = 2ec56bda5368940cf6d966ed79941c40
2016-02-05 09:07:52 [DEBUG] [xplex4-0120160205090751524903aa58e162473bcdf6127838d8643bf668eb] Response (LGD_BUYERADDRESS, 0) = 마포구 연남동 501~580509-22 2층
2016-02-05 09:07:52 [DEBUG] [xplex4-0120160205090751524903aa58e162473bcdf6127838d8643bf668eb] Response (LGD_RECEIVER, 0) = 
2016-02-05 09:07:52 [DEBUG] [xplex4-0120160205090751524903aa58e162473bcdf6127838d8643bf668eb] Response (LGD_RESPCODE, 0) = 0000
2016-02-05 09:07:52 [DEBUG] [xplex4-0120160205090751524903aa58e162473bcdf6127838d8643bf668eb] Response (LGD_ACCOUNTNUM, 0) = 68959011562856
2016-02-05 09:07:52 [DEBUG] [xplex4-0120160205090751524903aa58e162473bcdf6127838d8643bf668eb] Response (LGD_PAYER, 0) = 박민혜
2016-02-05 09:07:52 [DEBUG] [xplex4-0120160205090751524903aa58e162473bcdf6127838d8643bf668eb] Response (LGD_BUYEREMAIL, 0) = manlcc1216@gmail.com
