2015-10-12 01:02:45 [INFO ] [] XPayClient initialize [/home/hosting_users/xplex/www/wp-content/plugins/woocommerce-lguplus-kr/lgdacom] [service]
2015-10-12 01:02:45 [DEBUG] [] Config [server_id] = [01]
2015-10-12 01:02:45 [DEBUG] [] Config [timeout] = [60]
2015-10-12 01:02:45 [DEBUG] [] Config [log_level] = [4]
2015-10-12 01:02:45 [DEBUG] [] Config [verify_cert] = [1]
2015-10-12 01:02:45 [DEBUG] [] Config [verify_host] = [1]
2015-10-12 01:02:45 [DEBUG] [] Config [report_error] = [1]
2015-10-12 01:02:45 [DEBUG] [] Config [output_UTF8] = [1]
2015-10-12 01:02:45 [DEBUG] [] Config [auto_rollback] = [1]
2015-10-12 01:02:45 [DEBUG] [] Config [log_dir] = [/home/hosting_users/xplex/www/wp-content/plugins/woocommerce-lguplus-kr/lgdacom/log]
2015-10-12 01:02:45 [DEBUG] [] Config [txplex4] = [12d7f002e43a80c0dd64128a1957e351]
2015-10-12 01:02:45 [DEBUG] [] Config [xplex4] = [12d7f002e43a80c0dd64128a1957e351]
2015-10-12 01:02:45 [DEBUG] [] Config [url] = [https://xpayclient.lgdacom.net/xpay/Gateway.do]
2015-10-12 01:02:45 [DEBUG] [] Config [test_url] = [https://xpayclient.lgdacom.net:7443/xpay/Gateway.do]
2015-10-12 01:02:45 [DEBUG] [] Config [aux_url] = [http://xpayclient.lgdacom.net:7080/xpay/Gateway.do]
2015-10-12 01:02:45 [DEBUG] [xplex4-01201510120102457b2a3f2c9cec4488930d48a3d93f378947917a1d] Post [LGD_TXID] = [xplex4-01201510120102457b2a3f2c9cec4488930d48a3d93f378947917a1d]
2015-10-12 01:02:45 [DEBUG] [xplex4-01201510120102457b2a3f2c9cec4488930d48a3d93f378947917a1d] Post [LGD_AUTHCODE] = [ce5babdd9cf318afeb44c603d58f0ac16436ca52]
2015-10-12 01:02:45 [DEBUG] [xplex4-01201510120102457b2a3f2c9cec4488930d48a3d93f378947917a1d] Post [LGD_MID] = [xplex4]
2015-10-12 01:02:45 [DEBUG] [xplex4-01201510120102457b2a3f2c9cec4488930d48a3d93f378947917a1d] Post [LGD_TXNAME] = [PaymentByKey]
2015-10-12 01:02:45 [DEBUG] [xplex4-01201510120102457b2a3f2c9cec4488930d48a3d93f378947917a1d] Post [LGD_PAYKEY] = [20151012100243DFECBCA232422846AF74F7DE9F37E49DDC018587]
2015-10-12 01:02:45 [DEBUG] [xplex4-01201510120102457b2a3f2c9cec4488930d48a3d93f378947917a1d] post_string = LGD_TXID=xplex4-01201510120102457b2a3f2c9cec4488930d48a3d93f378947917a1d&LGD_AUTHCODE=ce5babdd9cf318afeb44c603d58f0ac16436ca52&LGD_MID=xplex4&LGD_TXNAME=PaymentByKey&LGD_PAYKEY=20151012100243DFECBCA232422846AF74F7DE9F37E49DDC018587
2015-10-12 01:02:48 [DEBUG] [xplex4-01201510120102457b2a3f2c9cec4488930d48a3d93f378947917a1d] Result = [









{"LGD_RESPCODE":"0000","LGD_RESPMSG":"20: ","LGD_RESPONSE":[{"LGD_IFOS":"3A5C0S","LGD_MID":"xplex4","LGD_FINANCENAME":"우리","LGD_CASHRECEIPTKIND":"0","LGD_DELIVERYINFO":"","LGD_BUYER":"김미정","LGD_BUYERID":"","LGD_OID":"3884","LGD_RECEIVERPHONE":"","LGD_2TR_FLAG":"Y","LGD_DEVICE":"","LGD_TID":"xplex2015101210024815633","LGD_TIMESTAMP":"20151012100249","LGD_SAOWNER":"엑스플렉스(X-PLEX)","LGD_FINANCECODE":"020","LGD_BUYERPHONE":"01027925279","LGD_ESCROWYN":"N","LGD_PAYTYPE":"SC0040","LGD_CASFLAG":"R","LGD_CASCAMOUNT":"0","LGD_CASTAMOUNT":"0","LGD_AMOUNT":"150000","LGD_BUYERSSN":".","LGD_CASHRECEIPTCODE":"0000","LGD_RESPMSG":"20: ","LGD_PAYDATE":"20151012100248","LGD_PRODUCTINFO":"김홍민의 1인출판 스타트업 5기","LGD_CASSEQNO":"000","LGD_PRODUCTCODE":"","LGD_HASHDATA":"671911a85453525e4f2f8f3c17b12bfe","LGD_BUYERADDRESS":"종로구 숭인동178-75","LGD_RECEIVER":"","LGD_RESPCODE":"0000","LGD_ACCOUNTNUM":"61641406618860","LGD_PAYER":"김미정","LGD_BUYEREMAIL":"hunahpu.vuch@gmail.com"}]}
]
2015-10-12 01:02:48 [INFO ] [xplex4-01201510120102457b2a3f2c9cec4488930d48a3d93f378947917a1d] Response Code=[0000], Msg=[20: ], Count=1
2015-10-12 01:02:48 [DEBUG] [xplex4-01201510120102457b2a3f2c9cec4488930d48a3d93f378947917a1d] Response (LGD_IFOS, 0) = 3A5C0S
2015-10-12 01:02:48 [DEBUG] [xplex4-01201510120102457b2a3f2c9cec4488930d48a3d93f378947917a1d] Response (LGD_MID, 0) = xplex4
2015-10-12 01:02:48 [DEBUG] [xplex4-01201510120102457b2a3f2c9cec4488930d48a3d93f378947917a1d] Response (LGD_FINANCENAME, 0) = 우리
2015-10-12 01:02:48 [DEBUG] [xplex4-01201510120102457b2a3f2c9cec4488930d48a3d93f378947917a1d] Response (LGD_CASHRECEIPTKIND, 0) = 0
2015-10-12 01:02:48 [DEBUG] [xplex4-01201510120102457b2a3f2c9cec4488930d48a3d93f378947917a1d] Response (LGD_DELIVERYINFO, 0) = 
2015-10-12 01:02:48 [DEBUG] [xplex4-01201510120102457b2a3f2c9cec4488930d48a3d93f378947917a1d] Response (LGD_BUYER, 0) = 김미정
2015-10-12 01:02:48 [DEBUG] [xplex4-01201510120102457b2a3f2c9cec4488930d48a3d93f378947917a1d] Response (LGD_BUYERID, 0) = 
2015-10-12 01:02:48 [DEBUG] [xplex4-01201510120102457b2a3f2c9cec4488930d48a3d93f378947917a1d] Response (LGD_OID, 0) = 3884
2015-10-12 01:02:48 [DEBUG] [xplex4-01201510120102457b2a3f2c9cec4488930d48a3d93f378947917a1d] Response (LGD_RECEIVERPHONE, 0) = 
2015-10-12 01:02:48 [DEBUG] [xplex4-01201510120102457b2a3f2c9cec4488930d48a3d93f378947917a1d] Response (LGD_2TR_FLAG, 0) = Y
2015-10-12 01:02:48 [DEBUG] [xplex4-01201510120102457b2a3f2c9cec4488930d48a3d93f378947917a1d] Response (LGD_DEVICE, 0) = 
2015-10-12 01:02:48 [DEBUG] [xplex4-01201510120102457b2a3f2c9cec4488930d48a3d93f378947917a1d] Response (LGD_TID, 0) = xplex2015101210024815633
2015-10-12 01:02:48 [DEBUG] [xplex4-01201510120102457b2a3f2c9cec4488930d48a3d93f378947917a1d] Response (LGD_TIMESTAMP, 0) = 20151012100249
2015-10-12 01:02:48 [DEBUG] [xplex4-01201510120102457b2a3f2c9cec4488930d48a3d93f378947917a1d] Response (LGD_SAOWNER, 0) = 엑스플렉스(X-PLEX)
2015-10-12 01:02:48 [DEBUG] [xplex4-01201510120102457b2a3f2c9cec4488930d48a3d93f378947917a1d] Response (LGD_FINANCECODE, 0) = 020
2015-10-12 01:02:48 [DEBUG] [xplex4-01201510120102457b2a3f2c9cec4488930d48a3d93f378947917a1d] Response (LGD_BUYERPHONE, 0) = 01027925279
2015-10-12 01:02:48 [DEBUG] [xplex4-01201510120102457b2a3f2c9cec4488930d48a3d93f378947917a1d] Response (LGD_ESCROWYN, 0) = N
2015-10-12 01:02:48 [DEBUG] [xplex4-01201510120102457b2a3f2c9cec4488930d48a3d93f378947917a1d] Response (LGD_PAYTYPE, 0) = SC0040
2015-10-12 01:02:48 [DEBUG] [xplex4-01201510120102457b2a3f2c9cec4488930d48a3d93f378947917a1d] Response (LGD_CASFLAG, 0) = R
2015-10-12 01:02:48 [DEBUG] [xplex4-01201510120102457b2a3f2c9cec4488930d48a3d93f378947917a1d] Response (LGD_CASCAMOUNT, 0) = 0
2015-10-12 01:02:48 [DEBUG] [xplex4-01201510120102457b2a3f2c9cec4488930d48a3d93f378947917a1d] Response (LGD_CASTAMOUNT, 0) = 0
2015-10-12 01:02:48 [DEBUG] [xplex4-01201510120102457b2a3f2c9cec4488930d48a3d93f378947917a1d] Response (LGD_AMOUNT, 0) = 150000
2015-10-12 01:02:48 [DEBUG] [xplex4-01201510120102457b2a3f2c9cec4488930d48a3d93f378947917a1d] Response (LGD_BUYERSSN, 0) = .
2015-10-12 01:02:48 [DEBUG] [xplex4-01201510120102457b2a3f2c9cec4488930d48a3d93f378947917a1d] Response (LGD_CASHRECEIPTCODE, 0) = 0000
2015-10-12 01:02:48 [DEBUG] [xplex4-01201510120102457b2a3f2c9cec4488930d48a3d93f378947917a1d] Response (LGD_RESPMSG, 0) = 20: 
2015-10-12 01:02:48 [DEBUG] [xplex4-01201510120102457b2a3f2c9cec4488930d48a3d93f378947917a1d] Response (LGD_PAYDATE, 0) = 20151012100248
2015-10-12 01:02:48 [DEBUG] [xplex4-01201510120102457b2a3f2c9cec4488930d48a3d93f378947917a1d] Response (LGD_PRODUCTINFO, 0) = 김홍민의 1인출판 스타트업 5기
2015-10-12 01:02:48 [DEBUG] [xplex4-01201510120102457b2a3f2c9cec4488930d48a3d93f378947917a1d] Response (LGD_CASSEQNO, 0) = 000
2015-10-12 01:02:48 [DEBUG] [xplex4-01201510120102457b2a3f2c9cec4488930d48a3d93f378947917a1d] Response (LGD_PRODUCTCODE, 0) = 
2015-10-12 01:02:48 [DEBUG] [xplex4-01201510120102457b2a3f2c9cec4488930d48a3d93f378947917a1d] Response (LGD_HASHDATA, 0) = 671911a85453525e4f2f8f3c17b12bfe
2015-10-12 01:02:48 [DEBUG] [xplex4-01201510120102457b2a3f2c9cec4488930d48a3d93f378947917a1d] Response (LGD_BUYERADDRESS, 0) = 종로구 숭인동178-75
2015-10-12 01:02:48 [DEBUG] [xplex4-01201510120102457b2a3f2c9cec4488930d48a3d93f378947917a1d] Response (LGD_RECEIVER, 0) = 
2015-10-12 01:02:48 [DEBUG] [xplex4-01201510120102457b2a3f2c9cec4488930d48a3d93f378947917a1d] Response (LGD_RESPCODE, 0) = 0000
2015-10-12 01:02:48 [DEBUG] [xplex4-01201510120102457b2a3f2c9cec4488930d48a3d93f378947917a1d] Response (LGD_ACCOUNTNUM, 0) = 61641406618860
2015-10-12 01:02:48 [DEBUG] [xplex4-01201510120102457b2a3f2c9cec4488930d48a3d93f378947917a1d] Response (LGD_PAYER, 0) = 김미정
2015-10-12 01:02:48 [DEBUG] [xplex4-01201510120102457b2a3f2c9cec4488930d48a3d93f378947917a1d] Response (LGD_BUYEREMAIL, 0) = hunahpu.vuch@gmail.com
