2015-07-12 17:41:28 [INFO ] [] XPayClient initialize [/home/hosting_users/xplex/www/wp-content/plugins/woocommerce-lguplus-kr/lgdacom] [service]
2015-07-12 17:41:28 [DEBUG] [] Config [server_id] = [01]
2015-07-12 17:41:28 [DEBUG] [] Config [timeout] = [60]
2015-07-12 17:41:28 [DEBUG] [] Config [log_level] = [4]
2015-07-12 17:41:28 [DEBUG] [] Config [verify_cert] = [1]
2015-07-12 17:41:28 [DEBUG] [] Config [verify_host] = [1]
2015-07-12 17:41:28 [DEBUG] [] Config [report_error] = [1]
2015-07-12 17:41:28 [DEBUG] [] Config [output_UTF8] = [1]
2015-07-12 17:41:28 [DEBUG] [] Config [auto_rollback] = [1]
2015-07-12 17:41:28 [DEBUG] [] Config [log_dir] = [/home/hosting_users/xplex/www/wp-content/plugins/woocommerce-lguplus-kr/lgdacom/log]
2015-07-12 17:41:28 [DEBUG] [] Config [txplex4] = [12d7f002e43a80c0dd64128a1957e351]
2015-07-12 17:41:28 [DEBUG] [] Config [xplex4] = [12d7f002e43a80c0dd64128a1957e351]
2015-07-12 17:41:28 [DEBUG] [] Config [url] = [https://xpayclient.lgdacom.net/xpay/Gateway.do]
2015-07-12 17:41:28 [DEBUG] [] Config [test_url] = [https://xpayclient.lgdacom.net:7443/xpay/Gateway.do]
2015-07-12 17:41:28 [DEBUG] [] Config [aux_url] = [http://xpayclient.lgdacom.net:7080/xpay/Gateway.do]
2015-07-12 17:41:28 [DEBUG] [xplex4-01201507121741281fd33a18f5682f4b3f114b8c1b18b893d1a4f299] Post [LGD_TXID] = [xplex4-01201507121741281fd33a18f5682f4b3f114b8c1b18b893d1a4f299]
2015-07-12 17:41:28 [DEBUG] [xplex4-01201507121741281fd33a18f5682f4b3f114b8c1b18b893d1a4f299] Post [LGD_AUTHCODE] = [b4de6e0bc746b0416fc159d834523e84235e2292]
2015-07-12 17:41:28 [DEBUG] [xplex4-01201507121741281fd33a18f5682f4b3f114b8c1b18b893d1a4f299] Post [LGD_MID] = [xplex4]
2015-07-12 17:41:28 [DEBUG] [xplex4-01201507121741281fd33a18f5682f4b3f114b8c1b18b893d1a4f299] Post [LGD_TXNAME] = [PaymentByKey]
2015-07-12 17:41:28 [DEBUG] [xplex4-01201507121741281fd33a18f5682f4b3f114b8c1b18b893d1a4f299] Post [LGD_PAYKEY] = [201507130241277D850986665182F5962779086F29C2EB9F141822]
2015-07-12 17:41:28 [DEBUG] [xplex4-01201507121741281fd33a18f5682f4b3f114b8c1b18b893d1a4f299] post_string = LGD_TXID=xplex4-01201507121741281fd33a18f5682f4b3f114b8c1b18b893d1a4f299&LGD_AUTHCODE=b4de6e0bc746b0416fc159d834523e84235e2292&LGD_MID=xplex4&LGD_TXNAME=PaymentByKey&LGD_PAYKEY=201507130241277D850986665182F5962779086F29C2EB9F141822
2015-07-12 17:41:30 [DEBUG] [xplex4-01201507121741281fd33a18f5682f4b3f114b8c1b18b893d1a4f299] Result = [









{"LGD_RESPCODE":"0000","LGD_RESPMSG":"11: ","LGD_RESPONSE":[{"LGD_IFOS":"3M8S0P","LGD_MID":"xplex4","LGD_FINANCENAME":"농협","LGD_CASHRECEIPTKIND":"0","LGD_DELIVERYINFO":"","LGD_BUYER":"윤종산","LGD_BUYERID":"","LGD_OID":"3146","LGD_RECEIVERPHONE":"","LGD_2TR_FLAG":"Y","LGD_DEVICE":"","LGD_TID":"xplex2015071302412985966","LGD_TIMESTAMP":"20150713024131","LGD_SAOWNER":"엑스플렉스(X-PLEX)","LGD_FINANCECODE":"011","LGD_BUYERPHONE":"01043358785","LGD_ESCROWYN":"N","LGD_PAYTYPE":"SC0040","LGD_CASFLAG":"R","LGD_CASCAMOUNT":"0","LGD_CASTAMOUNT":"0","LGD_AMOUNT":"120000","LGD_BUYERSSN":".","LGD_CASHRECEIPTCODE":"0000","LGD_RESPMSG":"11: ","LGD_PAYDATE":"20150713024130","LGD_PRODUCTINFO":"영화를 읽는다X영화를 쓴다–전찬일 평론가와 김서영 교수의 영화특강","LGD_CASSEQNO":"000","LGD_PRODUCTCODE":"","LGD_HASHDATA":"dc257d956a3bd3a1eac2fa7b228d78a5","LGD_BUYERADDRESS":"용인시 처인구 김량장동 326~400341-4 에이스텔 213호","LGD_RECEIVER":"","LGD_RESPCODE":"0000","LGD_ACCOUNTNUM":"79004636908092","LGD_PAYER":"윤종산","LGD_BUYEREMAIL":"agu1515@lycos.co.kr"}]}
]
2015-07-12 17:41:30 [INFO ] [xplex4-01201507121741281fd33a18f5682f4b3f114b8c1b18b893d1a4f299] Response Code=[0000], Msg=[11: ], Count=1
2015-07-12 17:41:30 [DEBUG] [xplex4-01201507121741281fd33a18f5682f4b3f114b8c1b18b893d1a4f299] Response (LGD_IFOS, 0) = 3M8S0P
2015-07-12 17:41:30 [DEBUG] [xplex4-01201507121741281fd33a18f5682f4b3f114b8c1b18b893d1a4f299] Response (LGD_MID, 0) = xplex4
2015-07-12 17:41:30 [DEBUG] [xplex4-01201507121741281fd33a18f5682f4b3f114b8c1b18b893d1a4f299] Response (LGD_FINANCENAME, 0) = 농협
2015-07-12 17:41:30 [DEBUG] [xplex4-01201507121741281fd33a18f5682f4b3f114b8c1b18b893d1a4f299] Response (LGD_CASHRECEIPTKIND, 0) = 0
2015-07-12 17:41:30 [DEBUG] [xplex4-01201507121741281fd33a18f5682f4b3f114b8c1b18b893d1a4f299] Response (LGD_DELIVERYINFO, 0) = 
2015-07-12 17:41:30 [DEBUG] [xplex4-01201507121741281fd33a18f5682f4b3f114b8c1b18b893d1a4f299] Response (LGD_BUYER, 0) = 윤종산
2015-07-12 17:41:30 [DEBUG] [xplex4-01201507121741281fd33a18f5682f4b3f114b8c1b18b893d1a4f299] Response (LGD_BUYERID, 0) = 
2015-07-12 17:41:30 [DEBUG] [xplex4-01201507121741281fd33a18f5682f4b3f114b8c1b18b893d1a4f299] Response (LGD_OID, 0) = 3146
2015-07-12 17:41:30 [DEBUG] [xplex4-01201507121741281fd33a18f5682f4b3f114b8c1b18b893d1a4f299] Response (LGD_RECEIVERPHONE, 0) = 
2015-07-12 17:41:30 [DEBUG] [xplex4-01201507121741281fd33a18f5682f4b3f114b8c1b18b893d1a4f299] Response (LGD_2TR_FLAG, 0) = Y
2015-07-12 17:41:30 [DEBUG] [xplex4-01201507121741281fd33a18f5682f4b3f114b8c1b18b893d1a4f299] Response (LGD_DEVICE, 0) = 
2015-07-12 17:41:30 [DEBUG] [xplex4-01201507121741281fd33a18f5682f4b3f114b8c1b18b893d1a4f299] Response (LGD_TID, 0) = xplex2015071302412985966
2015-07-12 17:41:30 [DEBUG] [xplex4-01201507121741281fd33a18f5682f4b3f114b8c1b18b893d1a4f299] Response (LGD_TIMESTAMP, 0) = 20150713024131
2015-07-12 17:41:30 [DEBUG] [xplex4-01201507121741281fd33a18f5682f4b3f114b8c1b18b893d1a4f299] Response (LGD_SAOWNER, 0) = 엑스플렉스(X-PLEX)
2015-07-12 17:41:30 [DEBUG] [xplex4-01201507121741281fd33a18f5682f4b3f114b8c1b18b893d1a4f299] Response (LGD_FINANCECODE, 0) = 011
2015-07-12 17:41:30 [DEBUG] [xplex4-01201507121741281fd33a18f5682f4b3f114b8c1b18b893d1a4f299] Response (LGD_BUYERPHONE, 0) = 01043358785
2015-07-12 17:41:30 [DEBUG] [xplex4-01201507121741281fd33a18f5682f4b3f114b8c1b18b893d1a4f299] Response (LGD_ESCROWYN, 0) = N
2015-07-12 17:41:30 [DEBUG] [xplex4-01201507121741281fd33a18f5682f4b3f114b8c1b18b893d1a4f299] Response (LGD_PAYTYPE, 0) = SC0040
2015-07-12 17:41:30 [DEBUG] [xplex4-01201507121741281fd33a18f5682f4b3f114b8c1b18b893d1a4f299] Response (LGD_CASFLAG, 0) = R
2015-07-12 17:41:30 [DEBUG] [xplex4-01201507121741281fd33a18f5682f4b3f114b8c1b18b893d1a4f299] Response (LGD_CASCAMOUNT, 0) = 0
2015-07-12 17:41:30 [DEBUG] [xplex4-01201507121741281fd33a18f5682f4b3f114b8c1b18b893d1a4f299] Response (LGD_CASTAMOUNT, 0) = 0
2015-07-12 17:41:30 [DEBUG] [xplex4-01201507121741281fd33a18f5682f4b3f114b8c1b18b893d1a4f299] Response (LGD_AMOUNT, 0) = 120000
2015-07-12 17:41:30 [DEBUG] [xplex4-01201507121741281fd33a18f5682f4b3f114b8c1b18b893d1a4f299] Response (LGD_BUYERSSN, 0) = .
2015-07-12 17:41:30 [DEBUG] [xplex4-01201507121741281fd33a18f5682f4b3f114b8c1b18b893d1a4f299] Response (LGD_CASHRECEIPTCODE, 0) = 0000
2015-07-12 17:41:30 [DEBUG] [xplex4-01201507121741281fd33a18f5682f4b3f114b8c1b18b893d1a4f299] Response (LGD_RESPMSG, 0) = 11: 
2015-07-12 17:41:30 [DEBUG] [xplex4-01201507121741281fd33a18f5682f4b3f114b8c1b18b893d1a4f299] Response (LGD_PAYDATE, 0) = 20150713024130
2015-07-12 17:41:30 [DEBUG] [xplex4-01201507121741281fd33a18f5682f4b3f114b8c1b18b893d1a4f299] Response (LGD_PRODUCTINFO, 0) = 영화를 읽는다X영화를 쓴다–전찬일 평론가와 김서영 교수의 영화특강
2015-07-12 17:41:30 [DEBUG] [xplex4-01201507121741281fd33a18f5682f4b3f114b8c1b18b893d1a4f299] Response (LGD_CASSEQNO, 0) = 000
2015-07-12 17:41:30 [DEBUG] [xplex4-01201507121741281fd33a18f5682f4b3f114b8c1b18b893d1a4f299] Response (LGD_PRODUCTCODE, 0) = 
2015-07-12 17:41:30 [DEBUG] [xplex4-01201507121741281fd33a18f5682f4b3f114b8c1b18b893d1a4f299] Response (LGD_HASHDATA, 0) = dc257d956a3bd3a1eac2fa7b228d78a5
2015-07-12 17:41:30 [DEBUG] [xplex4-01201507121741281fd33a18f5682f4b3f114b8c1b18b893d1a4f299] Response (LGD_BUYERADDRESS, 0) = 용인시 처인구 김량장동 326~400341-4 에이스텔 213호
2015-07-12 17:41:30 [DEBUG] [xplex4-01201507121741281fd33a18f5682f4b3f114b8c1b18b893d1a4f299] Response (LGD_RECEIVER, 0) = 
2015-07-12 17:41:30 [DEBUG] [xplex4-01201507121741281fd33a18f5682f4b3f114b8c1b18b893d1a4f299] Response (LGD_RESPCODE, 0) = 0000
2015-07-12 17:41:30 [DEBUG] [xplex4-01201507121741281fd33a18f5682f4b3f114b8c1b18b893d1a4f299] Response (LGD_ACCOUNTNUM, 0) = 79004636908092
2015-07-12 17:41:30 [DEBUG] [xplex4-01201507121741281fd33a18f5682f4b3f114b8c1b18b893d1a4f299] Response (LGD_PAYER, 0) = 윤종산
2015-07-12 17:41:30 [DEBUG] [xplex4-01201507121741281fd33a18f5682f4b3f114b8c1b18b893d1a4f299] Response (LGD_BUYEREMAIL, 0) = agu1515@lycos.co.kr
