2015-03-03 13:00:52 [INFO ] [] XPayClient initialize [/home/hosting_users/xplex/www/wp-content/plugins/woocommerce-lguplus-kr/lgdacom] [service]
2015-03-03 13:00:53 [DEBUG] [] Config [server_id] = [01]
2015-03-03 13:00:53 [DEBUG] [] Config [timeout] = [60]
2015-03-03 13:00:53 [DEBUG] [] Config [log_level] = [4]
2015-03-03 13:00:53 [DEBUG] [] Config [verify_cert] = [1]
2015-03-03 13:00:53 [DEBUG] [] Config [verify_host] = [1]
2015-03-03 13:00:53 [DEBUG] [] Config [report_error] = [1]
2015-03-03 13:00:53 [DEBUG] [] Config [output_UTF8] = [1]
2015-03-03 13:00:53 [DEBUG] [] Config [auto_rollback] = [1]
2015-03-03 13:00:53 [DEBUG] [] Config [log_dir] = [/home/hosting_users/xplex/www/wp-content/plugins/woocommerce-lguplus-kr/lgdacom/log]
2015-03-03 13:00:53 [DEBUG] [] Config [txplex4] = [12d7f002e43a80c0dd64128a1957e351]
2015-03-03 13:00:53 [DEBUG] [] Config [xplex4] = [12d7f002e43a80c0dd64128a1957e351]
2015-03-03 13:00:53 [DEBUG] [] Config [url] = [https://xpayclient.lgdacom.net/xpay/Gateway.do]
2015-03-03 13:00:53 [DEBUG] [] Config [test_url] = [https://xpayclient.lgdacom.net:7443/xpay/Gateway.do]
2015-03-03 13:00:53 [DEBUG] [] Config [aux_url] = [http://xpayclient.lgdacom.net:7080/xpay/Gateway.do]
2015-03-03 13:00:53 [DEBUG] [xplex4-0120150303130053e66061c562e4f81cfd8563584437062c8b5df74f] Post [LGD_TXID] = [xplex4-0120150303130053e66061c562e4f81cfd8563584437062c8b5df74f]
2015-03-03 13:00:53 [DEBUG] [xplex4-0120150303130053e66061c562e4f81cfd8563584437062c8b5df74f] Post [LGD_AUTHCODE] = [d57f38ab5260ce49fee59bc58902ce60bb85150c]
2015-03-03 13:00:53 [DEBUG] [xplex4-0120150303130053e66061c562e4f81cfd8563584437062c8b5df74f] Post [LGD_MID] = [xplex4]
2015-03-03 13:00:53 [DEBUG] [xplex4-0120150303130053e66061c562e4f81cfd8563584437062c8b5df74f] Post [LGD_TXNAME] = [PaymentByKey]
2015-03-03 13:00:53 [DEBUG] [xplex4-0120150303130053e66061c562e4f81cfd8563584437062c8b5df74f] Post [LGD_PAYKEY] = [20150303220052CD17CC464F12AF6B41A1737F7DACF7859407F688]
2015-03-03 13:00:53 [DEBUG] [xplex4-0120150303130053e66061c562e4f81cfd8563584437062c8b5df74f] post_string = LGD_TXID=xplex4-0120150303130053e66061c562e4f81cfd8563584437062c8b5df74f&LGD_AUTHCODE=d57f38ab5260ce49fee59bc58902ce60bb85150c&LGD_MID=xplex4&LGD_TXNAME=PaymentByKey&LGD_PAYKEY=20150303220052CD17CC464F12AF6B41A1737F7DACF7859407F688
2015-03-03 13:00:54 [DEBUG] [xplex4-0120150303130053e66061c562e4f81cfd8563584437062c8b5df74f] Result = [









{"LGD_RESPCODE":"0000","LGD_RESPMSG":"20: ","LGD_RESPONSE":[{"LGD_IFOS":"3M8S0M","LGD_MID":"xplex4","LGD_FINANCENAME":"우리","LGD_CASHRECEIPTKIND":"0","LGD_DELIVERYINFO":"","LGD_BUYER":"정혜진","LGD_BUYERID":"","LGD_OID":"1978","LGD_RECEIVERPHONE":"","LGD_2TR_FLAG":"Y","LGD_DEVICE":"","LGD_TID":"xplex2015030322005388487","LGD_TIMESTAMP":"20150303220054","LGD_SAOWNER":"엑스플렉스(X-PLEX)","LGD_FINANCECODE":"020","LGD_BUYERPHONE":"01099825674","LGD_ESCROWYN":"N","LGD_PAYTYPE":"SC0040","LGD_CASFLAG":"R","LGD_CASCAMOUNT":"0","LGD_CASTAMOUNT":"0","LGD_AMOUNT":"180000","LGD_BUYERSSN":".","LGD_CASHRECEIPTCODE":"0000","LGD_RESPMSG":"20: ","LGD_PAYDATE":"20150303220053","LGD_PRODUCTINFO":"김성재의 기자처럼 글쓰기","LGD_CASSEQNO":"000","LGD_PRODUCTCODE":"","LGD_HASHDATA":"04cc19315422beddb7744fc6521d5b3e","LGD_BUYERADDRESS":"안양시 만안구 석수1동 182~241221-15 오성주택 201호","LGD_RECEIVER":"","LGD_RESPCODE":"0000","LGD_ACCOUNTNUM":"61649220918105","LGD_PAYER":"정혜진","LGD_BUYEREMAIL":"hyejin53@gmail.com"}]}
]
2015-03-03 13:00:54 [INFO ] [xplex4-0120150303130053e66061c562e4f81cfd8563584437062c8b5df74f] Response Code=[0000], Msg=[20: ], Count=1
2015-03-03 13:00:54 [DEBUG] [xplex4-0120150303130053e66061c562e4f81cfd8563584437062c8b5df74f] Response (LGD_IFOS, 0) = 3M8S0M
2015-03-03 13:00:54 [DEBUG] [xplex4-0120150303130053e66061c562e4f81cfd8563584437062c8b5df74f] Response (LGD_MID, 0) = xplex4
2015-03-03 13:00:54 [DEBUG] [xplex4-0120150303130053e66061c562e4f81cfd8563584437062c8b5df74f] Response (LGD_FINANCENAME, 0) = 우리
2015-03-03 13:00:54 [DEBUG] [xplex4-0120150303130053e66061c562e4f81cfd8563584437062c8b5df74f] Response (LGD_CASHRECEIPTKIND, 0) = 0
2015-03-03 13:00:54 [DEBUG] [xplex4-0120150303130053e66061c562e4f81cfd8563584437062c8b5df74f] Response (LGD_DELIVERYINFO, 0) = 
2015-03-03 13:00:54 [DEBUG] [xplex4-0120150303130053e66061c562e4f81cfd8563584437062c8b5df74f] Response (LGD_BUYER, 0) = 정혜진
2015-03-03 13:00:54 [DEBUG] [xplex4-0120150303130053e66061c562e4f81cfd8563584437062c8b5df74f] Response (LGD_BUYERID, 0) = 
2015-03-03 13:00:54 [DEBUG] [xplex4-0120150303130053e66061c562e4f81cfd8563584437062c8b5df74f] Response (LGD_OID, 0) = 1978
2015-03-03 13:00:54 [DEBUG] [xplex4-0120150303130053e66061c562e4f81cfd8563584437062c8b5df74f] Response (LGD_RECEIVERPHONE, 0) = 
2015-03-03 13:00:54 [DEBUG] [xplex4-0120150303130053e66061c562e4f81cfd8563584437062c8b5df74f] Response (LGD_2TR_FLAG, 0) = Y
2015-03-03 13:00:54 [DEBUG] [xplex4-0120150303130053e66061c562e4f81cfd8563584437062c8b5df74f] Response (LGD_DEVICE, 0) = 
2015-03-03 13:00:54 [DEBUG] [xplex4-0120150303130053e66061c562e4f81cfd8563584437062c8b5df74f] Response (LGD_TID, 0) = xplex2015030322005388487
2015-03-03 13:00:54 [DEBUG] [xplex4-0120150303130053e66061c562e4f81cfd8563584437062c8b5df74f] Response (LGD_TIMESTAMP, 0) = 20150303220054
2015-03-03 13:00:54 [DEBUG] [xplex4-0120150303130053e66061c562e4f81cfd8563584437062c8b5df74f] Response (LGD_SAOWNER, 0) = 엑스플렉스(X-PLEX)
2015-03-03 13:00:54 [DEBUG] [xplex4-0120150303130053e66061c562e4f81cfd8563584437062c8b5df74f] Response (LGD_FINANCECODE, 0) = 020
2015-03-03 13:00:54 [DEBUG] [xplex4-0120150303130053e66061c562e4f81cfd8563584437062c8b5df74f] Response (LGD_BUYERPHONE, 0) = 01099825674
2015-03-03 13:00:54 [DEBUG] [xplex4-0120150303130053e66061c562e4f81cfd8563584437062c8b5df74f] Response (LGD_ESCROWYN, 0) = N
2015-03-03 13:00:54 [DEBUG] [xplex4-0120150303130053e66061c562e4f81cfd8563584437062c8b5df74f] Response (LGD_PAYTYPE, 0) = SC0040
2015-03-03 13:00:54 [DEBUG] [xplex4-0120150303130053e66061c562e4f81cfd8563584437062c8b5df74f] Response (LGD_CASFLAG, 0) = R
2015-03-03 13:00:54 [DEBUG] [xplex4-0120150303130053e66061c562e4f81cfd8563584437062c8b5df74f] Response (LGD_CASCAMOUNT, 0) = 0
2015-03-03 13:00:54 [DEBUG] [xplex4-0120150303130053e66061c562e4f81cfd8563584437062c8b5df74f] Response (LGD_CASTAMOUNT, 0) = 0
2015-03-03 13:00:54 [DEBUG] [xplex4-0120150303130053e66061c562e4f81cfd8563584437062c8b5df74f] Response (LGD_AMOUNT, 0) = 180000
2015-03-03 13:00:54 [DEBUG] [xplex4-0120150303130053e66061c562e4f81cfd8563584437062c8b5df74f] Response (LGD_BUYERSSN, 0) = .
2015-03-03 13:00:54 [DEBUG] [xplex4-0120150303130053e66061c562e4f81cfd8563584437062c8b5df74f] Response (LGD_CASHRECEIPTCODE, 0) = 0000
2015-03-03 13:00:54 [DEBUG] [xplex4-0120150303130053e66061c562e4f81cfd8563584437062c8b5df74f] Response (LGD_RESPMSG, 0) = 20: 
2015-03-03 13:00:54 [DEBUG] [xplex4-0120150303130053e66061c562e4f81cfd8563584437062c8b5df74f] Response (LGD_PAYDATE, 0) = 20150303220053
2015-03-03 13:00:54 [DEBUG] [xplex4-0120150303130053e66061c562e4f81cfd8563584437062c8b5df74f] Response (LGD_PRODUCTINFO, 0) = 김성재의 기자처럼 글쓰기
2015-03-03 13:00:54 [DEBUG] [xplex4-0120150303130053e66061c562e4f81cfd8563584437062c8b5df74f] Response (LGD_CASSEQNO, 0) = 000
2015-03-03 13:00:54 [DEBUG] [xplex4-0120150303130053e66061c562e4f81cfd8563584437062c8b5df74f] Response (LGD_PRODUCTCODE, 0) = 
2015-03-03 13:00:54 [DEBUG] [xplex4-0120150303130053e66061c562e4f81cfd8563584437062c8b5df74f] Response (LGD_HASHDATA, 0) = 04cc19315422beddb7744fc6521d5b3e
2015-03-03 13:00:54 [DEBUG] [xplex4-0120150303130053e66061c562e4f81cfd8563584437062c8b5df74f] Response (LGD_BUYERADDRESS, 0) = 안양시 만안구 석수1동 182~241221-15 오성주택 201호
2015-03-03 13:00:54 [DEBUG] [xplex4-0120150303130053e66061c562e4f81cfd8563584437062c8b5df74f] Response (LGD_RECEIVER, 0) = 
2015-03-03 13:00:54 [DEBUG] [xplex4-0120150303130053e66061c562e4f81cfd8563584437062c8b5df74f] Response (LGD_RESPCODE, 0) = 0000
2015-03-03 13:00:54 [DEBUG] [xplex4-0120150303130053e66061c562e4f81cfd8563584437062c8b5df74f] Response (LGD_ACCOUNTNUM, 0) = 61649220918105
2015-03-03 13:00:54 [DEBUG] [xplex4-0120150303130053e66061c562e4f81cfd8563584437062c8b5df74f] Response (LGD_PAYER, 0) = 정혜진
2015-03-03 13:00:54 [DEBUG] [xplex4-0120150303130053e66061c562e4f81cfd8563584437062c8b5df74f] Response (LGD_BUYEREMAIL, 0) = hyejin53@gmail.com
