2016-07-08 12:50:52 [INFO ] [] XPayClient initialize [/home/hosting_users/xplex/www/wp-content/plugins/woocommerce-lguplus-kr/lgdacom] [service]
2016-07-08 12:50:52 [DEBUG] [] Config [server_id] = [01]
2016-07-08 12:50:52 [DEBUG] [] Config [timeout] = [60]
2016-07-08 12:50:52 [DEBUG] [] Config [log_level] = [4]
2016-07-08 12:50:52 [DEBUG] [] Config [verify_cert] = [1]
2016-07-08 12:50:52 [DEBUG] [] Config [verify_host] = [1]
2016-07-08 12:50:52 [DEBUG] [] Config [report_error] = [1]
2016-07-08 12:50:52 [DEBUG] [] Config [output_UTF8] = [1]
2016-07-08 12:50:52 [DEBUG] [] Config [auto_rollback] = [1]
2016-07-08 12:50:52 [DEBUG] [] Config [log_dir] = [/home/hosting_users/xplex/www/wp-content/plugins/woocommerce-lguplus-kr/lgdacom/log]
2016-07-08 12:50:52 [DEBUG] [] Config [txplex4] = [12d7f002e43a80c0dd64128a1957e351]
2016-07-08 12:50:52 [DEBUG] [] Config [xplex4] = [12d7f002e43a80c0dd64128a1957e351]
2016-07-08 12:50:52 [DEBUG] [] Config [url] = [https://xpayclient.lgdacom.net/xpay/Gateway.do]
2016-07-08 12:50:52 [DEBUG] [] Config [test_url] = [https://xpayclient.lgdacom.net:7443/xpay/Gateway.do]
2016-07-08 12:50:52 [DEBUG] [] Config [aux_url] = [http://xpayclient.lgdacom.net:7080/xpay/Gateway.do]
2016-07-08 12:50:52 [DEBUG] [xplex4-01201607081250521af2d51763f553fc17cea44e3aa413ba6ae927b5] Post [LGD_TXID] = [xplex4-01201607081250521af2d51763f553fc17cea44e3aa413ba6ae927b5]
2016-07-08 12:50:52 [DEBUG] [xplex4-01201607081250521af2d51763f553fc17cea44e3aa413ba6ae927b5] Post [LGD_AUTHCODE] = [812017844ca3773acbcc77e07c4ee15750726402]
2016-07-08 12:50:52 [DEBUG] [xplex4-01201607081250521af2d51763f553fc17cea44e3aa413ba6ae927b5] Post [LGD_MID] = [xplex4]
2016-07-08 12:50:52 [DEBUG] [xplex4-01201607081250521af2d51763f553fc17cea44e3aa413ba6ae927b5] Post [LGD_TXNAME] = [PaymentByKey]
2016-07-08 12:50:52 [DEBUG] [xplex4-01201607081250521af2d51763f553fc17cea44e3aa413ba6ae927b5] Post [LGD_PAYKEY] = [2016070821505585FC1018181F0EAB524E372B741C25B1E0C602FA]
2016-07-08 12:50:52 [DEBUG] [xplex4-01201607081250521af2d51763f553fc17cea44e3aa413ba6ae927b5] post_string = LGD_TXID=xplex4-01201607081250521af2d51763f553fc17cea44e3aa413ba6ae927b5&LGD_AUTHCODE=812017844ca3773acbcc77e07c4ee15750726402&LGD_MID=xplex4&LGD_TXNAME=PaymentByKey&LGD_PAYKEY=2016070821505585FC1018181F0EAB524E372B741C25B1E0C602FA
2016-07-08 12:50:53 [DEBUG] [xplex4-01201607081250521af2d51763f553fc17cea44e3aa413ba6ae927b5] Result = [









{"LGD_RESPCODE":"0000","LGD_RESPMSG":"06: ","LGD_RESPONSE":[{"LGD_IFOS":"3A4C0S","LGD_MID":"xplex4","LGD_FINANCENAME":"국민","LGD_DELIVERYINFO":"","LGD_BUYER":"김경희","LGD_BUYERID":"","LGD_OID":"6163","LGD_RECEIVERPHONE":"","LGD_2TR_FLAG":"Y","LGD_DEVICE":"","LGD_TID":"xplex2016070821505717618","LGD_TIMESTAMP":"20160708215058","LGD_SAOWNER":"엑스플렉스(X-PLEX)","LGD_FINANCECODE":"004","LGD_BUYERPHONE":"01077652811","LGD_ESCROWYN":"N","LGD_PAYTYPE":"SC0040","LGD_CASFLAG":"R","LGD_CASCAMOUNT":"0","LGD_CASTAMOUNT":"0","LGD_AMOUNT":"30000","LGD_BUYERSSN":".","LGD_RESPMSG":"06: ","LGD_PAYDATE":"20160708215057","LGD_PRODUCTINFO":"오리지널 마인드 -어떻게 소설이 탄생하는가 ‧ 무엇이 카피가 되는가 ‧ 무엇이 책이 되는가","LGD_CASSEQNO":"000","LGD_PRODUCTCODE":"","LGD_HASHDATA":"91c24ca46240e62244c11e6abb99cee7","LGD_BUYERADDRESS":"관악구 서림동 신림현대아파트 101~112동112-404","LGD_RECEIVER":"","LGD_RESPCODE":"0000","LGD_ACCOUNTNUM":"69769011244777","LGD_PAYER":"김경희","LGD_BUYEREMAIL":"slowsophi@naver.com"}]}
]
2016-07-08 12:50:53 [INFO ] [xplex4-01201607081250521af2d51763f553fc17cea44e3aa413ba6ae927b5] Response Code=[0000], Msg=[06: ], Count=1
2016-07-08 12:50:53 [DEBUG] [xplex4-01201607081250521af2d51763f553fc17cea44e3aa413ba6ae927b5] Response (LGD_IFOS, 0) = 3A4C0S
2016-07-08 12:50:53 [DEBUG] [xplex4-01201607081250521af2d51763f553fc17cea44e3aa413ba6ae927b5] Response (LGD_MID, 0) = xplex4
2016-07-08 12:50:53 [DEBUG] [xplex4-01201607081250521af2d51763f553fc17cea44e3aa413ba6ae927b5] Response (LGD_FINANCENAME, 0) = 국민
2016-07-08 12:50:53 [DEBUG] [xplex4-01201607081250521af2d51763f553fc17cea44e3aa413ba6ae927b5] Response (LGD_DELIVERYINFO, 0) = 
2016-07-08 12:50:53 [DEBUG] [xplex4-01201607081250521af2d51763f553fc17cea44e3aa413ba6ae927b5] Response (LGD_BUYER, 0) = 김경희
2016-07-08 12:50:53 [DEBUG] [xplex4-01201607081250521af2d51763f553fc17cea44e3aa413ba6ae927b5] Response (LGD_BUYERID, 0) = 
2016-07-08 12:50:53 [DEBUG] [xplex4-01201607081250521af2d51763f553fc17cea44e3aa413ba6ae927b5] Response (LGD_OID, 0) = 6163
2016-07-08 12:50:53 [DEBUG] [xplex4-01201607081250521af2d51763f553fc17cea44e3aa413ba6ae927b5] Response (LGD_RECEIVERPHONE, 0) = 
2016-07-08 12:50:53 [DEBUG] [xplex4-01201607081250521af2d51763f553fc17cea44e3aa413ba6ae927b5] Response (LGD_2TR_FLAG, 0) = Y
2016-07-08 12:50:53 [DEBUG] [xplex4-01201607081250521af2d51763f553fc17cea44e3aa413ba6ae927b5] Response (LGD_DEVICE, 0) = 
2016-07-08 12:50:53 [DEBUG] [xplex4-01201607081250521af2d51763f553fc17cea44e3aa413ba6ae927b5] Response (LGD_TID, 0) = xplex2016070821505717618
2016-07-08 12:50:53 [DEBUG] [xplex4-01201607081250521af2d51763f553fc17cea44e3aa413ba6ae927b5] Response (LGD_TIMESTAMP, 0) = 20160708215058
2016-07-08 12:50:53 [DEBUG] [xplex4-01201607081250521af2d51763f553fc17cea44e3aa413ba6ae927b5] Response (LGD_SAOWNER, 0) = 엑스플렉스(X-PLEX)
2016-07-08 12:50:53 [DEBUG] [xplex4-01201607081250521af2d51763f553fc17cea44e3aa413ba6ae927b5] Response (LGD_FINANCECODE, 0) = 004
2016-07-08 12:50:53 [DEBUG] [xplex4-01201607081250521af2d51763f553fc17cea44e3aa413ba6ae927b5] Response (LGD_BUYERPHONE, 0) = 01077652811
2016-07-08 12:50:53 [DEBUG] [xplex4-01201607081250521af2d51763f553fc17cea44e3aa413ba6ae927b5] Response (LGD_ESCROWYN, 0) = N
2016-07-08 12:50:53 [DEBUG] [xplex4-01201607081250521af2d51763f553fc17cea44e3aa413ba6ae927b5] Response (LGD_PAYTYPE, 0) = SC0040
2016-07-08 12:50:53 [DEBUG] [xplex4-01201607081250521af2d51763f553fc17cea44e3aa413ba6ae927b5] Response (LGD_CASFLAG, 0) = R
2016-07-08 12:50:53 [DEBUG] [xplex4-01201607081250521af2d51763f553fc17cea44e3aa413ba6ae927b5] Response (LGD_CASCAMOUNT, 0) = 0
2016-07-08 12:50:53 [DEBUG] [xplex4-01201607081250521af2d51763f553fc17cea44e3aa413ba6ae927b5] Response (LGD_CASTAMOUNT, 0) = 0
2016-07-08 12:50:53 [DEBUG] [xplex4-01201607081250521af2d51763f553fc17cea44e3aa413ba6ae927b5] Response (LGD_AMOUNT, 0) = 30000
2016-07-08 12:50:53 [DEBUG] [xplex4-01201607081250521af2d51763f553fc17cea44e3aa413ba6ae927b5] Response (LGD_BUYERSSN, 0) = .
2016-07-08 12:50:53 [DEBUG] [xplex4-01201607081250521af2d51763f553fc17cea44e3aa413ba6ae927b5] Response (LGD_RESPMSG, 0) = 06: 
2016-07-08 12:50:53 [DEBUG] [xplex4-01201607081250521af2d51763f553fc17cea44e3aa413ba6ae927b5] Response (LGD_PAYDATE, 0) = 20160708215057
2016-07-08 12:50:53 [DEBUG] [xplex4-01201607081250521af2d51763f553fc17cea44e3aa413ba6ae927b5] Response (LGD_PRODUCTINFO, 0) = 오리지널 마인드 -어떻게 소설이 탄생하는가 ‧ 무엇이 카피가 되는가 ‧ 무엇이 책이 되는가
2016-07-08 12:50:53 [DEBUG] [xplex4-01201607081250521af2d51763f553fc17cea44e3aa413ba6ae927b5] Response (LGD_CASSEQNO, 0) = 000
2016-07-08 12:50:53 [DEBUG] [xplex4-01201607081250521af2d51763f553fc17cea44e3aa413ba6ae927b5] Response (LGD_PRODUCTCODE, 0) = 
2016-07-08 12:50:53 [DEBUG] [xplex4-01201607081250521af2d51763f553fc17cea44e3aa413ba6ae927b5] Response (LGD_HASHDATA, 0) = 91c24ca46240e62244c11e6abb99cee7
2016-07-08 12:50:53 [DEBUG] [xplex4-01201607081250521af2d51763f553fc17cea44e3aa413ba6ae927b5] Response (LGD_BUYERADDRESS, 0) = 관악구 서림동 신림현대아파트 101~112동112-404
2016-07-08 12:50:53 [DEBUG] [xplex4-01201607081250521af2d51763f553fc17cea44e3aa413ba6ae927b5] Response (LGD_RECEIVER, 0) = 
2016-07-08 12:50:53 [DEBUG] [xplex4-01201607081250521af2d51763f553fc17cea44e3aa413ba6ae927b5] Response (LGD_RESPCODE, 0) = 0000
2016-07-08 12:50:53 [DEBUG] [xplex4-01201607081250521af2d51763f553fc17cea44e3aa413ba6ae927b5] Response (LGD_ACCOUNTNUM, 0) = 69769011244777
2016-07-08 12:50:53 [DEBUG] [xplex4-01201607081250521af2d51763f553fc17cea44e3aa413ba6ae927b5] Response (LGD_PAYER, 0) = 김경희
2016-07-08 12:50:53 [DEBUG] [xplex4-01201607081250521af2d51763f553fc17cea44e3aa413ba6ae927b5] Response (LGD_BUYEREMAIL, 0) = slowsophi@naver.com
