2015-09-29 08:59:18 [INFO ] [] XPayClient initialize [/home/hosting_users/xplex/www/wp-content/plugins/woocommerce-lguplus-kr/lgdacom] [service]
2015-09-29 08:59:18 [DEBUG] [] Config [server_id] = [01]
2015-09-29 08:59:18 [DEBUG] [] Config [timeout] = [60]
2015-09-29 08:59:18 [DEBUG] [] Config [log_level] = [4]
2015-09-29 08:59:18 [DEBUG] [] Config [verify_cert] = [1]
2015-09-29 08:59:18 [DEBUG] [] Config [verify_host] = [1]
2015-09-29 08:59:18 [DEBUG] [] Config [report_error] = [1]
2015-09-29 08:59:18 [DEBUG] [] Config [output_UTF8] = [1]
2015-09-29 08:59:18 [DEBUG] [] Config [auto_rollback] = [1]
2015-09-29 08:59:18 [DEBUG] [] Config [log_dir] = [/home/hosting_users/xplex/www/wp-content/plugins/woocommerce-lguplus-kr/lgdacom/log]
2015-09-29 08:59:18 [DEBUG] [] Config [txplex4] = [12d7f002e43a80c0dd64128a1957e351]
2015-09-29 08:59:18 [DEBUG] [] Config [xplex4] = [12d7f002e43a80c0dd64128a1957e351]
2015-09-29 08:59:18 [DEBUG] [] Config [url] = [https://xpayclient.lgdacom.net/xpay/Gateway.do]
2015-09-29 08:59:18 [DEBUG] [] Config [test_url] = [https://xpayclient.lgdacom.net:7443/xpay/Gateway.do]
2015-09-29 08:59:18 [DEBUG] [] Config [aux_url] = [http://xpayclient.lgdacom.net:7080/xpay/Gateway.do]
2015-09-29 08:59:18 [DEBUG] [xplex4-0120150929085918b0686f52e2d7ec1575c14ace5497dae98045e44c] Post [LGD_TXID] = [xplex4-0120150929085918b0686f52e2d7ec1575c14ace5497dae98045e44c]
2015-09-29 08:59:18 [DEBUG] [xplex4-0120150929085918b0686f52e2d7ec1575c14ace5497dae98045e44c] Post [LGD_AUTHCODE] = [723d86f1594e683fd91ac1a3fe9a1ee1ff908516]
2015-09-29 08:59:18 [DEBUG] [xplex4-0120150929085918b0686f52e2d7ec1575c14ace5497dae98045e44c] Post [LGD_MID] = [xplex4]
2015-09-29 08:59:18 [DEBUG] [xplex4-0120150929085918b0686f52e2d7ec1575c14ace5497dae98045e44c] Post [LGD_TXNAME] = [PaymentByKey]
2015-09-29 08:59:18 [DEBUG] [xplex4-0120150929085918b0686f52e2d7ec1575c14ace5497dae98045e44c] Post [LGD_PAYKEY] = [20150929175914FF57B445836EC6FF5D72CA4EA696126313BA0CC1]
2015-09-29 08:59:18 [DEBUG] [xplex4-0120150929085918b0686f52e2d7ec1575c14ace5497dae98045e44c] post_string = LGD_TXID=xplex4-0120150929085918b0686f52e2d7ec1575c14ace5497dae98045e44c&LGD_AUTHCODE=723d86f1594e683fd91ac1a3fe9a1ee1ff908516&LGD_MID=xplex4&LGD_TXNAME=PaymentByKey&LGD_PAYKEY=20150929175914FF57B445836EC6FF5D72CA4EA696126313BA0CC1
2015-09-29 08:59:20 [DEBUG] [xplex4-0120150929085918b0686f52e2d7ec1575c14ace5497dae98045e44c] Result = [









{"LGD_RESPCODE":"0000","LGD_RESPMSG":"06: ","LGD_RESPONSE":[{"LGD_IFOS":"3M8S0M","LGD_MID":"xplex4","LGD_FINANCENAME":"국민","LGD_DELIVERYINFO":"","LGD_BUYER":"신나경","LGD_BUYERID":"","LGD_OID":"3844","LGD_RECEIVERPHONE":"","LGD_2TR_FLAG":"Y","LGD_DEVICE":"","LGD_TID":"xplex2015092917591912275","LGD_TIMESTAMP":"20150929175920","LGD_SAOWNER":"엑스플렉스(X-PLEX)","LGD_FINANCECODE":"004","LGD_BUYERPHONE":"01089347926","LGD_ESCROWYN":"N","LGD_PAYTYPE":"SC0040","LGD_CASFLAG":"R","LGD_CASCAMOUNT":"0","LGD_CASTAMOUNT":"0","LGD_AMOUNT":"210000","LGD_BUYERSSN":".","LGD_RESPMSG":"06: ","LGD_PAYDATE":"20150929175919","LGD_PRODUCTINFO":"나도 그림책 작가 2기스토리텔링 강화로 그림책 글쓰기 도전!","LGD_CASSEQNO":"000","LGD_PRODUCTCODE":"","LGD_HASHDATA":"c2ca5324b0dd4dd8697c7fbb22cd86d3","LGD_BUYERADDRESS":"제주시 아라일동아란15길 27 202호","LGD_RECEIVER":"","LGD_RESPCODE":"0000","LGD_ACCOUNTNUM":"69509011759592","LGD_PAYER":"신나경","LGD_BUYEREMAIL":"subaruu@nate.com"}]}
]
2015-09-29 08:59:20 [INFO ] [xplex4-0120150929085918b0686f52e2d7ec1575c14ace5497dae98045e44c] Response Code=[0000], Msg=[06: ], Count=1
2015-09-29 08:59:20 [DEBUG] [xplex4-0120150929085918b0686f52e2d7ec1575c14ace5497dae98045e44c] Response (LGD_IFOS, 0) = 3M8S0M
2015-09-29 08:59:20 [DEBUG] [xplex4-0120150929085918b0686f52e2d7ec1575c14ace5497dae98045e44c] Response (LGD_MID, 0) = xplex4
2015-09-29 08:59:20 [DEBUG] [xplex4-0120150929085918b0686f52e2d7ec1575c14ace5497dae98045e44c] Response (LGD_FINANCENAME, 0) = 국민
2015-09-29 08:59:20 [DEBUG] [xplex4-0120150929085918b0686f52e2d7ec1575c14ace5497dae98045e44c] Response (LGD_DELIVERYINFO, 0) = 
2015-09-29 08:59:20 [DEBUG] [xplex4-0120150929085918b0686f52e2d7ec1575c14ace5497dae98045e44c] Response (LGD_BUYER, 0) = 신나경
2015-09-29 08:59:20 [DEBUG] [xplex4-0120150929085918b0686f52e2d7ec1575c14ace5497dae98045e44c] Response (LGD_BUYERID, 0) = 
2015-09-29 08:59:20 [DEBUG] [xplex4-0120150929085918b0686f52e2d7ec1575c14ace5497dae98045e44c] Response (LGD_OID, 0) = 3844
2015-09-29 08:59:20 [DEBUG] [xplex4-0120150929085918b0686f52e2d7ec1575c14ace5497dae98045e44c] Response (LGD_RECEIVERPHONE, 0) = 
2015-09-29 08:59:20 [DEBUG] [xplex4-0120150929085918b0686f52e2d7ec1575c14ace5497dae98045e44c] Response (LGD_2TR_FLAG, 0) = Y
2015-09-29 08:59:20 [DEBUG] [xplex4-0120150929085918b0686f52e2d7ec1575c14ace5497dae98045e44c] Response (LGD_DEVICE, 0) = 
2015-09-29 08:59:20 [DEBUG] [xplex4-0120150929085918b0686f52e2d7ec1575c14ace5497dae98045e44c] Response (LGD_TID, 0) = xplex2015092917591912275
2015-09-29 08:59:20 [DEBUG] [xplex4-0120150929085918b0686f52e2d7ec1575c14ace5497dae98045e44c] Response (LGD_TIMESTAMP, 0) = 20150929175920
2015-09-29 08:59:20 [DEBUG] [xplex4-0120150929085918b0686f52e2d7ec1575c14ace5497dae98045e44c] Response (LGD_SAOWNER, 0) = 엑스플렉스(X-PLEX)
2015-09-29 08:59:20 [DEBUG] [xplex4-0120150929085918b0686f52e2d7ec1575c14ace5497dae98045e44c] Response (LGD_FINANCECODE, 0) = 004
2015-09-29 08:59:20 [DEBUG] [xplex4-0120150929085918b0686f52e2d7ec1575c14ace5497dae98045e44c] Response (LGD_BUYERPHONE, 0) = 01089347926
2015-09-29 08:59:20 [DEBUG] [xplex4-0120150929085918b0686f52e2d7ec1575c14ace5497dae98045e44c] Response (LGD_ESCROWYN, 0) = N
2015-09-29 08:59:20 [DEBUG] [xplex4-0120150929085918b0686f52e2d7ec1575c14ace5497dae98045e44c] Response (LGD_PAYTYPE, 0) = SC0040
2015-09-29 08:59:20 [DEBUG] [xplex4-0120150929085918b0686f52e2d7ec1575c14ace5497dae98045e44c] Response (LGD_CASFLAG, 0) = R
2015-09-29 08:59:20 [DEBUG] [xplex4-0120150929085918b0686f52e2d7ec1575c14ace5497dae98045e44c] Response (LGD_CASCAMOUNT, 0) = 0
2015-09-29 08:59:20 [DEBUG] [xplex4-0120150929085918b0686f52e2d7ec1575c14ace5497dae98045e44c] Response (LGD_CASTAMOUNT, 0) = 0
2015-09-29 08:59:20 [DEBUG] [xplex4-0120150929085918b0686f52e2d7ec1575c14ace5497dae98045e44c] Response (LGD_AMOUNT, 0) = 210000
2015-09-29 08:59:20 [DEBUG] [xplex4-0120150929085918b0686f52e2d7ec1575c14ace5497dae98045e44c] Response (LGD_BUYERSSN, 0) = .
2015-09-29 08:59:20 [DEBUG] [xplex4-0120150929085918b0686f52e2d7ec1575c14ace5497dae98045e44c] Response (LGD_RESPMSG, 0) = 06: 
2015-09-29 08:59:20 [DEBUG] [xplex4-0120150929085918b0686f52e2d7ec1575c14ace5497dae98045e44c] Response (LGD_PAYDATE, 0) = 20150929175919
2015-09-29 08:59:20 [DEBUG] [xplex4-0120150929085918b0686f52e2d7ec1575c14ace5497dae98045e44c] Response (LGD_PRODUCTINFO, 0) = 나도 그림책 작가 2기스토리텔링 강화로 그림책 글쓰기 도전!
2015-09-29 08:59:20 [DEBUG] [xplex4-0120150929085918b0686f52e2d7ec1575c14ace5497dae98045e44c] Response (LGD_CASSEQNO, 0) = 000
2015-09-29 08:59:20 [DEBUG] [xplex4-0120150929085918b0686f52e2d7ec1575c14ace5497dae98045e44c] Response (LGD_PRODUCTCODE, 0) = 
2015-09-29 08:59:20 [DEBUG] [xplex4-0120150929085918b0686f52e2d7ec1575c14ace5497dae98045e44c] Response (LGD_HASHDATA, 0) = c2ca5324b0dd4dd8697c7fbb22cd86d3
2015-09-29 08:59:20 [DEBUG] [xplex4-0120150929085918b0686f52e2d7ec1575c14ace5497dae98045e44c] Response (LGD_BUYERADDRESS, 0) = 제주시 아라일동아란15길 27 202호
2015-09-29 08:59:20 [DEBUG] [xplex4-0120150929085918b0686f52e2d7ec1575c14ace5497dae98045e44c] Response (LGD_RECEIVER, 0) = 
2015-09-29 08:59:20 [DEBUG] [xplex4-0120150929085918b0686f52e2d7ec1575c14ace5497dae98045e44c] Response (LGD_RESPCODE, 0) = 0000
2015-09-29 08:59:20 [DEBUG] [xplex4-0120150929085918b0686f52e2d7ec1575c14ace5497dae98045e44c] Response (LGD_ACCOUNTNUM, 0) = 69509011759592
2015-09-29 08:59:20 [DEBUG] [xplex4-0120150929085918b0686f52e2d7ec1575c14ace5497dae98045e44c] Response (LGD_PAYER, 0) = 신나경
2015-09-29 08:59:20 [DEBUG] [xplex4-0120150929085918b0686f52e2d7ec1575c14ace5497dae98045e44c] Response (LGD_BUYEREMAIL, 0) = subaruu@nate.com
2015-09-29 16:02:25 [INFO ] [] XPayClient initialize [/home/hosting_users/xplex/www/wp-content/plugins/woocommerce-lguplus-kr/lgdacom] [service]
2015-09-29 16:02:25 [DEBUG] [] Config [server_id] = [01]
2015-09-29 16:02:25 [DEBUG] [] Config [timeout] = [60]
2015-09-29 16:02:25 [DEBUG] [] Config [log_level] = [4]
2015-09-29 16:02:25 [DEBUG] [] Config [verify_cert] = [1]
2015-09-29 16:02:25 [DEBUG] [] Config [verify_host] = [1]
2015-09-29 16:02:25 [DEBUG] [] Config [report_error] = [1]
2015-09-29 16:02:25 [DEBUG] [] Config [output_UTF8] = [1]
2015-09-29 16:02:25 [DEBUG] [] Config [auto_rollback] = [1]
2015-09-29 16:02:25 [DEBUG] [] Config [log_dir] = [/home/hosting_users/xplex/www/wp-content/plugins/woocommerce-lguplus-kr/lgdacom/log]
2015-09-29 16:02:25 [DEBUG] [] Config [txplex4] = [12d7f002e43a80c0dd64128a1957e351]
2015-09-29 16:02:25 [DEBUG] [] Config [xplex4] = [12d7f002e43a80c0dd64128a1957e351]
2015-09-29 16:02:25 [DEBUG] [] Config [url] = [https://xpayclient.lgdacom.net/xpay/Gateway.do]
2015-09-29 16:02:25 [DEBUG] [] Config [test_url] = [https://xpayclient.lgdacom.net:7443/xpay/Gateway.do]
2015-09-29 16:02:25 [DEBUG] [] Config [aux_url] = [http://xpayclient.lgdacom.net:7080/xpay/Gateway.do]
2015-09-29 16:02:25 [DEBUG] [xplex4-0120150929160225211819b3ce5fff717f499f85a438f97c2ea7f27b] Post [LGD_TXID] = [xplex4-0120150929160225211819b3ce5fff717f499f85a438f97c2ea7f27b]
2015-09-29 16:02:25 [DEBUG] [xplex4-0120150929160225211819b3ce5fff717f499f85a438f97c2ea7f27b] Post [LGD_AUTHCODE] = [ba2abba1f15d550ca657f86f131d825aa37eff53]
2015-09-29 16:02:25 [DEBUG] [xplex4-0120150929160225211819b3ce5fff717f499f85a438f97c2ea7f27b] Post [LGD_MID] = [xplex4]
2015-09-29 16:02:25 [DEBUG] [xplex4-0120150929160225211819b3ce5fff717f499f85a438f97c2ea7f27b] Post [LGD_TXNAME] = [PaymentByKey]
2015-09-29 16:02:25 [DEBUG] [xplex4-0120150929160225211819b3ce5fff717f499f85a438f97c2ea7f27b] Post [LGD_PAYKEY] = [2015093001022461C4E0124C645AE7EFA56A1518DEDC0DD4C952A7]
2015-09-29 16:02:25 [DEBUG] [xplex4-0120150929160225211819b3ce5fff717f499f85a438f97c2ea7f27b] post_string = LGD_TXID=xplex4-0120150929160225211819b3ce5fff717f499f85a438f97c2ea7f27b&LGD_AUTHCODE=ba2abba1f15d550ca657f86f131d825aa37eff53&LGD_MID=xplex4&LGD_TXNAME=PaymentByKey&LGD_PAYKEY=2015093001022461C4E0124C645AE7EFA56A1518DEDC0DD4C952A7
2015-09-29 16:02:26 [DEBUG] [xplex4-0120150929160225211819b3ce5fff717f499f85a438f97c2ea7f27b] Result = [









{"LGD_RESPCODE":"0000","LGD_RESPMSG":"26: ","LGD_RESPONSE":[{"LGD_IFOS":"3ETS0M","LGD_MID":"xplex4","LGD_FINANCENAME":"신한","LGD_CASHRECEIPTKIND":"0","LGD_DELIVERYINFO":"","LGD_BUYER":"신나리","LGD_BUYERID":"","LGD_OID":"3847","LGD_RECEIVERPHONE":"","LGD_2TR_FLAG":"Y","LGD_DEVICE":"","LGD_TID":"xplex2015093001022570592","LGD_TIMESTAMP":"20150930010226","LGD_SAOWNER":"엑스플렉스(X-PLEX)","LGD_FINANCECODE":"088","LGD_BUYERPHONE":"01032545586","LGD_ESCROWYN":"N","LGD_PAYTYPE":"SC0040","LGD_CASFLAG":"R","LGD_CASCAMOUNT":"0","LGD_CASTAMOUNT":"0","LGD_AMOUNT":"180000","LGD_BUYERSSN":".","LGD_CASHRECEIPTCODE":"0000","LGD_RESPMSG":"26: ","LGD_PAYDATE":"20150930010226","LGD_PRODUCTINFO":"대중문화 글쓰기 펀치-라이팅 4기문화와 이슈를 가지고 노는 글쓰기의 노하우","LGD_CASSEQNO":"000","LGD_PRODUCTCODE":"","LGD_HASHDATA":"b83427dce8f7ff93834a48dc5f1dfdcf","LGD_BUYERADDRESS":"수원시 팔달구 우만동485-22","LGD_RECEIVER":"","LGD_RESPCODE":"0000","LGD_ACCOUNTNUM":"63790116698531","LGD_PAYER":"신나리","LGD_BUYEREMAIL":"pantheon704@gmail.com"}]}
]
2015-09-29 16:02:26 [INFO ] [xplex4-0120150929160225211819b3ce5fff717f499f85a438f97c2ea7f27b] Response Code=[0000], Msg=[26: ], Count=1
2015-09-29 16:02:26 [DEBUG] [xplex4-0120150929160225211819b3ce5fff717f499f85a438f97c2ea7f27b] Response (LGD_IFOS, 0) = 3ETS0M
2015-09-29 16:02:26 [DEBUG] [xplex4-0120150929160225211819b3ce5fff717f499f85a438f97c2ea7f27b] Response (LGD_MID, 0) = xplex4
2015-09-29 16:02:26 [DEBUG] [xplex4-0120150929160225211819b3ce5fff717f499f85a438f97c2ea7f27b] Response (LGD_FINANCENAME, 0) = 신한
2015-09-29 16:02:26 [DEBUG] [xplex4-0120150929160225211819b3ce5fff717f499f85a438f97c2ea7f27b] Response (LGD_CASHRECEIPTKIND, 0) = 0
2015-09-29 16:02:26 [DEBUG] [xplex4-0120150929160225211819b3ce5fff717f499f85a438f97c2ea7f27b] Response (LGD_DELIVERYINFO, 0) = 
2015-09-29 16:02:26 [DEBUG] [xplex4-0120150929160225211819b3ce5fff717f499f85a438f97c2ea7f27b] Response (LGD_BUYER, 0) = 신나리
2015-09-29 16:02:26 [DEBUG] [xplex4-0120150929160225211819b3ce5fff717f499f85a438f97c2ea7f27b] Response (LGD_BUYERID, 0) = 
2015-09-29 16:02:26 [DEBUG] [xplex4-0120150929160225211819b3ce5fff717f499f85a438f97c2ea7f27b] Response (LGD_OID, 0) = 3847
2015-09-29 16:02:26 [DEBUG] [xplex4-0120150929160225211819b3ce5fff717f499f85a438f97c2ea7f27b] Response (LGD_RECEIVERPHONE, 0) = 
2015-09-29 16:02:26 [DEBUG] [xplex4-0120150929160225211819b3ce5fff717f499f85a438f97c2ea7f27b] Response (LGD_2TR_FLAG, 0) = Y
2015-09-29 16:02:26 [DEBUG] [xplex4-0120150929160225211819b3ce5fff717f499f85a438f97c2ea7f27b] Response (LGD_DEVICE, 0) = 
2015-09-29 16:02:26 [DEBUG] [xplex4-0120150929160225211819b3ce5fff717f499f85a438f97c2ea7f27b] Response (LGD_TID, 0) = xplex2015093001022570592
2015-09-29 16:02:26 [DEBUG] [xplex4-0120150929160225211819b3ce5fff717f499f85a438f97c2ea7f27b] Response (LGD_TIMESTAMP, 0) = 20150930010226
2015-09-29 16:02:26 [DEBUG] [xplex4-0120150929160225211819b3ce5fff717f499f85a438f97c2ea7f27b] Response (LGD_SAOWNER, 0) = 엑스플렉스(X-PLEX)
2015-09-29 16:02:26 [DEBUG] [xplex4-0120150929160225211819b3ce5fff717f499f85a438f97c2ea7f27b] Response (LGD_FINANCECODE, 0) = 088
2015-09-29 16:02:26 [DEBUG] [xplex4-0120150929160225211819b3ce5fff717f499f85a438f97c2ea7f27b] Response (LGD_BUYERPHONE, 0) = 01032545586
2015-09-29 16:02:26 [DEBUG] [xplex4-0120150929160225211819b3ce5fff717f499f85a438f97c2ea7f27b] Response (LGD_ESCROWYN, 0) = N
2015-09-29 16:02:26 [DEBUG] [xplex4-0120150929160225211819b3ce5fff717f499f85a438f97c2ea7f27b] Response (LGD_PAYTYPE, 0) = SC0040
2015-09-29 16:02:26 [DEBUG] [xplex4-0120150929160225211819b3ce5fff717f499f85a438f97c2ea7f27b] Response (LGD_CASFLAG, 0) = R
2015-09-29 16:02:26 [DEBUG] [xplex4-0120150929160225211819b3ce5fff717f499f85a438f97c2ea7f27b] Response (LGD_CASCAMOUNT, 0) = 0
2015-09-29 16:02:26 [DEBUG] [xplex4-0120150929160225211819b3ce5fff717f499f85a438f97c2ea7f27b] Response (LGD_CASTAMOUNT, 0) = 0
2015-09-29 16:02:26 [DEBUG] [xplex4-0120150929160225211819b3ce5fff717f499f85a438f97c2ea7f27b] Response (LGD_AMOUNT, 0) = 180000
2015-09-29 16:02:26 [DEBUG] [xplex4-0120150929160225211819b3ce5fff717f499f85a438f97c2ea7f27b] Response (LGD_BUYERSSN, 0) = .
2015-09-29 16:02:26 [DEBUG] [xplex4-0120150929160225211819b3ce5fff717f499f85a438f97c2ea7f27b] Response (LGD_CASHRECEIPTCODE, 0) = 0000
2015-09-29 16:02:26 [DEBUG] [xplex4-0120150929160225211819b3ce5fff717f499f85a438f97c2ea7f27b] Response (LGD_RESPMSG, 0) = 26: 
2015-09-29 16:02:26 [DEBUG] [xplex4-0120150929160225211819b3ce5fff717f499f85a438f97c2ea7f27b] Response (LGD_PAYDATE, 0) = 20150930010226
2015-09-29 16:02:26 [DEBUG] [xplex4-0120150929160225211819b3ce5fff717f499f85a438f97c2ea7f27b] Response (LGD_PRODUCTINFO, 0) = 대중문화 글쓰기 펀치-라이팅 4기문화와 이슈를 가지고 노는 글쓰기의 노하우
2015-09-29 16:02:26 [DEBUG] [xplex4-0120150929160225211819b3ce5fff717f499f85a438f97c2ea7f27b] Response (LGD_CASSEQNO, 0) = 000
2015-09-29 16:02:26 [DEBUG] [xplex4-0120150929160225211819b3ce5fff717f499f85a438f97c2ea7f27b] Response (LGD_PRODUCTCODE, 0) = 
2015-09-29 16:02:26 [DEBUG] [xplex4-0120150929160225211819b3ce5fff717f499f85a438f97c2ea7f27b] Response (LGD_HASHDATA, 0) = b83427dce8f7ff93834a48dc5f1dfdcf
2015-09-29 16:02:26 [DEBUG] [xplex4-0120150929160225211819b3ce5fff717f499f85a438f97c2ea7f27b] Response (LGD_BUYERADDRESS, 0) = 수원시 팔달구 우만동485-22
2015-09-29 16:02:26 [DEBUG] [xplex4-0120150929160225211819b3ce5fff717f499f85a438f97c2ea7f27b] Response (LGD_RECEIVER, 0) = 
2015-09-29 16:02:26 [DEBUG] [xplex4-0120150929160225211819b3ce5fff717f499f85a438f97c2ea7f27b] Response (LGD_RESPCODE, 0) = 0000
2015-09-29 16:02:26 [DEBUG] [xplex4-0120150929160225211819b3ce5fff717f499f85a438f97c2ea7f27b] Response (LGD_ACCOUNTNUM, 0) = 63790116698531
2015-09-29 16:02:26 [DEBUG] [xplex4-0120150929160225211819b3ce5fff717f499f85a438f97c2ea7f27b] Response (LGD_PAYER, 0) = 신나리
2015-09-29 16:02:26 [DEBUG] [xplex4-0120150929160225211819b3ce5fff717f499f85a438f97c2ea7f27b] Response (LGD_BUYEREMAIL, 0) = pantheon704@gmail.com
