2016-02-11 05:39:47 [INFO ] [] XPayClient initialize [/home/hosting_users/xplex/www/wp-content/plugins/woocommerce-lguplus-kr/lgdacom] [service]
2016-02-11 05:39:47 [DEBUG] [] Config [server_id] = [01]
2016-02-11 05:39:47 [DEBUG] [] Config [timeout] = [60]
2016-02-11 05:39:47 [DEBUG] [] Config [log_level] = [4]
2016-02-11 05:39:47 [DEBUG] [] Config [verify_cert] = [1]
2016-02-11 05:39:47 [DEBUG] [] Config [verify_host] = [1]
2016-02-11 05:39:47 [DEBUG] [] Config [report_error] = [1]
2016-02-11 05:39:47 [DEBUG] [] Config [output_UTF8] = [1]
2016-02-11 05:39:47 [DEBUG] [] Config [auto_rollback] = [1]
2016-02-11 05:39:47 [DEBUG] [] Config [log_dir] = [/home/hosting_users/xplex/www/wp-content/plugins/woocommerce-lguplus-kr/lgdacom/log]
2016-02-11 05:39:47 [DEBUG] [] Config [txplex4] = [12d7f002e43a80c0dd64128a1957e351]
2016-02-11 05:39:47 [DEBUG] [] Config [xplex4] = [12d7f002e43a80c0dd64128a1957e351]
2016-02-11 05:39:47 [DEBUG] [] Config [url] = [https://xpayclient.lgdacom.net/xpay/Gateway.do]
2016-02-11 05:39:47 [DEBUG] [] Config [test_url] = [https://xpayclient.lgdacom.net:7443/xpay/Gateway.do]
2016-02-11 05:39:47 [DEBUG] [] Config [aux_url] = [http://xpayclient.lgdacom.net:7080/xpay/Gateway.do]
2016-02-11 05:39:47 [DEBUG] [xplex4-01201602110539474e14c8d0ea4f760f6fd8f89d4a83753b786dcebb] Post [LGD_TXID] = [xplex4-01201602110539474e14c8d0ea4f760f6fd8f89d4a83753b786dcebb]
2016-02-11 05:39:47 [DEBUG] [xplex4-01201602110539474e14c8d0ea4f760f6fd8f89d4a83753b786dcebb] Post [LGD_AUTHCODE] = [91e9a9bc546ead2117ae2a74fa9d1a644f3ec652]
2016-02-11 05:39:47 [DEBUG] [xplex4-01201602110539474e14c8d0ea4f760f6fd8f89d4a83753b786dcebb] Post [LGD_MID] = [xplex4]
2016-02-11 05:39:47 [DEBUG] [xplex4-01201602110539474e14c8d0ea4f760f6fd8f89d4a83753b786dcebb] Post [LGD_TXNAME] = [PaymentByKey]
2016-02-11 05:39:47 [DEBUG] [xplex4-01201602110539474e14c8d0ea4f760f6fd8f89d4a83753b786dcebb] Post [LGD_PAYKEY] = [201602111439479F909047F766FF857BAFFA4AEBBE8208630771A3]
2016-02-11 05:39:47 [DEBUG] [xplex4-01201602110539474e14c8d0ea4f760f6fd8f89d4a83753b786dcebb] post_string = LGD_TXID=xplex4-01201602110539474e14c8d0ea4f760f6fd8f89d4a83753b786dcebb&LGD_AUTHCODE=91e9a9bc546ead2117ae2a74fa9d1a644f3ec652&LGD_MID=xplex4&LGD_TXNAME=PaymentByKey&LGD_PAYKEY=201602111439479F909047F766FF857BAFFA4AEBBE8208630771A3
2016-02-11 05:39:49 [DEBUG] [xplex4-01201602110539474e14c8d0ea4f760f6fd8f89d4a83753b786dcebb] Result = [









{"LGD_RESPCODE":"0000","LGD_RESPMSG":"26: ","LGD_RESPONSE":[{"LGD_IFOS":"3M9S0P","LGD_MID":"xplex4","LGD_FINANCENAME":"신한","LGD_CASHRECEIPTKIND":"0","LGD_DELIVERYINFO":"","LGD_BUYER":"한기하","LGD_BUYERID":"","LGD_OID":"4648","LGD_RECEIVERPHONE":"","LGD_2TR_FLAG":"Y","LGD_DEVICE":"","LGD_TID":"xplex2016021114394983387","LGD_TIMESTAMP":"20160211143950","LGD_SAOWNER":"엑스플렉스(X-PLEX)","LGD_FINANCECODE":"088","LGD_BUYERPHONE":"01097290429","LGD_ESCROWYN":"N","LGD_PAYTYPE":"SC0040","LGD_CASFLAG":"R","LGD_CASCAMOUNT":"0","LGD_CASTAMOUNT":"0","LGD_AMOUNT":"320000","LGD_BUYERSSN":".","LGD_CASHRECEIPTCODE":"0000","LGD_RESPMSG":"26: ","LGD_PAYDATE":"20160211143949","LGD_PRODUCTINFO":"글쓰기의 본격적인 잔기술 4기–최민석 작가의 8주 속성 글쓰기 수업","LGD_CASSEQNO":"000","LGD_PRODUCTCODE":"","LGD_HASHDATA":"d2d8ae4514ddbd9968704bfbd999523f","LGD_BUYERADDRESS":"동대문구 휘경동 183-350502호","LGD_RECEIVER":"","LGD_RESPCODE":"0000","LGD_ACCOUNTNUM":"63790114552370","LGD_PAYER":"한기하","LGD_BUYEREMAIL":"1khhan@naver.com"}]}
]
2016-02-11 05:39:49 [INFO ] [xplex4-01201602110539474e14c8d0ea4f760f6fd8f89d4a83753b786dcebb] Response Code=[0000], Msg=[26: ], Count=1
2016-02-11 05:39:49 [DEBUG] [xplex4-01201602110539474e14c8d0ea4f760f6fd8f89d4a83753b786dcebb] Response (LGD_IFOS, 0) = 3M9S0P
2016-02-11 05:39:49 [DEBUG] [xplex4-01201602110539474e14c8d0ea4f760f6fd8f89d4a83753b786dcebb] Response (LGD_MID, 0) = xplex4
2016-02-11 05:39:49 [DEBUG] [xplex4-01201602110539474e14c8d0ea4f760f6fd8f89d4a83753b786dcebb] Response (LGD_FINANCENAME, 0) = 신한
2016-02-11 05:39:49 [DEBUG] [xplex4-01201602110539474e14c8d0ea4f760f6fd8f89d4a83753b786dcebb] Response (LGD_CASHRECEIPTKIND, 0) = 0
2016-02-11 05:39:49 [DEBUG] [xplex4-01201602110539474e14c8d0ea4f760f6fd8f89d4a83753b786dcebb] Response (LGD_DELIVERYINFO, 0) = 
2016-02-11 05:39:49 [DEBUG] [xplex4-01201602110539474e14c8d0ea4f760f6fd8f89d4a83753b786dcebb] Response (LGD_BUYER, 0) = 한기하
2016-02-11 05:39:49 [DEBUG] [xplex4-01201602110539474e14c8d0ea4f760f6fd8f89d4a83753b786dcebb] Response (LGD_BUYERID, 0) = 
2016-02-11 05:39:49 [DEBUG] [xplex4-01201602110539474e14c8d0ea4f760f6fd8f89d4a83753b786dcebb] Response (LGD_OID, 0) = 4648
2016-02-11 05:39:49 [DEBUG] [xplex4-01201602110539474e14c8d0ea4f760f6fd8f89d4a83753b786dcebb] Response (LGD_RECEIVERPHONE, 0) = 
2016-02-11 05:39:49 [DEBUG] [xplex4-01201602110539474e14c8d0ea4f760f6fd8f89d4a83753b786dcebb] Response (LGD_2TR_FLAG, 0) = Y
2016-02-11 05:39:49 [DEBUG] [xplex4-01201602110539474e14c8d0ea4f760f6fd8f89d4a83753b786dcebb] Response (LGD_DEVICE, 0) = 
2016-02-11 05:39:49 [DEBUG] [xplex4-01201602110539474e14c8d0ea4f760f6fd8f89d4a83753b786dcebb] Response (LGD_TID, 0) = xplex2016021114394983387
2016-02-11 05:39:49 [DEBUG] [xplex4-01201602110539474e14c8d0ea4f760f6fd8f89d4a83753b786dcebb] Response (LGD_TIMESTAMP, 0) = 20160211143950
2016-02-11 05:39:49 [DEBUG] [xplex4-01201602110539474e14c8d0ea4f760f6fd8f89d4a83753b786dcebb] Response (LGD_SAOWNER, 0) = 엑스플렉스(X-PLEX)
2016-02-11 05:39:49 [DEBUG] [xplex4-01201602110539474e14c8d0ea4f760f6fd8f89d4a83753b786dcebb] Response (LGD_FINANCECODE, 0) = 088
2016-02-11 05:39:49 [DEBUG] [xplex4-01201602110539474e14c8d0ea4f760f6fd8f89d4a83753b786dcebb] Response (LGD_BUYERPHONE, 0) = 01097290429
2016-02-11 05:39:49 [DEBUG] [xplex4-01201602110539474e14c8d0ea4f760f6fd8f89d4a83753b786dcebb] Response (LGD_ESCROWYN, 0) = N
2016-02-11 05:39:49 [DEBUG] [xplex4-01201602110539474e14c8d0ea4f760f6fd8f89d4a83753b786dcebb] Response (LGD_PAYTYPE, 0) = SC0040
2016-02-11 05:39:49 [DEBUG] [xplex4-01201602110539474e14c8d0ea4f760f6fd8f89d4a83753b786dcebb] Response (LGD_CASFLAG, 0) = R
2016-02-11 05:39:49 [DEBUG] [xplex4-01201602110539474e14c8d0ea4f760f6fd8f89d4a83753b786dcebb] Response (LGD_CASCAMOUNT, 0) = 0
2016-02-11 05:39:49 [DEBUG] [xplex4-01201602110539474e14c8d0ea4f760f6fd8f89d4a83753b786dcebb] Response (LGD_CASTAMOUNT, 0) = 0
2016-02-11 05:39:49 [DEBUG] [xplex4-01201602110539474e14c8d0ea4f760f6fd8f89d4a83753b786dcebb] Response (LGD_AMOUNT, 0) = 320000
2016-02-11 05:39:49 [DEBUG] [xplex4-01201602110539474e14c8d0ea4f760f6fd8f89d4a83753b786dcebb] Response (LGD_BUYERSSN, 0) = .
2016-02-11 05:39:49 [DEBUG] [xplex4-01201602110539474e14c8d0ea4f760f6fd8f89d4a83753b786dcebb] Response (LGD_CASHRECEIPTCODE, 0) = 0000
2016-02-11 05:39:49 [DEBUG] [xplex4-01201602110539474e14c8d0ea4f760f6fd8f89d4a83753b786dcebb] Response (LGD_RESPMSG, 0) = 26: 
2016-02-11 05:39:49 [DEBUG] [xplex4-01201602110539474e14c8d0ea4f760f6fd8f89d4a83753b786dcebb] Response (LGD_PAYDATE, 0) = 20160211143949
2016-02-11 05:39:49 [DEBUG] [xplex4-01201602110539474e14c8d0ea4f760f6fd8f89d4a83753b786dcebb] Response (LGD_PRODUCTINFO, 0) = 글쓰기의 본격적인 잔기술 4기–최민석 작가의 8주 속성 글쓰기 수업
2016-02-11 05:39:49 [DEBUG] [xplex4-01201602110539474e14c8d0ea4f760f6fd8f89d4a83753b786dcebb] Response (LGD_CASSEQNO, 0) = 000
2016-02-11 05:39:49 [DEBUG] [xplex4-01201602110539474e14c8d0ea4f760f6fd8f89d4a83753b786dcebb] Response (LGD_PRODUCTCODE, 0) = 
2016-02-11 05:39:49 [DEBUG] [xplex4-01201602110539474e14c8d0ea4f760f6fd8f89d4a83753b786dcebb] Response (LGD_HASHDATA, 0) = d2d8ae4514ddbd9968704bfbd999523f
2016-02-11 05:39:49 [DEBUG] [xplex4-01201602110539474e14c8d0ea4f760f6fd8f89d4a83753b786dcebb] Response (LGD_BUYERADDRESS, 0) = 동대문구 휘경동 183-350502호
2016-02-11 05:39:49 [DEBUG] [xplex4-01201602110539474e14c8d0ea4f760f6fd8f89d4a83753b786dcebb] Response (LGD_RECEIVER, 0) = 
2016-02-11 05:39:49 [DEBUG] [xplex4-01201602110539474e14c8d0ea4f760f6fd8f89d4a83753b786dcebb] Response (LGD_RESPCODE, 0) = 0000
2016-02-11 05:39:49 [DEBUG] [xplex4-01201602110539474e14c8d0ea4f760f6fd8f89d4a83753b786dcebb] Response (LGD_ACCOUNTNUM, 0) = 63790114552370
2016-02-11 05:39:49 [DEBUG] [xplex4-01201602110539474e14c8d0ea4f760f6fd8f89d4a83753b786dcebb] Response (LGD_PAYER, 0) = 한기하
2016-02-11 05:39:49 [DEBUG] [xplex4-01201602110539474e14c8d0ea4f760f6fd8f89d4a83753b786dcebb] Response (LGD_BUYEREMAIL, 0) = 1khhan@naver.com
