2015-07-21 14:52:38 [INFO ] [] XPayClient initialize [/home/hosting_users/xplex/www/wp-content/plugins/woocommerce-lguplus-kr/lgdacom] [service]
2015-07-21 14:52:38 [DEBUG] [] Config [server_id] = [01]
2015-07-21 14:52:38 [DEBUG] [] Config [timeout] = [60]
2015-07-21 14:52:38 [DEBUG] [] Config [log_level] = [4]
2015-07-21 14:52:38 [DEBUG] [] Config [verify_cert] = [1]
2015-07-21 14:52:38 [DEBUG] [] Config [verify_host] = [1]
2015-07-21 14:52:38 [DEBUG] [] Config [report_error] = [1]
2015-07-21 14:52:38 [DEBUG] [] Config [output_UTF8] = [1]
2015-07-21 14:52:38 [DEBUG] [] Config [auto_rollback] = [1]
2015-07-21 14:52:38 [DEBUG] [] Config [log_dir] = [/home/hosting_users/xplex/www/wp-content/plugins/woocommerce-lguplus-kr/lgdacom/log]
2015-07-21 14:52:38 [DEBUG] [] Config [txplex4] = [12d7f002e43a80c0dd64128a1957e351]
2015-07-21 14:52:38 [DEBUG] [] Config [xplex4] = [12d7f002e43a80c0dd64128a1957e351]
2015-07-21 14:52:38 [DEBUG] [] Config [url] = [https://xpayclient.lgdacom.net/xpay/Gateway.do]
2015-07-21 14:52:38 [DEBUG] [] Config [test_url] = [https://xpayclient.lgdacom.net:7443/xpay/Gateway.do]
2015-07-21 14:52:38 [DEBUG] [] Config [aux_url] = [http://xpayclient.lgdacom.net:7080/xpay/Gateway.do]
2015-07-21 14:52:38 [DEBUG] [xplex4-0120150721145238a349740cbfbbca8f716e571204ed70d7c3620d6a] Post [LGD_TXID] = [xplex4-0120150721145238a349740cbfbbca8f716e571204ed70d7c3620d6a]
2015-07-21 14:52:38 [DEBUG] [xplex4-0120150721145238a349740cbfbbca8f716e571204ed70d7c3620d6a] Post [LGD_AUTHCODE] = [bce753f3ab93c0a96e0f9599f7483330f32a8f9a]
2015-07-21 14:52:38 [DEBUG] [xplex4-0120150721145238a349740cbfbbca8f716e571204ed70d7c3620d6a] Post [LGD_MID] = [xplex4]
2015-07-21 14:52:38 [DEBUG] [xplex4-0120150721145238a349740cbfbbca8f716e571204ed70d7c3620d6a] Post [LGD_TXNAME] = [PaymentByKey]
2015-07-21 14:52:38 [DEBUG] [xplex4-0120150721145238a349740cbfbbca8f716e571204ed70d7c3620d6a] Post [LGD_PAYKEY] = [201507212352378E70F7DC3BDB7908AF088C2FDD35B12E4693AE38]
2015-07-21 14:52:38 [DEBUG] [xplex4-0120150721145238a349740cbfbbca8f716e571204ed70d7c3620d6a] post_string = LGD_TXID=xplex4-0120150721145238a349740cbfbbca8f716e571204ed70d7c3620d6a&LGD_AUTHCODE=bce753f3ab93c0a96e0f9599f7483330f32a8f9a&LGD_MID=xplex4&LGD_TXNAME=PaymentByKey&LGD_PAYKEY=201507212352378E70F7DC3BDB7908AF088C2FDD35B12E4693AE38
2015-07-21 14:52:39 [DEBUG] [xplex4-0120150721145238a349740cbfbbca8f716e571204ed70d7c3620d6a] Result = [









{"LGD_RESPCODE":"0000","LGD_RESPMSG":"20: ","LGD_RESPONSE":[{"LGD_IFOS":"3M8ETM","LGD_MID":"xplex4","LGD_FINANCENAME":"우리","LGD_CASHRECEIPTKIND":"0","LGD_DELIVERYINFO":"","LGD_BUYER":"박민지","LGD_BUYERID":"","LGD_OID":"3256","LGD_RECEIVERPHONE":"","LGD_2TR_FLAG":"Y","LGD_DEVICE":"","LGD_TID":"xplex2015072123523868921","LGD_TIMESTAMP":"20150721235240","LGD_SAOWNER":"엑스플렉스(X-PLEX)","LGD_FINANCECODE":"020","LGD_BUYERPHONE":"01042406509","LGD_ESCROWYN":"N","LGD_PAYTYPE":"SC0040","LGD_CASFLAG":"R","LGD_CASCAMOUNT":"0","LGD_CASTAMOUNT":"0","LGD_AMOUNT":"350000","LGD_BUYERSSN":".","LGD_CASHRECEIPTCODE":"0000","LGD_RESPMSG":"20: ","LGD_PAYDATE":"20150721235239","LGD_PRODUCTINFO":"김경주 시인의 무중력 타이핑 3기감수성 혁명가가 되기 위한 언어 소묘의 과정","LGD_CASSEQNO":"000","LGD_PRODUCTCODE":"","LGD_HASHDATA":"8c050370c73c0a0a584f8d2dee7450f8","LGD_BUYERADDRESS":"양천구 신정동목동8단지아파트 804 - 2003","LGD_RECEIVER":"","LGD_RESPCODE":"0000","LGD_ACCOUNTNUM":"61649076618090","LGD_PAYER":"박민지","LGD_BUYEREMAIL":"hikari1230@naver.com"}]}
]
2015-07-21 14:52:39 [INFO ] [xplex4-0120150721145238a349740cbfbbca8f716e571204ed70d7c3620d6a] Response Code=[0000], Msg=[20: ], Count=1
2015-07-21 14:52:39 [DEBUG] [xplex4-0120150721145238a349740cbfbbca8f716e571204ed70d7c3620d6a] Response (LGD_IFOS, 0) = 3M8ETM
2015-07-21 14:52:39 [DEBUG] [xplex4-0120150721145238a349740cbfbbca8f716e571204ed70d7c3620d6a] Response (LGD_MID, 0) = xplex4
2015-07-21 14:52:39 [DEBUG] [xplex4-0120150721145238a349740cbfbbca8f716e571204ed70d7c3620d6a] Response (LGD_FINANCENAME, 0) = 우리
2015-07-21 14:52:39 [DEBUG] [xplex4-0120150721145238a349740cbfbbca8f716e571204ed70d7c3620d6a] Response (LGD_CASHRECEIPTKIND, 0) = 0
2015-07-21 14:52:39 [DEBUG] [xplex4-0120150721145238a349740cbfbbca8f716e571204ed70d7c3620d6a] Response (LGD_DELIVERYINFO, 0) = 
2015-07-21 14:52:39 [DEBUG] [xplex4-0120150721145238a349740cbfbbca8f716e571204ed70d7c3620d6a] Response (LGD_BUYER, 0) = 박민지
2015-07-21 14:52:39 [DEBUG] [xplex4-0120150721145238a349740cbfbbca8f716e571204ed70d7c3620d6a] Response (LGD_BUYERID, 0) = 
2015-07-21 14:52:39 [DEBUG] [xplex4-0120150721145238a349740cbfbbca8f716e571204ed70d7c3620d6a] Response (LGD_OID, 0) = 3256
2015-07-21 14:52:39 [DEBUG] [xplex4-0120150721145238a349740cbfbbca8f716e571204ed70d7c3620d6a] Response (LGD_RECEIVERPHONE, 0) = 
2015-07-21 14:52:39 [DEBUG] [xplex4-0120150721145238a349740cbfbbca8f716e571204ed70d7c3620d6a] Response (LGD_2TR_FLAG, 0) = Y
2015-07-21 14:52:39 [DEBUG] [xplex4-0120150721145238a349740cbfbbca8f716e571204ed70d7c3620d6a] Response (LGD_DEVICE, 0) = 
2015-07-21 14:52:39 [DEBUG] [xplex4-0120150721145238a349740cbfbbca8f716e571204ed70d7c3620d6a] Response (LGD_TID, 0) = xplex2015072123523868921
2015-07-21 14:52:39 [DEBUG] [xplex4-0120150721145238a349740cbfbbca8f716e571204ed70d7c3620d6a] Response (LGD_TIMESTAMP, 0) = 20150721235240
2015-07-21 14:52:39 [DEBUG] [xplex4-0120150721145238a349740cbfbbca8f716e571204ed70d7c3620d6a] Response (LGD_SAOWNER, 0) = 엑스플렉스(X-PLEX)
2015-07-21 14:52:39 [DEBUG] [xplex4-0120150721145238a349740cbfbbca8f716e571204ed70d7c3620d6a] Response (LGD_FINANCECODE, 0) = 020
2015-07-21 14:52:39 [DEBUG] [xplex4-0120150721145238a349740cbfbbca8f716e571204ed70d7c3620d6a] Response (LGD_BUYERPHONE, 0) = 01042406509
2015-07-21 14:52:39 [DEBUG] [xplex4-0120150721145238a349740cbfbbca8f716e571204ed70d7c3620d6a] Response (LGD_ESCROWYN, 0) = N
2015-07-21 14:52:39 [DEBUG] [xplex4-0120150721145238a349740cbfbbca8f716e571204ed70d7c3620d6a] Response (LGD_PAYTYPE, 0) = SC0040
2015-07-21 14:52:39 [DEBUG] [xplex4-0120150721145238a349740cbfbbca8f716e571204ed70d7c3620d6a] Response (LGD_CASFLAG, 0) = R
2015-07-21 14:52:39 [DEBUG] [xplex4-0120150721145238a349740cbfbbca8f716e571204ed70d7c3620d6a] Response (LGD_CASCAMOUNT, 0) = 0
2015-07-21 14:52:39 [DEBUG] [xplex4-0120150721145238a349740cbfbbca8f716e571204ed70d7c3620d6a] Response (LGD_CASTAMOUNT, 0) = 0
2015-07-21 14:52:39 [DEBUG] [xplex4-0120150721145238a349740cbfbbca8f716e571204ed70d7c3620d6a] Response (LGD_AMOUNT, 0) = 350000
2015-07-21 14:52:39 [DEBUG] [xplex4-0120150721145238a349740cbfbbca8f716e571204ed70d7c3620d6a] Response (LGD_BUYERSSN, 0) = .
2015-07-21 14:52:39 [DEBUG] [xplex4-0120150721145238a349740cbfbbca8f716e571204ed70d7c3620d6a] Response (LGD_CASHRECEIPTCODE, 0) = 0000
2015-07-21 14:52:39 [DEBUG] [xplex4-0120150721145238a349740cbfbbca8f716e571204ed70d7c3620d6a] Response (LGD_RESPMSG, 0) = 20: 
2015-07-21 14:52:39 [DEBUG] [xplex4-0120150721145238a349740cbfbbca8f716e571204ed70d7c3620d6a] Response (LGD_PAYDATE, 0) = 20150721235239
2015-07-21 14:52:39 [DEBUG] [xplex4-0120150721145238a349740cbfbbca8f716e571204ed70d7c3620d6a] Response (LGD_PRODUCTINFO, 0) = 김경주 시인의 무중력 타이핑 3기감수성 혁명가가 되기 위한 언어 소묘의 과정
2015-07-21 14:52:39 [DEBUG] [xplex4-0120150721145238a349740cbfbbca8f716e571204ed70d7c3620d6a] Response (LGD_CASSEQNO, 0) = 000
2015-07-21 14:52:39 [DEBUG] [xplex4-0120150721145238a349740cbfbbca8f716e571204ed70d7c3620d6a] Response (LGD_PRODUCTCODE, 0) = 
2015-07-21 14:52:39 [DEBUG] [xplex4-0120150721145238a349740cbfbbca8f716e571204ed70d7c3620d6a] Response (LGD_HASHDATA, 0) = 8c050370c73c0a0a584f8d2dee7450f8
2015-07-21 14:52:39 [DEBUG] [xplex4-0120150721145238a349740cbfbbca8f716e571204ed70d7c3620d6a] Response (LGD_BUYERADDRESS, 0) = 양천구 신정동목동8단지아파트 804 - 2003
2015-07-21 14:52:39 [DEBUG] [xplex4-0120150721145238a349740cbfbbca8f716e571204ed70d7c3620d6a] Response (LGD_RECEIVER, 0) = 
2015-07-21 14:52:39 [DEBUG] [xplex4-0120150721145238a349740cbfbbca8f716e571204ed70d7c3620d6a] Response (LGD_RESPCODE, 0) = 0000
2015-07-21 14:52:39 [DEBUG] [xplex4-0120150721145238a349740cbfbbca8f716e571204ed70d7c3620d6a] Response (LGD_ACCOUNTNUM, 0) = 61649076618090
2015-07-21 14:52:39 [DEBUG] [xplex4-0120150721145238a349740cbfbbca8f716e571204ed70d7c3620d6a] Response (LGD_PAYER, 0) = 박민지
2015-07-21 14:52:39 [DEBUG] [xplex4-0120150721145238a349740cbfbbca8f716e571204ed70d7c3620d6a] Response (LGD_BUYEREMAIL, 0) = hikari1230@naver.com
