2015-08-12 03:14:34 [INFO ] [] XPayClient initialize [/home/hosting_users/xplex/www/wp-content/plugins/woocommerce-lguplus-kr/lgdacom] [service]
2015-08-12 03:14:34 [DEBUG] [] Config [server_id] = [01]
2015-08-12 03:14:34 [DEBUG] [] Config [timeout] = [60]
2015-08-12 03:14:34 [DEBUG] [] Config [log_level] = [4]
2015-08-12 03:14:34 [DEBUG] [] Config [verify_cert] = [1]
2015-08-12 03:14:34 [DEBUG] [] Config [verify_host] = [1]
2015-08-12 03:14:34 [DEBUG] [] Config [report_error] = [1]
2015-08-12 03:14:34 [DEBUG] [] Config [output_UTF8] = [1]
2015-08-12 03:14:34 [DEBUG] [] Config [auto_rollback] = [1]
2015-08-12 03:14:34 [DEBUG] [] Config [log_dir] = [/home/hosting_users/xplex/www/wp-content/plugins/woocommerce-lguplus-kr/lgdacom/log]
2015-08-12 03:14:34 [DEBUG] [] Config [txplex4] = [12d7f002e43a80c0dd64128a1957e351]
2015-08-12 03:14:34 [DEBUG] [] Config [xplex4] = [12d7f002e43a80c0dd64128a1957e351]
2015-08-12 03:14:34 [DEBUG] [] Config [url] = [https://xpayclient.lgdacom.net/xpay/Gateway.do]
2015-08-12 03:14:34 [DEBUG] [] Config [test_url] = [https://xpayclient.lgdacom.net:7443/xpay/Gateway.do]
2015-08-12 03:14:34 [DEBUG] [] Config [aux_url] = [http://xpayclient.lgdacom.net:7080/xpay/Gateway.do]
2015-08-12 03:14:34 [DEBUG] [xplex4-0120150812031434a0009ffed61c3184eb4172de0b74254b5346669a] Post [LGD_TXID] = [xplex4-0120150812031434a0009ffed61c3184eb4172de0b74254b5346669a]
2015-08-12 03:14:34 [DEBUG] [xplex4-0120150812031434a0009ffed61c3184eb4172de0b74254b5346669a] Post [LGD_AUTHCODE] = [22fcc8b629e6791153b905ca5e7b9d9f90a22b21]
2015-08-12 03:14:34 [DEBUG] [xplex4-0120150812031434a0009ffed61c3184eb4172de0b74254b5346669a] Post [LGD_MID] = [xplex4]
2015-08-12 03:14:34 [DEBUG] [xplex4-0120150812031434a0009ffed61c3184eb4172de0b74254b5346669a] Post [LGD_TXNAME] = [PaymentByKey]
2015-08-12 03:14:34 [DEBUG] [xplex4-0120150812031434a0009ffed61c3184eb4172de0b74254b5346669a] Post [LGD_PAYKEY] = [20150812121433A475D6DA5E41A70B1F1F10BEA1DAA19552770E5E]
2015-08-12 03:14:34 [DEBUG] [xplex4-0120150812031434a0009ffed61c3184eb4172de0b74254b5346669a] post_string = LGD_TXID=xplex4-0120150812031434a0009ffed61c3184eb4172de0b74254b5346669a&LGD_AUTHCODE=22fcc8b629e6791153b905ca5e7b9d9f90a22b21&LGD_MID=xplex4&LGD_TXNAME=PaymentByKey&LGD_PAYKEY=20150812121433A475D6DA5E41A70B1F1F10BEA1DAA19552770E5E
2015-08-12 03:14:35 [DEBUG] [xplex4-0120150812031434a0009ffed61c3184eb4172de0b74254b5346669a] Result = [









{"LGD_RESPCODE":"0000","LGD_RESPMSG":"26: ","LGD_RESPONSE":[{"LGD_IFOS":"3A4C0S","LGD_MID":"xplex4","LGD_FINANCENAME":"신한","LGD_CASHRECEIPTKIND":"0","LGD_DELIVERYINFO":"","LGD_BUYER":"신명숙","LGD_BUYERID":"","LGD_OID":"3354","LGD_RECEIVERPHONE":"","LGD_2TR_FLAG":"Y","LGD_DEVICE":"","LGD_TID":"xplex2015081212143566652","LGD_TIMESTAMP":"20150812121436","LGD_SAOWNER":"엑스플렉스(X-PLEX)","LGD_FINANCECODE":"088","LGD_BUYERPHONE":"01049019579","LGD_ESCROWYN":"N","LGD_PAYTYPE":"SC0040","LGD_CASFLAG":"R","LGD_CASCAMOUNT":"0","LGD_CASTAMOUNT":"0","LGD_AMOUNT":"320000","LGD_BUYERSSN":".","LGD_CASHRECEIPTCODE":"0000","LGD_RESPMSG":"26: ","LGD_PAYDATE":"20150812121435","LGD_PRODUCTINFO":"글쓰기의 본격적인 잔기술 2기–최민석 작가의 8주 속성 글쓰기 수업","LGD_CASSEQNO":"000","LGD_PRODUCTCODE":"","LGD_HASHDATA":"ba37aefa191d6e353fc1c122c0e557a9","LGD_BUYERADDRESS":"성동구 행당동1-8 203호","LGD_RECEIVER":"","LGD_RESPCODE":"0000","LGD_ACCOUNTNUM":"63790115946415","LGD_PAYER":"김지수","LGD_BUYEREMAIL":"sms0730@gmail.com"}]}
]
2015-08-12 03:14:35 [INFO ] [xplex4-0120150812031434a0009ffed61c3184eb4172de0b74254b5346669a] Response Code=[0000], Msg=[26: ], Count=1
2015-08-12 03:14:35 [DEBUG] [xplex4-0120150812031434a0009ffed61c3184eb4172de0b74254b5346669a] Response (LGD_IFOS, 0) = 3A4C0S
2015-08-12 03:14:35 [DEBUG] [xplex4-0120150812031434a0009ffed61c3184eb4172de0b74254b5346669a] Response (LGD_MID, 0) = xplex4
2015-08-12 03:14:35 [DEBUG] [xplex4-0120150812031434a0009ffed61c3184eb4172de0b74254b5346669a] Response (LGD_FINANCENAME, 0) = 신한
2015-08-12 03:14:35 [DEBUG] [xplex4-0120150812031434a0009ffed61c3184eb4172de0b74254b5346669a] Response (LGD_CASHRECEIPTKIND, 0) = 0
2015-08-12 03:14:35 [DEBUG] [xplex4-0120150812031434a0009ffed61c3184eb4172de0b74254b5346669a] Response (LGD_DELIVERYINFO, 0) = 
2015-08-12 03:14:35 [DEBUG] [xplex4-0120150812031434a0009ffed61c3184eb4172de0b74254b5346669a] Response (LGD_BUYER, 0) = 신명숙
2015-08-12 03:14:35 [DEBUG] [xplex4-0120150812031434a0009ffed61c3184eb4172de0b74254b5346669a] Response (LGD_BUYERID, 0) = 
2015-08-12 03:14:35 [DEBUG] [xplex4-0120150812031434a0009ffed61c3184eb4172de0b74254b5346669a] Response (LGD_OID, 0) = 3354
2015-08-12 03:14:35 [DEBUG] [xplex4-0120150812031434a0009ffed61c3184eb4172de0b74254b5346669a] Response (LGD_RECEIVERPHONE, 0) = 
2015-08-12 03:14:35 [DEBUG] [xplex4-0120150812031434a0009ffed61c3184eb4172de0b74254b5346669a] Response (LGD_2TR_FLAG, 0) = Y
2015-08-12 03:14:35 [DEBUG] [xplex4-0120150812031434a0009ffed61c3184eb4172de0b74254b5346669a] Response (LGD_DEVICE, 0) = 
2015-08-12 03:14:35 [DEBUG] [xplex4-0120150812031434a0009ffed61c3184eb4172de0b74254b5346669a] Response (LGD_TID, 0) = xplex2015081212143566652
2015-08-12 03:14:35 [DEBUG] [xplex4-0120150812031434a0009ffed61c3184eb4172de0b74254b5346669a] Response (LGD_TIMESTAMP, 0) = 20150812121436
2015-08-12 03:14:35 [DEBUG] [xplex4-0120150812031434a0009ffed61c3184eb4172de0b74254b5346669a] Response (LGD_SAOWNER, 0) = 엑스플렉스(X-PLEX)
2015-08-12 03:14:35 [DEBUG] [xplex4-0120150812031434a0009ffed61c3184eb4172de0b74254b5346669a] Response (LGD_FINANCECODE, 0) = 088
2015-08-12 03:14:35 [DEBUG] [xplex4-0120150812031434a0009ffed61c3184eb4172de0b74254b5346669a] Response (LGD_BUYERPHONE, 0) = 01049019579
2015-08-12 03:14:35 [DEBUG] [xplex4-0120150812031434a0009ffed61c3184eb4172de0b74254b5346669a] Response (LGD_ESCROWYN, 0) = N
2015-08-12 03:14:35 [DEBUG] [xplex4-0120150812031434a0009ffed61c3184eb4172de0b74254b5346669a] Response (LGD_PAYTYPE, 0) = SC0040
2015-08-12 03:14:35 [DEBUG] [xplex4-0120150812031434a0009ffed61c3184eb4172de0b74254b5346669a] Response (LGD_CASFLAG, 0) = R
2015-08-12 03:14:35 [DEBUG] [xplex4-0120150812031434a0009ffed61c3184eb4172de0b74254b5346669a] Response (LGD_CASCAMOUNT, 0) = 0
2015-08-12 03:14:35 [DEBUG] [xplex4-0120150812031434a0009ffed61c3184eb4172de0b74254b5346669a] Response (LGD_CASTAMOUNT, 0) = 0
2015-08-12 03:14:35 [DEBUG] [xplex4-0120150812031434a0009ffed61c3184eb4172de0b74254b5346669a] Response (LGD_AMOUNT, 0) = 320000
2015-08-12 03:14:35 [DEBUG] [xplex4-0120150812031434a0009ffed61c3184eb4172de0b74254b5346669a] Response (LGD_BUYERSSN, 0) = .
2015-08-12 03:14:35 [DEBUG] [xplex4-0120150812031434a0009ffed61c3184eb4172de0b74254b5346669a] Response (LGD_CASHRECEIPTCODE, 0) = 0000
2015-08-12 03:14:35 [DEBUG] [xplex4-0120150812031434a0009ffed61c3184eb4172de0b74254b5346669a] Response (LGD_RESPMSG, 0) = 26: 
2015-08-12 03:14:35 [DEBUG] [xplex4-0120150812031434a0009ffed61c3184eb4172de0b74254b5346669a] Response (LGD_PAYDATE, 0) = 20150812121435
2015-08-12 03:14:35 [DEBUG] [xplex4-0120150812031434a0009ffed61c3184eb4172de0b74254b5346669a] Response (LGD_PRODUCTINFO, 0) = 글쓰기의 본격적인 잔기술 2기–최민석 작가의 8주 속성 글쓰기 수업
2015-08-12 03:14:35 [DEBUG] [xplex4-0120150812031434a0009ffed61c3184eb4172de0b74254b5346669a] Response (LGD_CASSEQNO, 0) = 000
2015-08-12 03:14:35 [DEBUG] [xplex4-0120150812031434a0009ffed61c3184eb4172de0b74254b5346669a] Response (LGD_PRODUCTCODE, 0) = 
2015-08-12 03:14:35 [DEBUG] [xplex4-0120150812031434a0009ffed61c3184eb4172de0b74254b5346669a] Response (LGD_HASHDATA, 0) = ba37aefa191d6e353fc1c122c0e557a9
2015-08-12 03:14:35 [DEBUG] [xplex4-0120150812031434a0009ffed61c3184eb4172de0b74254b5346669a] Response (LGD_BUYERADDRESS, 0) = 성동구 행당동1-8 203호
2015-08-12 03:14:35 [DEBUG] [xplex4-0120150812031434a0009ffed61c3184eb4172de0b74254b5346669a] Response (LGD_RECEIVER, 0) = 
2015-08-12 03:14:35 [DEBUG] [xplex4-0120150812031434a0009ffed61c3184eb4172de0b74254b5346669a] Response (LGD_RESPCODE, 0) = 0000
2015-08-12 03:14:35 [DEBUG] [xplex4-0120150812031434a0009ffed61c3184eb4172de0b74254b5346669a] Response (LGD_ACCOUNTNUM, 0) = 63790115946415
2015-08-12 03:14:35 [DEBUG] [xplex4-0120150812031434a0009ffed61c3184eb4172de0b74254b5346669a] Response (LGD_PAYER, 0) = 김지수
2015-08-12 03:14:35 [DEBUG] [xplex4-0120150812031434a0009ffed61c3184eb4172de0b74254b5346669a] Response (LGD_BUYEREMAIL, 0) = sms0730@gmail.com
