2015-03-29 01:23:57 [INFO ] [] XPayClient initialize [/home/hosting_users/xplex/www/wp-content/plugins/woocommerce-lguplus-kr/lgdacom] [service]
2015-03-29 01:23:57 [DEBUG] [] Config [server_id] = [01]
2015-03-29 01:23:57 [DEBUG] [] Config [timeout] = [60]
2015-03-29 01:23:57 [DEBUG] [] Config [log_level] = [4]
2015-03-29 01:23:57 [DEBUG] [] Config [verify_cert] = [1]
2015-03-29 01:23:57 [DEBUG] [] Config [verify_host] = [1]
2015-03-29 01:23:57 [DEBUG] [] Config [report_error] = [1]
2015-03-29 01:23:57 [DEBUG] [] Config [output_UTF8] = [1]
2015-03-29 01:23:57 [DEBUG] [] Config [auto_rollback] = [1]
2015-03-29 01:23:57 [DEBUG] [] Config [log_dir] = [/home/hosting_users/xplex/www/wp-content/plugins/woocommerce-lguplus-kr/lgdacom/log]
2015-03-29 01:23:57 [DEBUG] [] Config [txplex4] = [12d7f002e43a80c0dd64128a1957e351]
2015-03-29 01:23:57 [DEBUG] [] Config [xplex4] = [12d7f002e43a80c0dd64128a1957e351]
2015-03-29 01:23:57 [DEBUG] [] Config [url] = [https://xpayclient.lgdacom.net/xpay/Gateway.do]
2015-03-29 01:23:57 [DEBUG] [] Config [test_url] = [https://xpayclient.lgdacom.net:7443/xpay/Gateway.do]
2015-03-29 01:23:57 [DEBUG] [] Config [aux_url] = [http://xpayclient.lgdacom.net:7080/xpay/Gateway.do]
2015-03-29 01:23:57 [DEBUG] [xplex4-01201503290123573213b86cfd87fe37df83c3baea409f12fb87886a] Post [LGD_TXID] = [xplex4-01201503290123573213b86cfd87fe37df83c3baea409f12fb87886a]
2015-03-29 01:23:57 [DEBUG] [xplex4-01201503290123573213b86cfd87fe37df83c3baea409f12fb87886a] Post [LGD_AUTHCODE] = [c542a02ee19ac8951ea3b3fec975f2f075243c71]
2015-03-29 01:23:57 [DEBUG] [xplex4-01201503290123573213b86cfd87fe37df83c3baea409f12fb87886a] Post [LGD_MID] = [xplex4]
2015-03-29 01:23:57 [DEBUG] [xplex4-01201503290123573213b86cfd87fe37df83c3baea409f12fb87886a] Post [LGD_TXNAME] = [PaymentByKey]
2015-03-29 01:23:57 [DEBUG] [xplex4-01201503290123573213b86cfd87fe37df83c3baea409f12fb87886a] Post [LGD_PAYKEY] = [20150329102356132F39EBED7EF369DAE1B9F096D57CB4D9CD1E02]
2015-03-29 01:23:57 [DEBUG] [xplex4-01201503290123573213b86cfd87fe37df83c3baea409f12fb87886a] post_string = LGD_TXID=xplex4-01201503290123573213b86cfd87fe37df83c3baea409f12fb87886a&LGD_AUTHCODE=c542a02ee19ac8951ea3b3fec975f2f075243c71&LGD_MID=xplex4&LGD_TXNAME=PaymentByKey&LGD_PAYKEY=20150329102356132F39EBED7EF369DAE1B9F096D57CB4D9CD1E02
2015-03-29 01:23:59 [DEBUG] [xplex4-01201503290123573213b86cfd87fe37df83c3baea409f12fb87886a] Result = [









{"LGD_RESPCODE":"0000","LGD_RESPMSG":"06: ","LGD_RESPONSE":[{"LGD_IFOS":"3A5C0S","LGD_MID":"xplex4","LGD_FINANCENAME":"국민","LGD_CASHRECEIPTKIND":"0","LGD_DELIVERYINFO":"","LGD_BUYER":"이지혜","LGD_BUYERID":"","LGD_OID":"2241","LGD_RECEIVERPHONE":"","LGD_2TR_FLAG":"Y","LGD_DEVICE":"","LGD_TID":"xplex2015032910235768900","LGD_TIMESTAMP":"20150329102358","LGD_SAOWNER":"엑스플렉스(X-PLEX)","LGD_FINANCECODE":"004","LGD_BUYERPHONE":"01043939390","LGD_ESCROWYN":"N","LGD_PAYTYPE":"SC0040","LGD_CASFLAG":"R","LGD_CASCAMOUNT":"0","LGD_CASTAMOUNT":"0","LGD_AMOUNT":"150000","LGD_BUYERSSN":".","LGD_CASHRECEIPTCODE":"0000","LGD_RESPMSG":"06: ","LGD_PAYDATE":"20150329102358","LGD_PRODUCTINFO":"파워 스토리텔링– 유혹하는 글쓰기의 기술","LGD_CASSEQNO":"000","LGD_PRODUCTCODE":"","LGD_HASHDATA":"1743b9fbedb4715db4b5f4e0442cf764","LGD_BUYERADDRESS":"서대문구 홍은동벽산아파트","LGD_RECEIVER":"","LGD_RESPCODE":"0000","LGD_ACCOUNTNUM":"68669011811906","LGD_PAYER":"이지혜","LGD_BUYEREMAIL":"coreawis@naver.com"}]}
]
2015-03-29 01:23:59 [INFO ] [xplex4-01201503290123573213b86cfd87fe37df83c3baea409f12fb87886a] Response Code=[0000], Msg=[06: ], Count=1
2015-03-29 01:23:59 [DEBUG] [xplex4-01201503290123573213b86cfd87fe37df83c3baea409f12fb87886a] Response (LGD_IFOS, 0) = 3A5C0S
2015-03-29 01:23:59 [DEBUG] [xplex4-01201503290123573213b86cfd87fe37df83c3baea409f12fb87886a] Response (LGD_MID, 0) = xplex4
2015-03-29 01:23:59 [DEBUG] [xplex4-01201503290123573213b86cfd87fe37df83c3baea409f12fb87886a] Response (LGD_FINANCENAME, 0) = 국민
2015-03-29 01:23:59 [DEBUG] [xplex4-01201503290123573213b86cfd87fe37df83c3baea409f12fb87886a] Response (LGD_CASHRECEIPTKIND, 0) = 0
2015-03-29 01:23:59 [DEBUG] [xplex4-01201503290123573213b86cfd87fe37df83c3baea409f12fb87886a] Response (LGD_DELIVERYINFO, 0) = 
2015-03-29 01:23:59 [DEBUG] [xplex4-01201503290123573213b86cfd87fe37df83c3baea409f12fb87886a] Response (LGD_BUYER, 0) = 이지혜
2015-03-29 01:23:59 [DEBUG] [xplex4-01201503290123573213b86cfd87fe37df83c3baea409f12fb87886a] Response (LGD_BUYERID, 0) = 
2015-03-29 01:23:59 [DEBUG] [xplex4-01201503290123573213b86cfd87fe37df83c3baea409f12fb87886a] Response (LGD_OID, 0) = 2241
2015-03-29 01:23:59 [DEBUG] [xplex4-01201503290123573213b86cfd87fe37df83c3baea409f12fb87886a] Response (LGD_RECEIVERPHONE, 0) = 
2015-03-29 01:23:59 [DEBUG] [xplex4-01201503290123573213b86cfd87fe37df83c3baea409f12fb87886a] Response (LGD_2TR_FLAG, 0) = Y
2015-03-29 01:23:59 [DEBUG] [xplex4-01201503290123573213b86cfd87fe37df83c3baea409f12fb87886a] Response (LGD_DEVICE, 0) = 
2015-03-29 01:23:59 [DEBUG] [xplex4-01201503290123573213b86cfd87fe37df83c3baea409f12fb87886a] Response (LGD_TID, 0) = xplex2015032910235768900
2015-03-29 01:23:59 [DEBUG] [xplex4-01201503290123573213b86cfd87fe37df83c3baea409f12fb87886a] Response (LGD_TIMESTAMP, 0) = 20150329102358
2015-03-29 01:23:59 [DEBUG] [xplex4-01201503290123573213b86cfd87fe37df83c3baea409f12fb87886a] Response (LGD_SAOWNER, 0) = 엑스플렉스(X-PLEX)
2015-03-29 01:23:59 [DEBUG] [xplex4-01201503290123573213b86cfd87fe37df83c3baea409f12fb87886a] Response (LGD_FINANCECODE, 0) = 004
2015-03-29 01:23:59 [DEBUG] [xplex4-01201503290123573213b86cfd87fe37df83c3baea409f12fb87886a] Response (LGD_BUYERPHONE, 0) = 01043939390
2015-03-29 01:23:59 [DEBUG] [xplex4-01201503290123573213b86cfd87fe37df83c3baea409f12fb87886a] Response (LGD_ESCROWYN, 0) = N
2015-03-29 01:23:59 [DEBUG] [xplex4-01201503290123573213b86cfd87fe37df83c3baea409f12fb87886a] Response (LGD_PAYTYPE, 0) = SC0040
2015-03-29 01:23:59 [DEBUG] [xplex4-01201503290123573213b86cfd87fe37df83c3baea409f12fb87886a] Response (LGD_CASFLAG, 0) = R
2015-03-29 01:23:59 [DEBUG] [xplex4-01201503290123573213b86cfd87fe37df83c3baea409f12fb87886a] Response (LGD_CASCAMOUNT, 0) = 0
2015-03-29 01:23:59 [DEBUG] [xplex4-01201503290123573213b86cfd87fe37df83c3baea409f12fb87886a] Response (LGD_CASTAMOUNT, 0) = 0
2015-03-29 01:23:59 [DEBUG] [xplex4-01201503290123573213b86cfd87fe37df83c3baea409f12fb87886a] Response (LGD_AMOUNT, 0) = 150000
2015-03-29 01:23:59 [DEBUG] [xplex4-01201503290123573213b86cfd87fe37df83c3baea409f12fb87886a] Response (LGD_BUYERSSN, 0) = .
2015-03-29 01:23:59 [DEBUG] [xplex4-01201503290123573213b86cfd87fe37df83c3baea409f12fb87886a] Response (LGD_CASHRECEIPTCODE, 0) = 0000
2015-03-29 01:23:59 [DEBUG] [xplex4-01201503290123573213b86cfd87fe37df83c3baea409f12fb87886a] Response (LGD_RESPMSG, 0) = 06: 
2015-03-29 01:23:59 [DEBUG] [xplex4-01201503290123573213b86cfd87fe37df83c3baea409f12fb87886a] Response (LGD_PAYDATE, 0) = 20150329102358
2015-03-29 01:23:59 [DEBUG] [xplex4-01201503290123573213b86cfd87fe37df83c3baea409f12fb87886a] Response (LGD_PRODUCTINFO, 0) = 파워 스토리텔링– 유혹하는 글쓰기의 기술
2015-03-29 01:23:59 [DEBUG] [xplex4-01201503290123573213b86cfd87fe37df83c3baea409f12fb87886a] Response (LGD_CASSEQNO, 0) = 000
2015-03-29 01:23:59 [DEBUG] [xplex4-01201503290123573213b86cfd87fe37df83c3baea409f12fb87886a] Response (LGD_PRODUCTCODE, 0) = 
2015-03-29 01:23:59 [DEBUG] [xplex4-01201503290123573213b86cfd87fe37df83c3baea409f12fb87886a] Response (LGD_HASHDATA, 0) = 1743b9fbedb4715db4b5f4e0442cf764
2015-03-29 01:23:59 [DEBUG] [xplex4-01201503290123573213b86cfd87fe37df83c3baea409f12fb87886a] Response (LGD_BUYERADDRESS, 0) = 서대문구 홍은동벽산아파트
2015-03-29 01:23:59 [DEBUG] [xplex4-01201503290123573213b86cfd87fe37df83c3baea409f12fb87886a] Response (LGD_RECEIVER, 0) = 
2015-03-29 01:23:59 [DEBUG] [xplex4-01201503290123573213b86cfd87fe37df83c3baea409f12fb87886a] Response (LGD_RESPCODE, 0) = 0000
2015-03-29 01:23:59 [DEBUG] [xplex4-01201503290123573213b86cfd87fe37df83c3baea409f12fb87886a] Response (LGD_ACCOUNTNUM, 0) = 68669011811906
2015-03-29 01:23:59 [DEBUG] [xplex4-01201503290123573213b86cfd87fe37df83c3baea409f12fb87886a] Response (LGD_PAYER, 0) = 이지혜
2015-03-29 01:23:59 [DEBUG] [xplex4-01201503290123573213b86cfd87fe37df83c3baea409f12fb87886a] Response (LGD_BUYEREMAIL, 0) = coreawis@naver.com
