2016-03-07 09:14:46 [INFO ] [] XPayClient initialize [/home/hosting_users/xplex/www/wp-content/plugins/woocommerce-lguplus-kr/lgdacom] [service]
2016-03-07 09:14:46 [DEBUG] [] Config [server_id] = [01]
2016-03-07 09:14:46 [DEBUG] [] Config [timeout] = [60]
2016-03-07 09:14:46 [DEBUG] [] Config [log_level] = [4]
2016-03-07 09:14:46 [DEBUG] [] Config [verify_cert] = [1]
2016-03-07 09:14:46 [DEBUG] [] Config [verify_host] = [1]
2016-03-07 09:14:46 [DEBUG] [] Config [report_error] = [1]
2016-03-07 09:14:46 [DEBUG] [] Config [output_UTF8] = [1]
2016-03-07 09:14:46 [DEBUG] [] Config [auto_rollback] = [1]
2016-03-07 09:14:46 [DEBUG] [] Config [log_dir] = [/home/hosting_users/xplex/www/wp-content/plugins/woocommerce-lguplus-kr/lgdacom/log]
2016-03-07 09:14:46 [DEBUG] [] Config [txplex4] = [12d7f002e43a80c0dd64128a1957e351]
2016-03-07 09:14:46 [DEBUG] [] Config [xplex4] = [12d7f002e43a80c0dd64128a1957e351]
2016-03-07 09:14:46 [DEBUG] [] Config [url] = [https://xpayclient.lgdacom.net/xpay/Gateway.do]
2016-03-07 09:14:46 [DEBUG] [] Config [test_url] = [https://xpayclient.lgdacom.net:7443/xpay/Gateway.do]
2016-03-07 09:14:46 [DEBUG] [] Config [aux_url] = [http://xpayclient.lgdacom.net:7080/xpay/Gateway.do]
2016-03-07 09:14:46 [DEBUG] [xplex4-0120160307091446d7e579314bd84bbfcd3e28b4aff22a0399c24d31] Post [LGD_TXID] = [xplex4-0120160307091446d7e579314bd84bbfcd3e28b4aff22a0399c24d31]
2016-03-07 09:14:46 [DEBUG] [xplex4-0120160307091446d7e579314bd84bbfcd3e28b4aff22a0399c24d31] Post [LGD_AUTHCODE] = [f30a0d3a52976f8b849290d803d186734048246e]
2016-03-07 09:14:46 [DEBUG] [xplex4-0120160307091446d7e579314bd84bbfcd3e28b4aff22a0399c24d31] Post [LGD_MID] = [xplex4]
2016-03-07 09:14:46 [DEBUG] [xplex4-0120160307091446d7e579314bd84bbfcd3e28b4aff22a0399c24d31] Post [LGD_TXNAME] = [PaymentByKey]
2016-03-07 09:14:46 [DEBUG] [xplex4-0120160307091446d7e579314bd84bbfcd3e28b4aff22a0399c24d31] Post [LGD_PAYKEY] = [20160307181444199CCF7F20B7FE612EEE0207AD30771119EA1FF9]
2016-03-07 09:14:46 [DEBUG] [xplex4-0120160307091446d7e579314bd84bbfcd3e28b4aff22a0399c24d31] post_string = LGD_TXID=xplex4-0120160307091446d7e579314bd84bbfcd3e28b4aff22a0399c24d31&LGD_AUTHCODE=f30a0d3a52976f8b849290d803d186734048246e&LGD_MID=xplex4&LGD_TXNAME=PaymentByKey&LGD_PAYKEY=20160307181444199CCF7F20B7FE612EEE0207AD30771119EA1FF9
2016-03-07 09:14:47 [DEBUG] [xplex4-0120160307091446d7e579314bd84bbfcd3e28b4aff22a0399c24d31] Result = [









{"LGD_RESPCODE":"0000","LGD_RESPMSG":"06: ","LGD_RESPONSE":[{"LGD_IFOS":"3A4C0S","LGD_MID":"xplex4","LGD_FINANCENAME":"국민","LGD_CASHRECEIPTKIND":"0","LGD_DELIVERYINFO":"","LGD_BUYER":"이홍민","LGD_BUYERID":"","LGD_OID":"4867","LGD_RECEIVERPHONE":"","LGD_2TR_FLAG":"Y","LGD_DEVICE":"","LGD_TID":"xplex2016030718144728437","LGD_TIMESTAMP":"20160307181448","LGD_SAOWNER":"엑스플렉스(X-PLEX)","LGD_FINANCECODE":"004","LGD_BUYERPHONE":"01091954245","LGD_ESCROWYN":"N","LGD_PAYTYPE":"SC0040","LGD_CASFLAG":"R","LGD_CASCAMOUNT":"0","LGD_CASTAMOUNT":"0","LGD_AMOUNT":"240000","LGD_BUYERSSN":".","LGD_CASHRECEIPTCODE":"0000","LGD_RESPMSG":"06: ","LGD_PAYDATE":"20160307181447","LGD_PRODUCTINFO":"나도 그림책 작가 5기스토리텔링 강화로 그림책 글쓰기 도전!","LGD_CASSEQNO":"000","LGD_PRODUCTCODE":"","LGD_HASHDATA":"106644709ea17de4f343406e25f74edf","LGD_BUYERADDRESS":"성북구 정릉4동 피오레아파트 101~102동102동 406호","LGD_RECEIVER":"","LGD_RESPCODE":"0000","LGD_ACCOUNTNUM":"69479011473947","LGD_PAYER":"이홍민","LGD_BUYEREMAIL":"yo8405@gmail.com"}]}
]
2016-03-07 09:14:47 [INFO ] [xplex4-0120160307091446d7e579314bd84bbfcd3e28b4aff22a0399c24d31] Response Code=[0000], Msg=[06: ], Count=1
2016-03-07 09:14:47 [DEBUG] [xplex4-0120160307091446d7e579314bd84bbfcd3e28b4aff22a0399c24d31] Response (LGD_IFOS, 0) = 3A4C0S
2016-03-07 09:14:47 [DEBUG] [xplex4-0120160307091446d7e579314bd84bbfcd3e28b4aff22a0399c24d31] Response (LGD_MID, 0) = xplex4
2016-03-07 09:14:47 [DEBUG] [xplex4-0120160307091446d7e579314bd84bbfcd3e28b4aff22a0399c24d31] Response (LGD_FINANCENAME, 0) = 국민
2016-03-07 09:14:47 [DEBUG] [xplex4-0120160307091446d7e579314bd84bbfcd3e28b4aff22a0399c24d31] Response (LGD_CASHRECEIPTKIND, 0) = 0
2016-03-07 09:14:47 [DEBUG] [xplex4-0120160307091446d7e579314bd84bbfcd3e28b4aff22a0399c24d31] Response (LGD_DELIVERYINFO, 0) = 
2016-03-07 09:14:47 [DEBUG] [xplex4-0120160307091446d7e579314bd84bbfcd3e28b4aff22a0399c24d31] Response (LGD_BUYER, 0) = 이홍민
2016-03-07 09:14:47 [DEBUG] [xplex4-0120160307091446d7e579314bd84bbfcd3e28b4aff22a0399c24d31] Response (LGD_BUYERID, 0) = 
2016-03-07 09:14:47 [DEBUG] [xplex4-0120160307091446d7e579314bd84bbfcd3e28b4aff22a0399c24d31] Response (LGD_OID, 0) = 4867
2016-03-07 09:14:47 [DEBUG] [xplex4-0120160307091446d7e579314bd84bbfcd3e28b4aff22a0399c24d31] Response (LGD_RECEIVERPHONE, 0) = 
2016-03-07 09:14:47 [DEBUG] [xplex4-0120160307091446d7e579314bd84bbfcd3e28b4aff22a0399c24d31] Response (LGD_2TR_FLAG, 0) = Y
2016-03-07 09:14:47 [DEBUG] [xplex4-0120160307091446d7e579314bd84bbfcd3e28b4aff22a0399c24d31] Response (LGD_DEVICE, 0) = 
2016-03-07 09:14:47 [DEBUG] [xplex4-0120160307091446d7e579314bd84bbfcd3e28b4aff22a0399c24d31] Response (LGD_TID, 0) = xplex2016030718144728437
2016-03-07 09:14:47 [DEBUG] [xplex4-0120160307091446d7e579314bd84bbfcd3e28b4aff22a0399c24d31] Response (LGD_TIMESTAMP, 0) = 20160307181448
2016-03-07 09:14:47 [DEBUG] [xplex4-0120160307091446d7e579314bd84bbfcd3e28b4aff22a0399c24d31] Response (LGD_SAOWNER, 0) = 엑스플렉스(X-PLEX)
2016-03-07 09:14:47 [DEBUG] [xplex4-0120160307091446d7e579314bd84bbfcd3e28b4aff22a0399c24d31] Response (LGD_FINANCECODE, 0) = 004
2016-03-07 09:14:47 [DEBUG] [xplex4-0120160307091446d7e579314bd84bbfcd3e28b4aff22a0399c24d31] Response (LGD_BUYERPHONE, 0) = 01091954245
2016-03-07 09:14:47 [DEBUG] [xplex4-0120160307091446d7e579314bd84bbfcd3e28b4aff22a0399c24d31] Response (LGD_ESCROWYN, 0) = N
2016-03-07 09:14:47 [DEBUG] [xplex4-0120160307091446d7e579314bd84bbfcd3e28b4aff22a0399c24d31] Response (LGD_PAYTYPE, 0) = SC0040
2016-03-07 09:14:47 [DEBUG] [xplex4-0120160307091446d7e579314bd84bbfcd3e28b4aff22a0399c24d31] Response (LGD_CASFLAG, 0) = R
2016-03-07 09:14:47 [DEBUG] [xplex4-0120160307091446d7e579314bd84bbfcd3e28b4aff22a0399c24d31] Response (LGD_CASCAMOUNT, 0) = 0
2016-03-07 09:14:47 [DEBUG] [xplex4-0120160307091446d7e579314bd84bbfcd3e28b4aff22a0399c24d31] Response (LGD_CASTAMOUNT, 0) = 0
2016-03-07 09:14:47 [DEBUG] [xplex4-0120160307091446d7e579314bd84bbfcd3e28b4aff22a0399c24d31] Response (LGD_AMOUNT, 0) = 240000
2016-03-07 09:14:47 [DEBUG] [xplex4-0120160307091446d7e579314bd84bbfcd3e28b4aff22a0399c24d31] Response (LGD_BUYERSSN, 0) = .
2016-03-07 09:14:47 [DEBUG] [xplex4-0120160307091446d7e579314bd84bbfcd3e28b4aff22a0399c24d31] Response (LGD_CASHRECEIPTCODE, 0) = 0000
2016-03-07 09:14:47 [DEBUG] [xplex4-0120160307091446d7e579314bd84bbfcd3e28b4aff22a0399c24d31] Response (LGD_RESPMSG, 0) = 06: 
2016-03-07 09:14:47 [DEBUG] [xplex4-0120160307091446d7e579314bd84bbfcd3e28b4aff22a0399c24d31] Response (LGD_PAYDATE, 0) = 20160307181447
2016-03-07 09:14:47 [DEBUG] [xplex4-0120160307091446d7e579314bd84bbfcd3e28b4aff22a0399c24d31] Response (LGD_PRODUCTINFO, 0) = 나도 그림책 작가 5기스토리텔링 강화로 그림책 글쓰기 도전!
2016-03-07 09:14:47 [DEBUG] [xplex4-0120160307091446d7e579314bd84bbfcd3e28b4aff22a0399c24d31] Response (LGD_CASSEQNO, 0) = 000
2016-03-07 09:14:47 [DEBUG] [xplex4-0120160307091446d7e579314bd84bbfcd3e28b4aff22a0399c24d31] Response (LGD_PRODUCTCODE, 0) = 
2016-03-07 09:14:47 [DEBUG] [xplex4-0120160307091446d7e579314bd84bbfcd3e28b4aff22a0399c24d31] Response (LGD_HASHDATA, 0) = 106644709ea17de4f343406e25f74edf
2016-03-07 09:14:47 [DEBUG] [xplex4-0120160307091446d7e579314bd84bbfcd3e28b4aff22a0399c24d31] Response (LGD_BUYERADDRESS, 0) = 성북구 정릉4동 피오레아파트 101~102동102동 406호
2016-03-07 09:14:47 [DEBUG] [xplex4-0120160307091446d7e579314bd84bbfcd3e28b4aff22a0399c24d31] Response (LGD_RECEIVER, 0) = 
2016-03-07 09:14:47 [DEBUG] [xplex4-0120160307091446d7e579314bd84bbfcd3e28b4aff22a0399c24d31] Response (LGD_RESPCODE, 0) = 0000
2016-03-07 09:14:47 [DEBUG] [xplex4-0120160307091446d7e579314bd84bbfcd3e28b4aff22a0399c24d31] Response (LGD_ACCOUNTNUM, 0) = 69479011473947
2016-03-07 09:14:47 [DEBUG] [xplex4-0120160307091446d7e579314bd84bbfcd3e28b4aff22a0399c24d31] Response (LGD_PAYER, 0) = 이홍민
2016-03-07 09:14:47 [DEBUG] [xplex4-0120160307091446d7e579314bd84bbfcd3e28b4aff22a0399c24d31] Response (LGD_BUYEREMAIL, 0) = yo8405@gmail.com
