2015-08-23 02:34:21 [INFO ] [] XPayClient initialize [/home/hosting_users/xplex/www/wp-content/plugins/woocommerce-lguplus-kr/lgdacom] [service]
2015-08-23 02:34:21 [DEBUG] [] Config [server_id] = [01]
2015-08-23 02:34:21 [DEBUG] [] Config [timeout] = [60]
2015-08-23 02:34:21 [DEBUG] [] Config [log_level] = [4]
2015-08-23 02:34:21 [DEBUG] [] Config [verify_cert] = [1]
2015-08-23 02:34:21 [DEBUG] [] Config [verify_host] = [1]
2015-08-23 02:34:21 [DEBUG] [] Config [report_error] = [1]
2015-08-23 02:34:21 [DEBUG] [] Config [output_UTF8] = [1]
2015-08-23 02:34:21 [DEBUG] [] Config [auto_rollback] = [1]
2015-08-23 02:34:21 [DEBUG] [] Config [log_dir] = [/home/hosting_users/xplex/www/wp-content/plugins/woocommerce-lguplus-kr/lgdacom/log]
2015-08-23 02:34:21 [DEBUG] [] Config [txplex4] = [12d7f002e43a80c0dd64128a1957e351]
2015-08-23 02:34:21 [DEBUG] [] Config [xplex4] = [12d7f002e43a80c0dd64128a1957e351]
2015-08-23 02:34:21 [DEBUG] [] Config [url] = [https://xpayclient.lgdacom.net/xpay/Gateway.do]
2015-08-23 02:34:21 [DEBUG] [] Config [test_url] = [https://xpayclient.lgdacom.net:7443/xpay/Gateway.do]
2015-08-23 02:34:21 [DEBUG] [] Config [aux_url] = [http://xpayclient.lgdacom.net:7080/xpay/Gateway.do]
2015-08-23 02:34:21 [DEBUG] [xplex4-01201508230234219123d4a89c29082672c02f187b38f9203aeb6089] Post [LGD_TXID] = [xplex4-01201508230234219123d4a89c29082672c02f187b38f9203aeb6089]
2015-08-23 02:34:21 [DEBUG] [xplex4-01201508230234219123d4a89c29082672c02f187b38f9203aeb6089] Post [LGD_AUTHCODE] = [8d22710f308491afbe78b7acea3dab6710004fb3]
2015-08-23 02:34:21 [DEBUG] [xplex4-01201508230234219123d4a89c29082672c02f187b38f9203aeb6089] Post [LGD_MID] = [xplex4]
2015-08-23 02:34:21 [DEBUG] [xplex4-01201508230234219123d4a89c29082672c02f187b38f9203aeb6089] Post [LGD_TXNAME] = [PaymentByKey]
2015-08-23 02:34:21 [DEBUG] [xplex4-01201508230234219123d4a89c29082672c02f187b38f9203aeb6089] Post [LGD_PAYKEY] = [201508231134203C9C401690E4C9C0D1D95D071580372E8FF69DB0]
2015-08-23 02:34:21 [DEBUG] [xplex4-01201508230234219123d4a89c29082672c02f187b38f9203aeb6089] post_string = LGD_TXID=xplex4-01201508230234219123d4a89c29082672c02f187b38f9203aeb6089&LGD_AUTHCODE=8d22710f308491afbe78b7acea3dab6710004fb3&LGD_MID=xplex4&LGD_TXNAME=PaymentByKey&LGD_PAYKEY=201508231134203C9C401690E4C9C0D1D95D071580372E8FF69DB0
2015-08-23 02:34:22 [DEBUG] [xplex4-01201508230234219123d4a89c29082672c02f187b38f9203aeb6089] Result = [









{"LGD_RESPCODE":"0000","LGD_RESPMSG":"81: ","LGD_RESPONSE":[{"LGD_IFOS":"3A4C0S","LGD_MID":"xplex4","LGD_FINANCENAME":"하나","LGD_CASHRECEIPTKIND":"0","LGD_DELIVERYINFO":"","LGD_BUYER":"윤정인","LGD_BUYERID":"","LGD_OID":"3411","LGD_RECEIVERPHONE":"","LGD_2TR_FLAG":"Y","LGD_DEVICE":"","LGD_TID":"xplex2015082311342173799","LGD_TIMESTAMP":"20150823113422","LGD_SAOWNER":"엑스플렉스(X-PLEX)","LGD_FINANCECODE":"081","LGD_BUYERPHONE":"01020300282","LGD_ESCROWYN":"N","LGD_PAYTYPE":"SC0040","LGD_CASFLAG":"R","LGD_CASCAMOUNT":"0","LGD_CASTAMOUNT":"0","LGD_AMOUNT":"320000","LGD_BUYERSSN":".","LGD_CASHRECEIPTCODE":"0000","LGD_RESPMSG":"81: ","LGD_PAYDATE":"20150823113422","LGD_PRODUCTINFO":"글쓰기의 본격적인 잔기술 2기–최민석 작가의 8주 속성 글쓰기 수업","LGD_CASSEQNO":"000","LGD_PRODUCTCODE":"","LGD_HASHDATA":"d512ed3c3c875441a3bbe219ede127f0","LGD_BUYERADDRESS":"고양시 일산동구 마두동강촏 코오롱 707동 1001호","LGD_RECEIVER":"","LGD_RESPCODE":"0000","LGD_ACCOUNTNUM":"29890520432537","LGD_PAYER":"윤정인","LGD_BUYEREMAIL":"lovetoy27@naver.com"}]}
]
2015-08-23 02:34:22 [INFO ] [xplex4-01201508230234219123d4a89c29082672c02f187b38f9203aeb6089] Response Code=[0000], Msg=[81: ], Count=1
2015-08-23 02:34:22 [DEBUG] [xplex4-01201508230234219123d4a89c29082672c02f187b38f9203aeb6089] Response (LGD_IFOS, 0) = 3A4C0S
2015-08-23 02:34:22 [DEBUG] [xplex4-01201508230234219123d4a89c29082672c02f187b38f9203aeb6089] Response (LGD_MID, 0) = xplex4
2015-08-23 02:34:22 [DEBUG] [xplex4-01201508230234219123d4a89c29082672c02f187b38f9203aeb6089] Response (LGD_FINANCENAME, 0) = 하나
2015-08-23 02:34:22 [DEBUG] [xplex4-01201508230234219123d4a89c29082672c02f187b38f9203aeb6089] Response (LGD_CASHRECEIPTKIND, 0) = 0
2015-08-23 02:34:22 [DEBUG] [xplex4-01201508230234219123d4a89c29082672c02f187b38f9203aeb6089] Response (LGD_DELIVERYINFO, 0) = 
2015-08-23 02:34:22 [DEBUG] [xplex4-01201508230234219123d4a89c29082672c02f187b38f9203aeb6089] Response (LGD_BUYER, 0) = 윤정인
2015-08-23 02:34:22 [DEBUG] [xplex4-01201508230234219123d4a89c29082672c02f187b38f9203aeb6089] Response (LGD_BUYERID, 0) = 
2015-08-23 02:34:22 [DEBUG] [xplex4-01201508230234219123d4a89c29082672c02f187b38f9203aeb6089] Response (LGD_OID, 0) = 3411
2015-08-23 02:34:22 [DEBUG] [xplex4-01201508230234219123d4a89c29082672c02f187b38f9203aeb6089] Response (LGD_RECEIVERPHONE, 0) = 
2015-08-23 02:34:22 [DEBUG] [xplex4-01201508230234219123d4a89c29082672c02f187b38f9203aeb6089] Response (LGD_2TR_FLAG, 0) = Y
2015-08-23 02:34:22 [DEBUG] [xplex4-01201508230234219123d4a89c29082672c02f187b38f9203aeb6089] Response (LGD_DEVICE, 0) = 
2015-08-23 02:34:22 [DEBUG] [xplex4-01201508230234219123d4a89c29082672c02f187b38f9203aeb6089] Response (LGD_TID, 0) = xplex2015082311342173799
2015-08-23 02:34:22 [DEBUG] [xplex4-01201508230234219123d4a89c29082672c02f187b38f9203aeb6089] Response (LGD_TIMESTAMP, 0) = 20150823113422
2015-08-23 02:34:22 [DEBUG] [xplex4-01201508230234219123d4a89c29082672c02f187b38f9203aeb6089] Response (LGD_SAOWNER, 0) = 엑스플렉스(X-PLEX)
2015-08-23 02:34:22 [DEBUG] [xplex4-01201508230234219123d4a89c29082672c02f187b38f9203aeb6089] Response (LGD_FINANCECODE, 0) = 081
2015-08-23 02:34:22 [DEBUG] [xplex4-01201508230234219123d4a89c29082672c02f187b38f9203aeb6089] Response (LGD_BUYERPHONE, 0) = 01020300282
2015-08-23 02:34:22 [DEBUG] [xplex4-01201508230234219123d4a89c29082672c02f187b38f9203aeb6089] Response (LGD_ESCROWYN, 0) = N
2015-08-23 02:34:22 [DEBUG] [xplex4-01201508230234219123d4a89c29082672c02f187b38f9203aeb6089] Response (LGD_PAYTYPE, 0) = SC0040
2015-08-23 02:34:22 [DEBUG] [xplex4-01201508230234219123d4a89c29082672c02f187b38f9203aeb6089] Response (LGD_CASFLAG, 0) = R
2015-08-23 02:34:22 [DEBUG] [xplex4-01201508230234219123d4a89c29082672c02f187b38f9203aeb6089] Response (LGD_CASCAMOUNT, 0) = 0
2015-08-23 02:34:22 [DEBUG] [xplex4-01201508230234219123d4a89c29082672c02f187b38f9203aeb6089] Response (LGD_CASTAMOUNT, 0) = 0
2015-08-23 02:34:22 [DEBUG] [xplex4-01201508230234219123d4a89c29082672c02f187b38f9203aeb6089] Response (LGD_AMOUNT, 0) = 320000
2015-08-23 02:34:22 [DEBUG] [xplex4-01201508230234219123d4a89c29082672c02f187b38f9203aeb6089] Response (LGD_BUYERSSN, 0) = .
2015-08-23 02:34:22 [DEBUG] [xplex4-01201508230234219123d4a89c29082672c02f187b38f9203aeb6089] Response (LGD_CASHRECEIPTCODE, 0) = 0000
2015-08-23 02:34:22 [DEBUG] [xplex4-01201508230234219123d4a89c29082672c02f187b38f9203aeb6089] Response (LGD_RESPMSG, 0) = 81: 
2015-08-23 02:34:22 [DEBUG] [xplex4-01201508230234219123d4a89c29082672c02f187b38f9203aeb6089] Response (LGD_PAYDATE, 0) = 20150823113422
2015-08-23 02:34:22 [DEBUG] [xplex4-01201508230234219123d4a89c29082672c02f187b38f9203aeb6089] Response (LGD_PRODUCTINFO, 0) = 글쓰기의 본격적인 잔기술 2기–최민석 작가의 8주 속성 글쓰기 수업
2015-08-23 02:34:22 [DEBUG] [xplex4-01201508230234219123d4a89c29082672c02f187b38f9203aeb6089] Response (LGD_CASSEQNO, 0) = 000
2015-08-23 02:34:22 [DEBUG] [xplex4-01201508230234219123d4a89c29082672c02f187b38f9203aeb6089] Response (LGD_PRODUCTCODE, 0) = 
2015-08-23 02:34:22 [DEBUG] [xplex4-01201508230234219123d4a89c29082672c02f187b38f9203aeb6089] Response (LGD_HASHDATA, 0) = d512ed3c3c875441a3bbe219ede127f0
2015-08-23 02:34:22 [DEBUG] [xplex4-01201508230234219123d4a89c29082672c02f187b38f9203aeb6089] Response (LGD_BUYERADDRESS, 0) = 고양시 일산동구 마두동강촏 코오롱 707동 1001호
2015-08-23 02:34:22 [DEBUG] [xplex4-01201508230234219123d4a89c29082672c02f187b38f9203aeb6089] Response (LGD_RECEIVER, 0) = 
2015-08-23 02:34:22 [DEBUG] [xplex4-01201508230234219123d4a89c29082672c02f187b38f9203aeb6089] Response (LGD_RESPCODE, 0) = 0000
2015-08-23 02:34:22 [DEBUG] [xplex4-01201508230234219123d4a89c29082672c02f187b38f9203aeb6089] Response (LGD_ACCOUNTNUM, 0) = 29890520432537
2015-08-23 02:34:22 [DEBUG] [xplex4-01201508230234219123d4a89c29082672c02f187b38f9203aeb6089] Response (LGD_PAYER, 0) = 윤정인
2015-08-23 02:34:22 [DEBUG] [xplex4-01201508230234219123d4a89c29082672c02f187b38f9203aeb6089] Response (LGD_BUYEREMAIL, 0) = lovetoy27@naver.com
