2016-01-25 14:54:59 [INFO ] [] XPayClient initialize [/home/hosting_users/xplex/www/wp-content/plugins/woocommerce-lguplus-kr/lgdacom] [service]
2016-01-25 14:54:59 [DEBUG] [] Config [server_id] = [01]
2016-01-25 14:54:59 [DEBUG] [] Config [timeout] = [60]
2016-01-25 14:54:59 [DEBUG] [] Config [log_level] = [4]
2016-01-25 14:54:59 [DEBUG] [] Config [verify_cert] = [1]
2016-01-25 14:54:59 [DEBUG] [] Config [verify_host] = [1]
2016-01-25 14:54:59 [DEBUG] [] Config [report_error] = [1]
2016-01-25 14:54:59 [DEBUG] [] Config [output_UTF8] = [1]
2016-01-25 14:54:59 [DEBUG] [] Config [auto_rollback] = [1]
2016-01-25 14:54:59 [DEBUG] [] Config [log_dir] = [/home/hosting_users/xplex/www/wp-content/plugins/woocommerce-lguplus-kr/lgdacom/log]
2016-01-25 14:54:59 [DEBUG] [] Config [txplex4] = [12d7f002e43a80c0dd64128a1957e351]
2016-01-25 14:54:59 [DEBUG] [] Config [xplex4] = [12d7f002e43a80c0dd64128a1957e351]
2016-01-25 14:54:59 [DEBUG] [] Config [url] = [https://xpayclient.lgdacom.net/xpay/Gateway.do]
2016-01-25 14:54:59 [DEBUG] [] Config [test_url] = [https://xpayclient.lgdacom.net:7443/xpay/Gateway.do]
2016-01-25 14:54:59 [DEBUG] [] Config [aux_url] = [http://xpayclient.lgdacom.net:7080/xpay/Gateway.do]
2016-01-25 14:54:59 [DEBUG] [xplex4-0120160125145459e85284691d85acb46ecbab1642c038bcd858ade8] Post [LGD_TXID] = [xplex4-0120160125145459e85284691d85acb46ecbab1642c038bcd858ade8]
2016-01-25 14:54:59 [DEBUG] [xplex4-0120160125145459e85284691d85acb46ecbab1642c038bcd858ade8] Post [LGD_AUTHCODE] = [c4c7ca004f2cfdede84444788326dbc7d3da0959]
2016-01-25 14:54:59 [DEBUG] [xplex4-0120160125145459e85284691d85acb46ecbab1642c038bcd858ade8] Post [LGD_MID] = [xplex4]
2016-01-25 14:54:59 [DEBUG] [xplex4-0120160125145459e85284691d85acb46ecbab1642c038bcd858ade8] Post [LGD_TXNAME] = [PaymentByKey]
2016-01-25 14:54:59 [DEBUG] [xplex4-0120160125145459e85284691d85acb46ecbab1642c038bcd858ade8] Post [LGD_PAYKEY] = [2016012523545800352AB492943E9FD55CC1BC2A8307B9DEA5CB1A]
2016-01-25 14:54:59 [DEBUG] [xplex4-0120160125145459e85284691d85acb46ecbab1642c038bcd858ade8] post_string = LGD_TXID=xplex4-0120160125145459e85284691d85acb46ecbab1642c038bcd858ade8&LGD_AUTHCODE=c4c7ca004f2cfdede84444788326dbc7d3da0959&LGD_MID=xplex4&LGD_TXNAME=PaymentByKey&LGD_PAYKEY=2016012523545800352AB492943E9FD55CC1BC2A8307B9DEA5CB1A
2016-01-25 14:55:01 [DEBUG] [xplex4-0120160125145459e85284691d85acb46ecbab1642c038bcd858ade8] Result = [









{"LGD_RESPCODE":"0000","LGD_RESPMSG":"11: ","LGD_RESPONSE":[{"LGD_IFOS":"3A4C0S","LGD_MID":"xplex4","LGD_FINANCENAME":"농협","LGD_CASHRECEIPTKIND":"1","LGD_DELIVERYINFO":"","LGD_BUYER":"배양금","LGD_BUYERID":"","LGD_OID":"4593","LGD_RECEIVERPHONE":"","LGD_2TR_FLAG":"Y","LGD_DEVICE":"","LGD_TID":"xplex2016012523550050558","LGD_TIMESTAMP":"20160125235501","LGD_SAOWNER":"엑스플렉스(X-PLEX)","LGD_FINANCECODE":"011","LGD_BUYERPHONE":"01093995320","LGD_ESCROWYN":"N","LGD_PAYTYPE":"SC0040","LGD_CASFLAG":"R","LGD_CASCAMOUNT":"0","LGD_CASTAMOUNT":"0","LGD_AMOUNT":"350000","LGD_BUYERSSN":".","LGD_CASHRECEIPTCODE":"0000","LGD_RESPMSG":"11: ","LGD_PAYDATE":"20160125235501","LGD_PRODUCTINFO":"김경주 시인의 무중력 타이핑 4기감수성 혁명가가 되기 위한 언어 소묘의 과정","LGD_CASSEQNO":"000","LGD_PRODUCTCODE":"","LGD_HASHDATA":"8bbcf351bc8cb8d4f0628d492ad42260","LGD_BUYERADDRESS":"무안군 청계면 도림리목포대학교 정문 앞 초록","LGD_RECEIVER":"","LGD_RESPCODE":"0000","LGD_ACCOUNTNUM":"79004635763241","LGD_PAYER":"배양금","LGD_BUYEREMAIL":"didrma456@naver.com"}]}
]
2016-01-25 14:55:01 [INFO ] [xplex4-0120160125145459e85284691d85acb46ecbab1642c038bcd858ade8] Response Code=[0000], Msg=[11: ], Count=1
2016-01-25 14:55:01 [DEBUG] [xplex4-0120160125145459e85284691d85acb46ecbab1642c038bcd858ade8] Response (LGD_IFOS, 0) = 3A4C0S
2016-01-25 14:55:01 [DEBUG] [xplex4-0120160125145459e85284691d85acb46ecbab1642c038bcd858ade8] Response (LGD_MID, 0) = xplex4
2016-01-25 14:55:01 [DEBUG] [xplex4-0120160125145459e85284691d85acb46ecbab1642c038bcd858ade8] Response (LGD_FINANCENAME, 0) = 농협
2016-01-25 14:55:01 [DEBUG] [xplex4-0120160125145459e85284691d85acb46ecbab1642c038bcd858ade8] Response (LGD_CASHRECEIPTKIND, 0) = 1
2016-01-25 14:55:01 [DEBUG] [xplex4-0120160125145459e85284691d85acb46ecbab1642c038bcd858ade8] Response (LGD_DELIVERYINFO, 0) = 
2016-01-25 14:55:01 [DEBUG] [xplex4-0120160125145459e85284691d85acb46ecbab1642c038bcd858ade8] Response (LGD_BUYER, 0) = 배양금
2016-01-25 14:55:01 [DEBUG] [xplex4-0120160125145459e85284691d85acb46ecbab1642c038bcd858ade8] Response (LGD_BUYERID, 0) = 
2016-01-25 14:55:01 [DEBUG] [xplex4-0120160125145459e85284691d85acb46ecbab1642c038bcd858ade8] Response (LGD_OID, 0) = 4593
2016-01-25 14:55:01 [DEBUG] [xplex4-0120160125145459e85284691d85acb46ecbab1642c038bcd858ade8] Response (LGD_RECEIVERPHONE, 0) = 
2016-01-25 14:55:01 [DEBUG] [xplex4-0120160125145459e85284691d85acb46ecbab1642c038bcd858ade8] Response (LGD_2TR_FLAG, 0) = Y
2016-01-25 14:55:01 [DEBUG] [xplex4-0120160125145459e85284691d85acb46ecbab1642c038bcd858ade8] Response (LGD_DEVICE, 0) = 
2016-01-25 14:55:01 [DEBUG] [xplex4-0120160125145459e85284691d85acb46ecbab1642c038bcd858ade8] Response (LGD_TID, 0) = xplex2016012523550050558
2016-01-25 14:55:01 [DEBUG] [xplex4-0120160125145459e85284691d85acb46ecbab1642c038bcd858ade8] Response (LGD_TIMESTAMP, 0) = 20160125235501
2016-01-25 14:55:01 [DEBUG] [xplex4-0120160125145459e85284691d85acb46ecbab1642c038bcd858ade8] Response (LGD_SAOWNER, 0) = 엑스플렉스(X-PLEX)
2016-01-25 14:55:01 [DEBUG] [xplex4-0120160125145459e85284691d85acb46ecbab1642c038bcd858ade8] Response (LGD_FINANCECODE, 0) = 011
2016-01-25 14:55:01 [DEBUG] [xplex4-0120160125145459e85284691d85acb46ecbab1642c038bcd858ade8] Response (LGD_BUYERPHONE, 0) = 01093995320
2016-01-25 14:55:01 [DEBUG] [xplex4-0120160125145459e85284691d85acb46ecbab1642c038bcd858ade8] Response (LGD_ESCROWYN, 0) = N
2016-01-25 14:55:01 [DEBUG] [xplex4-0120160125145459e85284691d85acb46ecbab1642c038bcd858ade8] Response (LGD_PAYTYPE, 0) = SC0040
2016-01-25 14:55:01 [DEBUG] [xplex4-0120160125145459e85284691d85acb46ecbab1642c038bcd858ade8] Response (LGD_CASFLAG, 0) = R
2016-01-25 14:55:01 [DEBUG] [xplex4-0120160125145459e85284691d85acb46ecbab1642c038bcd858ade8] Response (LGD_CASCAMOUNT, 0) = 0
2016-01-25 14:55:01 [DEBUG] [xplex4-0120160125145459e85284691d85acb46ecbab1642c038bcd858ade8] Response (LGD_CASTAMOUNT, 0) = 0
2016-01-25 14:55:01 [DEBUG] [xplex4-0120160125145459e85284691d85acb46ecbab1642c038bcd858ade8] Response (LGD_AMOUNT, 0) = 350000
2016-01-25 14:55:01 [DEBUG] [xplex4-0120160125145459e85284691d85acb46ecbab1642c038bcd858ade8] Response (LGD_BUYERSSN, 0) = .
2016-01-25 14:55:01 [DEBUG] [xplex4-0120160125145459e85284691d85acb46ecbab1642c038bcd858ade8] Response (LGD_CASHRECEIPTCODE, 0) = 0000
2016-01-25 14:55:01 [DEBUG] [xplex4-0120160125145459e85284691d85acb46ecbab1642c038bcd858ade8] Response (LGD_RESPMSG, 0) = 11: 
2016-01-25 14:55:01 [DEBUG] [xplex4-0120160125145459e85284691d85acb46ecbab1642c038bcd858ade8] Response (LGD_PAYDATE, 0) = 20160125235501
2016-01-25 14:55:01 [DEBUG] [xplex4-0120160125145459e85284691d85acb46ecbab1642c038bcd858ade8] Response (LGD_PRODUCTINFO, 0) = 김경주 시인의 무중력 타이핑 4기감수성 혁명가가 되기 위한 언어 소묘의 과정
2016-01-25 14:55:01 [DEBUG] [xplex4-0120160125145459e85284691d85acb46ecbab1642c038bcd858ade8] Response (LGD_CASSEQNO, 0) = 000
2016-01-25 14:55:01 [DEBUG] [xplex4-0120160125145459e85284691d85acb46ecbab1642c038bcd858ade8] Response (LGD_PRODUCTCODE, 0) = 
2016-01-25 14:55:01 [DEBUG] [xplex4-0120160125145459e85284691d85acb46ecbab1642c038bcd858ade8] Response (LGD_HASHDATA, 0) = 8bbcf351bc8cb8d4f0628d492ad42260
2016-01-25 14:55:01 [DEBUG] [xplex4-0120160125145459e85284691d85acb46ecbab1642c038bcd858ade8] Response (LGD_BUYERADDRESS, 0) = 무안군 청계면 도림리목포대학교 정문 앞 초록
2016-01-25 14:55:01 [DEBUG] [xplex4-0120160125145459e85284691d85acb46ecbab1642c038bcd858ade8] Response (LGD_RECEIVER, 0) = 
2016-01-25 14:55:01 [DEBUG] [xplex4-0120160125145459e85284691d85acb46ecbab1642c038bcd858ade8] Response (LGD_RESPCODE, 0) = 0000
2016-01-25 14:55:01 [DEBUG] [xplex4-0120160125145459e85284691d85acb46ecbab1642c038bcd858ade8] Response (LGD_ACCOUNTNUM, 0) = 79004635763241
2016-01-25 14:55:01 [DEBUG] [xplex4-0120160125145459e85284691d85acb46ecbab1642c038bcd858ade8] Response (LGD_PAYER, 0) = 배양금
2016-01-25 14:55:01 [DEBUG] [xplex4-0120160125145459e85284691d85acb46ecbab1642c038bcd858ade8] Response (LGD_BUYEREMAIL, 0) = didrma456@naver.com
