2015-02-28 08:21:11 [INFO ] [] XPayClient initialize [/home/hosting_users/xplex/www/wp-content/plugins/woocommerce-lguplus-kr/lgdacom] [service]
2015-02-28 08:21:11 [DEBUG] [] Config [server_id] = [01]
2015-02-28 08:21:11 [DEBUG] [] Config [timeout] = [60]
2015-02-28 08:21:11 [DEBUG] [] Config [log_level] = [4]
2015-02-28 08:21:11 [DEBUG] [] Config [verify_cert] = [1]
2015-02-28 08:21:11 [DEBUG] [] Config [verify_host] = [1]
2015-02-28 08:21:11 [DEBUG] [] Config [report_error] = [1]
2015-02-28 08:21:11 [DEBUG] [] Config [output_UTF8] = [1]
2015-02-28 08:21:11 [DEBUG] [] Config [auto_rollback] = [1]
2015-02-28 08:21:11 [DEBUG] [] Config [log_dir] = [/home/hosting_users/xplex/www/wp-content/plugins/woocommerce-lguplus-kr/lgdacom/log]
2015-02-28 08:21:11 [DEBUG] [] Config [txplex4] = [12d7f002e43a80c0dd64128a1957e351]
2015-02-28 08:21:11 [DEBUG] [] Config [xplex4] = [12d7f002e43a80c0dd64128a1957e351]
2015-02-28 08:21:11 [DEBUG] [] Config [url] = [https://xpayclient.lgdacom.net/xpay/Gateway.do]
2015-02-28 08:21:11 [DEBUG] [] Config [test_url] = [https://xpayclient.lgdacom.net:7443/xpay/Gateway.do]
2015-02-28 08:21:11 [DEBUG] [] Config [aux_url] = [http://xpayclient.lgdacom.net:7080/xpay/Gateway.do]
2015-02-28 08:21:11 [DEBUG] [xplex4-01201502280821115ef17dc3c86a5307371101375362d429cc4c32e2] Post [LGD_TXID] = [xplex4-01201502280821115ef17dc3c86a5307371101375362d429cc4c32e2]
2015-02-28 08:21:11 [DEBUG] [xplex4-01201502280821115ef17dc3c86a5307371101375362d429cc4c32e2] Post [LGD_AUTHCODE] = [b7b4e14200673c6b4cc6bb7c88366c04354954c1]
2015-02-28 08:21:11 [DEBUG] [xplex4-01201502280821115ef17dc3c86a5307371101375362d429cc4c32e2] Post [LGD_MID] = [xplex4]
2015-02-28 08:21:11 [DEBUG] [xplex4-01201502280821115ef17dc3c86a5307371101375362d429cc4c32e2] Post [LGD_TXNAME] = [PaymentByKey]
2015-02-28 08:21:11 [DEBUG] [xplex4-01201502280821115ef17dc3c86a5307371101375362d429cc4c32e2] Post [LGD_PAYKEY] = [2015022817211055FF18B271E7DBE5A2AF08D1C100004A863C0896]
2015-02-28 08:21:11 [DEBUG] [xplex4-01201502280821115ef17dc3c86a5307371101375362d429cc4c32e2] post_string = LGD_TXID=xplex4-01201502280821115ef17dc3c86a5307371101375362d429cc4c32e2&LGD_AUTHCODE=b7b4e14200673c6b4cc6bb7c88366c04354954c1&LGD_MID=xplex4&LGD_TXNAME=PaymentByKey&LGD_PAYKEY=2015022817211055FF18B271E7DBE5A2AF08D1C100004A863C0896
2015-02-28 08:21:12 [DEBUG] [xplex4-01201502280821115ef17dc3c86a5307371101375362d429cc4c32e2] Result = [









{"LGD_RESPCODE":"0000","LGD_RESPMSG":"20: ","LGD_RESPONSE":[{"LGD_IFOS":"3M8S0M","LGD_MID":"xplex4","LGD_FINANCENAME":"우리","LGD_CASHRECEIPTKIND":"0","LGD_DELIVERYINFO":"","LGD_BUYER":"정혜진","LGD_BUYERID":"","LGD_OID":"1967","LGD_RECEIVERPHONE":"","LGD_2TR_FLAG":"Y","LGD_DEVICE":"","LGD_TID":"xplex2015022817211247095","LGD_TIMESTAMP":"20150228172113","LGD_SAOWNER":"엑스플렉스(X-PLEX)","LGD_FINANCECODE":"020","LGD_BUYERPHONE":"01099825674","LGD_ESCROWYN":"N","LGD_PAYTYPE":"SC0040","LGD_CASFLAG":"R","LGD_CASCAMOUNT":"0","LGD_CASTAMOUNT":"0","LGD_AMOUNT":"250000","LGD_BUYERSSN":".","LGD_CASHRECEIPTCODE":"0000","LGD_RESPMSG":"20: ","LGD_PAYDATE":"20150228172112","LGD_PRODUCTINFO":"오석태의 영작문 클래스","LGD_CASSEQNO":"000","LGD_PRODUCTCODE":"","LGD_HASHDATA":"e4c6d8373011b7ad4532ec26ff4a74ee","LGD_BUYERADDRESS":"안양시 만안구 석수1동 182~241221-15 오성주택 201호","LGD_RECEIVER":"","LGD_RESPCODE":"0000","LGD_ACCOUNTNUM":"61649086318642","LGD_PAYER":"정혜진","LGD_BUYEREMAIL":"hyejin53@gmail.com"}]}
]
2015-02-28 08:21:12 [INFO ] [xplex4-01201502280821115ef17dc3c86a5307371101375362d429cc4c32e2] Response Code=[0000], Msg=[20: ], Count=1
2015-02-28 08:21:12 [DEBUG] [xplex4-01201502280821115ef17dc3c86a5307371101375362d429cc4c32e2] Response (LGD_IFOS, 0) = 3M8S0M
2015-02-28 08:21:12 [DEBUG] [xplex4-01201502280821115ef17dc3c86a5307371101375362d429cc4c32e2] Response (LGD_MID, 0) = xplex4
2015-02-28 08:21:12 [DEBUG] [xplex4-01201502280821115ef17dc3c86a5307371101375362d429cc4c32e2] Response (LGD_FINANCENAME, 0) = 우리
2015-02-28 08:21:12 [DEBUG] [xplex4-01201502280821115ef17dc3c86a5307371101375362d429cc4c32e2] Response (LGD_CASHRECEIPTKIND, 0) = 0
2015-02-28 08:21:12 [DEBUG] [xplex4-01201502280821115ef17dc3c86a5307371101375362d429cc4c32e2] Response (LGD_DELIVERYINFO, 0) = 
2015-02-28 08:21:12 [DEBUG] [xplex4-01201502280821115ef17dc3c86a5307371101375362d429cc4c32e2] Response (LGD_BUYER, 0) = 정혜진
2015-02-28 08:21:12 [DEBUG] [xplex4-01201502280821115ef17dc3c86a5307371101375362d429cc4c32e2] Response (LGD_BUYERID, 0) = 
2015-02-28 08:21:12 [DEBUG] [xplex4-01201502280821115ef17dc3c86a5307371101375362d429cc4c32e2] Response (LGD_OID, 0) = 1967
2015-02-28 08:21:12 [DEBUG] [xplex4-01201502280821115ef17dc3c86a5307371101375362d429cc4c32e2] Response (LGD_RECEIVERPHONE, 0) = 
2015-02-28 08:21:12 [DEBUG] [xplex4-01201502280821115ef17dc3c86a5307371101375362d429cc4c32e2] Response (LGD_2TR_FLAG, 0) = Y
2015-02-28 08:21:12 [DEBUG] [xplex4-01201502280821115ef17dc3c86a5307371101375362d429cc4c32e2] Response (LGD_DEVICE, 0) = 
2015-02-28 08:21:12 [DEBUG] [xplex4-01201502280821115ef17dc3c86a5307371101375362d429cc4c32e2] Response (LGD_TID, 0) = xplex2015022817211247095
2015-02-28 08:21:12 [DEBUG] [xplex4-01201502280821115ef17dc3c86a5307371101375362d429cc4c32e2] Response (LGD_TIMESTAMP, 0) = 20150228172113
2015-02-28 08:21:12 [DEBUG] [xplex4-01201502280821115ef17dc3c86a5307371101375362d429cc4c32e2] Response (LGD_SAOWNER, 0) = 엑스플렉스(X-PLEX)
2015-02-28 08:21:12 [DEBUG] [xplex4-01201502280821115ef17dc3c86a5307371101375362d429cc4c32e2] Response (LGD_FINANCECODE, 0) = 020
2015-02-28 08:21:12 [DEBUG] [xplex4-01201502280821115ef17dc3c86a5307371101375362d429cc4c32e2] Response (LGD_BUYERPHONE, 0) = 01099825674
2015-02-28 08:21:12 [DEBUG] [xplex4-01201502280821115ef17dc3c86a5307371101375362d429cc4c32e2] Response (LGD_ESCROWYN, 0) = N
2015-02-28 08:21:12 [DEBUG] [xplex4-01201502280821115ef17dc3c86a5307371101375362d429cc4c32e2] Response (LGD_PAYTYPE, 0) = SC0040
2015-02-28 08:21:12 [DEBUG] [xplex4-01201502280821115ef17dc3c86a5307371101375362d429cc4c32e2] Response (LGD_CASFLAG, 0) = R
2015-02-28 08:21:12 [DEBUG] [xplex4-01201502280821115ef17dc3c86a5307371101375362d429cc4c32e2] Response (LGD_CASCAMOUNT, 0) = 0
2015-02-28 08:21:12 [DEBUG] [xplex4-01201502280821115ef17dc3c86a5307371101375362d429cc4c32e2] Response (LGD_CASTAMOUNT, 0) = 0
2015-02-28 08:21:12 [DEBUG] [xplex4-01201502280821115ef17dc3c86a5307371101375362d429cc4c32e2] Response (LGD_AMOUNT, 0) = 250000
2015-02-28 08:21:12 [DEBUG] [xplex4-01201502280821115ef17dc3c86a5307371101375362d429cc4c32e2] Response (LGD_BUYERSSN, 0) = .
2015-02-28 08:21:12 [DEBUG] [xplex4-01201502280821115ef17dc3c86a5307371101375362d429cc4c32e2] Response (LGD_CASHRECEIPTCODE, 0) = 0000
2015-02-28 08:21:12 [DEBUG] [xplex4-01201502280821115ef17dc3c86a5307371101375362d429cc4c32e2] Response (LGD_RESPMSG, 0) = 20: 
2015-02-28 08:21:12 [DEBUG] [xplex4-01201502280821115ef17dc3c86a5307371101375362d429cc4c32e2] Response (LGD_PAYDATE, 0) = 20150228172112
2015-02-28 08:21:12 [DEBUG] [xplex4-01201502280821115ef17dc3c86a5307371101375362d429cc4c32e2] Response (LGD_PRODUCTINFO, 0) = 오석태의 영작문 클래스
2015-02-28 08:21:12 [DEBUG] [xplex4-01201502280821115ef17dc3c86a5307371101375362d429cc4c32e2] Response (LGD_CASSEQNO, 0) = 000
2015-02-28 08:21:12 [DEBUG] [xplex4-01201502280821115ef17dc3c86a5307371101375362d429cc4c32e2] Response (LGD_PRODUCTCODE, 0) = 
2015-02-28 08:21:12 [DEBUG] [xplex4-01201502280821115ef17dc3c86a5307371101375362d429cc4c32e2] Response (LGD_HASHDATA, 0) = e4c6d8373011b7ad4532ec26ff4a74ee
2015-02-28 08:21:12 [DEBUG] [xplex4-01201502280821115ef17dc3c86a5307371101375362d429cc4c32e2] Response (LGD_BUYERADDRESS, 0) = 안양시 만안구 석수1동 182~241221-15 오성주택 201호
2015-02-28 08:21:12 [DEBUG] [xplex4-01201502280821115ef17dc3c86a5307371101375362d429cc4c32e2] Response (LGD_RECEIVER, 0) = 
2015-02-28 08:21:12 [DEBUG] [xplex4-01201502280821115ef17dc3c86a5307371101375362d429cc4c32e2] Response (LGD_RESPCODE, 0) = 0000
2015-02-28 08:21:12 [DEBUG] [xplex4-01201502280821115ef17dc3c86a5307371101375362d429cc4c32e2] Response (LGD_ACCOUNTNUM, 0) = 61649086318642
2015-02-28 08:21:12 [DEBUG] [xplex4-01201502280821115ef17dc3c86a5307371101375362d429cc4c32e2] Response (LGD_PAYER, 0) = 정혜진
2015-02-28 08:21:12 [DEBUG] [xplex4-01201502280821115ef17dc3c86a5307371101375362d429cc4c32e2] Response (LGD_BUYEREMAIL, 0) = hyejin53@gmail.com
