2016-03-05 10:58:10 [INFO ] [] XPayClient initialize [/home/hosting_users/xplex/www/wp-content/plugins/woocommerce-lguplus-kr/lgdacom] [service]
2016-03-05 10:58:10 [DEBUG] [] Config [server_id] = [01]
2016-03-05 10:58:10 [DEBUG] [] Config [timeout] = [60]
2016-03-05 10:58:10 [DEBUG] [] Config [log_level] = [4]
2016-03-05 10:58:10 [DEBUG] [] Config [verify_cert] = [1]
2016-03-05 10:58:10 [DEBUG] [] Config [verify_host] = [1]
2016-03-05 10:58:10 [DEBUG] [] Config [report_error] = [1]
2016-03-05 10:58:10 [DEBUG] [] Config [output_UTF8] = [1]
2016-03-05 10:58:10 [DEBUG] [] Config [auto_rollback] = [1]
2016-03-05 10:58:10 [DEBUG] [] Config [log_dir] = [/home/hosting_users/xplex/www/wp-content/plugins/woocommerce-lguplus-kr/lgdacom/log]
2016-03-05 10:58:10 [DEBUG] [] Config [txplex4] = [12d7f002e43a80c0dd64128a1957e351]
2016-03-05 10:58:10 [DEBUG] [] Config [xplex4] = [12d7f002e43a80c0dd64128a1957e351]
2016-03-05 10:58:10 [DEBUG] [] Config [url] = [https://xpayclient.lgdacom.net/xpay/Gateway.do]
2016-03-05 10:58:10 [DEBUG] [] Config [test_url] = [https://xpayclient.lgdacom.net:7443/xpay/Gateway.do]
2016-03-05 10:58:10 [DEBUG] [] Config [aux_url] = [http://xpayclient.lgdacom.net:7080/xpay/Gateway.do]
2016-03-05 10:58:10 [DEBUG] [xplex4-01201603051058103e0f63f4a7f834cb3232c59919c7ae5f6fcdde4c] Post [LGD_TXID] = [xplex4-01201603051058103e0f63f4a7f834cb3232c59919c7ae5f6fcdde4c]
2016-03-05 10:58:10 [DEBUG] [xplex4-01201603051058103e0f63f4a7f834cb3232c59919c7ae5f6fcdde4c] Post [LGD_AUTHCODE] = [bb1faa5336055be7e41f269fda5506d4acce9071]
2016-03-05 10:58:10 [DEBUG] [xplex4-01201603051058103e0f63f4a7f834cb3232c59919c7ae5f6fcdde4c] Post [LGD_MID] = [xplex4]
2016-03-05 10:58:10 [DEBUG] [xplex4-01201603051058103e0f63f4a7f834cb3232c59919c7ae5f6fcdde4c] Post [LGD_TXNAME] = [PaymentByKey]
2016-03-05 10:58:10 [DEBUG] [xplex4-01201603051058103e0f63f4a7f834cb3232c59919c7ae5f6fcdde4c] Post [LGD_PAYKEY] = [20160305195809F668D6334DB76B9F4CF73372EBC56CB4AA5C2C40]
2016-03-05 10:58:10 [DEBUG] [xplex4-01201603051058103e0f63f4a7f834cb3232c59919c7ae5f6fcdde4c] post_string = LGD_TXID=xplex4-01201603051058103e0f63f4a7f834cb3232c59919c7ae5f6fcdde4c&LGD_AUTHCODE=bb1faa5336055be7e41f269fda5506d4acce9071&LGD_MID=xplex4&LGD_TXNAME=PaymentByKey&LGD_PAYKEY=20160305195809F668D6334DB76B9F4CF73372EBC56CB4AA5C2C40
2016-03-05 10:58:11 [DEBUG] [xplex4-01201603051058103e0f63f4a7f834cb3232c59919c7ae5f6fcdde4c] Result = [









{"LGD_RESPCODE":"0000","LGD_RESPMSG":"26: ","LGD_RESPONSE":[{"LGD_IFOS":"3A4C0S","LGD_MID":"xplex4","LGD_FINANCENAME":"Ïã†Ìïú","LGD_CASHRECEIPTKIND":"0","LGD_DELIVERYINFO":"","LGD_BUYER":"Ï†ÑÍ≤ΩÏ£º","LGD_BUYERID":"","LGD_OID":"4856","LGD_RECEIVERPHONE":"","LGD_2TR_FLAG":"Y","LGD_DEVICE":"","LGD_TID":"xplex2016030519581145225","LGD_TIMESTAMP":"20160305195812","LGD_SAOWNER":"ÏóëÏä§ÌîåÎ†âÏä§(X-PLEX)","LGD_FINANCECODE":"088","LGD_BUYERPHONE":"01027974349","LGD_ESCROWYN":"N","LGD_PAYTYPE":"SC0040","LGD_CASFLAG":"R","LGD_CASCAMOUNT":"0","LGD_CASTAMOUNT":"0","LGD_AMOUNT":"240000","LGD_BUYERSSN":".","LGD_CASHRECEIPTCODE":"0000","LGD_RESPMSG":"26: ","LGD_PAYDATE":"20160305195811","LGD_PRODUCTINFO":"ÎÇòÎèÑ Í∑∏Î¶ºÏ±Ö ÏûëÍ∞Ä 5Í∏∞Ïä§ÌÜ†Î¶¨ÌÖîÎßÅ Í∞ïÌôîÎ°ú Í∑∏Î¶ºÏ±Ö Í∏ÄÏì∞Í∏∞ ÎèÑÏ†Ñ!","LGD_CASSEQNO":"000","LGD_PRODUCTCODE":"","LGD_HASHDATA":"f7623853f09297a2fdccebe7f2609503","LGD_BUYERADDRESS":"Íµ¨Î°úÍµ¨ Í≥†Ï≤ôÎèô249-45 302Ìò∏","LGD_RECEIVER":"","LGD_RESPCODE":"0000","LGD_ACCOUNTNUM":"63790117415054","LGD_PAYER":"Ï†ÑÍ≤ΩÏ£º","LGD_BUYEREMAIL":"mjsb0608@empal.com"}]}
]
2016-03-05 10:58:11 [INFO ] [xplex4-01201603051058103e0f63f4a7f834cb3232c59919c7ae5f6fcdde4c] Response Code=[0000], Msg=[26: ], Count=1
2016-03-05 10:58:11 [DEBUG] [xplex4-01201603051058103e0f63f4a7f834cb3232c59919c7ae5f6fcdde4c] Response (LGD_IFOS, 0) = 3A4C0S
2016-03-05 10:58:11 [DEBUG] [xplex4-01201603051058103e0f63f4a7f834cb3232c59919c7ae5f6fcdde4c] Response (LGD_MID, 0) = xplex4
2016-03-05 10:58:11 [DEBUG] [xplex4-01201603051058103e0f63f4a7f834cb3232c59919c7ae5f6fcdde4c] Response (LGD_FINANCENAME, 0) = Ïã†Ìïú
2016-03-05 10:58:11 [DEBUG] [xplex4-01201603051058103e0f63f4a7f834cb3232c59919c7ae5f6fcdde4c] Response (LGD_CASHRECEIPTKIND, 0) = 0
2016-03-05 10:58:11 [DEBUG] [xplex4-01201603051058103e0f63f4a7f834cb3232c59919c7ae5f6fcdde4c] Response (LGD_DELIVERYINFO, 0) = 
2016-03-05 10:58:11 [DEBUG] [xplex4-01201603051058103e0f63f4a7f834cb3232c59919c7ae5f6fcdde4c] Response (LGD_BUYER, 0) = Ï†ÑÍ≤ΩÏ£º
2016-03-05 10:58:11 [DEBUG] [xplex4-01201603051058103e0f63f4a7f834cb3232c59919c7ae5f6fcdde4c] Response (LGD_BUYERID, 0) = 
2016-03-05 10:58:11 [DEBUG] [xplex4-01201603051058103e0f63f4a7f834cb3232c59919c7ae5f6fcdde4c] Response (LGD_OID, 0) = 4856
2016-03-05 10:58:11 [DEBUG] [xplex4-01201603051058103e0f63f4a7f834cb3232c59919c7ae5f6fcdde4c] Response (LGD_RECEIVERPHONE, 0) = 
2016-03-05 10:58:11 [DEBUG] [xplex4-01201603051058103e0f63f4a7f834cb3232c59919c7ae5f6fcdde4c] Response (LGD_2TR_FLAG, 0) = Y
2016-03-05 10:58:11 [DEBUG] [xplex4-01201603051058103e0f63f4a7f834cb3232c59919c7ae5f6fcdde4c] Response (LGD_DEVICE, 0) = 
2016-03-05 10:58:11 [DEBUG] [xplex4-01201603051058103e0f63f4a7f834cb3232c59919c7ae5f6fcdde4c] Response (LGD_TID, 0) = xplex2016030519581145225
2016-03-05 10:58:11 [DEBUG] [xplex4-01201603051058103e0f63f4a7f834cb3232c59919c7ae5f6fcdde4c] Response (LGD_TIMESTAMP, 0) = 20160305195812
2016-03-05 10:58:11 [DEBUG] [xplex4-01201603051058103e0f63f4a7f834cb3232c59919c7ae5f6fcdde4c] Response (LGD_SAOWNER, 0) = ÏóëÏä§ÌîåÎ†âÏä§(X-PLEX)
2016-03-05 10:58:11 [DEBUG] [xplex4-01201603051058103e0f63f4a7f834cb3232c59919c7ae5f6fcdde4c] Response (LGD_FINANCECODE, 0) = 088
2016-03-05 10:58:11 [DEBUG] [xplex4-01201603051058103e0f63f4a7f834cb3232c59919c7ae5f6fcdde4c] Response (LGD_BUYERPHONE, 0) = 01027974349
2016-03-05 10:58:11 [DEBUG] [xplex4-01201603051058103e0f63f4a7f834cb3232c59919c7ae5f6fcdde4c] Response (LGD_ESCROWYN, 0) = N
2016-03-05 10:58:11 [DEBUG] [xplex4-01201603051058103e0f63f4a7f834cb3232c59919c7ae5f6fcdde4c] Response (LGD_PAYTYPE, 0) = SC0040
2016-03-05 10:58:11 [DEBUG] [xplex4-01201603051058103e0f63f4a7f834cb3232c59919c7ae5f6fcdde4c] Response (LGD_CASFLAG, 0) = R
2016-03-05 10:58:11 [DEBUG] [xplex4-01201603051058103e0f63f4a7f834cb3232c59919c7ae5f6fcdde4c] Response (LGD_CASCAMOUNT, 0) = 0
2016-03-05 10:58:11 [DEBUG] [xplex4-01201603051058103e0f63f4a7f834cb3232c59919c7ae5f6fcdde4c] Response (LGD_CASTAMOUNT, 0) = 0
2016-03-05 10:58:11 [DEBUG] [xplex4-01201603051058103e0f63f4a7f834cb3232c59919c7ae5f6fcdde4c] Response (LGD_AMOUNT, 0) = 240000
2016-03-05 10:58:11 [DEBUG] [xplex4-01201603051058103e0f63f4a7f834cb3232c59919c7ae5f6fcdde4c] Response (LGD_BUYERSSN, 0) = .
2016-03-05 10:58:11 [DEBUG] [xplex4-01201603051058103e0f63f4a7f834cb3232c59919c7ae5f6fcdde4c] Response (LGD_CASHRECEIPTCODE, 0) = 0000
2016-03-05 10:58:11 [DEBUG] [xplex4-01201603051058103e0f63f4a7f834cb3232c59919c7ae5f6fcdde4c] Response (LGD_RESPMSG, 0) = 26: 
2016-03-05 10:58:11 [DEBUG] [xplex4-01201603051058103e0f63f4a7f834cb3232c59919c7ae5f6fcdde4c] Response (LGD_PAYDATE, 0) = 20160305195811
2016-03-05 10:58:11 [DEBUG] [xplex4-01201603051058103e0f63f4a7f834cb3232c59919c7ae5f6fcdde4c] Response (LGD_PRODUCTINFO, 0) = ÎÇòÎèÑ Í∑∏Î¶ºÏ±Ö ÏûëÍ∞Ä 5Í∏∞Ïä§ÌÜ†Î¶¨ÌÖîÎßÅ Í∞ïÌôîÎ°ú Í∑∏Î¶ºÏ±Ö Í∏ÄÏì∞Í∏∞ ÎèÑÏ†Ñ!
2016-03-05 10:58:11 [DEBUG] [xplex4-01201603051058103e0f63f4a7f834cb3232c59919c7ae5f6fcdde4c] Response (LGD_CASSEQNO, 0) = 000
2016-03-05 10:58:11 [DEBUG] [xplex4-01201603051058103e0f63f4a7f834cb3232c59919c7ae5f6fcdde4c] Response (LGD_PRODUCTCODE, 0) = 
2016-03-05 10:58:11 [DEBUG] [xplex4-01201603051058103e0f63f4a7f834cb3232c59919c7ae5f6fcdde4c] Response (LGD_HASHDATA, 0) = f7623853f09297a2fdccebe7f2609503
2016-03-05 10:58:11 [DEBUG] [xplex4-01201603051058103e0f63f4a7f834cb3232c59919c7ae5f6fcdde4c] Response (LGD_BUYERADDRESS, 0) = Íµ¨Î°úÍµ¨ Í≥†Ï≤ôÎèô249-45 302Ìò∏
2016-03-05 10:58:11 [DEBUG] [xplex4-01201603051058103e0f63f4a7f834cb3232c59919c7ae5f6fcdde4c] Response (LGD_RECEIVER, 0) = 
2016-03-05 10:58:11 [DEBUG] [xplex4-01201603051058103e0f63f4a7f834cb3232c59919c7ae5f6fcdde4c] Response (LGD_RESPCODE, 0) = 0000
2016-03-05 10:58:11 [DEBUG] [xplex4-01201603051058103e0f63f4a7f834cb3232c59919c7ae5f6fcdde4c] Response (LGD_ACCOUNTNUM, 0) = 63790117415054
2016-03-05 10:58:11 [DEBUG] [xplex4-01201603051058103e0f63f4a7f834cb3232c59919c7ae5f6fcdde4c] Response (LGD_PAYER, 0) = Ï†ÑÍ≤ΩÏ£º
2016-03-05 10:58:11 [DEBUG] [xplex4-01201603051058103e0f63f4a7f834cb3232c59919c7ae5f6fcdde4c] Response (LGD_BUYEREMAIL, 0) = mjsb0608@empal.com
2016-03-05 10:59:07 [INFO ] [] XPayClient initialize [/home/hosting_users/xplex/www/wp-content/plugins/woocommerce-lguplus-kr/lgdacom] [service]
2016-03-05 10:59:07 [DEBUG] [] Config [server_id] = [01]
2016-03-05 10:59:07 [DEBUG] [] Config [timeout] = [60]
2016-03-05 10:59:07 [DEBUG] [] Config [log_level] = [4]
2016-03-05 10:59:07 [DEBUG] [] Config [verify_cert] = [1]
2016-03-05 10:59:07 [DEBUG] [] Config [verify_host] = [1]
2016-03-05 10:59:07 [DEBUG] [] Config [report_error] = [1]
2016-03-05 10:59:07 [DEBUG] [] Config [output_UTF8] = [1]
2016-03-05 10:59:07 [DEBUG] [] Config [auto_rollback] = [1]
2016-03-05 10:59:07 [DEBUG] [] Config [log_dir] = [/home/hosting_users/xplex/www/wp-content/plugins/woocommerce-lguplus-kr/lgdacom/log]
2016-03-05 10:59:07 [DEBUG] [] Config [txplex4] = [12d7f002e43a80c0dd64128a1957e351]
2016-03-05 10:59:07 [DEBUG] [] Config [xplex4] = [12d7f002e43a80c0dd64128a1957e351]
2016-03-05 10:59:07 [DEBUG] [] Config [url] = [https://xpayclient.lgdacom.net/xpay/Gateway.do]
2016-03-05 10:59:07 [DEBUG] [] Config [test_url] = [https://xpayclient.lgdacom.net:7443/xpay/Gateway.do]
2016-03-05 10:59:07 [DEBUG] [] Config [aux_url] = [http://xpayclient.lgdacom.net:7080/xpay/Gateway.do]
2016-03-05 10:59:07 [DEBUG] [xplex4-01201603051059078598fdf333cfa94ab1a249986b9bf0d8e83b8d84] Post [LGD_TXID] = [xplex4-01201603051059078598fdf333cfa94ab1a249986b9bf0d8e83b8d84]
2016-03-05 10:59:07 [DEBUG] [xplex4-01201603051059078598fdf333cfa94ab1a249986b9bf0d8e83b8d84] Post [LGD_AUTHCODE] = [c7476ed4b86273032cbab0b19a5e82c0b5bad2ae]
2016-03-05 10:59:07 [DEBUG] [xplex4-01201603051059078598fdf333cfa94ab1a249986b9bf0d8e83b8d84] Post [LGD_MID] = [xplex4]
2016-03-05 10:59:07 [DEBUG] [xplex4-01201603051059078598fdf333cfa94ab1a249986b9bf0d8e83b8d84] Post [LGD_TXNAME] = [PaymentByKey]
2016-03-05 10:59:07 [DEBUG] [xplex4-01201603051059078598fdf333cfa94ab1a249986b9bf0d8e83b8d84] Post [LGD_PAYKEY] = [20160305195906F668D6334DB76B9F4CF73372EBC56CB4AA5C2C40]
2016-03-05 10:59:07 [DEBUG] [xplex4-01201603051059078598fdf333cfa94ab1a249986b9bf0d8e83b8d84] post_string = LGD_TXID=xplex4-01201603051059078598fdf333cfa94ab1a249986b9bf0d8e83b8d84&LGD_AUTHCODE=c7476ed4b86273032cbab0b19a5e82c0b5bad2ae&LGD_MID=xplex4&LGD_TXNAME=PaymentByKey&LGD_PAYKEY=20160305195906F668D6334DB76B9F4CF73372EBC56CB4AA5C2C40
2016-03-05 10:59:07 [DEBUG] [xplex4-01201603051059078598fdf333cfa94ab1a249986b9bf0d8e83b8d84] Result = [









{"LGD_RESPCODE":"A016","LGD_RESPMSG":"Ï§ëÎ≥µÎêú Ï£ºÎ¨∏Î≤àÌò∏ÏûÖÎãàÎã§.#","LGD_RESPONSE":[{"LGD_IFOS":"3A4C0S","LGD_MID":"xplex4","LGD_FINANCENAME":"Ïã†Ìïú","LGD_CASHRECEIPTKIND":"0","LGD_DELIVERYINFO":"","LGD_BUYER":"Ï†ÑÍ≤ΩÏ£º","LGD_BUYERID":"","LGD_OID":"4856","LGD_RECEIVERPHONE":"","LGD_2TR_FLAG":"Y","LGD_DEVICE":"","LGD_TID":"xplex2016030519581145225","LGD_TIMESTAMP":"20160305195908","LGD_SAOWNER":"ÏóëÏä§ÌîåÎ†âÏä§(X-PLEX)","LGD_FINANCECODE":"088","LGD_BUYERPHONE":"01027974349","LGD_ESCROWYN":"N","LGD_PAYTYPE":"SC0040","LGD_CASFLAG":"R","LGD_CASCAMOUNT":"0","LGD_CASTAMOUNT":"0","LGD_AMOUNT":"240000","LGD_BUYERSSN":".","LGD_CASHRECEIPTCODE":"0000","LGD_RESPMSG":"Ï§ëÎ≥µÎêú Ï£ºÎ¨∏Î≤àÌò∏ÏûÖÎãàÎã§.#","LGD_PAYDATE":"20160305195908","LGD_PRODUCTINFO":"ÎÇòÎèÑ Í∑∏Î¶ºÏ±Ö ÏûëÍ∞Ä 5Í∏∞Ïä§ÌÜ†Î¶¨ÌÖîÎßÅ Í∞ïÌôîÎ°ú Í∑∏Î¶ºÏ±Ö Í∏ÄÏì∞Í∏∞ ÎèÑÏ†Ñ!","LGD_CASSEQNO":"000","LGD_PRODUCTCODE":"","LGD_HASHDATA":"429e0fca166cef0b2b9d7c681d58fdac","LGD_BUYERADDRESS":"Íµ¨Î°úÍµ¨ Í≥†Ï≤ôÎèô249-45 302Ìò∏","LGD_RECEIVER":"","LGD_RESPCODE":"A016","LGD_ACCOUNTNUM":"    ","LGD_PAYER":"Ï†ÑÍ≤ΩÏ£º","LGD_BUYEREMAIL":"mjsb0608@empal.com"}]}
]
2016-03-05 10:59:07 [INFO ] [xplex4-01201603051059078598fdf333cfa94ab1a249986b9bf0d8e83b8d84] Response Code=[A016], Msg=[¡ﬂ∫πµ» ¡÷πÆπ¯»£¿‘¥œ¥Ÿ.#], Count=1
2016-03-05 10:59:07 [DEBUG] [xplex4-01201603051059078598fdf333cfa94ab1a249986b9bf0d8e83b8d84] Response (LGD_IFOS, 0) = 3A4C0S
2016-03-05 10:59:07 [DEBUG] [xplex4-01201603051059078598fdf333cfa94ab1a249986b9bf0d8e83b8d84] Response (LGD_MID, 0) = xplex4
2016-03-05 10:59:07 [DEBUG] [xplex4-01201603051059078598fdf333cfa94ab1a249986b9bf0d8e83b8d84] Response (LGD_FINANCENAME, 0) = Ïã†Ìïú
2016-03-05 10:59:07 [DEBUG] [xplex4-01201603051059078598fdf333cfa94ab1a249986b9bf0d8e83b8d84] Response (LGD_CASHRECEIPTKIND, 0) = 0
2016-03-05 10:59:07 [DEBUG] [xplex4-01201603051059078598fdf333cfa94ab1a249986b9bf0d8e83b8d84] Response (LGD_DELIVERYINFO, 0) = 
2016-03-05 10:59:07 [DEBUG] [xplex4-01201603051059078598fdf333cfa94ab1a249986b9bf0d8e83b8d84] Response (LGD_BUYER, 0) = Ï†ÑÍ≤ΩÏ£º
2016-03-05 10:59:07 [DEBUG] [xplex4-01201603051059078598fdf333cfa94ab1a249986b9bf0d8e83b8d84] Response (LGD_BUYERID, 0) = 
2016-03-05 10:59:07 [DEBUG] [xplex4-01201603051059078598fdf333cfa94ab1a249986b9bf0d8e83b8d84] Response (LGD_OID, 0) = 4856
2016-03-05 10:59:07 [DEBUG] [xplex4-01201603051059078598fdf333cfa94ab1a249986b9bf0d8e83b8d84] Response (LGD_RECEIVERPHONE, 0) = 
2016-03-05 10:59:07 [DEBUG] [xplex4-01201603051059078598fdf333cfa94ab1a249986b9bf0d8e83b8d84] Response (LGD_2TR_FLAG, 0) = Y
2016-03-05 10:59:07 [DEBUG] [xplex4-01201603051059078598fdf333cfa94ab1a249986b9bf0d8e83b8d84] Response (LGD_DEVICE, 0) = 
2016-03-05 10:59:07 [DEBUG] [xplex4-01201603051059078598fdf333cfa94ab1a249986b9bf0d8e83b8d84] Response (LGD_TID, 0) = xplex2016030519581145225
2016-03-05 10:59:07 [DEBUG] [xplex4-01201603051059078598fdf333cfa94ab1a249986b9bf0d8e83b8d84] Response (LGD_TIMESTAMP, 0) = 20160305195908
2016-03-05 10:59:07 [DEBUG] [xplex4-01201603051059078598fdf333cfa94ab1a249986b9bf0d8e83b8d84] Response (LGD_SAOWNER, 0) = ÏóëÏä§ÌîåÎ†âÏä§(X-PLEX)
2016-03-05 10:59:07 [DEBUG] [xplex4-01201603051059078598fdf333cfa94ab1a249986b9bf0d8e83b8d84] Response (LGD_FINANCECODE, 0) = 088
2016-03-05 10:59:07 [DEBUG] [xplex4-01201603051059078598fdf333cfa94ab1a249986b9bf0d8e83b8d84] Response (LGD_BUYERPHONE, 0) = 01027974349
2016-03-05 10:59:07 [DEBUG] [xplex4-01201603051059078598fdf333cfa94ab1a249986b9bf0d8e83b8d84] Response (LGD_ESCROWYN, 0) = N
2016-03-05 10:59:07 [DEBUG] [xplex4-01201603051059078598fdf333cfa94ab1a249986b9bf0d8e83b8d84] Response (LGD_PAYTYPE, 0) = SC0040
2016-03-05 10:59:07 [DEBUG] [xplex4-01201603051059078598fdf333cfa94ab1a249986b9bf0d8e83b8d84] Response (LGD_CASFLAG, 0) = R
2016-03-05 10:59:07 [DEBUG] [xplex4-01201603051059078598fdf333cfa94ab1a249986b9bf0d8e83b8d84] Response (LGD_CASCAMOUNT, 0) = 0
2016-03-05 10:59:07 [DEBUG] [xplex4-01201603051059078598fdf333cfa94ab1a249986b9bf0d8e83b8d84] Response (LGD_CASTAMOUNT, 0) = 0
2016-03-05 10:59:07 [DEBUG] [xplex4-01201603051059078598fdf333cfa94ab1a249986b9bf0d8e83b8d84] Response (LGD_AMOUNT, 0) = 240000
2016-03-05 10:59:07 [DEBUG] [xplex4-01201603051059078598fdf333cfa94ab1a249986b9bf0d8e83b8d84] Response (LGD_BUYERSSN, 0) = .
2016-03-05 10:59:07 [DEBUG] [xplex4-01201603051059078598fdf333cfa94ab1a249986b9bf0d8e83b8d84] Response (LGD_CASHRECEIPTCODE, 0) = 0000
2016-03-05 10:59:07 [DEBUG] [xplex4-01201603051059078598fdf333cfa94ab1a249986b9bf0d8e83b8d84] Response (LGD_RESPMSG, 0) = Ï§ëÎ≥µÎêú Ï£ºÎ¨∏Î≤àÌò∏ÏûÖÎãàÎã§.#
2016-03-05 10:59:07 [DEBUG] [xplex4-01201603051059078598fdf333cfa94ab1a249986b9bf0d8e83b8d84] Response (LGD_PAYDATE, 0) = 20160305195908
2016-03-05 10:59:07 [DEBUG] [xplex4-01201603051059078598fdf333cfa94ab1a249986b9bf0d8e83b8d84] Response (LGD_PRODUCTINFO, 0) = ÎÇòÎèÑ Í∑∏Î¶ºÏ±Ö ÏûëÍ∞Ä 5Í∏∞Ïä§ÌÜ†Î¶¨ÌÖîÎßÅ Í∞ïÌôîÎ°ú Í∑∏Î¶ºÏ±Ö Í∏ÄÏì∞Í∏∞ ÎèÑÏ†Ñ!
2016-03-05 10:59:07 [DEBUG] [xplex4-01201603051059078598fdf333cfa94ab1a249986b9bf0d8e83b8d84] Response (LGD_CASSEQNO, 0) = 000
2016-03-05 10:59:07 [DEBUG] [xplex4-01201603051059078598fdf333cfa94ab1a249986b9bf0d8e83b8d84] Response (LGD_PRODUCTCODE, 0) = 
2016-03-05 10:59:07 [DEBUG] [xplex4-01201603051059078598fdf333cfa94ab1a249986b9bf0d8e83b8d84] Response (LGD_HASHDATA, 0) = 429e0fca166cef0b2b9d7c681d58fdac
2016-03-05 10:59:07 [DEBUG] [xplex4-01201603051059078598fdf333cfa94ab1a249986b9bf0d8e83b8d84] Response (LGD_BUYERADDRESS, 0) = Íµ¨Î°úÍµ¨ Í≥†Ï≤ôÎèô249-45 302Ìò∏
2016-03-05 10:59:07 [DEBUG] [xplex4-01201603051059078598fdf333cfa94ab1a249986b9bf0d8e83b8d84] Response (LGD_RECEIVER, 0) = 
2016-03-05 10:59:07 [DEBUG] [xplex4-01201603051059078598fdf333cfa94ab1a249986b9bf0d8e83b8d84] Response (LGD_RESPCODE, 0) = A016
2016-03-05 10:59:07 [DEBUG] [xplex4-01201603051059078598fdf333cfa94ab1a249986b9bf0d8e83b8d84] Response (LGD_ACCOUNTNUM, 0) =     
2016-03-05 10:59:07 [DEBUG] [xplex4-01201603051059078598fdf333cfa94ab1a249986b9bf0d8e83b8d84] Response (LGD_PAYER, 0) = Ï†ÑÍ≤ΩÏ£º
2016-03-05 10:59:07 [DEBUG] [xplex4-01201603051059078598fdf333cfa94ab1a249986b9bf0d8e83b8d84] Response (LGD_BUYEREMAIL, 0) = mjsb0608@empal.com
