2015-05-29 04:47:24 [INFO ] [] XPayClient initialize [/home/hosting_users/xplex/www/wp-content/plugins/woocommerce-lguplus-kr/lgdacom] [service]
2015-05-29 04:47:24 [DEBUG] [] Config [server_id] = [01]
2015-05-29 04:47:24 [DEBUG] [] Config [timeout] = [60]
2015-05-29 04:47:24 [DEBUG] [] Config [log_level] = [4]
2015-05-29 04:47:24 [DEBUG] [] Config [verify_cert] = [1]
2015-05-29 04:47:24 [DEBUG] [] Config [verify_host] = [1]
2015-05-29 04:47:24 [DEBUG] [] Config [report_error] = [1]
2015-05-29 04:47:24 [DEBUG] [] Config [output_UTF8] = [1]
2015-05-29 04:47:24 [DEBUG] [] Config [auto_rollback] = [1]
2015-05-29 04:47:24 [DEBUG] [] Config [log_dir] = [/home/hosting_users/xplex/www/wp-content/plugins/woocommerce-lguplus-kr/lgdacom/log]
2015-05-29 04:47:24 [DEBUG] [] Config [txplex4] = [12d7f002e43a80c0dd64128a1957e351]
2015-05-29 04:47:24 [DEBUG] [] Config [xplex4] = [12d7f002e43a80c0dd64128a1957e351]
2015-05-29 04:47:24 [DEBUG] [] Config [url] = [https://xpayclient.lgdacom.net/xpay/Gateway.do]
2015-05-29 04:47:24 [DEBUG] [] Config [test_url] = [https://xpayclient.lgdacom.net:7443/xpay/Gateway.do]
2015-05-29 04:47:24 [DEBUG] [] Config [aux_url] = [http://xpayclient.lgdacom.net:7080/xpay/Gateway.do]
2015-05-29 04:47:24 [DEBUG] [xplex4-0120150529044724f49a1ce9c91ddac5a781ac3b1cca7bb200f250c1] Post [LGD_TXID] = [xplex4-0120150529044724f49a1ce9c91ddac5a781ac3b1cca7bb200f250c1]
2015-05-29 04:47:24 [DEBUG] [xplex4-0120150529044724f49a1ce9c91ddac5a781ac3b1cca7bb200f250c1] Post [LGD_AUTHCODE] = [c6c4eeaea26834c4185ae405f30c32ef6de52157]
2015-05-29 04:47:24 [DEBUG] [xplex4-0120150529044724f49a1ce9c91ddac5a781ac3b1cca7bb200f250c1] Post [LGD_MID] = [xplex4]
2015-05-29 04:47:24 [DEBUG] [xplex4-0120150529044724f49a1ce9c91ddac5a781ac3b1cca7bb200f250c1] Post [LGD_TXNAME] = [PaymentByKey]
2015-05-29 04:47:24 [DEBUG] [xplex4-0120150529044724f49a1ce9c91ddac5a781ac3b1cca7bb200f250c1] Post [LGD_PAYKEY] = [20150529134724522F97B20CACDE44F45CFAEF8FCE3A370C31F041]
2015-05-29 04:47:24 [DEBUG] [xplex4-0120150529044724f49a1ce9c91ddac5a781ac3b1cca7bb200f250c1] post_string = LGD_TXID=xplex4-0120150529044724f49a1ce9c91ddac5a781ac3b1cca7bb200f250c1&LGD_AUTHCODE=c6c4eeaea26834c4185ae405f30c32ef6de52157&LGD_MID=xplex4&LGD_TXNAME=PaymentByKey&LGD_PAYKEY=20150529134724522F97B20CACDE44F45CFAEF8FCE3A370C31F041
2015-05-29 04:47:27 [DEBUG] [xplex4-0120150529044724f49a1ce9c91ddac5a781ac3b1cca7bb200f250c1] Result = [









{"LGD_RESPCODE":"0000","LGD_RESPMSG":"11: ","LGD_RESPONSE":[{"LGD_IFOS":"3A4S0S","LGD_MID":"xplex4","LGD_FINANCENAME":"농협","LGD_CASHRECEIPTKIND":"0","LGD_DELIVERYINFO":"","LGD_BUYER":"Hong, Young-Whee","LGD_BUYERID":"","LGD_OID":"2906","LGD_RECEIVERPHONE":"","LGD_2TR_FLAG":"Y","LGD_DEVICE":"","LGD_TID":"xplex2015052913472542732","LGD_TIMESTAMP":"20150529134728","LGD_SAOWNER":"엑스플렉스(X-PLEX)","LGD_FINANCECODE":"011","LGD_BUYERPHONE":"01042651040","LGD_ESCROWYN":"N","LGD_PAYTYPE":"SC0040","LGD_CASFLAG":"R","LGD_CASCAMOUNT":"0","LGD_CASTAMOUNT":"0","LGD_AMOUNT":"870000","LGD_BUYERSSN":".","LGD_CASHRECEIPTCODE":"0000","LGD_RESPMSG":"11: ","LGD_PAYDATE":"20150529134727","LGD_PRODUCTINFO":"텐북스 tenbooks책 쓰고 싶은 사람들을 위한 뉴-스쿨","LGD_CASSEQNO":"000","LGD_PRODUCTCODE":"","LGD_HASHDATA":"cef8f4329f149368e869ac0986ce4c8b","LGD_BUYERADDRESS":"수원시 팔달구 화서동650 LH 412-1305","LGD_RECEIVER":"","LGD_RESPCODE":"0000","LGD_ACCOUNTNUM":"79004634195515","LGD_PAYER":"한명희","LGD_BUYEREMAIL":"jjong615026@hanmail.net"}]}
]
2015-05-29 04:47:27 [INFO ] [xplex4-0120150529044724f49a1ce9c91ddac5a781ac3b1cca7bb200f250c1] Response Code=[0000], Msg=[11: ], Count=1
2015-05-29 04:47:27 [DEBUG] [xplex4-0120150529044724f49a1ce9c91ddac5a781ac3b1cca7bb200f250c1] Response (LGD_IFOS, 0) = 3A4S0S
2015-05-29 04:47:27 [DEBUG] [xplex4-0120150529044724f49a1ce9c91ddac5a781ac3b1cca7bb200f250c1] Response (LGD_MID, 0) = xplex4
2015-05-29 04:47:27 [DEBUG] [xplex4-0120150529044724f49a1ce9c91ddac5a781ac3b1cca7bb200f250c1] Response (LGD_FINANCENAME, 0) = 농협
2015-05-29 04:47:27 [DEBUG] [xplex4-0120150529044724f49a1ce9c91ddac5a781ac3b1cca7bb200f250c1] Response (LGD_CASHRECEIPTKIND, 0) = 0
2015-05-29 04:47:27 [DEBUG] [xplex4-0120150529044724f49a1ce9c91ddac5a781ac3b1cca7bb200f250c1] Response (LGD_DELIVERYINFO, 0) = 
2015-05-29 04:47:27 [DEBUG] [xplex4-0120150529044724f49a1ce9c91ddac5a781ac3b1cca7bb200f250c1] Response (LGD_BUYER, 0) = Hong, Young-Whee
2015-05-29 04:47:27 [DEBUG] [xplex4-0120150529044724f49a1ce9c91ddac5a781ac3b1cca7bb200f250c1] Response (LGD_BUYERID, 0) = 
2015-05-29 04:47:27 [DEBUG] [xplex4-0120150529044724f49a1ce9c91ddac5a781ac3b1cca7bb200f250c1] Response (LGD_OID, 0) = 2906
2015-05-29 04:47:27 [DEBUG] [xplex4-0120150529044724f49a1ce9c91ddac5a781ac3b1cca7bb200f250c1] Response (LGD_RECEIVERPHONE, 0) = 
2015-05-29 04:47:27 [DEBUG] [xplex4-0120150529044724f49a1ce9c91ddac5a781ac3b1cca7bb200f250c1] Response (LGD_2TR_FLAG, 0) = Y
2015-05-29 04:47:27 [DEBUG] [xplex4-0120150529044724f49a1ce9c91ddac5a781ac3b1cca7bb200f250c1] Response (LGD_DEVICE, 0) = 
2015-05-29 04:47:27 [DEBUG] [xplex4-0120150529044724f49a1ce9c91ddac5a781ac3b1cca7bb200f250c1] Response (LGD_TID, 0) = xplex2015052913472542732
2015-05-29 04:47:27 [DEBUG] [xplex4-0120150529044724f49a1ce9c91ddac5a781ac3b1cca7bb200f250c1] Response (LGD_TIMESTAMP, 0) = 20150529134728
2015-05-29 04:47:27 [DEBUG] [xplex4-0120150529044724f49a1ce9c91ddac5a781ac3b1cca7bb200f250c1] Response (LGD_SAOWNER, 0) = 엑스플렉스(X-PLEX)
2015-05-29 04:47:27 [DEBUG] [xplex4-0120150529044724f49a1ce9c91ddac5a781ac3b1cca7bb200f250c1] Response (LGD_FINANCECODE, 0) = 011
2015-05-29 04:47:27 [DEBUG] [xplex4-0120150529044724f49a1ce9c91ddac5a781ac3b1cca7bb200f250c1] Response (LGD_BUYERPHONE, 0) = 01042651040
2015-05-29 04:47:27 [DEBUG] [xplex4-0120150529044724f49a1ce9c91ddac5a781ac3b1cca7bb200f250c1] Response (LGD_ESCROWYN, 0) = N
2015-05-29 04:47:27 [DEBUG] [xplex4-0120150529044724f49a1ce9c91ddac5a781ac3b1cca7bb200f250c1] Response (LGD_PAYTYPE, 0) = SC0040
2015-05-29 04:47:27 [DEBUG] [xplex4-0120150529044724f49a1ce9c91ddac5a781ac3b1cca7bb200f250c1] Response (LGD_CASFLAG, 0) = R
2015-05-29 04:47:27 [DEBUG] [xplex4-0120150529044724f49a1ce9c91ddac5a781ac3b1cca7bb200f250c1] Response (LGD_CASCAMOUNT, 0) = 0
2015-05-29 04:47:27 [DEBUG] [xplex4-0120150529044724f49a1ce9c91ddac5a781ac3b1cca7bb200f250c1] Response (LGD_CASTAMOUNT, 0) = 0
2015-05-29 04:47:27 [DEBUG] [xplex4-0120150529044724f49a1ce9c91ddac5a781ac3b1cca7bb200f250c1] Response (LGD_AMOUNT, 0) = 870000
2015-05-29 04:47:27 [DEBUG] [xplex4-0120150529044724f49a1ce9c91ddac5a781ac3b1cca7bb200f250c1] Response (LGD_BUYERSSN, 0) = .
2015-05-29 04:47:27 [DEBUG] [xplex4-0120150529044724f49a1ce9c91ddac5a781ac3b1cca7bb200f250c1] Response (LGD_CASHRECEIPTCODE, 0) = 0000
2015-05-29 04:47:27 [DEBUG] [xplex4-0120150529044724f49a1ce9c91ddac5a781ac3b1cca7bb200f250c1] Response (LGD_RESPMSG, 0) = 11: 
2015-05-29 04:47:27 [DEBUG] [xplex4-0120150529044724f49a1ce9c91ddac5a781ac3b1cca7bb200f250c1] Response (LGD_PAYDATE, 0) = 20150529134727
2015-05-29 04:47:27 [DEBUG] [xplex4-0120150529044724f49a1ce9c91ddac5a781ac3b1cca7bb200f250c1] Response (LGD_PRODUCTINFO, 0) = 텐북스 tenbooks책 쓰고 싶은 사람들을 위한 뉴-스쿨
2015-05-29 04:47:27 [DEBUG] [xplex4-0120150529044724f49a1ce9c91ddac5a781ac3b1cca7bb200f250c1] Response (LGD_CASSEQNO, 0) = 000
2015-05-29 04:47:27 [DEBUG] [xplex4-0120150529044724f49a1ce9c91ddac5a781ac3b1cca7bb200f250c1] Response (LGD_PRODUCTCODE, 0) = 
2015-05-29 04:47:27 [DEBUG] [xplex4-0120150529044724f49a1ce9c91ddac5a781ac3b1cca7bb200f250c1] Response (LGD_HASHDATA, 0) = cef8f4329f149368e869ac0986ce4c8b
2015-05-29 04:47:27 [DEBUG] [xplex4-0120150529044724f49a1ce9c91ddac5a781ac3b1cca7bb200f250c1] Response (LGD_BUYERADDRESS, 0) = 수원시 팔달구 화서동650 LH 412-1305
2015-05-29 04:47:27 [DEBUG] [xplex4-0120150529044724f49a1ce9c91ddac5a781ac3b1cca7bb200f250c1] Response (LGD_RECEIVER, 0) = 
2015-05-29 04:47:27 [DEBUG] [xplex4-0120150529044724f49a1ce9c91ddac5a781ac3b1cca7bb200f250c1] Response (LGD_RESPCODE, 0) = 0000
2015-05-29 04:47:27 [DEBUG] [xplex4-0120150529044724f49a1ce9c91ddac5a781ac3b1cca7bb200f250c1] Response (LGD_ACCOUNTNUM, 0) = 79004634195515
2015-05-29 04:47:27 [DEBUG] [xplex4-0120150529044724f49a1ce9c91ddac5a781ac3b1cca7bb200f250c1] Response (LGD_PAYER, 0) = 한명희
2015-05-29 04:47:27 [DEBUG] [xplex4-0120150529044724f49a1ce9c91ddac5a781ac3b1cca7bb200f250c1] Response (LGD_BUYEREMAIL, 0) = jjong615026@hanmail.net
