2016-07-05 05:17:03 [INFO ] [] XPayClient initialize [/home/hosting_users/xplex/www/wp-content/plugins/woocommerce-lguplus-kr/lgdacom] [service]
2016-07-05 05:17:03 [DEBUG] [] Config [server_id] = [01]
2016-07-05 05:17:03 [DEBUG] [] Config [timeout] = [60]
2016-07-05 05:17:03 [DEBUG] [] Config [log_level] = [4]
2016-07-05 05:17:03 [DEBUG] [] Config [verify_cert] = [1]
2016-07-05 05:17:03 [DEBUG] [] Config [verify_host] = [1]
2016-07-05 05:17:03 [DEBUG] [] Config [report_error] = [1]
2016-07-05 05:17:03 [DEBUG] [] Config [output_UTF8] = [1]
2016-07-05 05:17:03 [DEBUG] [] Config [auto_rollback] = [1]
2016-07-05 05:17:03 [DEBUG] [] Config [log_dir] = [/home/hosting_users/xplex/www/wp-content/plugins/woocommerce-lguplus-kr/lgdacom/log]
2016-07-05 05:17:03 [DEBUG] [] Config [txplex4] = [12d7f002e43a80c0dd64128a1957e351]
2016-07-05 05:17:03 [DEBUG] [] Config [xplex4] = [12d7f002e43a80c0dd64128a1957e351]
2016-07-05 05:17:03 [DEBUG] [] Config [url] = [https://xpayclient.lgdacom.net/xpay/Gateway.do]
2016-07-05 05:17:03 [DEBUG] [] Config [test_url] = [https://xpayclient.lgdacom.net:7443/xpay/Gateway.do]
2016-07-05 05:17:03 [DEBUG] [] Config [aux_url] = [http://xpayclient.lgdacom.net:7080/xpay/Gateway.do]
2016-07-05 05:17:03 [DEBUG] [xplex4-0120160705051703a7b7a7fb415d3ab999d8a69be24a71232a253b1f] Post [LGD_TXID] = [xplex4-0120160705051703a7b7a7fb415d3ab999d8a69be24a71232a253b1f]
2016-07-05 05:17:03 [DEBUG] [xplex4-0120160705051703a7b7a7fb415d3ab999d8a69be24a71232a253b1f] Post [LGD_AUTHCODE] = [cef71be134dd560cd42b971f0aa38fcb7074216b]
2016-07-05 05:17:03 [DEBUG] [xplex4-0120160705051703a7b7a7fb415d3ab999d8a69be24a71232a253b1f] Post [LGD_MID] = [xplex4]
2016-07-05 05:17:03 [DEBUG] [xplex4-0120160705051703a7b7a7fb415d3ab999d8a69be24a71232a253b1f] Post [LGD_TXNAME] = [PaymentByKey]
2016-07-05 05:17:03 [DEBUG] [xplex4-0120160705051703a7b7a7fb415d3ab999d8a69be24a71232a253b1f] Post [LGD_PAYKEY] = [20160705141702E60B2696CBFC3650BFAFF656041EB9363B52D76D]
2016-07-05 05:17:03 [DEBUG] [xplex4-0120160705051703a7b7a7fb415d3ab999d8a69be24a71232a253b1f] post_string = LGD_TXID=xplex4-0120160705051703a7b7a7fb415d3ab999d8a69be24a71232a253b1f&LGD_AUTHCODE=cef71be134dd560cd42b971f0aa38fcb7074216b&LGD_MID=xplex4&LGD_TXNAME=PaymentByKey&LGD_PAYKEY=20160705141702E60B2696CBFC3650BFAFF656041EB9363B52D76D
2016-07-05 05:17:05 [DEBUG] [xplex4-0120160705051703a7b7a7fb415d3ab999d8a69be24a71232a253b1f] Result = [









{"LGD_RESPCODE":"0000","LGD_RESPMSG":"11: ","LGD_RESPONSE":[{"LGD_IFOS":"3M9S0M","LGD_MID":"xplex4","LGD_FINANCENAME":"농협","LGD_CASHRECEIPTKIND":"1","LGD_DELIVERYINFO":"","LGD_BUYER":"서정원","LGD_BUYERID":"","LGD_OID":"6040","LGD_RECEIVERPHONE":"","LGD_2TR_FLAG":"Y","LGD_DEVICE":"","LGD_TID":"xplex2016070514170412019","LGD_TIMESTAMP":"20160705141705","LGD_SAOWNER":"엑스플렉스(X-PLEX)","LGD_FINANCECODE":"011","LGD_BUYERPHONE":"01088857323","LGD_ESCROWYN":"N","LGD_PAYTYPE":"SC0040","LGD_CASFLAG":"R","LGD_CASCAMOUNT":"0","LGD_CASTAMOUNT":"0","LGD_AMOUNT":"240000","LGD_BUYERSSN":".","LGD_CASHRECEIPTCODE":"0000","LGD_RESPMSG":"11: ","LGD_PAYDATE":"20160705141704","LGD_PRODUCTINFO":"나도 그림책 작가스토리텔링 강화로 그림책 글쓰기 도전","LGD_CASSEQNO":"000","LGD_PRODUCTCODE":"","LGD_HASHDATA":"1a35cc7a38eb360a5e3100a09b307564","LGD_BUYERADDRESS":"성북구 안암동3가132-1 힐하우스 201호","LGD_RECEIVER":"","LGD_RESPCODE":"0000","LGD_ACCOUNTNUM":"79012758146553","LGD_PAYER":"서정원","LGD_BUYEREMAIL":"seo_one_@naver.com"}]}
]
2016-07-05 05:17:05 [INFO ] [xplex4-0120160705051703a7b7a7fb415d3ab999d8a69be24a71232a253b1f] Response Code=[0000], Msg=[11: ], Count=1
2016-07-05 05:17:05 [DEBUG] [xplex4-0120160705051703a7b7a7fb415d3ab999d8a69be24a71232a253b1f] Response (LGD_IFOS, 0) = 3M9S0M
2016-07-05 05:17:05 [DEBUG] [xplex4-0120160705051703a7b7a7fb415d3ab999d8a69be24a71232a253b1f] Response (LGD_MID, 0) = xplex4
2016-07-05 05:17:05 [DEBUG] [xplex4-0120160705051703a7b7a7fb415d3ab999d8a69be24a71232a253b1f] Response (LGD_FINANCENAME, 0) = 농협
2016-07-05 05:17:05 [DEBUG] [xplex4-0120160705051703a7b7a7fb415d3ab999d8a69be24a71232a253b1f] Response (LGD_CASHRECEIPTKIND, 0) = 1
2016-07-05 05:17:05 [DEBUG] [xplex4-0120160705051703a7b7a7fb415d3ab999d8a69be24a71232a253b1f] Response (LGD_DELIVERYINFO, 0) = 
2016-07-05 05:17:05 [DEBUG] [xplex4-0120160705051703a7b7a7fb415d3ab999d8a69be24a71232a253b1f] Response (LGD_BUYER, 0) = 서정원
2016-07-05 05:17:05 [DEBUG] [xplex4-0120160705051703a7b7a7fb415d3ab999d8a69be24a71232a253b1f] Response (LGD_BUYERID, 0) = 
2016-07-05 05:17:05 [DEBUG] [xplex4-0120160705051703a7b7a7fb415d3ab999d8a69be24a71232a253b1f] Response (LGD_OID, 0) = 6040
2016-07-05 05:17:05 [DEBUG] [xplex4-0120160705051703a7b7a7fb415d3ab999d8a69be24a71232a253b1f] Response (LGD_RECEIVERPHONE, 0) = 
2016-07-05 05:17:05 [DEBUG] [xplex4-0120160705051703a7b7a7fb415d3ab999d8a69be24a71232a253b1f] Response (LGD_2TR_FLAG, 0) = Y
2016-07-05 05:17:05 [DEBUG] [xplex4-0120160705051703a7b7a7fb415d3ab999d8a69be24a71232a253b1f] Response (LGD_DEVICE, 0) = 
2016-07-05 05:17:05 [DEBUG] [xplex4-0120160705051703a7b7a7fb415d3ab999d8a69be24a71232a253b1f] Response (LGD_TID, 0) = xplex2016070514170412019
2016-07-05 05:17:05 [DEBUG] [xplex4-0120160705051703a7b7a7fb415d3ab999d8a69be24a71232a253b1f] Response (LGD_TIMESTAMP, 0) = 20160705141705
2016-07-05 05:17:05 [DEBUG] [xplex4-0120160705051703a7b7a7fb415d3ab999d8a69be24a71232a253b1f] Response (LGD_SAOWNER, 0) = 엑스플렉스(X-PLEX)
2016-07-05 05:17:05 [DEBUG] [xplex4-0120160705051703a7b7a7fb415d3ab999d8a69be24a71232a253b1f] Response (LGD_FINANCECODE, 0) = 011
2016-07-05 05:17:05 [DEBUG] [xplex4-0120160705051703a7b7a7fb415d3ab999d8a69be24a71232a253b1f] Response (LGD_BUYERPHONE, 0) = 01088857323
2016-07-05 05:17:05 [DEBUG] [xplex4-0120160705051703a7b7a7fb415d3ab999d8a69be24a71232a253b1f] Response (LGD_ESCROWYN, 0) = N
2016-07-05 05:17:05 [DEBUG] [xplex4-0120160705051703a7b7a7fb415d3ab999d8a69be24a71232a253b1f] Response (LGD_PAYTYPE, 0) = SC0040
2016-07-05 05:17:05 [DEBUG] [xplex4-0120160705051703a7b7a7fb415d3ab999d8a69be24a71232a253b1f] Response (LGD_CASFLAG, 0) = R
2016-07-05 05:17:05 [DEBUG] [xplex4-0120160705051703a7b7a7fb415d3ab999d8a69be24a71232a253b1f] Response (LGD_CASCAMOUNT, 0) = 0
2016-07-05 05:17:05 [DEBUG] [xplex4-0120160705051703a7b7a7fb415d3ab999d8a69be24a71232a253b1f] Response (LGD_CASTAMOUNT, 0) = 0
2016-07-05 05:17:05 [DEBUG] [xplex4-0120160705051703a7b7a7fb415d3ab999d8a69be24a71232a253b1f] Response (LGD_AMOUNT, 0) = 240000
2016-07-05 05:17:05 [DEBUG] [xplex4-0120160705051703a7b7a7fb415d3ab999d8a69be24a71232a253b1f] Response (LGD_BUYERSSN, 0) = .
2016-07-05 05:17:05 [DEBUG] [xplex4-0120160705051703a7b7a7fb415d3ab999d8a69be24a71232a253b1f] Response (LGD_CASHRECEIPTCODE, 0) = 0000
2016-07-05 05:17:05 [DEBUG] [xplex4-0120160705051703a7b7a7fb415d3ab999d8a69be24a71232a253b1f] Response (LGD_RESPMSG, 0) = 11: 
2016-07-05 05:17:05 [DEBUG] [xplex4-0120160705051703a7b7a7fb415d3ab999d8a69be24a71232a253b1f] Response (LGD_PAYDATE, 0) = 20160705141704
2016-07-05 05:17:05 [DEBUG] [xplex4-0120160705051703a7b7a7fb415d3ab999d8a69be24a71232a253b1f] Response (LGD_PRODUCTINFO, 0) = 나도 그림책 작가스토리텔링 강화로 그림책 글쓰기 도전
2016-07-05 05:17:05 [DEBUG] [xplex4-0120160705051703a7b7a7fb415d3ab999d8a69be24a71232a253b1f] Response (LGD_CASSEQNO, 0) = 000
2016-07-05 05:17:05 [DEBUG] [xplex4-0120160705051703a7b7a7fb415d3ab999d8a69be24a71232a253b1f] Response (LGD_PRODUCTCODE, 0) = 
2016-07-05 05:17:05 [DEBUG] [xplex4-0120160705051703a7b7a7fb415d3ab999d8a69be24a71232a253b1f] Response (LGD_HASHDATA, 0) = 1a35cc7a38eb360a5e3100a09b307564
2016-07-05 05:17:05 [DEBUG] [xplex4-0120160705051703a7b7a7fb415d3ab999d8a69be24a71232a253b1f] Response (LGD_BUYERADDRESS, 0) = 성북구 안암동3가132-1 힐하우스 201호
2016-07-05 05:17:05 [DEBUG] [xplex4-0120160705051703a7b7a7fb415d3ab999d8a69be24a71232a253b1f] Response (LGD_RECEIVER, 0) = 
2016-07-05 05:17:05 [DEBUG] [xplex4-0120160705051703a7b7a7fb415d3ab999d8a69be24a71232a253b1f] Response (LGD_RESPCODE, 0) = 0000
2016-07-05 05:17:05 [DEBUG] [xplex4-0120160705051703a7b7a7fb415d3ab999d8a69be24a71232a253b1f] Response (LGD_ACCOUNTNUM, 0) = 79012758146553
2016-07-05 05:17:05 [DEBUG] [xplex4-0120160705051703a7b7a7fb415d3ab999d8a69be24a71232a253b1f] Response (LGD_PAYER, 0) = 서정원
2016-07-05 05:17:05 [DEBUG] [xplex4-0120160705051703a7b7a7fb415d3ab999d8a69be24a71232a253b1f] Response (LGD_BUYEREMAIL, 0) = seo_one_@naver.com
