2015-07-09 06:54:42 [INFO ] [] XPayClient initialize [/home/hosting_users/xplex/www/wp-content/plugins/woocommerce-lguplus-kr/lgdacom] [service]
2015-07-09 06:54:42 [DEBUG] [] Config [server_id] = [01]
2015-07-09 06:54:42 [DEBUG] [] Config [timeout] = [60]
2015-07-09 06:54:42 [DEBUG] [] Config [log_level] = [4]
2015-07-09 06:54:42 [DEBUG] [] Config [verify_cert] = [1]
2015-07-09 06:54:42 [DEBUG] [] Config [verify_host] = [1]
2015-07-09 06:54:42 [DEBUG] [] Config [report_error] = [1]
2015-07-09 06:54:42 [DEBUG] [] Config [output_UTF8] = [1]
2015-07-09 06:54:42 [DEBUG] [] Config [auto_rollback] = [1]
2015-07-09 06:54:42 [DEBUG] [] Config [log_dir] = [/home/hosting_users/xplex/www/wp-content/plugins/woocommerce-lguplus-kr/lgdacom/log]
2015-07-09 06:54:42 [DEBUG] [] Config [txplex4] = [12d7f002e43a80c0dd64128a1957e351]
2015-07-09 06:54:42 [DEBUG] [] Config [xplex4] = [12d7f002e43a80c0dd64128a1957e351]
2015-07-09 06:54:42 [DEBUG] [] Config [url] = [https://xpayclient.lgdacom.net/xpay/Gateway.do]
2015-07-09 06:54:42 [DEBUG] [] Config [test_url] = [https://xpayclient.lgdacom.net:7443/xpay/Gateway.do]
2015-07-09 06:54:42 [DEBUG] [] Config [aux_url] = [http://xpayclient.lgdacom.net:7080/xpay/Gateway.do]
2015-07-09 06:54:42 [DEBUG] [xplex4-0120150709065442c3c6bd4408a64032b1c73bfc7764faa626b04827] Post [LGD_TXID] = [xplex4-0120150709065442c3c6bd4408a64032b1c73bfc7764faa626b04827]
2015-07-09 06:54:42 [DEBUG] [xplex4-0120150709065442c3c6bd4408a64032b1c73bfc7764faa626b04827] Post [LGD_AUTHCODE] = [c97f4963a731825391a39e0b419fd68a3515527a]
2015-07-09 06:54:42 [DEBUG] [xplex4-0120150709065442c3c6bd4408a64032b1c73bfc7764faa626b04827] Post [LGD_MID] = [xplex4]
2015-07-09 06:54:42 [DEBUG] [xplex4-0120150709065442c3c6bd4408a64032b1c73bfc7764faa626b04827] Post [LGD_TXNAME] = [PaymentByKey]
2015-07-09 06:54:42 [DEBUG] [xplex4-0120150709065442c3c6bd4408a64032b1c73bfc7764faa626b04827] Post [LGD_PAYKEY] = [2015070915544064F0DDC0F5590F0364D7EA2945EEABA0943B1C97]
2015-07-09 06:54:42 [DEBUG] [xplex4-0120150709065442c3c6bd4408a64032b1c73bfc7764faa626b04827] post_string = LGD_TXID=xplex4-0120150709065442c3c6bd4408a64032b1c73bfc7764faa626b04827&LGD_AUTHCODE=c97f4963a731825391a39e0b419fd68a3515527a&LGD_MID=xplex4&LGD_TXNAME=PaymentByKey&LGD_PAYKEY=2015070915544064F0DDC0F5590F0364D7EA2945EEABA0943B1C97
2015-07-09 06:54:43 [DEBUG] [xplex4-0120150709065442c3c6bd4408a64032b1c73bfc7764faa626b04827] Result = [









{"LGD_RESPCODE":"0000","LGD_RESPMSG":"06: ","LGD_RESPONSE":[{"LGD_IFOS":"3A4S0S","LGD_MID":"xplex4","LGD_FINANCENAME":"국민","LGD_DELIVERYINFO":"","LGD_BUYER":"오주희","LGD_BUYERID":"","LGD_OID":"3133","LGD_RECEIVERPHONE":"","LGD_2TR_FLAG":"Y","LGD_DEVICE":"","LGD_TID":"xplex2015070915544212021","LGD_TIMESTAMP":"20150709155443","LGD_SAOWNER":"엑스플렉스(X-PLEX)","LGD_FINANCECODE":"004","LGD_BUYERPHONE":"01063748260","LGD_ESCROWYN":"N","LGD_PAYTYPE":"SC0040","LGD_CASFLAG":"R","LGD_CASCAMOUNT":"0","LGD_CASTAMOUNT":"0","LGD_AMOUNT":"150000","LGD_BUYERSSN":".","LGD_RESPMSG":"06: ","LGD_PAYDATE":"20150709155442","LGD_PRODUCTINFO":"김홍민의 1인출판 스타트업 3기","LGD_CASSEQNO":"000","LGD_PRODUCTCODE":"","LGD_HASHDATA":"b0ff9aade2fca38940424f1fe7b4e1cd","LGD_BUYERADDRESS":"동대문구 장안동344-11번지","LGD_RECEIVER":"","LGD_RESPCODE":"0000","LGD_ACCOUNTNUM":"69479011640031","LGD_PAYER":"오주희","LGD_BUYEREMAIL":"lemonchoco34@hanmail.net"}]}
]
2015-07-09 06:54:43 [INFO ] [xplex4-0120150709065442c3c6bd4408a64032b1c73bfc7764faa626b04827] Response Code=[0000], Msg=[06: ], Count=1
2015-07-09 06:54:43 [DEBUG] [xplex4-0120150709065442c3c6bd4408a64032b1c73bfc7764faa626b04827] Response (LGD_IFOS, 0) = 3A4S0S
2015-07-09 06:54:43 [DEBUG] [xplex4-0120150709065442c3c6bd4408a64032b1c73bfc7764faa626b04827] Response (LGD_MID, 0) = xplex4
2015-07-09 06:54:43 [DEBUG] [xplex4-0120150709065442c3c6bd4408a64032b1c73bfc7764faa626b04827] Response (LGD_FINANCENAME, 0) = 국민
2015-07-09 06:54:43 [DEBUG] [xplex4-0120150709065442c3c6bd4408a64032b1c73bfc7764faa626b04827] Response (LGD_DELIVERYINFO, 0) = 
2015-07-09 06:54:43 [DEBUG] [xplex4-0120150709065442c3c6bd4408a64032b1c73bfc7764faa626b04827] Response (LGD_BUYER, 0) = 오주희
2015-07-09 06:54:43 [DEBUG] [xplex4-0120150709065442c3c6bd4408a64032b1c73bfc7764faa626b04827] Response (LGD_BUYERID, 0) = 
2015-07-09 06:54:43 [DEBUG] [xplex4-0120150709065442c3c6bd4408a64032b1c73bfc7764faa626b04827] Response (LGD_OID, 0) = 3133
2015-07-09 06:54:43 [DEBUG] [xplex4-0120150709065442c3c6bd4408a64032b1c73bfc7764faa626b04827] Response (LGD_RECEIVERPHONE, 0) = 
2015-07-09 06:54:43 [DEBUG] [xplex4-0120150709065442c3c6bd4408a64032b1c73bfc7764faa626b04827] Response (LGD_2TR_FLAG, 0) = Y
2015-07-09 06:54:43 [DEBUG] [xplex4-0120150709065442c3c6bd4408a64032b1c73bfc7764faa626b04827] Response (LGD_DEVICE, 0) = 
2015-07-09 06:54:43 [DEBUG] [xplex4-0120150709065442c3c6bd4408a64032b1c73bfc7764faa626b04827] Response (LGD_TID, 0) = xplex2015070915544212021
2015-07-09 06:54:43 [DEBUG] [xplex4-0120150709065442c3c6bd4408a64032b1c73bfc7764faa626b04827] Response (LGD_TIMESTAMP, 0) = 20150709155443
2015-07-09 06:54:43 [DEBUG] [xplex4-0120150709065442c3c6bd4408a64032b1c73bfc7764faa626b04827] Response (LGD_SAOWNER, 0) = 엑스플렉스(X-PLEX)
2015-07-09 06:54:43 [DEBUG] [xplex4-0120150709065442c3c6bd4408a64032b1c73bfc7764faa626b04827] Response (LGD_FINANCECODE, 0) = 004
2015-07-09 06:54:43 [DEBUG] [xplex4-0120150709065442c3c6bd4408a64032b1c73bfc7764faa626b04827] Response (LGD_BUYERPHONE, 0) = 01063748260
2015-07-09 06:54:43 [DEBUG] [xplex4-0120150709065442c3c6bd4408a64032b1c73bfc7764faa626b04827] Response (LGD_ESCROWYN, 0) = N
2015-07-09 06:54:43 [DEBUG] [xplex4-0120150709065442c3c6bd4408a64032b1c73bfc7764faa626b04827] Response (LGD_PAYTYPE, 0) = SC0040
2015-07-09 06:54:43 [DEBUG] [xplex4-0120150709065442c3c6bd4408a64032b1c73bfc7764faa626b04827] Response (LGD_CASFLAG, 0) = R
2015-07-09 06:54:43 [DEBUG] [xplex4-0120150709065442c3c6bd4408a64032b1c73bfc7764faa626b04827] Response (LGD_CASCAMOUNT, 0) = 0
2015-07-09 06:54:43 [DEBUG] [xplex4-0120150709065442c3c6bd4408a64032b1c73bfc7764faa626b04827] Response (LGD_CASTAMOUNT, 0) = 0
2015-07-09 06:54:43 [DEBUG] [xplex4-0120150709065442c3c6bd4408a64032b1c73bfc7764faa626b04827] Response (LGD_AMOUNT, 0) = 150000
2015-07-09 06:54:43 [DEBUG] [xplex4-0120150709065442c3c6bd4408a64032b1c73bfc7764faa626b04827] Response (LGD_BUYERSSN, 0) = .
2015-07-09 06:54:43 [DEBUG] [xplex4-0120150709065442c3c6bd4408a64032b1c73bfc7764faa626b04827] Response (LGD_RESPMSG, 0) = 06: 
2015-07-09 06:54:43 [DEBUG] [xplex4-0120150709065442c3c6bd4408a64032b1c73bfc7764faa626b04827] Response (LGD_PAYDATE, 0) = 20150709155442
2015-07-09 06:54:43 [DEBUG] [xplex4-0120150709065442c3c6bd4408a64032b1c73bfc7764faa626b04827] Response (LGD_PRODUCTINFO, 0) = 김홍민의 1인출판 스타트업 3기
2015-07-09 06:54:43 [DEBUG] [xplex4-0120150709065442c3c6bd4408a64032b1c73bfc7764faa626b04827] Response (LGD_CASSEQNO, 0) = 000
2015-07-09 06:54:43 [DEBUG] [xplex4-0120150709065442c3c6bd4408a64032b1c73bfc7764faa626b04827] Response (LGD_PRODUCTCODE, 0) = 
2015-07-09 06:54:43 [DEBUG] [xplex4-0120150709065442c3c6bd4408a64032b1c73bfc7764faa626b04827] Response (LGD_HASHDATA, 0) = b0ff9aade2fca38940424f1fe7b4e1cd
2015-07-09 06:54:43 [DEBUG] [xplex4-0120150709065442c3c6bd4408a64032b1c73bfc7764faa626b04827] Response (LGD_BUYERADDRESS, 0) = 동대문구 장안동344-11번지
2015-07-09 06:54:43 [DEBUG] [xplex4-0120150709065442c3c6bd4408a64032b1c73bfc7764faa626b04827] Response (LGD_RECEIVER, 0) = 
2015-07-09 06:54:43 [DEBUG] [xplex4-0120150709065442c3c6bd4408a64032b1c73bfc7764faa626b04827] Response (LGD_RESPCODE, 0) = 0000
2015-07-09 06:54:43 [DEBUG] [xplex4-0120150709065442c3c6bd4408a64032b1c73bfc7764faa626b04827] Response (LGD_ACCOUNTNUM, 0) = 69479011640031
2015-07-09 06:54:43 [DEBUG] [xplex4-0120150709065442c3c6bd4408a64032b1c73bfc7764faa626b04827] Response (LGD_PAYER, 0) = 오주희
2015-07-09 06:54:43 [DEBUG] [xplex4-0120150709065442c3c6bd4408a64032b1c73bfc7764faa626b04827] Response (LGD_BUYEREMAIL, 0) = lemonchoco34@hanmail.net
