2015-09-07 05:14:52 [INFO ] [] XPayClient initialize [/home/hosting_users/xplex/www/wp-content/plugins/woocommerce-lguplus-kr/lgdacom] [service]
2015-09-07 05:14:52 [DEBUG] [] Config [server_id] = [01]
2015-09-07 05:14:52 [DEBUG] [] Config [timeout] = [60]
2015-09-07 05:14:52 [DEBUG] [] Config [log_level] = [4]
2015-09-07 05:14:52 [DEBUG] [] Config [verify_cert] = [1]
2015-09-07 05:14:52 [DEBUG] [] Config [verify_host] = [1]
2015-09-07 05:14:52 [DEBUG] [] Config [report_error] = [1]
2015-09-07 05:14:52 [DEBUG] [] Config [output_UTF8] = [1]
2015-09-07 05:14:52 [DEBUG] [] Config [auto_rollback] = [1]
2015-09-07 05:14:52 [DEBUG] [] Config [log_dir] = [/home/hosting_users/xplex/www/wp-content/plugins/woocommerce-lguplus-kr/lgdacom/log]
2015-09-07 05:14:52 [DEBUG] [] Config [txplex4] = [12d7f002e43a80c0dd64128a1957e351]
2015-09-07 05:14:52 [DEBUG] [] Config [xplex4] = [12d7f002e43a80c0dd64128a1957e351]
2015-09-07 05:14:52 [DEBUG] [] Config [url] = [https://xpayclient.lgdacom.net/xpay/Gateway.do]
2015-09-07 05:14:52 [DEBUG] [] Config [test_url] = [https://xpayclient.lgdacom.net:7443/xpay/Gateway.do]
2015-09-07 05:14:52 [DEBUG] [] Config [aux_url] = [http://xpayclient.lgdacom.net:7080/xpay/Gateway.do]
2015-09-07 05:14:52 [DEBUG] [xplex4-01201509070514525d7571580d4a5df8727cba9f0911e93c9ae325fd] Post [LGD_TXID] = [xplex4-01201509070514525d7571580d4a5df8727cba9f0911e93c9ae325fd]
2015-09-07 05:14:52 [DEBUG] [xplex4-01201509070514525d7571580d4a5df8727cba9f0911e93c9ae325fd] Post [LGD_AUTHCODE] = [eaf782baeacaa39f7b07dc3024501d06bd92dd9a]
2015-09-07 05:14:52 [DEBUG] [xplex4-01201509070514525d7571580d4a5df8727cba9f0911e93c9ae325fd] Post [LGD_MID] = [xplex4]
2015-09-07 05:14:52 [DEBUG] [xplex4-01201509070514525d7571580d4a5df8727cba9f0911e93c9ae325fd] Post [LGD_TXNAME] = [PaymentByKey]
2015-09-07 05:14:52 [DEBUG] [xplex4-01201509070514525d7571580d4a5df8727cba9f0911e93c9ae325fd] Post [LGD_PAYKEY] = [201509071414541EFA6C9C06C973B3651DD50560CB433710A4DB5A]
2015-09-07 05:14:52 [DEBUG] [xplex4-01201509070514525d7571580d4a5df8727cba9f0911e93c9ae325fd] post_string = LGD_TXID=xplex4-01201509070514525d7571580d4a5df8727cba9f0911e93c9ae325fd&LGD_AUTHCODE=eaf782baeacaa39f7b07dc3024501d06bd92dd9a&LGD_MID=xplex4&LGD_TXNAME=PaymentByKey&LGD_PAYKEY=201509071414541EFA6C9C06C973B3651DD50560CB433710A4DB5A
2015-09-07 05:14:53 [DEBUG] [xplex4-01201509070514525d7571580d4a5df8727cba9f0911e93c9ae325fd] Result = [









{"LGD_RESPCODE":"0000","LGD_RESPMSG":"20: ","LGD_RESPONSE":[{"LGD_IFOS":"3A5C0S","LGD_MID":"xplex4","LGD_FINANCENAME":"우리","LGD_DELIVERYINFO":"","LGD_BUYER":"김홍석","LGD_BUYERID":"","LGD_OID":"3606","LGD_RECEIVERPHONE":"","LGD_2TR_FLAG":"Y","LGD_DEVICE":"","LGD_TID":"xplex2015090714145510525","LGD_TIMESTAMP":"20150907141456","LGD_SAOWNER":"엑스플렉스(X-PLEX)","LGD_FINANCECODE":"020","LGD_BUYERPHONE":"01037130938","LGD_ESCROWYN":"N","LGD_PAYTYPE":"SC0040","LGD_CASFLAG":"R","LGD_CASCAMOUNT":"0","LGD_CASTAMOUNT":"0","LGD_AMOUNT":"150000","LGD_BUYERSSN":".","LGD_RESPMSG":"20: ","LGD_PAYDATE":"20150907141456","LGD_PRODUCTINFO":"김홍민의 1인출판 스타트업 4기","LGD_CASSEQNO":"000","LGD_PRODUCTCODE":"","LGD_HASHDATA":"bd2db20f7b0e32d8729d0396bd64a426","LGD_BUYERADDRESS":"서초구 서초동1330","LGD_RECEIVER":"","LGD_RESPCODE":"0000","LGD_ACCOUNTNUM":"61650634118978","LGD_PAYER":"김홍석","LGD_BUYEREMAIL":"kmongmongk@gmail.com"}]}
]
2015-09-07 05:14:53 [INFO ] [xplex4-01201509070514525d7571580d4a5df8727cba9f0911e93c9ae325fd] Response Code=[0000], Msg=[20: ], Count=1
2015-09-07 05:14:53 [DEBUG] [xplex4-01201509070514525d7571580d4a5df8727cba9f0911e93c9ae325fd] Response (LGD_IFOS, 0) = 3A5C0S
2015-09-07 05:14:53 [DEBUG] [xplex4-01201509070514525d7571580d4a5df8727cba9f0911e93c9ae325fd] Response (LGD_MID, 0) = xplex4
2015-09-07 05:14:53 [DEBUG] [xplex4-01201509070514525d7571580d4a5df8727cba9f0911e93c9ae325fd] Response (LGD_FINANCENAME, 0) = 우리
2015-09-07 05:14:53 [DEBUG] [xplex4-01201509070514525d7571580d4a5df8727cba9f0911e93c9ae325fd] Response (LGD_DELIVERYINFO, 0) = 
2015-09-07 05:14:53 [DEBUG] [xplex4-01201509070514525d7571580d4a5df8727cba9f0911e93c9ae325fd] Response (LGD_BUYER, 0) = 김홍석
2015-09-07 05:14:53 [DEBUG] [xplex4-01201509070514525d7571580d4a5df8727cba9f0911e93c9ae325fd] Response (LGD_BUYERID, 0) = 
2015-09-07 05:14:53 [DEBUG] [xplex4-01201509070514525d7571580d4a5df8727cba9f0911e93c9ae325fd] Response (LGD_OID, 0) = 3606
2015-09-07 05:14:53 [DEBUG] [xplex4-01201509070514525d7571580d4a5df8727cba9f0911e93c9ae325fd] Response (LGD_RECEIVERPHONE, 0) = 
2015-09-07 05:14:53 [DEBUG] [xplex4-01201509070514525d7571580d4a5df8727cba9f0911e93c9ae325fd] Response (LGD_2TR_FLAG, 0) = Y
2015-09-07 05:14:53 [DEBUG] [xplex4-01201509070514525d7571580d4a5df8727cba9f0911e93c9ae325fd] Response (LGD_DEVICE, 0) = 
2015-09-07 05:14:53 [DEBUG] [xplex4-01201509070514525d7571580d4a5df8727cba9f0911e93c9ae325fd] Response (LGD_TID, 0) = xplex2015090714145510525
2015-09-07 05:14:53 [DEBUG] [xplex4-01201509070514525d7571580d4a5df8727cba9f0911e93c9ae325fd] Response (LGD_TIMESTAMP, 0) = 20150907141456
2015-09-07 05:14:53 [DEBUG] [xplex4-01201509070514525d7571580d4a5df8727cba9f0911e93c9ae325fd] Response (LGD_SAOWNER, 0) = 엑스플렉스(X-PLEX)
2015-09-07 05:14:53 [DEBUG] [xplex4-01201509070514525d7571580d4a5df8727cba9f0911e93c9ae325fd] Response (LGD_FINANCECODE, 0) = 020
2015-09-07 05:14:53 [DEBUG] [xplex4-01201509070514525d7571580d4a5df8727cba9f0911e93c9ae325fd] Response (LGD_BUYERPHONE, 0) = 01037130938
2015-09-07 05:14:53 [DEBUG] [xplex4-01201509070514525d7571580d4a5df8727cba9f0911e93c9ae325fd] Response (LGD_ESCROWYN, 0) = N
2015-09-07 05:14:53 [DEBUG] [xplex4-01201509070514525d7571580d4a5df8727cba9f0911e93c9ae325fd] Response (LGD_PAYTYPE, 0) = SC0040
2015-09-07 05:14:53 [DEBUG] [xplex4-01201509070514525d7571580d4a5df8727cba9f0911e93c9ae325fd] Response (LGD_CASFLAG, 0) = R
2015-09-07 05:14:53 [DEBUG] [xplex4-01201509070514525d7571580d4a5df8727cba9f0911e93c9ae325fd] Response (LGD_CASCAMOUNT, 0) = 0
2015-09-07 05:14:53 [DEBUG] [xplex4-01201509070514525d7571580d4a5df8727cba9f0911e93c9ae325fd] Response (LGD_CASTAMOUNT, 0) = 0
2015-09-07 05:14:53 [DEBUG] [xplex4-01201509070514525d7571580d4a5df8727cba9f0911e93c9ae325fd] Response (LGD_AMOUNT, 0) = 150000
2015-09-07 05:14:53 [DEBUG] [xplex4-01201509070514525d7571580d4a5df8727cba9f0911e93c9ae325fd] Response (LGD_BUYERSSN, 0) = .
2015-09-07 05:14:53 [DEBUG] [xplex4-01201509070514525d7571580d4a5df8727cba9f0911e93c9ae325fd] Response (LGD_RESPMSG, 0) = 20: 
2015-09-07 05:14:53 [DEBUG] [xplex4-01201509070514525d7571580d4a5df8727cba9f0911e93c9ae325fd] Response (LGD_PAYDATE, 0) = 20150907141456
2015-09-07 05:14:53 [DEBUG] [xplex4-01201509070514525d7571580d4a5df8727cba9f0911e93c9ae325fd] Response (LGD_PRODUCTINFO, 0) = 김홍민의 1인출판 스타트업 4기
2015-09-07 05:14:53 [DEBUG] [xplex4-01201509070514525d7571580d4a5df8727cba9f0911e93c9ae325fd] Response (LGD_CASSEQNO, 0) = 000
2015-09-07 05:14:53 [DEBUG] [xplex4-01201509070514525d7571580d4a5df8727cba9f0911e93c9ae325fd] Response (LGD_PRODUCTCODE, 0) = 
2015-09-07 05:14:53 [DEBUG] [xplex4-01201509070514525d7571580d4a5df8727cba9f0911e93c9ae325fd] Response (LGD_HASHDATA, 0) = bd2db20f7b0e32d8729d0396bd64a426
2015-09-07 05:14:53 [DEBUG] [xplex4-01201509070514525d7571580d4a5df8727cba9f0911e93c9ae325fd] Response (LGD_BUYERADDRESS, 0) = 서초구 서초동1330
2015-09-07 05:14:53 [DEBUG] [xplex4-01201509070514525d7571580d4a5df8727cba9f0911e93c9ae325fd] Response (LGD_RECEIVER, 0) = 
2015-09-07 05:14:53 [DEBUG] [xplex4-01201509070514525d7571580d4a5df8727cba9f0911e93c9ae325fd] Response (LGD_RESPCODE, 0) = 0000
2015-09-07 05:14:53 [DEBUG] [xplex4-01201509070514525d7571580d4a5df8727cba9f0911e93c9ae325fd] Response (LGD_ACCOUNTNUM, 0) = 61650634118978
2015-09-07 05:14:53 [DEBUG] [xplex4-01201509070514525d7571580d4a5df8727cba9f0911e93c9ae325fd] Response (LGD_PAYER, 0) = 김홍석
2015-09-07 05:14:53 [DEBUG] [xplex4-01201509070514525d7571580d4a5df8727cba9f0911e93c9ae325fd] Response (LGD_BUYEREMAIL, 0) = kmongmongk@gmail.com
