2015-04-14 13:47:41 [INFO ] [] XPayClient initialize [/home/hosting_users/xplex/www/wp-content/plugins/woocommerce-lguplus-kr/lgdacom] [service]
2015-04-14 13:47:41 [DEBUG] [] Config [server_id] = [01]
2015-04-14 13:47:41 [DEBUG] [] Config [timeout] = [60]
2015-04-14 13:47:41 [DEBUG] [] Config [log_level] = [4]
2015-04-14 13:47:41 [DEBUG] [] Config [verify_cert] = [1]
2015-04-14 13:47:41 [DEBUG] [] Config [verify_host] = [1]
2015-04-14 13:47:41 [DEBUG] [] Config [report_error] = [1]
2015-04-14 13:47:41 [DEBUG] [] Config [output_UTF8] = [1]
2015-04-14 13:47:41 [DEBUG] [] Config [auto_rollback] = [1]
2015-04-14 13:47:41 [DEBUG] [] Config [log_dir] = [/home/hosting_users/xplex/www/wp-content/plugins/woocommerce-lguplus-kr/lgdacom/log]
2015-04-14 13:47:41 [DEBUG] [] Config [txplex4] = [12d7f002e43a80c0dd64128a1957e351]
2015-04-14 13:47:41 [DEBUG] [] Config [xplex4] = [12d7f002e43a80c0dd64128a1957e351]
2015-04-14 13:47:41 [DEBUG] [] Config [url] = [https://xpayclient.lgdacom.net/xpay/Gateway.do]
2015-04-14 13:47:41 [DEBUG] [] Config [test_url] = [https://xpayclient.lgdacom.net:7443/xpay/Gateway.do]
2015-04-14 13:47:41 [DEBUG] [] Config [aux_url] = [http://xpayclient.lgdacom.net:7080/xpay/Gateway.do]
2015-04-14 13:47:41 [DEBUG] [xplex4-012015041413474199fe34535ec8ab34b50e3b1d05a16668504aa3c8] Post [LGD_TXID] = [xplex4-012015041413474199fe34535ec8ab34b50e3b1d05a16668504aa3c8]
2015-04-14 13:47:41 [DEBUG] [xplex4-012015041413474199fe34535ec8ab34b50e3b1d05a16668504aa3c8] Post [LGD_AUTHCODE] = [747fcc16bb54fd5809426528155184cc191fff6e]
2015-04-14 13:47:41 [DEBUG] [xplex4-012015041413474199fe34535ec8ab34b50e3b1d05a16668504aa3c8] Post [LGD_MID] = [xplex4]
2015-04-14 13:47:41 [DEBUG] [xplex4-012015041413474199fe34535ec8ab34b50e3b1d05a16668504aa3c8] Post [LGD_TXNAME] = [PaymentByKey]
2015-04-14 13:47:41 [DEBUG] [xplex4-012015041413474199fe34535ec8ab34b50e3b1d05a16668504aa3c8] Post [LGD_PAYKEY] = [20150414224740140E6713BCF4292B0279E6E9A209326060E52E44]
2015-04-14 13:47:41 [DEBUG] [xplex4-012015041413474199fe34535ec8ab34b50e3b1d05a16668504aa3c8] post_string = LGD_TXID=xplex4-012015041413474199fe34535ec8ab34b50e3b1d05a16668504aa3c8&LGD_AUTHCODE=747fcc16bb54fd5809426528155184cc191fff6e&LGD_MID=xplex4&LGD_TXNAME=PaymentByKey&LGD_PAYKEY=20150414224740140E6713BCF4292B0279E6E9A209326060E52E44
2015-04-14 13:47:42 [DEBUG] [xplex4-012015041413474199fe34535ec8ab34b50e3b1d05a16668504aa3c8] Result = [









{"LGD_RESPCODE":"0000","LGD_RESPMSG":"20: ","LGD_RESPONSE":[{"LGD_IFOS":"3M8ETM","LGD_MID":"xplex4","LGD_FINANCENAME":"우리","LGD_CASHRECEIPTKIND":"0","LGD_DELIVERYINFO":"","LGD_BUYER":"김미경","LGD_BUYERID":"","LGD_OID":"2398","LGD_RECEIVERPHONE":"","LGD_2TR_FLAG":"Y","LGD_DEVICE":"","LGD_TID":"xplex2015041422474165242","LGD_TIMESTAMP":"20150414224742","LGD_SAOWNER":"엑스플렉스(X-PLEX)","LGD_FINANCECODE":"020","LGD_BUYERPHONE":"01068867091","LGD_ESCROWYN":"N","LGD_PAYTYPE":"SC0040","LGD_CASFLAG":"R","LGD_CASCAMOUNT":"0","LGD_CASTAMOUNT":"0","LGD_AMOUNT":"350000","LGD_BUYERSSN":".","LGD_CASHRECEIPTCODE":"0000","LGD_RESPMSG":"20: ","LGD_PAYDATE":"20150414224742","LGD_PRODUCTINFO":"김경주 시인의 무중력 타이핑 2기감수성 혁명가가 되기 위한 언어 소묘의 과정","LGD_CASSEQNO":"000","LGD_PRODUCTCODE":"","LGD_HASHDATA":"c7cdd5cf7667eb0e555e44bb8e748773","LGD_BUYERADDRESS":"용산구 이태원동251-71","LGD_RECEIVER":"","LGD_RESPCODE":"0000","LGD_ACCOUNTNUM":"61649443718902","LGD_PAYER":"김미경","LGD_BUYEREMAIL":"mkkim@lifetoday.co.kr"}]}
]
2015-04-14 13:47:42 [INFO ] [xplex4-012015041413474199fe34535ec8ab34b50e3b1d05a16668504aa3c8] Response Code=[0000], Msg=[20: ], Count=1
2015-04-14 13:47:42 [DEBUG] [xplex4-012015041413474199fe34535ec8ab34b50e3b1d05a16668504aa3c8] Response (LGD_IFOS, 0) = 3M8ETM
2015-04-14 13:47:42 [DEBUG] [xplex4-012015041413474199fe34535ec8ab34b50e3b1d05a16668504aa3c8] Response (LGD_MID, 0) = xplex4
2015-04-14 13:47:42 [DEBUG] [xplex4-012015041413474199fe34535ec8ab34b50e3b1d05a16668504aa3c8] Response (LGD_FINANCENAME, 0) = 우리
2015-04-14 13:47:42 [DEBUG] [xplex4-012015041413474199fe34535ec8ab34b50e3b1d05a16668504aa3c8] Response (LGD_CASHRECEIPTKIND, 0) = 0
2015-04-14 13:47:42 [DEBUG] [xplex4-012015041413474199fe34535ec8ab34b50e3b1d05a16668504aa3c8] Response (LGD_DELIVERYINFO, 0) = 
2015-04-14 13:47:42 [DEBUG] [xplex4-012015041413474199fe34535ec8ab34b50e3b1d05a16668504aa3c8] Response (LGD_BUYER, 0) = 김미경
2015-04-14 13:47:42 [DEBUG] [xplex4-012015041413474199fe34535ec8ab34b50e3b1d05a16668504aa3c8] Response (LGD_BUYERID, 0) = 
2015-04-14 13:47:42 [DEBUG] [xplex4-012015041413474199fe34535ec8ab34b50e3b1d05a16668504aa3c8] Response (LGD_OID, 0) = 2398
2015-04-14 13:47:42 [DEBUG] [xplex4-012015041413474199fe34535ec8ab34b50e3b1d05a16668504aa3c8] Response (LGD_RECEIVERPHONE, 0) = 
2015-04-14 13:47:42 [DEBUG] [xplex4-012015041413474199fe34535ec8ab34b50e3b1d05a16668504aa3c8] Response (LGD_2TR_FLAG, 0) = Y
2015-04-14 13:47:42 [DEBUG] [xplex4-012015041413474199fe34535ec8ab34b50e3b1d05a16668504aa3c8] Response (LGD_DEVICE, 0) = 
2015-04-14 13:47:42 [DEBUG] [xplex4-012015041413474199fe34535ec8ab34b50e3b1d05a16668504aa3c8] Response (LGD_TID, 0) = xplex2015041422474165242
2015-04-14 13:47:42 [DEBUG] [xplex4-012015041413474199fe34535ec8ab34b50e3b1d05a16668504aa3c8] Response (LGD_TIMESTAMP, 0) = 20150414224742
2015-04-14 13:47:42 [DEBUG] [xplex4-012015041413474199fe34535ec8ab34b50e3b1d05a16668504aa3c8] Response (LGD_SAOWNER, 0) = 엑스플렉스(X-PLEX)
2015-04-14 13:47:42 [DEBUG] [xplex4-012015041413474199fe34535ec8ab34b50e3b1d05a16668504aa3c8] Response (LGD_FINANCECODE, 0) = 020
2015-04-14 13:47:42 [DEBUG] [xplex4-012015041413474199fe34535ec8ab34b50e3b1d05a16668504aa3c8] Response (LGD_BUYERPHONE, 0) = 01068867091
2015-04-14 13:47:42 [DEBUG] [xplex4-012015041413474199fe34535ec8ab34b50e3b1d05a16668504aa3c8] Response (LGD_ESCROWYN, 0) = N
2015-04-14 13:47:42 [DEBUG] [xplex4-012015041413474199fe34535ec8ab34b50e3b1d05a16668504aa3c8] Response (LGD_PAYTYPE, 0) = SC0040
2015-04-14 13:47:42 [DEBUG] [xplex4-012015041413474199fe34535ec8ab34b50e3b1d05a16668504aa3c8] Response (LGD_CASFLAG, 0) = R
2015-04-14 13:47:42 [DEBUG] [xplex4-012015041413474199fe34535ec8ab34b50e3b1d05a16668504aa3c8] Response (LGD_CASCAMOUNT, 0) = 0
2015-04-14 13:47:42 [DEBUG] [xplex4-012015041413474199fe34535ec8ab34b50e3b1d05a16668504aa3c8] Response (LGD_CASTAMOUNT, 0) = 0
2015-04-14 13:47:42 [DEBUG] [xplex4-012015041413474199fe34535ec8ab34b50e3b1d05a16668504aa3c8] Response (LGD_AMOUNT, 0) = 350000
2015-04-14 13:47:42 [DEBUG] [xplex4-012015041413474199fe34535ec8ab34b50e3b1d05a16668504aa3c8] Response (LGD_BUYERSSN, 0) = .
2015-04-14 13:47:42 [DEBUG] [xplex4-012015041413474199fe34535ec8ab34b50e3b1d05a16668504aa3c8] Response (LGD_CASHRECEIPTCODE, 0) = 0000
2015-04-14 13:47:42 [DEBUG] [xplex4-012015041413474199fe34535ec8ab34b50e3b1d05a16668504aa3c8] Response (LGD_RESPMSG, 0) = 20: 
2015-04-14 13:47:42 [DEBUG] [xplex4-012015041413474199fe34535ec8ab34b50e3b1d05a16668504aa3c8] Response (LGD_PAYDATE, 0) = 20150414224742
2015-04-14 13:47:42 [DEBUG] [xplex4-012015041413474199fe34535ec8ab34b50e3b1d05a16668504aa3c8] Response (LGD_PRODUCTINFO, 0) = 김경주 시인의 무중력 타이핑 2기감수성 혁명가가 되기 위한 언어 소묘의 과정
2015-04-14 13:47:42 [DEBUG] [xplex4-012015041413474199fe34535ec8ab34b50e3b1d05a16668504aa3c8] Response (LGD_CASSEQNO, 0) = 000
2015-04-14 13:47:42 [DEBUG] [xplex4-012015041413474199fe34535ec8ab34b50e3b1d05a16668504aa3c8] Response (LGD_PRODUCTCODE, 0) = 
2015-04-14 13:47:42 [DEBUG] [xplex4-012015041413474199fe34535ec8ab34b50e3b1d05a16668504aa3c8] Response (LGD_HASHDATA, 0) = c7cdd5cf7667eb0e555e44bb8e748773
2015-04-14 13:47:42 [DEBUG] [xplex4-012015041413474199fe34535ec8ab34b50e3b1d05a16668504aa3c8] Response (LGD_BUYERADDRESS, 0) = 용산구 이태원동251-71
2015-04-14 13:47:42 [DEBUG] [xplex4-012015041413474199fe34535ec8ab34b50e3b1d05a16668504aa3c8] Response (LGD_RECEIVER, 0) = 
2015-04-14 13:47:42 [DEBUG] [xplex4-012015041413474199fe34535ec8ab34b50e3b1d05a16668504aa3c8] Response (LGD_RESPCODE, 0) = 0000
2015-04-14 13:47:42 [DEBUG] [xplex4-012015041413474199fe34535ec8ab34b50e3b1d05a16668504aa3c8] Response (LGD_ACCOUNTNUM, 0) = 61649443718902
2015-04-14 13:47:42 [DEBUG] [xplex4-012015041413474199fe34535ec8ab34b50e3b1d05a16668504aa3c8] Response (LGD_PAYER, 0) = 김미경
2015-04-14 13:47:42 [DEBUG] [xplex4-012015041413474199fe34535ec8ab34b50e3b1d05a16668504aa3c8] Response (LGD_BUYEREMAIL, 0) = mkkim@lifetoday.co.kr
2015-04-14 17:44:04 [INFO ] [] XPayClient initialize [/home/hosting_users/xplex/www/wp-content/plugins/woocommerce-lguplus-kr/lgdacom] [service]
2015-04-14 17:44:04 [DEBUG] [] Config [server_id] = [01]
2015-04-14 17:44:04 [DEBUG] [] Config [timeout] = [60]
2015-04-14 17:44:04 [DEBUG] [] Config [log_level] = [4]
2015-04-14 17:44:04 [DEBUG] [] Config [verify_cert] = [1]
2015-04-14 17:44:04 [DEBUG] [] Config [verify_host] = [1]
2015-04-14 17:44:04 [DEBUG] [] Config [report_error] = [1]
2015-04-14 17:44:04 [DEBUG] [] Config [output_UTF8] = [1]
2015-04-14 17:44:04 [DEBUG] [] Config [auto_rollback] = [1]
2015-04-14 17:44:04 [DEBUG] [] Config [log_dir] = [/home/hosting_users/xplex/www/wp-content/plugins/woocommerce-lguplus-kr/lgdacom/log]
2015-04-14 17:44:04 [DEBUG] [] Config [txplex4] = [12d7f002e43a80c0dd64128a1957e351]
2015-04-14 17:44:04 [DEBUG] [] Config [xplex4] = [12d7f002e43a80c0dd64128a1957e351]
2015-04-14 17:44:04 [DEBUG] [] Config [url] = [https://xpayclient.lgdacom.net/xpay/Gateway.do]
2015-04-14 17:44:04 [DEBUG] [] Config [test_url] = [https://xpayclient.lgdacom.net:7443/xpay/Gateway.do]
2015-04-14 17:44:04 [DEBUG] [] Config [aux_url] = [http://xpayclient.lgdacom.net:7080/xpay/Gateway.do]
2015-04-14 17:44:04 [DEBUG] [xplex4-0120150414174404c14cde599aa37eabd0957b0aa7722bfcebafd1ec] Post [LGD_TXID] = [xplex4-0120150414174404c14cde599aa37eabd0957b0aa7722bfcebafd1ec]
2015-04-14 17:44:04 [DEBUG] [xplex4-0120150414174404c14cde599aa37eabd0957b0aa7722bfcebafd1ec] Post [LGD_AUTHCODE] = [9878189bb85faf3f264273c891f5f9eb0e2005ea]
2015-04-14 17:44:04 [DEBUG] [xplex4-0120150414174404c14cde599aa37eabd0957b0aa7722bfcebafd1ec] Post [LGD_MID] = [xplex4]
2015-04-14 17:44:04 [DEBUG] [xplex4-0120150414174404c14cde599aa37eabd0957b0aa7722bfcebafd1ec] Post [LGD_TXNAME] = [PaymentByKey]
2015-04-14 17:44:04 [DEBUG] [xplex4-0120150414174404c14cde599aa37eabd0957b0aa7722bfcebafd1ec] Post [LGD_PAYKEY] = [20150415024403D8465715B5A8564DDBF55FCC6569B3AD1C0D0135]
2015-04-14 17:44:04 [DEBUG] [xplex4-0120150414174404c14cde599aa37eabd0957b0aa7722bfcebafd1ec] post_string = LGD_TXID=xplex4-0120150414174404c14cde599aa37eabd0957b0aa7722bfcebafd1ec&LGD_AUTHCODE=9878189bb85faf3f264273c891f5f9eb0e2005ea&LGD_MID=xplex4&LGD_TXNAME=PaymentByKey&LGD_PAYKEY=20150415024403D8465715B5A8564DDBF55FCC6569B3AD1C0D0135
2015-04-14 17:44:05 [DEBUG] [xplex4-0120150414174404c14cde599aa37eabd0957b0aa7722bfcebafd1ec] Result = [









{"LGD_RESPCODE":"0000","LGD_RESPMSG":"20: ","LGD_RESPONSE":[{"LGD_IFOS":"3M8S0M","LGD_MID":"xplex4","LGD_FINANCENAME":"우리","LGD_CASHRECEIPTKIND":"0","LGD_DELIVERYINFO":"","LGD_BUYER":"허요한","LGD_BUYERID":"","LGD_OID":"2399","LGD_RECEIVERPHONE":"","LGD_2TR_FLAG":"Y","LGD_DEVICE":"","LGD_TID":"xplex2015041502440566284","LGD_TIMESTAMP":"20150415024406","LGD_SAOWNER":"엑스플렉스(X-PLEX)","LGD_FINANCECODE":"020","LGD_BUYERPHONE":"01095638318","LGD_ESCROWYN":"N","LGD_PAYTYPE":"SC0040","LGD_CASFLAG":"R","LGD_CASCAMOUNT":"0","LGD_CASTAMOUNT":"0","LGD_AMOUNT":"350000","LGD_BUYERSSN":".","LGD_CASHRECEIPTCODE":"0000","LGD_RESPMSG":"20: ","LGD_PAYDATE":"20150415024405","LGD_PRODUCTINFO":"김경주 시인의 무중력 타이핑 2기감수성 혁명가가 되기 위한 언어 소묘의 과정","LGD_CASSEQNO":"000","LGD_PRODUCTCODE":"","LGD_HASHDATA":"d485298ae1c6428fff7454bad5490ad7","LGD_BUYERADDRESS":"동대문구 청량리동","LGD_RECEIVER":"","LGD_RESPCODE":"0000","LGD_ACCOUNTNUM":"61645355418960","LGD_PAYER":"허요한","LGD_BUYEREMAIL":"monsterjohn@naver.com"}]}
]
2015-04-14 17:44:05 [INFO ] [xplex4-0120150414174404c14cde599aa37eabd0957b0aa7722bfcebafd1ec] Response Code=[0000], Msg=[20: ], Count=1
2015-04-14 17:44:05 [DEBUG] [xplex4-0120150414174404c14cde599aa37eabd0957b0aa7722bfcebafd1ec] Response (LGD_IFOS, 0) = 3M8S0M
2015-04-14 17:44:05 [DEBUG] [xplex4-0120150414174404c14cde599aa37eabd0957b0aa7722bfcebafd1ec] Response (LGD_MID, 0) = xplex4
2015-04-14 17:44:05 [DEBUG] [xplex4-0120150414174404c14cde599aa37eabd0957b0aa7722bfcebafd1ec] Response (LGD_FINANCENAME, 0) = 우리
2015-04-14 17:44:05 [DEBUG] [xplex4-0120150414174404c14cde599aa37eabd0957b0aa7722bfcebafd1ec] Response (LGD_CASHRECEIPTKIND, 0) = 0
2015-04-14 17:44:05 [DEBUG] [xplex4-0120150414174404c14cde599aa37eabd0957b0aa7722bfcebafd1ec] Response (LGD_DELIVERYINFO, 0) = 
2015-04-14 17:44:05 [DEBUG] [xplex4-0120150414174404c14cde599aa37eabd0957b0aa7722bfcebafd1ec] Response (LGD_BUYER, 0) = 허요한
2015-04-14 17:44:05 [DEBUG] [xplex4-0120150414174404c14cde599aa37eabd0957b0aa7722bfcebafd1ec] Response (LGD_BUYERID, 0) = 
2015-04-14 17:44:05 [DEBUG] [xplex4-0120150414174404c14cde599aa37eabd0957b0aa7722bfcebafd1ec] Response (LGD_OID, 0) = 2399
2015-04-14 17:44:05 [DEBUG] [xplex4-0120150414174404c14cde599aa37eabd0957b0aa7722bfcebafd1ec] Response (LGD_RECEIVERPHONE, 0) = 
2015-04-14 17:44:05 [DEBUG] [xplex4-0120150414174404c14cde599aa37eabd0957b0aa7722bfcebafd1ec] Response (LGD_2TR_FLAG, 0) = Y
2015-04-14 17:44:05 [DEBUG] [xplex4-0120150414174404c14cde599aa37eabd0957b0aa7722bfcebafd1ec] Response (LGD_DEVICE, 0) = 
2015-04-14 17:44:05 [DEBUG] [xplex4-0120150414174404c14cde599aa37eabd0957b0aa7722bfcebafd1ec] Response (LGD_TID, 0) = xplex2015041502440566284
2015-04-14 17:44:05 [DEBUG] [xplex4-0120150414174404c14cde599aa37eabd0957b0aa7722bfcebafd1ec] Response (LGD_TIMESTAMP, 0) = 20150415024406
2015-04-14 17:44:05 [DEBUG] [xplex4-0120150414174404c14cde599aa37eabd0957b0aa7722bfcebafd1ec] Response (LGD_SAOWNER, 0) = 엑스플렉스(X-PLEX)
2015-04-14 17:44:05 [DEBUG] [xplex4-0120150414174404c14cde599aa37eabd0957b0aa7722bfcebafd1ec] Response (LGD_FINANCECODE, 0) = 020
2015-04-14 17:44:05 [DEBUG] [xplex4-0120150414174404c14cde599aa37eabd0957b0aa7722bfcebafd1ec] Response (LGD_BUYERPHONE, 0) = 01095638318
2015-04-14 17:44:05 [DEBUG] [xplex4-0120150414174404c14cde599aa37eabd0957b0aa7722bfcebafd1ec] Response (LGD_ESCROWYN, 0) = N
2015-04-14 17:44:05 [DEBUG] [xplex4-0120150414174404c14cde599aa37eabd0957b0aa7722bfcebafd1ec] Response (LGD_PAYTYPE, 0) = SC0040
2015-04-14 17:44:05 [DEBUG] [xplex4-0120150414174404c14cde599aa37eabd0957b0aa7722bfcebafd1ec] Response (LGD_CASFLAG, 0) = R
2015-04-14 17:44:05 [DEBUG] [xplex4-0120150414174404c14cde599aa37eabd0957b0aa7722bfcebafd1ec] Response (LGD_CASCAMOUNT, 0) = 0
2015-04-14 17:44:05 [DEBUG] [xplex4-0120150414174404c14cde599aa37eabd0957b0aa7722bfcebafd1ec] Response (LGD_CASTAMOUNT, 0) = 0
2015-04-14 17:44:05 [DEBUG] [xplex4-0120150414174404c14cde599aa37eabd0957b0aa7722bfcebafd1ec] Response (LGD_AMOUNT, 0) = 350000
2015-04-14 17:44:05 [DEBUG] [xplex4-0120150414174404c14cde599aa37eabd0957b0aa7722bfcebafd1ec] Response (LGD_BUYERSSN, 0) = .
2015-04-14 17:44:05 [DEBUG] [xplex4-0120150414174404c14cde599aa37eabd0957b0aa7722bfcebafd1ec] Response (LGD_CASHRECEIPTCODE, 0) = 0000
2015-04-14 17:44:05 [DEBUG] [xplex4-0120150414174404c14cde599aa37eabd0957b0aa7722bfcebafd1ec] Response (LGD_RESPMSG, 0) = 20: 
2015-04-14 17:44:05 [DEBUG] [xplex4-0120150414174404c14cde599aa37eabd0957b0aa7722bfcebafd1ec] Response (LGD_PAYDATE, 0) = 20150415024405
2015-04-14 17:44:05 [DEBUG] [xplex4-0120150414174404c14cde599aa37eabd0957b0aa7722bfcebafd1ec] Response (LGD_PRODUCTINFO, 0) = 김경주 시인의 무중력 타이핑 2기감수성 혁명가가 되기 위한 언어 소묘의 과정
2015-04-14 17:44:05 [DEBUG] [xplex4-0120150414174404c14cde599aa37eabd0957b0aa7722bfcebafd1ec] Response (LGD_CASSEQNO, 0) = 000
2015-04-14 17:44:05 [DEBUG] [xplex4-0120150414174404c14cde599aa37eabd0957b0aa7722bfcebafd1ec] Response (LGD_PRODUCTCODE, 0) = 
2015-04-14 17:44:05 [DEBUG] [xplex4-0120150414174404c14cde599aa37eabd0957b0aa7722bfcebafd1ec] Response (LGD_HASHDATA, 0) = d485298ae1c6428fff7454bad5490ad7
2015-04-14 17:44:05 [DEBUG] [xplex4-0120150414174404c14cde599aa37eabd0957b0aa7722bfcebafd1ec] Response (LGD_BUYERADDRESS, 0) = 동대문구 청량리동
2015-04-14 17:44:05 [DEBUG] [xplex4-0120150414174404c14cde599aa37eabd0957b0aa7722bfcebafd1ec] Response (LGD_RECEIVER, 0) = 
2015-04-14 17:44:05 [DEBUG] [xplex4-0120150414174404c14cde599aa37eabd0957b0aa7722bfcebafd1ec] Response (LGD_RESPCODE, 0) = 0000
2015-04-14 17:44:05 [DEBUG] [xplex4-0120150414174404c14cde599aa37eabd0957b0aa7722bfcebafd1ec] Response (LGD_ACCOUNTNUM, 0) = 61645355418960
2015-04-14 17:44:05 [DEBUG] [xplex4-0120150414174404c14cde599aa37eabd0957b0aa7722bfcebafd1ec] Response (LGD_PAYER, 0) = 허요한
2015-04-14 17:44:05 [DEBUG] [xplex4-0120150414174404c14cde599aa37eabd0957b0aa7722bfcebafd1ec] Response (LGD_BUYEREMAIL, 0) = monsterjohn@naver.com
