2015-02-10 02:34:48 [INFO ] [] XPayClient initialize [/home/hosting_users/xplex/www/wp-content/plugins/woocommerce-lguplus-kr/lgdacom] [service]
2015-02-10 02:34:48 [DEBUG] [] Config [server_id] = [01]
2015-02-10 02:34:48 [DEBUG] [] Config [timeout] = [60]
2015-02-10 02:34:48 [DEBUG] [] Config [log_level] = [4]
2015-02-10 02:34:48 [DEBUG] [] Config [verify_cert] = [1]
2015-02-10 02:34:48 [DEBUG] [] Config [verify_host] = [1]
2015-02-10 02:34:48 [DEBUG] [] Config [report_error] = [1]
2015-02-10 02:34:48 [DEBUG] [] Config [output_UTF8] = [1]
2015-02-10 02:34:48 [DEBUG] [] Config [auto_rollback] = [1]
2015-02-10 02:34:48 [DEBUG] [] Config [log_dir] = [/home/hosting_users/xplex/www/wp-content/plugins/woocommerce-lguplus-kr/lgdacom/log]
2015-02-10 02:34:48 [DEBUG] [] Config [txplex4] = [12d7f002e43a80c0dd64128a1957e351]
2015-02-10 02:34:48 [DEBUG] [] Config [xplex4] = [12d7f002e43a80c0dd64128a1957e351]
2015-02-10 02:34:48 [DEBUG] [] Config [url] = [https://xpayclient.lgdacom.net/xpay/Gateway.do]
2015-02-10 02:34:48 [DEBUG] [] Config [test_url] = [https://xpayclient.lgdacom.net:7443/xpay/Gateway.do]
2015-02-10 02:34:48 [DEBUG] [] Config [aux_url] = [http://xpayclient.lgdacom.net:7080/xpay/Gateway.do]
2015-02-10 02:34:48 [DEBUG] [xplex4-0120150210023448ab886f69a7384879b855af9b5cd5fce00b64850b] Post [LGD_TXID] = [xplex4-0120150210023448ab886f69a7384879b855af9b5cd5fce00b64850b]
2015-02-10 02:34:48 [DEBUG] [xplex4-0120150210023448ab886f69a7384879b855af9b5cd5fce00b64850b] Post [LGD_AUTHCODE] = [a5f7a28b1517adb234c08cdaec020c527954e128]
2015-02-10 02:34:48 [DEBUG] [xplex4-0120150210023448ab886f69a7384879b855af9b5cd5fce00b64850b] Post [LGD_MID] = [xplex4]
2015-02-10 02:34:48 [DEBUG] [xplex4-0120150210023448ab886f69a7384879b855af9b5cd5fce00b64850b] Post [LGD_TXNAME] = [PaymentByKey]
2015-02-10 02:34:48 [DEBUG] [xplex4-0120150210023448ab886f69a7384879b855af9b5cd5fce00b64850b] Post [LGD_PAYKEY] = [20150210113442C86193E3D7130DE4176B5D173254A4C41AFA3316]
2015-02-10 02:34:48 [DEBUG] [xplex4-0120150210023448ab886f69a7384879b855af9b5cd5fce00b64850b] post_string = LGD_TXID=xplex4-0120150210023448ab886f69a7384879b855af9b5cd5fce00b64850b&LGD_AUTHCODE=a5f7a28b1517adb234c08cdaec020c527954e128&LGD_MID=xplex4&LGD_TXNAME=PaymentByKey&LGD_PAYKEY=20150210113442C86193E3D7130DE4176B5D173254A4C41AFA3316
2015-02-10 02:34:50 [DEBUG] [xplex4-0120150210023448ab886f69a7384879b855af9b5cd5fce00b64850b] Result = [









{"LGD_RESPCODE":"0000","LGD_RESPMSG":"11: ","LGD_RESPONSE":[{"LGD_IFOS":"3A4C0S","LGD_MID":"xplex4","LGD_FINANCENAME":"농협","LGD_CASHRECEIPTKIND":"0","LGD_DELIVERYINFO":"","LGD_BUYER":"윤종준","LGD_BUYERID":"","LGD_OID":"1670","LGD_RECEIVERPHONE":"","LGD_2TR_FLAG":"Y","LGD_DEVICE":"","LGD_TID":"xplex2015021011344852128","LGD_TIMESTAMP":"20150210113451","LGD_SAOWNER":"엑스플렉스(X-PLEX)","LGD_FINANCECODE":"011","LGD_BUYERPHONE":"01036256199","LGD_ESCROWYN":"N","LGD_PAYTYPE":"SC0040","LGD_CASFLAG":"R","LGD_CASCAMOUNT":"0","LGD_CASTAMOUNT":"0","LGD_AMOUNT":"150000","LGD_BUYERSSN":".","LGD_CASHRECEIPTCODE":"0000","LGD_RESPMSG":"11: ","LGD_PAYDATE":"20150210113450","LGD_PRODUCTINFO":"옛이야기로 시작하는 작가의 꿈(저녁반)","LGD_CASSEQNO":"000","LGD_PRODUCTCODE":"","LGD_HASHDATA":"6e2f63dd2ff382e1364054aae196e13d","LGD_BUYERADDRESS":"성남시 분당구 서현동 87~9089-3 서현문화의집","LGD_RECEIVER":"","LGD_RESPCODE":"0000","LGD_ACCOUNTNUM":"10570964401042","LGD_PAYER":"윤종준","LGD_BUYEREMAIL":"eotk25@naver.com"}]}
]
2015-02-10 02:34:50 [INFO ] [xplex4-0120150210023448ab886f69a7384879b855af9b5cd5fce00b64850b] Response Code=[0000], Msg=[11: ], Count=1
2015-02-10 02:34:50 [DEBUG] [xplex4-0120150210023448ab886f69a7384879b855af9b5cd5fce00b64850b] Response (LGD_IFOS, 0) = 3A4C0S
2015-02-10 02:34:50 [DEBUG] [xplex4-0120150210023448ab886f69a7384879b855af9b5cd5fce00b64850b] Response (LGD_MID, 0) = xplex4
2015-02-10 02:34:50 [DEBUG] [xplex4-0120150210023448ab886f69a7384879b855af9b5cd5fce00b64850b] Response (LGD_FINANCENAME, 0) = 농협
2015-02-10 02:34:50 [DEBUG] [xplex4-0120150210023448ab886f69a7384879b855af9b5cd5fce00b64850b] Response (LGD_CASHRECEIPTKIND, 0) = 0
2015-02-10 02:34:50 [DEBUG] [xplex4-0120150210023448ab886f69a7384879b855af9b5cd5fce00b64850b] Response (LGD_DELIVERYINFO, 0) = 
2015-02-10 02:34:50 [DEBUG] [xplex4-0120150210023448ab886f69a7384879b855af9b5cd5fce00b64850b] Response (LGD_BUYER, 0) = 윤종준
2015-02-10 02:34:50 [DEBUG] [xplex4-0120150210023448ab886f69a7384879b855af9b5cd5fce00b64850b] Response (LGD_BUYERID, 0) = 
2015-02-10 02:34:50 [DEBUG] [xplex4-0120150210023448ab886f69a7384879b855af9b5cd5fce00b64850b] Response (LGD_OID, 0) = 1670
2015-02-10 02:34:50 [DEBUG] [xplex4-0120150210023448ab886f69a7384879b855af9b5cd5fce00b64850b] Response (LGD_RECEIVERPHONE, 0) = 
2015-02-10 02:34:50 [DEBUG] [xplex4-0120150210023448ab886f69a7384879b855af9b5cd5fce00b64850b] Response (LGD_2TR_FLAG, 0) = Y
2015-02-10 02:34:50 [DEBUG] [xplex4-0120150210023448ab886f69a7384879b855af9b5cd5fce00b64850b] Response (LGD_DEVICE, 0) = 
2015-02-10 02:34:50 [DEBUG] [xplex4-0120150210023448ab886f69a7384879b855af9b5cd5fce00b64850b] Response (LGD_TID, 0) = xplex2015021011344852128
2015-02-10 02:34:50 [DEBUG] [xplex4-0120150210023448ab886f69a7384879b855af9b5cd5fce00b64850b] Response (LGD_TIMESTAMP, 0) = 20150210113451
2015-02-10 02:34:50 [DEBUG] [xplex4-0120150210023448ab886f69a7384879b855af9b5cd5fce00b64850b] Response (LGD_SAOWNER, 0) = 엑스플렉스(X-PLEX)
2015-02-10 02:34:50 [DEBUG] [xplex4-0120150210023448ab886f69a7384879b855af9b5cd5fce00b64850b] Response (LGD_FINANCECODE, 0) = 011
2015-02-10 02:34:50 [DEBUG] [xplex4-0120150210023448ab886f69a7384879b855af9b5cd5fce00b64850b] Response (LGD_BUYERPHONE, 0) = 01036256199
2015-02-10 02:34:50 [DEBUG] [xplex4-0120150210023448ab886f69a7384879b855af9b5cd5fce00b64850b] Response (LGD_ESCROWYN, 0) = N
2015-02-10 02:34:50 [DEBUG] [xplex4-0120150210023448ab886f69a7384879b855af9b5cd5fce00b64850b] Response (LGD_PAYTYPE, 0) = SC0040
2015-02-10 02:34:50 [DEBUG] [xplex4-0120150210023448ab886f69a7384879b855af9b5cd5fce00b64850b] Response (LGD_CASFLAG, 0) = R
2015-02-10 02:34:50 [DEBUG] [xplex4-0120150210023448ab886f69a7384879b855af9b5cd5fce00b64850b] Response (LGD_CASCAMOUNT, 0) = 0
2015-02-10 02:34:50 [DEBUG] [xplex4-0120150210023448ab886f69a7384879b855af9b5cd5fce00b64850b] Response (LGD_CASTAMOUNT, 0) = 0
2015-02-10 02:34:50 [DEBUG] [xplex4-0120150210023448ab886f69a7384879b855af9b5cd5fce00b64850b] Response (LGD_AMOUNT, 0) = 150000
2015-02-10 02:34:50 [DEBUG] [xplex4-0120150210023448ab886f69a7384879b855af9b5cd5fce00b64850b] Response (LGD_BUYERSSN, 0) = .
2015-02-10 02:34:50 [DEBUG] [xplex4-0120150210023448ab886f69a7384879b855af9b5cd5fce00b64850b] Response (LGD_CASHRECEIPTCODE, 0) = 0000
2015-02-10 02:34:50 [DEBUG] [xplex4-0120150210023448ab886f69a7384879b855af9b5cd5fce00b64850b] Response (LGD_RESPMSG, 0) = 11: 
2015-02-10 02:34:50 [DEBUG] [xplex4-0120150210023448ab886f69a7384879b855af9b5cd5fce00b64850b] Response (LGD_PAYDATE, 0) = 20150210113450
2015-02-10 02:34:50 [DEBUG] [xplex4-0120150210023448ab886f69a7384879b855af9b5cd5fce00b64850b] Response (LGD_PRODUCTINFO, 0) = 옛이야기로 시작하는 작가의 꿈(저녁반)
2015-02-10 02:34:50 [DEBUG] [xplex4-0120150210023448ab886f69a7384879b855af9b5cd5fce00b64850b] Response (LGD_CASSEQNO, 0) = 000
2015-02-10 02:34:50 [DEBUG] [xplex4-0120150210023448ab886f69a7384879b855af9b5cd5fce00b64850b] Response (LGD_PRODUCTCODE, 0) = 
2015-02-10 02:34:50 [DEBUG] [xplex4-0120150210023448ab886f69a7384879b855af9b5cd5fce00b64850b] Response (LGD_HASHDATA, 0) = 6e2f63dd2ff382e1364054aae196e13d
2015-02-10 02:34:50 [DEBUG] [xplex4-0120150210023448ab886f69a7384879b855af9b5cd5fce00b64850b] Response (LGD_BUYERADDRESS, 0) = 성남시 분당구 서현동 87~9089-3 서현문화의집
2015-02-10 02:34:50 [DEBUG] [xplex4-0120150210023448ab886f69a7384879b855af9b5cd5fce00b64850b] Response (LGD_RECEIVER, 0) = 
2015-02-10 02:34:50 [DEBUG] [xplex4-0120150210023448ab886f69a7384879b855af9b5cd5fce00b64850b] Response (LGD_RESPCODE, 0) = 0000
2015-02-10 02:34:50 [DEBUG] [xplex4-0120150210023448ab886f69a7384879b855af9b5cd5fce00b64850b] Response (LGD_ACCOUNTNUM, 0) = 10570964401042
2015-02-10 02:34:50 [DEBUG] [xplex4-0120150210023448ab886f69a7384879b855af9b5cd5fce00b64850b] Response (LGD_PAYER, 0) = 윤종준
2015-02-10 02:34:50 [DEBUG] [xplex4-0120150210023448ab886f69a7384879b855af9b5cd5fce00b64850b] Response (LGD_BUYEREMAIL, 0) = eotk25@naver.com
