2015-03-12 04:30:57 [INFO ] [] XPayClient initialize [/home/hosting_users/xplex/www/wp-content/plugins/woocommerce-lguplus-kr/lgdacom] [service]
2015-03-12 04:30:57 [DEBUG] [] Config [server_id] = [01]
2015-03-12 04:30:57 [DEBUG] [] Config [timeout] = [60]
2015-03-12 04:30:57 [DEBUG] [] Config [log_level] = [4]
2015-03-12 04:30:57 [DEBUG] [] Config [verify_cert] = [1]
2015-03-12 04:30:57 [DEBUG] [] Config [verify_host] = [1]
2015-03-12 04:30:57 [DEBUG] [] Config [report_error] = [1]
2015-03-12 04:30:57 [DEBUG] [] Config [output_UTF8] = [1]
2015-03-12 04:30:57 [DEBUG] [] Config [auto_rollback] = [1]
2015-03-12 04:30:57 [DEBUG] [] Config [log_dir] = [/home/hosting_users/xplex/www/wp-content/plugins/woocommerce-lguplus-kr/lgdacom/log]
2015-03-12 04:30:57 [DEBUG] [] Config [txplex4] = [12d7f002e43a80c0dd64128a1957e351]
2015-03-12 04:30:57 [DEBUG] [] Config [xplex4] = [12d7f002e43a80c0dd64128a1957e351]
2015-03-12 04:30:57 [DEBUG] [] Config [url] = [https://xpayclient.lgdacom.net/xpay/Gateway.do]
2015-03-12 04:30:57 [DEBUG] [] Config [test_url] = [https://xpayclient.lgdacom.net:7443/xpay/Gateway.do]
2015-03-12 04:30:57 [DEBUG] [] Config [aux_url] = [http://xpayclient.lgdacom.net:7080/xpay/Gateway.do]
2015-03-12 04:30:57 [DEBUG] [xplex4-01201503120430573016bdeed75e91f5802b4b319a566bd494c9dbd8] Post [LGD_TXID] = [xplex4-01201503120430573016bdeed75e91f5802b4b319a566bd494c9dbd8]
2015-03-12 04:30:57 [DEBUG] [xplex4-01201503120430573016bdeed75e91f5802b4b319a566bd494c9dbd8] Post [LGD_AUTHCODE] = [0ee1c47da935f69e307223f9e67ea1b5bfb72f36]
2015-03-12 04:30:57 [DEBUG] [xplex4-01201503120430573016bdeed75e91f5802b4b319a566bd494c9dbd8] Post [LGD_MID] = [xplex4]
2015-03-12 04:30:57 [DEBUG] [xplex4-01201503120430573016bdeed75e91f5802b4b319a566bd494c9dbd8] Post [LGD_TXNAME] = [PaymentByKey]
2015-03-12 04:30:57 [DEBUG] [xplex4-01201503120430573016bdeed75e91f5802b4b319a566bd494c9dbd8] Post [LGD_PAYKEY] = [201503121330562FC193AE8216E5867B7E783E9A5B06EEEF0310B6]
2015-03-12 04:30:57 [DEBUG] [xplex4-01201503120430573016bdeed75e91f5802b4b319a566bd494c9dbd8] post_string = LGD_TXID=xplex4-01201503120430573016bdeed75e91f5802b4b319a566bd494c9dbd8&LGD_AUTHCODE=0ee1c47da935f69e307223f9e67ea1b5bfb72f36&LGD_MID=xplex4&LGD_TXNAME=PaymentByKey&LGD_PAYKEY=201503121330562FC193AE8216E5867B7E783E9A5B06EEEF0310B6
2015-03-12 04:31:00 [DEBUG] [xplex4-01201503120430573016bdeed75e91f5802b4b319a566bd494c9dbd8] Result = [









{"LGD_RESPCODE":"0000","LGD_RESPMSG":"20: ","LGD_RESPONSE":[{"LGD_IFOS":"3A4S0S","LGD_MID":"xplex4","LGD_FINANCENAME":"우리","LGD_CASHRECEIPTKIND":"1","LGD_DELIVERYINFO":"","LGD_BUYER":"이병희","LGD_BUYERID":"","LGD_OID":"2125","LGD_RECEIVERPHONE":"","LGD_2TR_FLAG":"Y","LGD_DEVICE":"","LGD_TID":"xplex2015031213305978256","LGD_TIMESTAMP":"20150312133100","LGD_SAOWNER":"엑스플렉스(X-PLEX)","LGD_FINANCECODE":"020","LGD_BUYERPHONE":"01023244728","LGD_ESCROWYN":"N","LGD_PAYTYPE":"SC0040","LGD_CASFLAG":"R","LGD_CASCAMOUNT":"0","LGD_CASTAMOUNT":"0","LGD_AMOUNT":"150000","LGD_BUYERSSN":".","LGD_CASHRECEIPTCODE":"0000","LGD_RESPMSG":"20: ","LGD_PAYDATE":"20150312133059","LGD_PRODUCTINFO":"김홍민의 1인출판 스타트업","LGD_CASSEQNO":"000","LGD_PRODUCTCODE":"","LGD_HASHDATA":"7f11916c2920718442aa350695b45fd5","LGD_BUYERADDRESS":"영등포구 여의도동 35 -2백상빌딩 615호","LGD_RECEIVER":"","LGD_RESPCODE":"0000","LGD_ACCOUNTNUM":"61649432318926","LGD_PAYER":"모자이크넷","LGD_BUYEREMAIL":"ceo@devmento.co.kr"}]}
]
2015-03-12 04:31:00 [INFO ] [xplex4-01201503120430573016bdeed75e91f5802b4b319a566bd494c9dbd8] Response Code=[0000], Msg=[20: ], Count=1
2015-03-12 04:31:00 [DEBUG] [xplex4-01201503120430573016bdeed75e91f5802b4b319a566bd494c9dbd8] Response (LGD_IFOS, 0) = 3A4S0S
2015-03-12 04:31:00 [DEBUG] [xplex4-01201503120430573016bdeed75e91f5802b4b319a566bd494c9dbd8] Response (LGD_MID, 0) = xplex4
2015-03-12 04:31:00 [DEBUG] [xplex4-01201503120430573016bdeed75e91f5802b4b319a566bd494c9dbd8] Response (LGD_FINANCENAME, 0) = 우리
2015-03-12 04:31:00 [DEBUG] [xplex4-01201503120430573016bdeed75e91f5802b4b319a566bd494c9dbd8] Response (LGD_CASHRECEIPTKIND, 0) = 1
2015-03-12 04:31:00 [DEBUG] [xplex4-01201503120430573016bdeed75e91f5802b4b319a566bd494c9dbd8] Response (LGD_DELIVERYINFO, 0) = 
2015-03-12 04:31:00 [DEBUG] [xplex4-01201503120430573016bdeed75e91f5802b4b319a566bd494c9dbd8] Response (LGD_BUYER, 0) = 이병희
2015-03-12 04:31:00 [DEBUG] [xplex4-01201503120430573016bdeed75e91f5802b4b319a566bd494c9dbd8] Response (LGD_BUYERID, 0) = 
2015-03-12 04:31:00 [DEBUG] [xplex4-01201503120430573016bdeed75e91f5802b4b319a566bd494c9dbd8] Response (LGD_OID, 0) = 2125
2015-03-12 04:31:00 [DEBUG] [xplex4-01201503120430573016bdeed75e91f5802b4b319a566bd494c9dbd8] Response (LGD_RECEIVERPHONE, 0) = 
2015-03-12 04:31:00 [DEBUG] [xplex4-01201503120430573016bdeed75e91f5802b4b319a566bd494c9dbd8] Response (LGD_2TR_FLAG, 0) = Y
2015-03-12 04:31:00 [DEBUG] [xplex4-01201503120430573016bdeed75e91f5802b4b319a566bd494c9dbd8] Response (LGD_DEVICE, 0) = 
2015-03-12 04:31:00 [DEBUG] [xplex4-01201503120430573016bdeed75e91f5802b4b319a566bd494c9dbd8] Response (LGD_TID, 0) = xplex2015031213305978256
2015-03-12 04:31:00 [DEBUG] [xplex4-01201503120430573016bdeed75e91f5802b4b319a566bd494c9dbd8] Response (LGD_TIMESTAMP, 0) = 20150312133100
2015-03-12 04:31:00 [DEBUG] [xplex4-01201503120430573016bdeed75e91f5802b4b319a566bd494c9dbd8] Response (LGD_SAOWNER, 0) = 엑스플렉스(X-PLEX)
2015-03-12 04:31:00 [DEBUG] [xplex4-01201503120430573016bdeed75e91f5802b4b319a566bd494c9dbd8] Response (LGD_FINANCECODE, 0) = 020
2015-03-12 04:31:00 [DEBUG] [xplex4-01201503120430573016bdeed75e91f5802b4b319a566bd494c9dbd8] Response (LGD_BUYERPHONE, 0) = 01023244728
2015-03-12 04:31:00 [DEBUG] [xplex4-01201503120430573016bdeed75e91f5802b4b319a566bd494c9dbd8] Response (LGD_ESCROWYN, 0) = N
2015-03-12 04:31:00 [DEBUG] [xplex4-01201503120430573016bdeed75e91f5802b4b319a566bd494c9dbd8] Response (LGD_PAYTYPE, 0) = SC0040
2015-03-12 04:31:00 [DEBUG] [xplex4-01201503120430573016bdeed75e91f5802b4b319a566bd494c9dbd8] Response (LGD_CASFLAG, 0) = R
2015-03-12 04:31:00 [DEBUG] [xplex4-01201503120430573016bdeed75e91f5802b4b319a566bd494c9dbd8] Response (LGD_CASCAMOUNT, 0) = 0
2015-03-12 04:31:00 [DEBUG] [xplex4-01201503120430573016bdeed75e91f5802b4b319a566bd494c9dbd8] Response (LGD_CASTAMOUNT, 0) = 0
2015-03-12 04:31:00 [DEBUG] [xplex4-01201503120430573016bdeed75e91f5802b4b319a566bd494c9dbd8] Response (LGD_AMOUNT, 0) = 150000
2015-03-12 04:31:00 [DEBUG] [xplex4-01201503120430573016bdeed75e91f5802b4b319a566bd494c9dbd8] Response (LGD_BUYERSSN, 0) = .
2015-03-12 04:31:00 [DEBUG] [xplex4-01201503120430573016bdeed75e91f5802b4b319a566bd494c9dbd8] Response (LGD_CASHRECEIPTCODE, 0) = 0000
2015-03-12 04:31:00 [DEBUG] [xplex4-01201503120430573016bdeed75e91f5802b4b319a566bd494c9dbd8] Response (LGD_RESPMSG, 0) = 20: 
2015-03-12 04:31:00 [DEBUG] [xplex4-01201503120430573016bdeed75e91f5802b4b319a566bd494c9dbd8] Response (LGD_PAYDATE, 0) = 20150312133059
2015-03-12 04:31:00 [DEBUG] [xplex4-01201503120430573016bdeed75e91f5802b4b319a566bd494c9dbd8] Response (LGD_PRODUCTINFO, 0) = 김홍민의 1인출판 스타트업
2015-03-12 04:31:00 [DEBUG] [xplex4-01201503120430573016bdeed75e91f5802b4b319a566bd494c9dbd8] Response (LGD_CASSEQNO, 0) = 000
2015-03-12 04:31:00 [DEBUG] [xplex4-01201503120430573016bdeed75e91f5802b4b319a566bd494c9dbd8] Response (LGD_PRODUCTCODE, 0) = 
2015-03-12 04:31:00 [DEBUG] [xplex4-01201503120430573016bdeed75e91f5802b4b319a566bd494c9dbd8] Response (LGD_HASHDATA, 0) = 7f11916c2920718442aa350695b45fd5
2015-03-12 04:31:00 [DEBUG] [xplex4-01201503120430573016bdeed75e91f5802b4b319a566bd494c9dbd8] Response (LGD_BUYERADDRESS, 0) = 영등포구 여의도동 35 -2백상빌딩 615호
2015-03-12 04:31:00 [DEBUG] [xplex4-01201503120430573016bdeed75e91f5802b4b319a566bd494c9dbd8] Response (LGD_RECEIVER, 0) = 
2015-03-12 04:31:00 [DEBUG] [xplex4-01201503120430573016bdeed75e91f5802b4b319a566bd494c9dbd8] Response (LGD_RESPCODE, 0) = 0000
2015-03-12 04:31:00 [DEBUG] [xplex4-01201503120430573016bdeed75e91f5802b4b319a566bd494c9dbd8] Response (LGD_ACCOUNTNUM, 0) = 61649432318926
2015-03-12 04:31:00 [DEBUG] [xplex4-01201503120430573016bdeed75e91f5802b4b319a566bd494c9dbd8] Response (LGD_PAYER, 0) = 모자이크넷
2015-03-12 04:31:00 [DEBUG] [xplex4-01201503120430573016bdeed75e91f5802b4b319a566bd494c9dbd8] Response (LGD_BUYEREMAIL, 0) = ceo@devmento.co.kr
