2016-02-16 06:35:20 [INFO ] [] XPayClient initialize [/home/hosting_users/xplex/www/wp-content/plugins/woocommerce-lguplus-kr/lgdacom] [service]
2016-02-16 06:35:20 [DEBUG] [] Config [server_id] = [01]
2016-02-16 06:35:20 [DEBUG] [] Config [timeout] = [60]
2016-02-16 06:35:20 [DEBUG] [] Config [log_level] = [4]
2016-02-16 06:35:20 [DEBUG] [] Config [verify_cert] = [1]
2016-02-16 06:35:20 [DEBUG] [] Config [verify_host] = [1]
2016-02-16 06:35:20 [DEBUG] [] Config [report_error] = [1]
2016-02-16 06:35:20 [DEBUG] [] Config [output_UTF8] = [1]
2016-02-16 06:35:20 [DEBUG] [] Config [auto_rollback] = [1]
2016-02-16 06:35:20 [DEBUG] [] Config [log_dir] = [/home/hosting_users/xplex/www/wp-content/plugins/woocommerce-lguplus-kr/lgdacom/log]
2016-02-16 06:35:20 [DEBUG] [] Config [txplex4] = [12d7f002e43a80c0dd64128a1957e351]
2016-02-16 06:35:20 [DEBUG] [] Config [xplex4] = [12d7f002e43a80c0dd64128a1957e351]
2016-02-16 06:35:20 [DEBUG] [] Config [url] = [https://xpayclient.lgdacom.net/xpay/Gateway.do]
2016-02-16 06:35:20 [DEBUG] [] Config [test_url] = [https://xpayclient.lgdacom.net:7443/xpay/Gateway.do]
2016-02-16 06:35:20 [DEBUG] [] Config [aux_url] = [http://xpayclient.lgdacom.net:7080/xpay/Gateway.do]
2016-02-16 06:35:20 [DEBUG] [xplex4-01201602160635202e55f2ff1e4f25cd9c85f651868401ddf444ce88] Post [LGD_TXID] = [xplex4-01201602160635202e55f2ff1e4f25cd9c85f651868401ddf444ce88]
2016-02-16 06:35:20 [DEBUG] [xplex4-01201602160635202e55f2ff1e4f25cd9c85f651868401ddf444ce88] Post [LGD_AUTHCODE] = [dbae47473e648d1b554cc9f711038eba09c08b4b]
2016-02-16 06:35:20 [DEBUG] [xplex4-01201602160635202e55f2ff1e4f25cd9c85f651868401ddf444ce88] Post [LGD_MID] = [xplex4]
2016-02-16 06:35:20 [DEBUG] [xplex4-01201602160635202e55f2ff1e4f25cd9c85f651868401ddf444ce88] Post [LGD_TXNAME] = [PaymentByKey]
2016-02-16 06:35:20 [DEBUG] [xplex4-01201602160635202e55f2ff1e4f25cd9c85f651868401ddf444ce88] Post [LGD_PAYKEY] = [201602161535201DE5EC61934D6D58F240B227AFC933B875064D4C]
2016-02-16 06:35:20 [DEBUG] [xplex4-01201602160635202e55f2ff1e4f25cd9c85f651868401ddf444ce88] post_string = LGD_TXID=xplex4-01201602160635202e55f2ff1e4f25cd9c85f651868401ddf444ce88&LGD_AUTHCODE=dbae47473e648d1b554cc9f711038eba09c08b4b&LGD_MID=xplex4&LGD_TXNAME=PaymentByKey&LGD_PAYKEY=201602161535201DE5EC61934D6D58F240B227AFC933B875064D4C
2016-02-16 06:35:21 [DEBUG] [xplex4-01201602160635202e55f2ff1e4f25cd9c85f651868401ddf444ce88] Result = [









{"LGD_RESPCODE":"0000","LGD_RESPMSG":"11: ","LGD_RESPONSE":[{"LGD_IFOS":"3A4C0S","LGD_MID":"xplex4","LGD_FINANCENAME":"ÎÜçÌòë","LGD_CASHRECEIPTKIND":"0","LGD_DELIVERYINFO":"","LGD_BUYER":"Î∞±Ï∞ΩÌù¨","LGD_BUYERID":"","LGD_OID":"4697","LGD_RECEIVERPHONE":"","LGD_2TR_FLAG":"Y","LGD_DEVICE":"","LGD_TID":"xplex2016021615352165832","LGD_TIMESTAMP":"20160216153522","LGD_SAOWNER":"ÏóëÏä§ÌîåÎ†âÏä§(X-PLEX)","LGD_FINANCECODE":"011","LGD_BUYERPHONE":"01055007960","LGD_ESCROWYN":"N","LGD_PAYTYPE":"SC0040","LGD_CASFLAG":"R","LGD_CASCAMOUNT":"0","LGD_CASTAMOUNT":"0","LGD_AMOUNT":"240000","LGD_BUYERSSN":".","LGD_CASHRECEIPTCODE":"0000","LGD_RESPMSG":"11: ","LGD_PAYDATE":"20160216153521","LGD_PRODUCTINFO":"ÎÇòÎèÑ Í∑∏Î¶ºÏ±Ö ÏûëÍ∞Ä 4Í∏∞Ïä§ÌÜ†Î¶¨ÌÖîÎßÅ Í∞ïÌôîÎ°ú Í∑∏Î¶ºÏ±Ö Í∏ÄÏì∞Í∏∞ ÎèÑÏ†Ñ!","LGD_CASSEQNO":"000","LGD_PRODUCTCODE":"","LGD_HASHDATA":"8b8531f41af4cdbed0e85d5619febc11","LGD_BUYERADDRESS":"ÌïòÎÇ®Ïãú Ï∞ΩÏö∞Îèô Î∂ÄÏòÅÏïÑÌååÌä∏112Îèô 407Ìò∏","LGD_RECEIVER":"","LGD_RESPCODE":"0000","LGD_ACCOUNTNUM":"79012755590697","LGD_PAYER":"Î∞±Ï∞ΩÌù¨","LGD_BUYEREMAIL":"bbch2001@hanmail.net"}]}
]
2016-02-16 06:35:21 [INFO ] [xplex4-01201602160635202e55f2ff1e4f25cd9c85f651868401ddf444ce88] Response Code=[0000], Msg=[11: ], Count=1
2016-02-16 06:35:21 [DEBUG] [xplex4-01201602160635202e55f2ff1e4f25cd9c85f651868401ddf444ce88] Response (LGD_IFOS, 0) = 3A4C0S
2016-02-16 06:35:21 [DEBUG] [xplex4-01201602160635202e55f2ff1e4f25cd9c85f651868401ddf444ce88] Response (LGD_MID, 0) = xplex4
2016-02-16 06:35:21 [DEBUG] [xplex4-01201602160635202e55f2ff1e4f25cd9c85f651868401ddf444ce88] Response (LGD_FINANCENAME, 0) = ÎÜçÌòë
2016-02-16 06:35:21 [DEBUG] [xplex4-01201602160635202e55f2ff1e4f25cd9c85f651868401ddf444ce88] Response (LGD_CASHRECEIPTKIND, 0) = 0
2016-02-16 06:35:21 [DEBUG] [xplex4-01201602160635202e55f2ff1e4f25cd9c85f651868401ddf444ce88] Response (LGD_DELIVERYINFO, 0) = 
2016-02-16 06:35:21 [DEBUG] [xplex4-01201602160635202e55f2ff1e4f25cd9c85f651868401ddf444ce88] Response (LGD_BUYER, 0) = Î∞±Ï∞ΩÌù¨
2016-02-16 06:35:21 [DEBUG] [xplex4-01201602160635202e55f2ff1e4f25cd9c85f651868401ddf444ce88] Response (LGD_BUYERID, 0) = 
2016-02-16 06:35:21 [DEBUG] [xplex4-01201602160635202e55f2ff1e4f25cd9c85f651868401ddf444ce88] Response (LGD_OID, 0) = 4697
2016-02-16 06:35:21 [DEBUG] [xplex4-01201602160635202e55f2ff1e4f25cd9c85f651868401ddf444ce88] Response (LGD_RECEIVERPHONE, 0) = 
2016-02-16 06:35:21 [DEBUG] [xplex4-01201602160635202e55f2ff1e4f25cd9c85f651868401ddf444ce88] Response (LGD_2TR_FLAG, 0) = Y
2016-02-16 06:35:21 [DEBUG] [xplex4-01201602160635202e55f2ff1e4f25cd9c85f651868401ddf444ce88] Response (LGD_DEVICE, 0) = 
2016-02-16 06:35:21 [DEBUG] [xplex4-01201602160635202e55f2ff1e4f25cd9c85f651868401ddf444ce88] Response (LGD_TID, 0) = xplex2016021615352165832
2016-02-16 06:35:21 [DEBUG] [xplex4-01201602160635202e55f2ff1e4f25cd9c85f651868401ddf444ce88] Response (LGD_TIMESTAMP, 0) = 20160216153522
2016-02-16 06:35:21 [DEBUG] [xplex4-01201602160635202e55f2ff1e4f25cd9c85f651868401ddf444ce88] Response (LGD_SAOWNER, 0) = ÏóëÏä§ÌîåÎ†âÏä§(X-PLEX)
2016-02-16 06:35:21 [DEBUG] [xplex4-01201602160635202e55f2ff1e4f25cd9c85f651868401ddf444ce88] Response (LGD_FINANCECODE, 0) = 011
2016-02-16 06:35:21 [DEBUG] [xplex4-01201602160635202e55f2ff1e4f25cd9c85f651868401ddf444ce88] Response (LGD_BUYERPHONE, 0) = 01055007960
2016-02-16 06:35:21 [DEBUG] [xplex4-01201602160635202e55f2ff1e4f25cd9c85f651868401ddf444ce88] Response (LGD_ESCROWYN, 0) = N
2016-02-16 06:35:21 [DEBUG] [xplex4-01201602160635202e55f2ff1e4f25cd9c85f651868401ddf444ce88] Response (LGD_PAYTYPE, 0) = SC0040
2016-02-16 06:35:21 [DEBUG] [xplex4-01201602160635202e55f2ff1e4f25cd9c85f651868401ddf444ce88] Response (LGD_CASFLAG, 0) = R
2016-02-16 06:35:21 [DEBUG] [xplex4-01201602160635202e55f2ff1e4f25cd9c85f651868401ddf444ce88] Response (LGD_CASCAMOUNT, 0) = 0
2016-02-16 06:35:21 [DEBUG] [xplex4-01201602160635202e55f2ff1e4f25cd9c85f651868401ddf444ce88] Response (LGD_CASTAMOUNT, 0) = 0
2016-02-16 06:35:21 [DEBUG] [xplex4-01201602160635202e55f2ff1e4f25cd9c85f651868401ddf444ce88] Response (LGD_AMOUNT, 0) = 240000
2016-02-16 06:35:21 [DEBUG] [xplex4-01201602160635202e55f2ff1e4f25cd9c85f651868401ddf444ce88] Response (LGD_BUYERSSN, 0) = .
2016-02-16 06:35:21 [DEBUG] [xplex4-01201602160635202e55f2ff1e4f25cd9c85f651868401ddf444ce88] Response (LGD_CASHRECEIPTCODE, 0) = 0000
2016-02-16 06:35:21 [DEBUG] [xplex4-01201602160635202e55f2ff1e4f25cd9c85f651868401ddf444ce88] Response (LGD_RESPMSG, 0) = 11: 
2016-02-16 06:35:21 [DEBUG] [xplex4-01201602160635202e55f2ff1e4f25cd9c85f651868401ddf444ce88] Response (LGD_PAYDATE, 0) = 20160216153521
2016-02-16 06:35:21 [DEBUG] [xplex4-01201602160635202e55f2ff1e4f25cd9c85f651868401ddf444ce88] Response (LGD_PRODUCTINFO, 0) = ÎÇòÎèÑ Í∑∏Î¶ºÏ±Ö ÏûëÍ∞Ä 4Í∏∞Ïä§ÌÜ†Î¶¨ÌÖîÎßÅ Í∞ïÌôîÎ°ú Í∑∏Î¶ºÏ±Ö Í∏ÄÏì∞Í∏∞ ÎèÑÏ†Ñ!
2016-02-16 06:35:21 [DEBUG] [xplex4-01201602160635202e55f2ff1e4f25cd9c85f651868401ddf444ce88] Response (LGD_CASSEQNO, 0) = 000
2016-02-16 06:35:21 [DEBUG] [xplex4-01201602160635202e55f2ff1e4f25cd9c85f651868401ddf444ce88] Response (LGD_PRODUCTCODE, 0) = 
2016-02-16 06:35:21 [DEBUG] [xplex4-01201602160635202e55f2ff1e4f25cd9c85f651868401ddf444ce88] Response (LGD_HASHDATA, 0) = 8b8531f41af4cdbed0e85d5619febc11
2016-02-16 06:35:21 [DEBUG] [xplex4-01201602160635202e55f2ff1e4f25cd9c85f651868401ddf444ce88] Response (LGD_BUYERADDRESS, 0) = ÌïòÎÇ®Ïãú Ï∞ΩÏö∞Îèô Î∂ÄÏòÅÏïÑÌååÌä∏112Îèô 407Ìò∏
2016-02-16 06:35:21 [DEBUG] [xplex4-01201602160635202e55f2ff1e4f25cd9c85f651868401ddf444ce88] Response (LGD_RECEIVER, 0) = 
2016-02-16 06:35:21 [DEBUG] [xplex4-01201602160635202e55f2ff1e4f25cd9c85f651868401ddf444ce88] Response (LGD_RESPCODE, 0) = 0000
2016-02-16 06:35:21 [DEBUG] [xplex4-01201602160635202e55f2ff1e4f25cd9c85f651868401ddf444ce88] Response (LGD_ACCOUNTNUM, 0) = 79012755590697
2016-02-16 06:35:21 [DEBUG] [xplex4-01201602160635202e55f2ff1e4f25cd9c85f651868401ddf444ce88] Response (LGD_PAYER, 0) = Î∞±Ï∞ΩÌù¨
2016-02-16 06:35:21 [DEBUG] [xplex4-01201602160635202e55f2ff1e4f25cd9c85f651868401ddf444ce88] Response (LGD_BUYEREMAIL, 0) = bbch2001@hanmail.net
2016-02-16 06:36:08 [INFO ] [] XPayClient initialize [/home/hosting_users/xplex/www/wp-content/plugins/woocommerce-lguplus-kr/lgdacom] [service]
2016-02-16 06:36:08 [DEBUG] [] Config [server_id] = [01]
2016-02-16 06:36:08 [DEBUG] [] Config [timeout] = [60]
2016-02-16 06:36:08 [DEBUG] [] Config [log_level] = [4]
2016-02-16 06:36:08 [DEBUG] [] Config [verify_cert] = [1]
2016-02-16 06:36:08 [DEBUG] [] Config [verify_host] = [1]
2016-02-16 06:36:08 [DEBUG] [] Config [report_error] = [1]
2016-02-16 06:36:08 [DEBUG] [] Config [output_UTF8] = [1]
2016-02-16 06:36:08 [DEBUG] [] Config [auto_rollback] = [1]
2016-02-16 06:36:08 [DEBUG] [] Config [log_dir] = [/home/hosting_users/xplex/www/wp-content/plugins/woocommerce-lguplus-kr/lgdacom/log]
2016-02-16 06:36:08 [DEBUG] [] Config [txplex4] = [12d7f002e43a80c0dd64128a1957e351]
2016-02-16 06:36:08 [DEBUG] [] Config [xplex4] = [12d7f002e43a80c0dd64128a1957e351]
2016-02-16 06:36:08 [DEBUG] [] Config [url] = [https://xpayclient.lgdacom.net/xpay/Gateway.do]
2016-02-16 06:36:08 [DEBUG] [] Config [test_url] = [https://xpayclient.lgdacom.net:7443/xpay/Gateway.do]
2016-02-16 06:36:08 [DEBUG] [] Config [aux_url] = [http://xpayclient.lgdacom.net:7080/xpay/Gateway.do]
2016-02-16 06:36:08 [DEBUG] [xplex4-0120160216063608bcbb42d2c0594d9e0d09cdf29d47294e0d26872b] Post [LGD_TXID] = [xplex4-0120160216063608bcbb42d2c0594d9e0d09cdf29d47294e0d26872b]
2016-02-16 06:36:08 [DEBUG] [xplex4-0120160216063608bcbb42d2c0594d9e0d09cdf29d47294e0d26872b] Post [LGD_AUTHCODE] = [7c788090102e9fd5c2b9283a7cf3585a5a0fadf9]
2016-02-16 06:36:08 [DEBUG] [xplex4-0120160216063608bcbb42d2c0594d9e0d09cdf29d47294e0d26872b] Post [LGD_MID] = [xplex4]
2016-02-16 06:36:08 [DEBUG] [xplex4-0120160216063608bcbb42d2c0594d9e0d09cdf29d47294e0d26872b] Post [LGD_TXNAME] = [PaymentByKey]
2016-02-16 06:36:08 [DEBUG] [xplex4-0120160216063608bcbb42d2c0594d9e0d09cdf29d47294e0d26872b] Post [LGD_PAYKEY] = [201602161536071DE5EC61934D6D58F240B227AFC933B875064D4C]
2016-02-16 06:36:08 [DEBUG] [xplex4-0120160216063608bcbb42d2c0594d9e0d09cdf29d47294e0d26872b] post_string = LGD_TXID=xplex4-0120160216063608bcbb42d2c0594d9e0d09cdf29d47294e0d26872b&LGD_AUTHCODE=7c788090102e9fd5c2b9283a7cf3585a5a0fadf9&LGD_MID=xplex4&LGD_TXNAME=PaymentByKey&LGD_PAYKEY=201602161536071DE5EC61934D6D58F240B227AFC933B875064D4C
2016-02-16 06:36:08 [DEBUG] [xplex4-0120160216063608bcbb42d2c0594d9e0d09cdf29d47294e0d26872b] Result = [









{"LGD_RESPCODE":"A016","LGD_RESPMSG":"Ï§ëÎ≥µÎêú Ï£ºÎ¨∏Î≤àÌò∏ÏûÖÎãàÎã§.#","LGD_RESPONSE":[{"LGD_IFOS":"3A4C0S","LGD_MID":"xplex4","LGD_FINANCENAME":"ÎÜçÌòë","LGD_CASHRECEIPTKIND":"0","LGD_DELIVERYINFO":"","LGD_BUYER":"Î∞±Ï∞ΩÌù¨","LGD_BUYERID":"","LGD_OID":"4697","LGD_RECEIVERPHONE":"","LGD_2TR_FLAG":"Y","LGD_DEVICE":"","LGD_TID":"xplex2016021615352165832","LGD_TIMESTAMP":"20160216153609","LGD_SAOWNER":"ÏóëÏä§ÌîåÎ†âÏä§(X-PLEX)","LGD_FINANCECODE":"011","LGD_BUYERPHONE":"01055007960","LGD_ESCROWYN":"N","LGD_PAYTYPE":"SC0040","LGD_CASFLAG":"R","LGD_CASCAMOUNT":"0","LGD_CASTAMOUNT":"0","LGD_AMOUNT":"240000","LGD_BUYERSSN":".","LGD_CASHRECEIPTCODE":"0000","LGD_RESPMSG":"Ï§ëÎ≥µÎêú Ï£ºÎ¨∏Î≤àÌò∏ÏûÖÎãàÎã§.#","LGD_PAYDATE":"20160216153609","LGD_PRODUCTINFO":"ÎÇòÎèÑ Í∑∏Î¶ºÏ±Ö ÏûëÍ∞Ä 4Í∏∞Ïä§ÌÜ†Î¶¨ÌÖîÎßÅ Í∞ïÌôîÎ°ú Í∑∏Î¶ºÏ±Ö Í∏ÄÏì∞Í∏∞ ÎèÑÏ†Ñ!","LGD_CASSEQNO":"000","LGD_PRODUCTCODE":"","LGD_HASHDATA":"543da4a14c68a81c92c7a9b36508e7f9","LGD_BUYERADDRESS":"ÌïòÎÇ®Ïãú Ï∞ΩÏö∞Îèô Î∂ÄÏòÅÏïÑÌååÌä∏112Îèô 407Ìò∏","LGD_RECEIVER":"","LGD_RESPCODE":"A016","LGD_ACCOUNTNUM":"    ","LGD_PAYER":"Î∞±Ï∞ΩÌù¨","LGD_BUYEREMAIL":"bbch2001@hanmail.net"}]}
]
2016-02-16 06:36:08 [INFO ] [xplex4-0120160216063608bcbb42d2c0594d9e0d09cdf29d47294e0d26872b] Response Code=[A016], Msg=[¡ﬂ∫πµ» ¡÷πÆπ¯»£¿‘¥œ¥Ÿ.#], Count=1
2016-02-16 06:36:08 [DEBUG] [xplex4-0120160216063608bcbb42d2c0594d9e0d09cdf29d47294e0d26872b] Response (LGD_IFOS, 0) = 3A4C0S
2016-02-16 06:36:08 [DEBUG] [xplex4-0120160216063608bcbb42d2c0594d9e0d09cdf29d47294e0d26872b] Response (LGD_MID, 0) = xplex4
2016-02-16 06:36:08 [DEBUG] [xplex4-0120160216063608bcbb42d2c0594d9e0d09cdf29d47294e0d26872b] Response (LGD_FINANCENAME, 0) = ÎÜçÌòë
2016-02-16 06:36:08 [DEBUG] [xplex4-0120160216063608bcbb42d2c0594d9e0d09cdf29d47294e0d26872b] Response (LGD_CASHRECEIPTKIND, 0) = 0
2016-02-16 06:36:08 [DEBUG] [xplex4-0120160216063608bcbb42d2c0594d9e0d09cdf29d47294e0d26872b] Response (LGD_DELIVERYINFO, 0) = 
2016-02-16 06:36:08 [DEBUG] [xplex4-0120160216063608bcbb42d2c0594d9e0d09cdf29d47294e0d26872b] Response (LGD_BUYER, 0) = Î∞±Ï∞ΩÌù¨
2016-02-16 06:36:08 [DEBUG] [xplex4-0120160216063608bcbb42d2c0594d9e0d09cdf29d47294e0d26872b] Response (LGD_BUYERID, 0) = 
2016-02-16 06:36:08 [DEBUG] [xplex4-0120160216063608bcbb42d2c0594d9e0d09cdf29d47294e0d26872b] Response (LGD_OID, 0) = 4697
2016-02-16 06:36:08 [DEBUG] [xplex4-0120160216063608bcbb42d2c0594d9e0d09cdf29d47294e0d26872b] Response (LGD_RECEIVERPHONE, 0) = 
2016-02-16 06:36:08 [DEBUG] [xplex4-0120160216063608bcbb42d2c0594d9e0d09cdf29d47294e0d26872b] Response (LGD_2TR_FLAG, 0) = Y
2016-02-16 06:36:08 [DEBUG] [xplex4-0120160216063608bcbb42d2c0594d9e0d09cdf29d47294e0d26872b] Response (LGD_DEVICE, 0) = 
2016-02-16 06:36:08 [DEBUG] [xplex4-0120160216063608bcbb42d2c0594d9e0d09cdf29d47294e0d26872b] Response (LGD_TID, 0) = xplex2016021615352165832
2016-02-16 06:36:08 [DEBUG] [xplex4-0120160216063608bcbb42d2c0594d9e0d09cdf29d47294e0d26872b] Response (LGD_TIMESTAMP, 0) = 20160216153609
2016-02-16 06:36:08 [DEBUG] [xplex4-0120160216063608bcbb42d2c0594d9e0d09cdf29d47294e0d26872b] Response (LGD_SAOWNER, 0) = ÏóëÏä§ÌîåÎ†âÏä§(X-PLEX)
2016-02-16 06:36:08 [DEBUG] [xplex4-0120160216063608bcbb42d2c0594d9e0d09cdf29d47294e0d26872b] Response (LGD_FINANCECODE, 0) = 011
2016-02-16 06:36:08 [DEBUG] [xplex4-0120160216063608bcbb42d2c0594d9e0d09cdf29d47294e0d26872b] Response (LGD_BUYERPHONE, 0) = 01055007960
2016-02-16 06:36:08 [DEBUG] [xplex4-0120160216063608bcbb42d2c0594d9e0d09cdf29d47294e0d26872b] Response (LGD_ESCROWYN, 0) = N
2016-02-16 06:36:08 [DEBUG] [xplex4-0120160216063608bcbb42d2c0594d9e0d09cdf29d47294e0d26872b] Response (LGD_PAYTYPE, 0) = SC0040
2016-02-16 06:36:08 [DEBUG] [xplex4-0120160216063608bcbb42d2c0594d9e0d09cdf29d47294e0d26872b] Response (LGD_CASFLAG, 0) = R
2016-02-16 06:36:08 [DEBUG] [xplex4-0120160216063608bcbb42d2c0594d9e0d09cdf29d47294e0d26872b] Response (LGD_CASCAMOUNT, 0) = 0
2016-02-16 06:36:08 [DEBUG] [xplex4-0120160216063608bcbb42d2c0594d9e0d09cdf29d47294e0d26872b] Response (LGD_CASTAMOUNT, 0) = 0
2016-02-16 06:36:08 [DEBUG] [xplex4-0120160216063608bcbb42d2c0594d9e0d09cdf29d47294e0d26872b] Response (LGD_AMOUNT, 0) = 240000
2016-02-16 06:36:08 [DEBUG] [xplex4-0120160216063608bcbb42d2c0594d9e0d09cdf29d47294e0d26872b] Response (LGD_BUYERSSN, 0) = .
2016-02-16 06:36:08 [DEBUG] [xplex4-0120160216063608bcbb42d2c0594d9e0d09cdf29d47294e0d26872b] Response (LGD_CASHRECEIPTCODE, 0) = 0000
2016-02-16 06:36:08 [DEBUG] [xplex4-0120160216063608bcbb42d2c0594d9e0d09cdf29d47294e0d26872b] Response (LGD_RESPMSG, 0) = Ï§ëÎ≥µÎêú Ï£ºÎ¨∏Î≤àÌò∏ÏûÖÎãàÎã§.#
2016-02-16 06:36:08 [DEBUG] [xplex4-0120160216063608bcbb42d2c0594d9e0d09cdf29d47294e0d26872b] Response (LGD_PAYDATE, 0) = 20160216153609
2016-02-16 06:36:08 [DEBUG] [xplex4-0120160216063608bcbb42d2c0594d9e0d09cdf29d47294e0d26872b] Response (LGD_PRODUCTINFO, 0) = ÎÇòÎèÑ Í∑∏Î¶ºÏ±Ö ÏûëÍ∞Ä 4Í∏∞Ïä§ÌÜ†Î¶¨ÌÖîÎßÅ Í∞ïÌôîÎ°ú Í∑∏Î¶ºÏ±Ö Í∏ÄÏì∞Í∏∞ ÎèÑÏ†Ñ!
2016-02-16 06:36:08 [DEBUG] [xplex4-0120160216063608bcbb42d2c0594d9e0d09cdf29d47294e0d26872b] Response (LGD_CASSEQNO, 0) = 000
2016-02-16 06:36:08 [DEBUG] [xplex4-0120160216063608bcbb42d2c0594d9e0d09cdf29d47294e0d26872b] Response (LGD_PRODUCTCODE, 0) = 
2016-02-16 06:36:08 [DEBUG] [xplex4-0120160216063608bcbb42d2c0594d9e0d09cdf29d47294e0d26872b] Response (LGD_HASHDATA, 0) = 543da4a14c68a81c92c7a9b36508e7f9
2016-02-16 06:36:08 [DEBUG] [xplex4-0120160216063608bcbb42d2c0594d9e0d09cdf29d47294e0d26872b] Response (LGD_BUYERADDRESS, 0) = ÌïòÎÇ®Ïãú Ï∞ΩÏö∞Îèô Î∂ÄÏòÅÏïÑÌååÌä∏112Îèô 407Ìò∏
2016-02-16 06:36:08 [DEBUG] [xplex4-0120160216063608bcbb42d2c0594d9e0d09cdf29d47294e0d26872b] Response (LGD_RECEIVER, 0) = 
2016-02-16 06:36:08 [DEBUG] [xplex4-0120160216063608bcbb42d2c0594d9e0d09cdf29d47294e0d26872b] Response (LGD_RESPCODE, 0) = A016
2016-02-16 06:36:08 [DEBUG] [xplex4-0120160216063608bcbb42d2c0594d9e0d09cdf29d47294e0d26872b] Response (LGD_ACCOUNTNUM, 0) =     
2016-02-16 06:36:08 [DEBUG] [xplex4-0120160216063608bcbb42d2c0594d9e0d09cdf29d47294e0d26872b] Response (LGD_PAYER, 0) = Î∞±Ï∞ΩÌù¨
2016-02-16 06:36:08 [DEBUG] [xplex4-0120160216063608bcbb42d2c0594d9e0d09cdf29d47294e0d26872b] Response (LGD_BUYEREMAIL, 0) = bbch2001@hanmail.net
