2016-04-15 03:46:02 [INFO ] [] XPayClient initialize [/home/hosting_users/xplex/www/wp-content/plugins/woocommerce-lguplus-kr/lgdacom] [service]
2016-04-15 03:46:02 [DEBUG] [] Config [server_id] = [01]
2016-04-15 03:46:02 [DEBUG] [] Config [timeout] = [60]
2016-04-15 03:46:02 [DEBUG] [] Config [log_level] = [4]
2016-04-15 03:46:02 [DEBUG] [] Config [verify_cert] = [1]
2016-04-15 03:46:02 [DEBUG] [] Config [verify_host] = [1]
2016-04-15 03:46:02 [DEBUG] [] Config [report_error] = [1]
2016-04-15 03:46:02 [DEBUG] [] Config [output_UTF8] = [1]
2016-04-15 03:46:02 [DEBUG] [] Config [auto_rollback] = [1]
2016-04-15 03:46:02 [DEBUG] [] Config [log_dir] = [/home/hosting_users/xplex/www/wp-content/plugins/woocommerce-lguplus-kr/lgdacom/log]
2016-04-15 03:46:02 [DEBUG] [] Config [txplex4] = [12d7f002e43a80c0dd64128a1957e351]
2016-04-15 03:46:02 [DEBUG] [] Config [xplex4] = [12d7f002e43a80c0dd64128a1957e351]
2016-04-15 03:46:02 [DEBUG] [] Config [url] = [https://xpayclient.lgdacom.net/xpay/Gateway.do]
2016-04-15 03:46:02 [DEBUG] [] Config [test_url] = [https://xpayclient.lgdacom.net:7443/xpay/Gateway.do]
2016-04-15 03:46:02 [DEBUG] [] Config [aux_url] = [http://xpayclient.lgdacom.net:7080/xpay/Gateway.do]
2016-04-15 03:46:02 [DEBUG] [xplex4-01201604150346027cdc442cf84a48aa1b29c30832a49fa6b11bc835] Post [LGD_TXID] = [xplex4-01201604150346027cdc442cf84a48aa1b29c30832a49fa6b11bc835]
2016-04-15 03:46:02 [DEBUG] [xplex4-01201604150346027cdc442cf84a48aa1b29c30832a49fa6b11bc835] Post [LGD_AUTHCODE] = [42cc963a62f84623ffdd47f5a22857481eecb833]
2016-04-15 03:46:02 [DEBUG] [xplex4-01201604150346027cdc442cf84a48aa1b29c30832a49fa6b11bc835] Post [LGD_MID] = [xplex4]
2016-04-15 03:46:02 [DEBUG] [xplex4-01201604150346027cdc442cf84a48aa1b29c30832a49fa6b11bc835] Post [LGD_TXNAME] = [PaymentByKey]
2016-04-15 03:46:02 [DEBUG] [xplex4-01201604150346027cdc442cf84a48aa1b29c30832a49fa6b11bc835] Post [LGD_PAYKEY] = [201604151246027A56485CDDFD98FC7DBC62E497F2C4AF2369A794]
2016-04-15 03:46:02 [DEBUG] [xplex4-01201604150346027cdc442cf84a48aa1b29c30832a49fa6b11bc835] post_string = LGD_TXID=xplex4-01201604150346027cdc442cf84a48aa1b29c30832a49fa6b11bc835&LGD_AUTHCODE=42cc963a62f84623ffdd47f5a22857481eecb833&LGD_MID=xplex4&LGD_TXNAME=PaymentByKey&LGD_PAYKEY=201604151246027A56485CDDFD98FC7DBC62E497F2C4AF2369A794
2016-04-15 03:46:03 [DEBUG] [xplex4-01201604150346027cdc442cf84a48aa1b29c30832a49fa6b11bc835] Result = [









{"LGD_RESPCODE":"0000","LGD_RESPMSG":"06: ","LGD_RESPONSE":[{"LGD_IFOS":"3M8ETM","LGD_MID":"xplex4","LGD_FINANCENAME":"국민","LGD_CASHRECEIPTKIND":"0","LGD_DELIVERYINFO":"","LGD_BUYER":"송미선","LGD_BUYERID":"","LGD_OID":"5172","LGD_RECEIVERPHONE":"","LGD_2TR_FLAG":"Y","LGD_DEVICE":"","LGD_TID":"xplex2016041512460375919","LGD_TIMESTAMP":"20160415124604","LGD_SAOWNER":"엑스플렉스(X-PLEX)","LGD_FINANCECODE":"004","LGD_BUYERPHONE":"01087346402","LGD_ESCROWYN":"N","LGD_PAYTYPE":"SC0040","LGD_CASFLAG":"R","LGD_CASCAMOUNT":"0","LGD_CASTAMOUNT":"0","LGD_AMOUNT":"10000","LGD_BUYERSSN":".","LGD_CASHRECEIPTCODE":"0000","LGD_RESPMSG":"06: ","LGD_PAYDATE":"20160415124603","LGD_PRODUCTINFO":"마음그림 워크숍 -스스로 그리는 내면초상화","LGD_CASSEQNO":"000","LGD_PRODUCTCODE":"","LGD_HASHDATA":"9be84df3bce2548951a3e83dba2060e5","LGD_BUYERADDRESS":"강서구 등촌1동 654~656강서 메트로칸 1004호","LGD_RECEIVER":"","LGD_RESPCODE":"0000","LGD_ACCOUNTNUM":"69899011275325","LGD_PAYER":"송미선","LGD_BUYEREMAIL":"absolutems@naver.com"}]}
]
2016-04-15 03:46:03 [INFO ] [xplex4-01201604150346027cdc442cf84a48aa1b29c30832a49fa6b11bc835] Response Code=[0000], Msg=[06: ], Count=1
2016-04-15 03:46:03 [DEBUG] [xplex4-01201604150346027cdc442cf84a48aa1b29c30832a49fa6b11bc835] Response (LGD_IFOS, 0) = 3M8ETM
2016-04-15 03:46:03 [DEBUG] [xplex4-01201604150346027cdc442cf84a48aa1b29c30832a49fa6b11bc835] Response (LGD_MID, 0) = xplex4
2016-04-15 03:46:03 [DEBUG] [xplex4-01201604150346027cdc442cf84a48aa1b29c30832a49fa6b11bc835] Response (LGD_FINANCENAME, 0) = 국민
2016-04-15 03:46:03 [DEBUG] [xplex4-01201604150346027cdc442cf84a48aa1b29c30832a49fa6b11bc835] Response (LGD_CASHRECEIPTKIND, 0) = 0
2016-04-15 03:46:03 [DEBUG] [xplex4-01201604150346027cdc442cf84a48aa1b29c30832a49fa6b11bc835] Response (LGD_DELIVERYINFO, 0) = 
2016-04-15 03:46:03 [DEBUG] [xplex4-01201604150346027cdc442cf84a48aa1b29c30832a49fa6b11bc835] Response (LGD_BUYER, 0) = 송미선
2016-04-15 03:46:03 [DEBUG] [xplex4-01201604150346027cdc442cf84a48aa1b29c30832a49fa6b11bc835] Response (LGD_BUYERID, 0) = 
2016-04-15 03:46:03 [DEBUG] [xplex4-01201604150346027cdc442cf84a48aa1b29c30832a49fa6b11bc835] Response (LGD_OID, 0) = 5172
2016-04-15 03:46:03 [DEBUG] [xplex4-01201604150346027cdc442cf84a48aa1b29c30832a49fa6b11bc835] Response (LGD_RECEIVERPHONE, 0) = 
2016-04-15 03:46:03 [DEBUG] [xplex4-01201604150346027cdc442cf84a48aa1b29c30832a49fa6b11bc835] Response (LGD_2TR_FLAG, 0) = Y
2016-04-15 03:46:03 [DEBUG] [xplex4-01201604150346027cdc442cf84a48aa1b29c30832a49fa6b11bc835] Response (LGD_DEVICE, 0) = 
2016-04-15 03:46:03 [DEBUG] [xplex4-01201604150346027cdc442cf84a48aa1b29c30832a49fa6b11bc835] Response (LGD_TID, 0) = xplex2016041512460375919
2016-04-15 03:46:03 [DEBUG] [xplex4-01201604150346027cdc442cf84a48aa1b29c30832a49fa6b11bc835] Response (LGD_TIMESTAMP, 0) = 20160415124604
2016-04-15 03:46:03 [DEBUG] [xplex4-01201604150346027cdc442cf84a48aa1b29c30832a49fa6b11bc835] Response (LGD_SAOWNER, 0) = 엑스플렉스(X-PLEX)
2016-04-15 03:46:03 [DEBUG] [xplex4-01201604150346027cdc442cf84a48aa1b29c30832a49fa6b11bc835] Response (LGD_FINANCECODE, 0) = 004
2016-04-15 03:46:03 [DEBUG] [xplex4-01201604150346027cdc442cf84a48aa1b29c30832a49fa6b11bc835] Response (LGD_BUYERPHONE, 0) = 01087346402
2016-04-15 03:46:03 [DEBUG] [xplex4-01201604150346027cdc442cf84a48aa1b29c30832a49fa6b11bc835] Response (LGD_ESCROWYN, 0) = N
2016-04-15 03:46:03 [DEBUG] [xplex4-01201604150346027cdc442cf84a48aa1b29c30832a49fa6b11bc835] Response (LGD_PAYTYPE, 0) = SC0040
2016-04-15 03:46:03 [DEBUG] [xplex4-01201604150346027cdc442cf84a48aa1b29c30832a49fa6b11bc835] Response (LGD_CASFLAG, 0) = R
2016-04-15 03:46:03 [DEBUG] [xplex4-01201604150346027cdc442cf84a48aa1b29c30832a49fa6b11bc835] Response (LGD_CASCAMOUNT, 0) = 0
2016-04-15 03:46:03 [DEBUG] [xplex4-01201604150346027cdc442cf84a48aa1b29c30832a49fa6b11bc835] Response (LGD_CASTAMOUNT, 0) = 0
2016-04-15 03:46:03 [DEBUG] [xplex4-01201604150346027cdc442cf84a48aa1b29c30832a49fa6b11bc835] Response (LGD_AMOUNT, 0) = 10000
2016-04-15 03:46:03 [DEBUG] [xplex4-01201604150346027cdc442cf84a48aa1b29c30832a49fa6b11bc835] Response (LGD_BUYERSSN, 0) = .
2016-04-15 03:46:03 [DEBUG] [xplex4-01201604150346027cdc442cf84a48aa1b29c30832a49fa6b11bc835] Response (LGD_CASHRECEIPTCODE, 0) = 0000
2016-04-15 03:46:03 [DEBUG] [xplex4-01201604150346027cdc442cf84a48aa1b29c30832a49fa6b11bc835] Response (LGD_RESPMSG, 0) = 06: 
2016-04-15 03:46:03 [DEBUG] [xplex4-01201604150346027cdc442cf84a48aa1b29c30832a49fa6b11bc835] Response (LGD_PAYDATE, 0) = 20160415124603
2016-04-15 03:46:03 [DEBUG] [xplex4-01201604150346027cdc442cf84a48aa1b29c30832a49fa6b11bc835] Response (LGD_PRODUCTINFO, 0) = 마음그림 워크숍 -스스로 그리는 내면초상화
2016-04-15 03:46:03 [DEBUG] [xplex4-01201604150346027cdc442cf84a48aa1b29c30832a49fa6b11bc835] Response (LGD_CASSEQNO, 0) = 000
2016-04-15 03:46:03 [DEBUG] [xplex4-01201604150346027cdc442cf84a48aa1b29c30832a49fa6b11bc835] Response (LGD_PRODUCTCODE, 0) = 
2016-04-15 03:46:03 [DEBUG] [xplex4-01201604150346027cdc442cf84a48aa1b29c30832a49fa6b11bc835] Response (LGD_HASHDATA, 0) = 9be84df3bce2548951a3e83dba2060e5
2016-04-15 03:46:03 [DEBUG] [xplex4-01201604150346027cdc442cf84a48aa1b29c30832a49fa6b11bc835] Response (LGD_BUYERADDRESS, 0) = 강서구 등촌1동 654~656강서 메트로칸 1004호
2016-04-15 03:46:03 [DEBUG] [xplex4-01201604150346027cdc442cf84a48aa1b29c30832a49fa6b11bc835] Response (LGD_RECEIVER, 0) = 
2016-04-15 03:46:03 [DEBUG] [xplex4-01201604150346027cdc442cf84a48aa1b29c30832a49fa6b11bc835] Response (LGD_RESPCODE, 0) = 0000
2016-04-15 03:46:03 [DEBUG] [xplex4-01201604150346027cdc442cf84a48aa1b29c30832a49fa6b11bc835] Response (LGD_ACCOUNTNUM, 0) = 69899011275325
2016-04-15 03:46:03 [DEBUG] [xplex4-01201604150346027cdc442cf84a48aa1b29c30832a49fa6b11bc835] Response (LGD_PAYER, 0) = 송미선
2016-04-15 03:46:03 [DEBUG] [xplex4-01201604150346027cdc442cf84a48aa1b29c30832a49fa6b11bc835] Response (LGD_BUYEREMAIL, 0) = absolutems@naver.com
2016-04-15 10:12:24 [INFO ] [] XPayClient initialize [/home/hosting_users/xplex/www/wp-content/plugins/woocommerce-lguplus-kr/lgdacom] [service]
2016-04-15 10:12:24 [DEBUG] [] Config [server_id] = [01]
2016-04-15 10:12:24 [DEBUG] [] Config [timeout] = [60]
2016-04-15 10:12:24 [DEBUG] [] Config [log_level] = [4]
2016-04-15 10:12:24 [DEBUG] [] Config [verify_cert] = [1]
2016-04-15 10:12:24 [DEBUG] [] Config [verify_host] = [1]
2016-04-15 10:12:24 [DEBUG] [] Config [report_error] = [1]
2016-04-15 10:12:24 [DEBUG] [] Config [output_UTF8] = [1]
2016-04-15 10:12:24 [DEBUG] [] Config [auto_rollback] = [1]
2016-04-15 10:12:24 [DEBUG] [] Config [log_dir] = [/home/hosting_users/xplex/www/wp-content/plugins/woocommerce-lguplus-kr/lgdacom/log]
2016-04-15 10:12:24 [DEBUG] [] Config [txplex4] = [12d7f002e43a80c0dd64128a1957e351]
2016-04-15 10:12:24 [DEBUG] [] Config [xplex4] = [12d7f002e43a80c0dd64128a1957e351]
2016-04-15 10:12:24 [DEBUG] [] Config [url] = [https://xpayclient.lgdacom.net/xpay/Gateway.do]
2016-04-15 10:12:24 [DEBUG] [] Config [test_url] = [https://xpayclient.lgdacom.net:7443/xpay/Gateway.do]
2016-04-15 10:12:24 [DEBUG] [] Config [aux_url] = [http://xpayclient.lgdacom.net:7080/xpay/Gateway.do]
2016-04-15 10:12:24 [DEBUG] [xplex4-01201604151012240b26c172a40a7044334b6145fb0e618decd2bc2f] Post [LGD_TXID] = [xplex4-01201604151012240b26c172a40a7044334b6145fb0e618decd2bc2f]
2016-04-15 10:12:24 [DEBUG] [xplex4-01201604151012240b26c172a40a7044334b6145fb0e618decd2bc2f] Post [LGD_AUTHCODE] = [54a20b72a030e9617f90eba455917e60744022de]
2016-04-15 10:12:24 [DEBUG] [xplex4-01201604151012240b26c172a40a7044334b6145fb0e618decd2bc2f] Post [LGD_MID] = [xplex4]
2016-04-15 10:12:24 [DEBUG] [xplex4-01201604151012240b26c172a40a7044334b6145fb0e618decd2bc2f] Post [LGD_TXNAME] = [PaymentByKey]
2016-04-15 10:12:24 [DEBUG] [xplex4-01201604151012240b26c172a40a7044334b6145fb0e618decd2bc2f] Post [LGD_PAYKEY] = [20160415191224BEC6BEBF967B22B26BD4DDF0052803CF9F7E32DC]
2016-04-15 10:12:24 [DEBUG] [xplex4-01201604151012240b26c172a40a7044334b6145fb0e618decd2bc2f] post_string = LGD_TXID=xplex4-01201604151012240b26c172a40a7044334b6145fb0e618decd2bc2f&LGD_AUTHCODE=54a20b72a030e9617f90eba455917e60744022de&LGD_MID=xplex4&LGD_TXNAME=PaymentByKey&LGD_PAYKEY=20160415191224BEC6BEBF967B22B26BD4DDF0052803CF9F7E32DC
2016-04-15 10:12:25 [DEBUG] [xplex4-01201604151012240b26c172a40a7044334b6145fb0e618decd2bc2f] Result = [









{"LGD_RESPCODE":"0000","LGD_RESPMSG":"26: ","LGD_RESPONSE":[{"LGD_IFOS":"3M9ETM","LGD_MID":"xplex4","LGD_FINANCENAME":"신한","LGD_DELIVERYINFO":"","LGD_BUYER":"강경애","LGD_BUYERID":"","LGD_OID":"5178","LGD_RECEIVERPHONE":"","LGD_2TR_FLAG":"Y","LGD_DEVICE":"","LGD_TID":"xplex2016041519122539141","LGD_TIMESTAMP":"20160415191226","LGD_SAOWNER":"엑스플렉스(X-PLEX)","LGD_FINANCECODE":"088","LGD_BUYERPHONE":"01084687554","LGD_ESCROWYN":"N","LGD_PAYTYPE":"SC0040","LGD_CASFLAG":"R","LGD_CASCAMOUNT":"0","LGD_CASTAMOUNT":"0","LGD_AMOUNT":"10000","LGD_BUYERSSN":".","LGD_RESPMSG":"26: ","LGD_PAYDATE":"20160415191225","LGD_PRODUCTINFO":"마음그림 워크숍 -스스로 그리는 내면초상화","LGD_CASSEQNO":"000","LGD_PRODUCTCODE":"","LGD_HASHDATA":"da64715b49bd25833e0b19f0113664ef","LGD_BUYERADDRESS":"마포구 신수동 1~10062-69","LGD_RECEIVER":"","LGD_RESPCODE":"0000","LGD_ACCOUNTNUM":"63790118354616","LGD_PAYER":"강경애","LGD_BUYEREMAIL":"wowitsnow@gmail.com"}]}
]
2016-04-15 10:12:25 [INFO ] [xplex4-01201604151012240b26c172a40a7044334b6145fb0e618decd2bc2f] Response Code=[0000], Msg=[26: ], Count=1
2016-04-15 10:12:25 [DEBUG] [xplex4-01201604151012240b26c172a40a7044334b6145fb0e618decd2bc2f] Response (LGD_IFOS, 0) = 3M9ETM
2016-04-15 10:12:25 [DEBUG] [xplex4-01201604151012240b26c172a40a7044334b6145fb0e618decd2bc2f] Response (LGD_MID, 0) = xplex4
2016-04-15 10:12:25 [DEBUG] [xplex4-01201604151012240b26c172a40a7044334b6145fb0e618decd2bc2f] Response (LGD_FINANCENAME, 0) = 신한
2016-04-15 10:12:25 [DEBUG] [xplex4-01201604151012240b26c172a40a7044334b6145fb0e618decd2bc2f] Response (LGD_DELIVERYINFO, 0) = 
2016-04-15 10:12:25 [DEBUG] [xplex4-01201604151012240b26c172a40a7044334b6145fb0e618decd2bc2f] Response (LGD_BUYER, 0) = 강경애
2016-04-15 10:12:25 [DEBUG] [xplex4-01201604151012240b26c172a40a7044334b6145fb0e618decd2bc2f] Response (LGD_BUYERID, 0) = 
2016-04-15 10:12:25 [DEBUG] [xplex4-01201604151012240b26c172a40a7044334b6145fb0e618decd2bc2f] Response (LGD_OID, 0) = 5178
2016-04-15 10:12:25 [DEBUG] [xplex4-01201604151012240b26c172a40a7044334b6145fb0e618decd2bc2f] Response (LGD_RECEIVERPHONE, 0) = 
2016-04-15 10:12:25 [DEBUG] [xplex4-01201604151012240b26c172a40a7044334b6145fb0e618decd2bc2f] Response (LGD_2TR_FLAG, 0) = Y
2016-04-15 10:12:25 [DEBUG] [xplex4-01201604151012240b26c172a40a7044334b6145fb0e618decd2bc2f] Response (LGD_DEVICE, 0) = 
2016-04-15 10:12:25 [DEBUG] [xplex4-01201604151012240b26c172a40a7044334b6145fb0e618decd2bc2f] Response (LGD_TID, 0) = xplex2016041519122539141
2016-04-15 10:12:25 [DEBUG] [xplex4-01201604151012240b26c172a40a7044334b6145fb0e618decd2bc2f] Response (LGD_TIMESTAMP, 0) = 20160415191226
2016-04-15 10:12:25 [DEBUG] [xplex4-01201604151012240b26c172a40a7044334b6145fb0e618decd2bc2f] Response (LGD_SAOWNER, 0) = 엑스플렉스(X-PLEX)
2016-04-15 10:12:25 [DEBUG] [xplex4-01201604151012240b26c172a40a7044334b6145fb0e618decd2bc2f] Response (LGD_FINANCECODE, 0) = 088
2016-04-15 10:12:25 [DEBUG] [xplex4-01201604151012240b26c172a40a7044334b6145fb0e618decd2bc2f] Response (LGD_BUYERPHONE, 0) = 01084687554
2016-04-15 10:12:25 [DEBUG] [xplex4-01201604151012240b26c172a40a7044334b6145fb0e618decd2bc2f] Response (LGD_ESCROWYN, 0) = N
2016-04-15 10:12:25 [DEBUG] [xplex4-01201604151012240b26c172a40a7044334b6145fb0e618decd2bc2f] Response (LGD_PAYTYPE, 0) = SC0040
2016-04-15 10:12:25 [DEBUG] [xplex4-01201604151012240b26c172a40a7044334b6145fb0e618decd2bc2f] Response (LGD_CASFLAG, 0) = R
2016-04-15 10:12:25 [DEBUG] [xplex4-01201604151012240b26c172a40a7044334b6145fb0e618decd2bc2f] Response (LGD_CASCAMOUNT, 0) = 0
2016-04-15 10:12:25 [DEBUG] [xplex4-01201604151012240b26c172a40a7044334b6145fb0e618decd2bc2f] Response (LGD_CASTAMOUNT, 0) = 0
2016-04-15 10:12:25 [DEBUG] [xplex4-01201604151012240b26c172a40a7044334b6145fb0e618decd2bc2f] Response (LGD_AMOUNT, 0) = 10000
2016-04-15 10:12:25 [DEBUG] [xplex4-01201604151012240b26c172a40a7044334b6145fb0e618decd2bc2f] Response (LGD_BUYERSSN, 0) = .
2016-04-15 10:12:25 [DEBUG] [xplex4-01201604151012240b26c172a40a7044334b6145fb0e618decd2bc2f] Response (LGD_RESPMSG, 0) = 26: 
2016-04-15 10:12:25 [DEBUG] [xplex4-01201604151012240b26c172a40a7044334b6145fb0e618decd2bc2f] Response (LGD_PAYDATE, 0) = 20160415191225
2016-04-15 10:12:25 [DEBUG] [xplex4-01201604151012240b26c172a40a7044334b6145fb0e618decd2bc2f] Response (LGD_PRODUCTINFO, 0) = 마음그림 워크숍 -스스로 그리는 내면초상화
2016-04-15 10:12:25 [DEBUG] [xplex4-01201604151012240b26c172a40a7044334b6145fb0e618decd2bc2f] Response (LGD_CASSEQNO, 0) = 000
2016-04-15 10:12:25 [DEBUG] [xplex4-01201604151012240b26c172a40a7044334b6145fb0e618decd2bc2f] Response (LGD_PRODUCTCODE, 0) = 
2016-04-15 10:12:25 [DEBUG] [xplex4-01201604151012240b26c172a40a7044334b6145fb0e618decd2bc2f] Response (LGD_HASHDATA, 0) = da64715b49bd25833e0b19f0113664ef
2016-04-15 10:12:25 [DEBUG] [xplex4-01201604151012240b26c172a40a7044334b6145fb0e618decd2bc2f] Response (LGD_BUYERADDRESS, 0) = 마포구 신수동 1~10062-69
2016-04-15 10:12:25 [DEBUG] [xplex4-01201604151012240b26c172a40a7044334b6145fb0e618decd2bc2f] Response (LGD_RECEIVER, 0) = 
2016-04-15 10:12:25 [DEBUG] [xplex4-01201604151012240b26c172a40a7044334b6145fb0e618decd2bc2f] Response (LGD_RESPCODE, 0) = 0000
2016-04-15 10:12:25 [DEBUG] [xplex4-01201604151012240b26c172a40a7044334b6145fb0e618decd2bc2f] Response (LGD_ACCOUNTNUM, 0) = 63790118354616
2016-04-15 10:12:25 [DEBUG] [xplex4-01201604151012240b26c172a40a7044334b6145fb0e618decd2bc2f] Response (LGD_PAYER, 0) = 강경애
2016-04-15 10:12:25 [DEBUG] [xplex4-01201604151012240b26c172a40a7044334b6145fb0e618decd2bc2f] Response (LGD_BUYEREMAIL, 0) = wowitsnow@gmail.com
