2015-07-04 02:57:34 [INFO ] [] XPayClient initialize [/home/hosting_users/xplex/www/wp-content/plugins/woocommerce-lguplus-kr/lgdacom] [service]
2015-07-04 02:57:34 [DEBUG] [] Config [server_id] = [01]
2015-07-04 02:57:34 [DEBUG] [] Config [timeout] = [60]
2015-07-04 02:57:34 [DEBUG] [] Config [log_level] = [4]
2015-07-04 02:57:34 [DEBUG] [] Config [verify_cert] = [1]
2015-07-04 02:57:34 [DEBUG] [] Config [verify_host] = [1]
2015-07-04 02:57:34 [DEBUG] [] Config [report_error] = [1]
2015-07-04 02:57:34 [DEBUG] [] Config [output_UTF8] = [1]
2015-07-04 02:57:34 [DEBUG] [] Config [auto_rollback] = [1]
2015-07-04 02:57:34 [DEBUG] [] Config [log_dir] = [/home/hosting_users/xplex/www/wp-content/plugins/woocommerce-lguplus-kr/lgdacom/log]
2015-07-04 02:57:34 [DEBUG] [] Config [txplex4] = [12d7f002e43a80c0dd64128a1957e351]
2015-07-04 02:57:34 [DEBUG] [] Config [xplex4] = [12d7f002e43a80c0dd64128a1957e351]
2015-07-04 02:57:34 [DEBUG] [] Config [url] = [https://xpayclient.lgdacom.net/xpay/Gateway.do]
2015-07-04 02:57:34 [DEBUG] [] Config [test_url] = [https://xpayclient.lgdacom.net:7443/xpay/Gateway.do]
2015-07-04 02:57:34 [DEBUG] [] Config [aux_url] = [http://xpayclient.lgdacom.net:7080/xpay/Gateway.do]
2015-07-04 02:57:34 [DEBUG] [xplex4-01201507040257344ec999b39b87843c6d794eb457c2ad6523a45550] Post [LGD_TXID] = [xplex4-01201507040257344ec999b39b87843c6d794eb457c2ad6523a45550]
2015-07-04 02:57:34 [DEBUG] [xplex4-01201507040257344ec999b39b87843c6d794eb457c2ad6523a45550] Post [LGD_AUTHCODE] = [9bcc4af90702dad627aa41691bfbbc039e7d4d1e]
2015-07-04 02:57:34 [DEBUG] [xplex4-01201507040257344ec999b39b87843c6d794eb457c2ad6523a45550] Post [LGD_MID] = [xplex4]
2015-07-04 02:57:34 [DEBUG] [xplex4-01201507040257344ec999b39b87843c6d794eb457c2ad6523a45550] Post [LGD_TXNAME] = [PaymentByKey]
2015-07-04 02:57:34 [DEBUG] [xplex4-01201507040257344ec999b39b87843c6d794eb457c2ad6523a45550] Post [LGD_PAYKEY] = [201507041157338F8EBEC38817627C9D127D3375FF3D1A28DCB856]
2015-07-04 02:57:34 [DEBUG] [xplex4-01201507040257344ec999b39b87843c6d794eb457c2ad6523a45550] post_string = LGD_TXID=xplex4-01201507040257344ec999b39b87843c6d794eb457c2ad6523a45550&LGD_AUTHCODE=9bcc4af90702dad627aa41691bfbbc039e7d4d1e&LGD_MID=xplex4&LGD_TXNAME=PaymentByKey&LGD_PAYKEY=201507041157338F8EBEC38817627C9D127D3375FF3D1A28DCB856
2015-07-04 02:57:36 [DEBUG] [xplex4-01201507040257344ec999b39b87843c6d794eb457c2ad6523a45550] Result = [









{"LGD_RESPCODE":"0000","LGD_RESPMSG":"26: ","LGD_RESPONSE":[{"LGD_IFOS":"3M8S0M","LGD_MID":"xplex4","LGD_FINANCENAME":"신한","LGD_CASHRECEIPTKIND":"0","LGD_DELIVERYINFO":"","LGD_BUYER":"장유미","LGD_BUYERID":"","LGD_OID":"3101","LGD_RECEIVERPHONE":"","LGD_2TR_FLAG":"Y","LGD_DEVICE":"","LGD_TID":"xplex2015070411573407392","LGD_TIMESTAMP":"20150704115736","LGD_SAOWNER":"엑스플렉스(X-PLEX)","LGD_FINANCECODE":"088","LGD_BUYERPHONE":"01098286828","LGD_ESCROWYN":"N","LGD_PAYTYPE":"SC0040","LGD_CASFLAG":"R","LGD_CASCAMOUNT":"0","LGD_CASTAMOUNT":"0","LGD_AMOUNT":"150000","LGD_BUYERSSN":".","LGD_CASHRECEIPTCODE":"0000","LGD_RESPMSG":"26: ","LGD_PAYDATE":"20150704115735","LGD_PRODUCTINFO":"김홍민의 1인출판 스타트업 3기","LGD_CASSEQNO":"000","LGD_PRODUCTCODE":"","LGD_HASHDATA":"46426483415273a7fc2bfb514bdbea12","LGD_BUYERADDRESS":"양천구 목동545-32","LGD_RECEIVER":"","LGD_RESPCODE":"0000","LGD_ACCOUNTNUM":"63790115571354","LGD_PAYER":"장유미","LGD_BUYEREMAIL":"ym84528@nate.com"}]}
]
2015-07-04 02:57:36 [INFO ] [xplex4-01201507040257344ec999b39b87843c6d794eb457c2ad6523a45550] Response Code=[0000], Msg=[26: ], Count=1
2015-07-04 02:57:36 [DEBUG] [xplex4-01201507040257344ec999b39b87843c6d794eb457c2ad6523a45550] Response (LGD_IFOS, 0) = 3M8S0M
2015-07-04 02:57:36 [DEBUG] [xplex4-01201507040257344ec999b39b87843c6d794eb457c2ad6523a45550] Response (LGD_MID, 0) = xplex4
2015-07-04 02:57:36 [DEBUG] [xplex4-01201507040257344ec999b39b87843c6d794eb457c2ad6523a45550] Response (LGD_FINANCENAME, 0) = 신한
2015-07-04 02:57:36 [DEBUG] [xplex4-01201507040257344ec999b39b87843c6d794eb457c2ad6523a45550] Response (LGD_CASHRECEIPTKIND, 0) = 0
2015-07-04 02:57:36 [DEBUG] [xplex4-01201507040257344ec999b39b87843c6d794eb457c2ad6523a45550] Response (LGD_DELIVERYINFO, 0) = 
2015-07-04 02:57:36 [DEBUG] [xplex4-01201507040257344ec999b39b87843c6d794eb457c2ad6523a45550] Response (LGD_BUYER, 0) = 장유미
2015-07-04 02:57:36 [DEBUG] [xplex4-01201507040257344ec999b39b87843c6d794eb457c2ad6523a45550] Response (LGD_BUYERID, 0) = 
2015-07-04 02:57:36 [DEBUG] [xplex4-01201507040257344ec999b39b87843c6d794eb457c2ad6523a45550] Response (LGD_OID, 0) = 3101
2015-07-04 02:57:36 [DEBUG] [xplex4-01201507040257344ec999b39b87843c6d794eb457c2ad6523a45550] Response (LGD_RECEIVERPHONE, 0) = 
2015-07-04 02:57:36 [DEBUG] [xplex4-01201507040257344ec999b39b87843c6d794eb457c2ad6523a45550] Response (LGD_2TR_FLAG, 0) = Y
2015-07-04 02:57:36 [DEBUG] [xplex4-01201507040257344ec999b39b87843c6d794eb457c2ad6523a45550] Response (LGD_DEVICE, 0) = 
2015-07-04 02:57:36 [DEBUG] [xplex4-01201507040257344ec999b39b87843c6d794eb457c2ad6523a45550] Response (LGD_TID, 0) = xplex2015070411573407392
2015-07-04 02:57:36 [DEBUG] [xplex4-01201507040257344ec999b39b87843c6d794eb457c2ad6523a45550] Response (LGD_TIMESTAMP, 0) = 20150704115736
2015-07-04 02:57:36 [DEBUG] [xplex4-01201507040257344ec999b39b87843c6d794eb457c2ad6523a45550] Response (LGD_SAOWNER, 0) = 엑스플렉스(X-PLEX)
2015-07-04 02:57:36 [DEBUG] [xplex4-01201507040257344ec999b39b87843c6d794eb457c2ad6523a45550] Response (LGD_FINANCECODE, 0) = 088
2015-07-04 02:57:36 [DEBUG] [xplex4-01201507040257344ec999b39b87843c6d794eb457c2ad6523a45550] Response (LGD_BUYERPHONE, 0) = 01098286828
2015-07-04 02:57:36 [DEBUG] [xplex4-01201507040257344ec999b39b87843c6d794eb457c2ad6523a45550] Response (LGD_ESCROWYN, 0) = N
2015-07-04 02:57:36 [DEBUG] [xplex4-01201507040257344ec999b39b87843c6d794eb457c2ad6523a45550] Response (LGD_PAYTYPE, 0) = SC0040
2015-07-04 02:57:36 [DEBUG] [xplex4-01201507040257344ec999b39b87843c6d794eb457c2ad6523a45550] Response (LGD_CASFLAG, 0) = R
2015-07-04 02:57:36 [DEBUG] [xplex4-01201507040257344ec999b39b87843c6d794eb457c2ad6523a45550] Response (LGD_CASCAMOUNT, 0) = 0
2015-07-04 02:57:36 [DEBUG] [xplex4-01201507040257344ec999b39b87843c6d794eb457c2ad6523a45550] Response (LGD_CASTAMOUNT, 0) = 0
2015-07-04 02:57:36 [DEBUG] [xplex4-01201507040257344ec999b39b87843c6d794eb457c2ad6523a45550] Response (LGD_AMOUNT, 0) = 150000
2015-07-04 02:57:36 [DEBUG] [xplex4-01201507040257344ec999b39b87843c6d794eb457c2ad6523a45550] Response (LGD_BUYERSSN, 0) = .
2015-07-04 02:57:36 [DEBUG] [xplex4-01201507040257344ec999b39b87843c6d794eb457c2ad6523a45550] Response (LGD_CASHRECEIPTCODE, 0) = 0000
2015-07-04 02:57:36 [DEBUG] [xplex4-01201507040257344ec999b39b87843c6d794eb457c2ad6523a45550] Response (LGD_RESPMSG, 0) = 26: 
2015-07-04 02:57:36 [DEBUG] [xplex4-01201507040257344ec999b39b87843c6d794eb457c2ad6523a45550] Response (LGD_PAYDATE, 0) = 20150704115735
2015-07-04 02:57:36 [DEBUG] [xplex4-01201507040257344ec999b39b87843c6d794eb457c2ad6523a45550] Response (LGD_PRODUCTINFO, 0) = 김홍민의 1인출판 스타트업 3기
2015-07-04 02:57:36 [DEBUG] [xplex4-01201507040257344ec999b39b87843c6d794eb457c2ad6523a45550] Response (LGD_CASSEQNO, 0) = 000
2015-07-04 02:57:36 [DEBUG] [xplex4-01201507040257344ec999b39b87843c6d794eb457c2ad6523a45550] Response (LGD_PRODUCTCODE, 0) = 
2015-07-04 02:57:36 [DEBUG] [xplex4-01201507040257344ec999b39b87843c6d794eb457c2ad6523a45550] Response (LGD_HASHDATA, 0) = 46426483415273a7fc2bfb514bdbea12
2015-07-04 02:57:36 [DEBUG] [xplex4-01201507040257344ec999b39b87843c6d794eb457c2ad6523a45550] Response (LGD_BUYERADDRESS, 0) = 양천구 목동545-32
2015-07-04 02:57:36 [DEBUG] [xplex4-01201507040257344ec999b39b87843c6d794eb457c2ad6523a45550] Response (LGD_RECEIVER, 0) = 
2015-07-04 02:57:36 [DEBUG] [xplex4-01201507040257344ec999b39b87843c6d794eb457c2ad6523a45550] Response (LGD_RESPCODE, 0) = 0000
2015-07-04 02:57:36 [DEBUG] [xplex4-01201507040257344ec999b39b87843c6d794eb457c2ad6523a45550] Response (LGD_ACCOUNTNUM, 0) = 63790115571354
2015-07-04 02:57:36 [DEBUG] [xplex4-01201507040257344ec999b39b87843c6d794eb457c2ad6523a45550] Response (LGD_PAYER, 0) = 장유미
2015-07-04 02:57:36 [DEBUG] [xplex4-01201507040257344ec999b39b87843c6d794eb457c2ad6523a45550] Response (LGD_BUYEREMAIL, 0) = ym84528@nate.com
