2015-01-13 09:53:56 [INFO ] [] XPayClient initialize [/home/hosting_users/xplex/www/wp-content/plugins/woocommerce-lguplus-kr/lgdacom] [service]
2015-01-13 09:53:56 [DEBUG] [] Config [server_id] = [01]
2015-01-13 09:53:56 [DEBUG] [] Config [timeout] = [60]
2015-01-13 09:53:56 [DEBUG] [] Config [log_level] = [4]
2015-01-13 09:53:56 [DEBUG] [] Config [verify_cert] = [1]
2015-01-13 09:53:56 [DEBUG] [] Config [verify_host] = [1]
2015-01-13 09:53:56 [DEBUG] [] Config [report_error] = [1]
2015-01-13 09:53:56 [DEBUG] [] Config [output_UTF8] = [1]
2015-01-13 09:53:56 [DEBUG] [] Config [auto_rollback] = [1]
2015-01-13 09:53:56 [DEBUG] [] Config [log_dir] = [/home/hosting_users/xplex/www/wp-content/plugins/woocommerce-lguplus-kr/lgdacom/log]
2015-01-13 09:53:56 [DEBUG] [] Config [txplex4] = [12d7f002e43a80c0dd64128a1957e351]
2015-01-13 09:53:56 [DEBUG] [] Config [xplex4] = [12d7f002e43a80c0dd64128a1957e351]
2015-01-13 09:53:56 [DEBUG] [] Config [url] = [https://xpayclient.lgdacom.net/xpay/Gateway.do]
2015-01-13 09:53:56 [DEBUG] [] Config [test_url] = [https://xpayclient.lgdacom.net:7443/xpay/Gateway.do]
2015-01-13 09:53:56 [DEBUG] [] Config [aux_url] = [http://xpayclient.lgdacom.net:7080/xpay/Gateway.do]
2015-01-13 09:53:56 [DEBUG] [xplex4-0120150113095356e9383bddc58ad21a992d74b7df1f620f59de508b] Post [LGD_TXID] = [xplex4-0120150113095356e9383bddc58ad21a992d74b7df1f620f59de508b]
2015-01-13 09:53:56 [DEBUG] [xplex4-0120150113095356e9383bddc58ad21a992d74b7df1f620f59de508b] Post [LGD_AUTHCODE] = [31fc4d7639a6d30934c649ed263cf58dc575d60b]
2015-01-13 09:53:56 [DEBUG] [xplex4-0120150113095356e9383bddc58ad21a992d74b7df1f620f59de508b] Post [LGD_MID] = [xplex4]
2015-01-13 09:53:56 [DEBUG] [xplex4-0120150113095356e9383bddc58ad21a992d74b7df1f620f59de508b] Post [LGD_TXNAME] = [PaymentByKey]
2015-01-13 09:53:56 [DEBUG] [xplex4-0120150113095356e9383bddc58ad21a992d74b7df1f620f59de508b] Post [LGD_PAYKEY] = [20150113185355E29CBEAEBFF57393609D646D98D01E41FFCAAEE6]
2015-01-13 09:53:56 [DEBUG] [xplex4-0120150113095356e9383bddc58ad21a992d74b7df1f620f59de508b] post_string = LGD_TXID=xplex4-0120150113095356e9383bddc58ad21a992d74b7df1f620f59de508b&LGD_AUTHCODE=31fc4d7639a6d30934c649ed263cf58dc575d60b&LGD_MID=xplex4&LGD_TXNAME=PaymentByKey&LGD_PAYKEY=20150113185355E29CBEAEBFF57393609D646D98D01E41FFCAAEE6
2015-01-13 09:53:57 [DEBUG] [xplex4-0120150113095356e9383bddc58ad21a992d74b7df1f620f59de508b] Result = [









{"LGD_RESPCODE":"0000","LGD_RESPMSG":"26: ","LGD_RESPONSE":[{"LGD_IFOS":"3A4S0S","LGD_MID":"xplex4","LGD_FINANCENAME":"신한","LGD_DELIVERYINFO":"","LGD_BUYER":"김우용","LGD_BUYERID":"","LGD_OID":"1246","LGD_RECEIVERPHONE":"","LGD_2TR_FLAG":"Y","LGD_DEVICE":"","LGD_TID":"xplex2015011318535614927","LGD_TIMESTAMP":"20150113185357","LGD_SAOWNER":"엑스플렉스(X-PLEX)","LGD_FINANCECODE":"088","LGD_BUYERPHONE":"01094435671","LGD_ESCROWYN":"N","LGD_PAYTYPE":"SC0040","LGD_CASFLAG":"R","LGD_CASCAMOUNT":"0","LGD_CASTAMOUNT":"0","LGD_AMOUNT":"150000","LGD_BUYERSSN":".","LGD_RESPMSG":"26: ","LGD_PAYDATE":"20150113185357","LGD_PRODUCTINFO":"대중문화평론가 김봉현의 문화와 이슈를 가지고 노는 글쓰기의 노하우","LGD_CASSEQNO":"000","LGD_PRODUCTCODE":"","LGD_HASHDATA":"54cc6f680989df9b012bd4db01cfb151","LGD_BUYERADDRESS":"용산구 보광동337-2번지","LGD_RECEIVER":"","LGD_RESPCODE":"0000","LGD_ACCOUNTNUM":"63790113478474","LGD_PAYER":"김우용","LGD_BUYEREMAIL":"dndyd426@naver.com"}]}
]
2015-01-13 09:53:57 [INFO ] [xplex4-0120150113095356e9383bddc58ad21a992d74b7df1f620f59de508b] Response Code=[0000], Msg=[26: ], Count=1
2015-01-13 09:53:57 [DEBUG] [xplex4-0120150113095356e9383bddc58ad21a992d74b7df1f620f59de508b] Response (LGD_IFOS, 0) = 3A4S0S
2015-01-13 09:53:57 [DEBUG] [xplex4-0120150113095356e9383bddc58ad21a992d74b7df1f620f59de508b] Response (LGD_MID, 0) = xplex4
2015-01-13 09:53:57 [DEBUG] [xplex4-0120150113095356e9383bddc58ad21a992d74b7df1f620f59de508b] Response (LGD_FINANCENAME, 0) = 신한
2015-01-13 09:53:57 [DEBUG] [xplex4-0120150113095356e9383bddc58ad21a992d74b7df1f620f59de508b] Response (LGD_DELIVERYINFO, 0) = 
2015-01-13 09:53:57 [DEBUG] [xplex4-0120150113095356e9383bddc58ad21a992d74b7df1f620f59de508b] Response (LGD_BUYER, 0) = 김우용
2015-01-13 09:53:57 [DEBUG] [xplex4-0120150113095356e9383bddc58ad21a992d74b7df1f620f59de508b] Response (LGD_BUYERID, 0) = 
2015-01-13 09:53:57 [DEBUG] [xplex4-0120150113095356e9383bddc58ad21a992d74b7df1f620f59de508b] Response (LGD_OID, 0) = 1246
2015-01-13 09:53:57 [DEBUG] [xplex4-0120150113095356e9383bddc58ad21a992d74b7df1f620f59de508b] Response (LGD_RECEIVERPHONE, 0) = 
2015-01-13 09:53:57 [DEBUG] [xplex4-0120150113095356e9383bddc58ad21a992d74b7df1f620f59de508b] Response (LGD_2TR_FLAG, 0) = Y
2015-01-13 09:53:57 [DEBUG] [xplex4-0120150113095356e9383bddc58ad21a992d74b7df1f620f59de508b] Response (LGD_DEVICE, 0) = 
2015-01-13 09:53:57 [DEBUG] [xplex4-0120150113095356e9383bddc58ad21a992d74b7df1f620f59de508b] Response (LGD_TID, 0) = xplex2015011318535614927
2015-01-13 09:53:57 [DEBUG] [xplex4-0120150113095356e9383bddc58ad21a992d74b7df1f620f59de508b] Response (LGD_TIMESTAMP, 0) = 20150113185357
2015-01-13 09:53:57 [DEBUG] [xplex4-0120150113095356e9383bddc58ad21a992d74b7df1f620f59de508b] Response (LGD_SAOWNER, 0) = 엑스플렉스(X-PLEX)
2015-01-13 09:53:57 [DEBUG] [xplex4-0120150113095356e9383bddc58ad21a992d74b7df1f620f59de508b] Response (LGD_FINANCECODE, 0) = 088
2015-01-13 09:53:57 [DEBUG] [xplex4-0120150113095356e9383bddc58ad21a992d74b7df1f620f59de508b] Response (LGD_BUYERPHONE, 0) = 01094435671
2015-01-13 09:53:57 [DEBUG] [xplex4-0120150113095356e9383bddc58ad21a992d74b7df1f620f59de508b] Response (LGD_ESCROWYN, 0) = N
2015-01-13 09:53:57 [DEBUG] [xplex4-0120150113095356e9383bddc58ad21a992d74b7df1f620f59de508b] Response (LGD_PAYTYPE, 0) = SC0040
2015-01-13 09:53:57 [DEBUG] [xplex4-0120150113095356e9383bddc58ad21a992d74b7df1f620f59de508b] Response (LGD_CASFLAG, 0) = R
2015-01-13 09:53:57 [DEBUG] [xplex4-0120150113095356e9383bddc58ad21a992d74b7df1f620f59de508b] Response (LGD_CASCAMOUNT, 0) = 0
2015-01-13 09:53:57 [DEBUG] [xplex4-0120150113095356e9383bddc58ad21a992d74b7df1f620f59de508b] Response (LGD_CASTAMOUNT, 0) = 0
2015-01-13 09:53:57 [DEBUG] [xplex4-0120150113095356e9383bddc58ad21a992d74b7df1f620f59de508b] Response (LGD_AMOUNT, 0) = 150000
2015-01-13 09:53:57 [DEBUG] [xplex4-0120150113095356e9383bddc58ad21a992d74b7df1f620f59de508b] Response (LGD_BUYERSSN, 0) = .
2015-01-13 09:53:57 [DEBUG] [xplex4-0120150113095356e9383bddc58ad21a992d74b7df1f620f59de508b] Response (LGD_RESPMSG, 0) = 26: 
2015-01-13 09:53:57 [DEBUG] [xplex4-0120150113095356e9383bddc58ad21a992d74b7df1f620f59de508b] Response (LGD_PAYDATE, 0) = 20150113185357
2015-01-13 09:53:57 [DEBUG] [xplex4-0120150113095356e9383bddc58ad21a992d74b7df1f620f59de508b] Response (LGD_PRODUCTINFO, 0) = 대중문화평론가 김봉현의 문화와 이슈를 가지고 노는 글쓰기의 노하우
2015-01-13 09:53:57 [DEBUG] [xplex4-0120150113095356e9383bddc58ad21a992d74b7df1f620f59de508b] Response (LGD_CASSEQNO, 0) = 000
2015-01-13 09:53:57 [DEBUG] [xplex4-0120150113095356e9383bddc58ad21a992d74b7df1f620f59de508b] Response (LGD_PRODUCTCODE, 0) = 
2015-01-13 09:53:57 [DEBUG] [xplex4-0120150113095356e9383bddc58ad21a992d74b7df1f620f59de508b] Response (LGD_HASHDATA, 0) = 54cc6f680989df9b012bd4db01cfb151
2015-01-13 09:53:57 [DEBUG] [xplex4-0120150113095356e9383bddc58ad21a992d74b7df1f620f59de508b] Response (LGD_BUYERADDRESS, 0) = 용산구 보광동337-2번지
2015-01-13 09:53:57 [DEBUG] [xplex4-0120150113095356e9383bddc58ad21a992d74b7df1f620f59de508b] Response (LGD_RECEIVER, 0) = 
2015-01-13 09:53:57 [DEBUG] [xplex4-0120150113095356e9383bddc58ad21a992d74b7df1f620f59de508b] Response (LGD_RESPCODE, 0) = 0000
2015-01-13 09:53:57 [DEBUG] [xplex4-0120150113095356e9383bddc58ad21a992d74b7df1f620f59de508b] Response (LGD_ACCOUNTNUM, 0) = 63790113478474
2015-01-13 09:53:57 [DEBUG] [xplex4-0120150113095356e9383bddc58ad21a992d74b7df1f620f59de508b] Response (LGD_PAYER, 0) = 김우용
2015-01-13 09:53:57 [DEBUG] [xplex4-0120150113095356e9383bddc58ad21a992d74b7df1f620f59de508b] Response (LGD_BUYEREMAIL, 0) = dndyd426@naver.com
