2015-08-29 00:18:16 [INFO ] [] XPayClient initialize [/home/hosting_users/xplex/www/wp-content/plugins/woocommerce-lguplus-kr/lgdacom] [service]
2015-08-29 00:18:16 [DEBUG] [] Config [server_id] = [01]
2015-08-29 00:18:16 [DEBUG] [] Config [timeout] = [60]
2015-08-29 00:18:16 [DEBUG] [] Config [log_level] = [4]
2015-08-29 00:18:16 [DEBUG] [] Config [verify_cert] = [1]
2015-08-29 00:18:16 [DEBUG] [] Config [verify_host] = [1]
2015-08-29 00:18:16 [DEBUG] [] Config [report_error] = [1]
2015-08-29 00:18:16 [DEBUG] [] Config [output_UTF8] = [1]
2015-08-29 00:18:16 [DEBUG] [] Config [auto_rollback] = [1]
2015-08-29 00:18:16 [DEBUG] [] Config [log_dir] = [/home/hosting_users/xplex/www/wp-content/plugins/woocommerce-lguplus-kr/lgdacom/log]
2015-08-29 00:18:16 [DEBUG] [] Config [txplex4] = [12d7f002e43a80c0dd64128a1957e351]
2015-08-29 00:18:16 [DEBUG] [] Config [xplex4] = [12d7f002e43a80c0dd64128a1957e351]
2015-08-29 00:18:16 [DEBUG] [] Config [url] = [https://xpayclient.lgdacom.net/xpay/Gateway.do]
2015-08-29 00:18:16 [DEBUG] [] Config [test_url] = [https://xpayclient.lgdacom.net:7443/xpay/Gateway.do]
2015-08-29 00:18:16 [DEBUG] [] Config [aux_url] = [http://xpayclient.lgdacom.net:7080/xpay/Gateway.do]
2015-08-29 00:18:16 [DEBUG] [xplex4-0120150829001816c908d15c7ef13d9657b378c3be6ab38ba4a06753] Post [LGD_TXID] = [xplex4-0120150829001816c908d15c7ef13d9657b378c3be6ab38ba4a06753]
2015-08-29 00:18:16 [DEBUG] [xplex4-0120150829001816c908d15c7ef13d9657b378c3be6ab38ba4a06753] Post [LGD_AUTHCODE] = [4fb12ac27d8c0ea4b5a39c7834d152b506c03ab7]
2015-08-29 00:18:16 [DEBUG] [xplex4-0120150829001816c908d15c7ef13d9657b378c3be6ab38ba4a06753] Post [LGD_MID] = [xplex4]
2015-08-29 00:18:16 [DEBUG] [xplex4-0120150829001816c908d15c7ef13d9657b378c3be6ab38ba4a06753] Post [LGD_TXNAME] = [PaymentByKey]
2015-08-29 00:18:16 [DEBUG] [xplex4-0120150829001816c908d15c7ef13d9657b378c3be6ab38ba4a06753] Post [LGD_PAYKEY] = [201508290918157044E8CF8E8EB52B6D05DC7F9DC3762751867BCD]
2015-08-29 00:18:16 [DEBUG] [xplex4-0120150829001816c908d15c7ef13d9657b378c3be6ab38ba4a06753] post_string = LGD_TXID=xplex4-0120150829001816c908d15c7ef13d9657b378c3be6ab38ba4a06753&LGD_AUTHCODE=4fb12ac27d8c0ea4b5a39c7834d152b506c03ab7&LGD_MID=xplex4&LGD_TXNAME=PaymentByKey&LGD_PAYKEY=201508290918157044E8CF8E8EB52B6D05DC7F9DC3762751867BCD
2015-08-29 00:18:17 [DEBUG] [xplex4-0120150829001816c908d15c7ef13d9657b378c3be6ab38ba4a06753] Result = [









{"LGD_RESPCODE":"0000","LGD_RESPMSG":"81: ","LGD_RESPONSE":[{"LGD_IFOS":"3A4C0S","LGD_MID":"xplex4","LGD_FINANCENAME":"ÌïòÎÇò","LGD_CASHRECEIPTKIND":"0","LGD_DELIVERYINFO":"","LGD_BUYER":"ÏûÑÏ†ïÌõà","LGD_BUYERID":"","LGD_OID":"3520","LGD_RECEIVERPHONE":"","LGD_2TR_FLAG":"Y","LGD_DEVICE":"","LGD_TID":"xplex2015082909181676444","LGD_TIMESTAMP":"20150829091817","LGD_SAOWNER":"ÏóëÏä§ÌîåÎ†âÏä§(X-PLEX)","LGD_FINANCECODE":"081","LGD_BUYERPHONE":"01053373079","LGD_ESCROWYN":"N","LGD_PAYTYPE":"SC0040","LGD_CASFLAG":"R","LGD_CASCAMOUNT":"0","LGD_CASTAMOUNT":"0","LGD_AMOUNT":"150000","LGD_BUYERSSN":".","LGD_CASHRECEIPTCODE":"0000","LGD_RESPMSG":"81: ","LGD_PAYDATE":"20150829091817","LGD_PRODUCTINFO":"ÍπÄÌôçÎØºÏùò 1Ïù∏Ï∂úÌåê Ïä§ÌÉÄÌä∏ÏóÖ 4Í∏∞","LGD_CASSEQNO":"000","LGD_PRODUCTCODE":"","LGD_HASHDATA":"06de6dd6224c4c1b2fc53d63648e781b","LGD_BUYERADDRESS":"ÎèÑÎ¥âÍµ¨ ÏåçÎ¨∏Îèô195 ÏåçÎ¨∏Ï≤≠Íµ¨@ 101-304","LGD_RECEIVER":"","LGD_RESPCODE":"0000","LGD_ACCOUNTNUM":"29890493322737","LGD_PAYER":"ÏûÑÏ†ïÌõà","LGD_BUYEREMAIL":"jenith7@naver.com"}]}
]
2015-08-29 00:18:17 [INFO ] [xplex4-0120150829001816c908d15c7ef13d9657b378c3be6ab38ba4a06753] Response Code=[0000], Msg=[81: ], Count=1
2015-08-29 00:18:17 [DEBUG] [xplex4-0120150829001816c908d15c7ef13d9657b378c3be6ab38ba4a06753] Response (LGD_IFOS, 0) = 3A4C0S
2015-08-29 00:18:17 [DEBUG] [xplex4-0120150829001816c908d15c7ef13d9657b378c3be6ab38ba4a06753] Response (LGD_MID, 0) = xplex4
2015-08-29 00:18:17 [DEBUG] [xplex4-0120150829001816c908d15c7ef13d9657b378c3be6ab38ba4a06753] Response (LGD_FINANCENAME, 0) = ÌïòÎÇò
2015-08-29 00:18:17 [DEBUG] [xplex4-0120150829001816c908d15c7ef13d9657b378c3be6ab38ba4a06753] Response (LGD_CASHRECEIPTKIND, 0) = 0
2015-08-29 00:18:17 [DEBUG] [xplex4-0120150829001816c908d15c7ef13d9657b378c3be6ab38ba4a06753] Response (LGD_DELIVERYINFO, 0) = 
2015-08-29 00:18:17 [DEBUG] [xplex4-0120150829001816c908d15c7ef13d9657b378c3be6ab38ba4a06753] Response (LGD_BUYER, 0) = ÏûÑÏ†ïÌõà
2015-08-29 00:18:17 [DEBUG] [xplex4-0120150829001816c908d15c7ef13d9657b378c3be6ab38ba4a06753] Response (LGD_BUYERID, 0) = 
2015-08-29 00:18:17 [DEBUG] [xplex4-0120150829001816c908d15c7ef13d9657b378c3be6ab38ba4a06753] Response (LGD_OID, 0) = 3520
2015-08-29 00:18:17 [DEBUG] [xplex4-0120150829001816c908d15c7ef13d9657b378c3be6ab38ba4a06753] Response (LGD_RECEIVERPHONE, 0) = 
2015-08-29 00:18:17 [DEBUG] [xplex4-0120150829001816c908d15c7ef13d9657b378c3be6ab38ba4a06753] Response (LGD_2TR_FLAG, 0) = Y
2015-08-29 00:18:17 [DEBUG] [xplex4-0120150829001816c908d15c7ef13d9657b378c3be6ab38ba4a06753] Response (LGD_DEVICE, 0) = 
2015-08-29 00:18:17 [DEBUG] [xplex4-0120150829001816c908d15c7ef13d9657b378c3be6ab38ba4a06753] Response (LGD_TID, 0) = xplex2015082909181676444
2015-08-29 00:18:17 [DEBUG] [xplex4-0120150829001816c908d15c7ef13d9657b378c3be6ab38ba4a06753] Response (LGD_TIMESTAMP, 0) = 20150829091817
2015-08-29 00:18:17 [DEBUG] [xplex4-0120150829001816c908d15c7ef13d9657b378c3be6ab38ba4a06753] Response (LGD_SAOWNER, 0) = ÏóëÏä§ÌîåÎ†âÏä§(X-PLEX)
2015-08-29 00:18:17 [DEBUG] [xplex4-0120150829001816c908d15c7ef13d9657b378c3be6ab38ba4a06753] Response (LGD_FINANCECODE, 0) = 081
2015-08-29 00:18:17 [DEBUG] [xplex4-0120150829001816c908d15c7ef13d9657b378c3be6ab38ba4a06753] Response (LGD_BUYERPHONE, 0) = 01053373079
2015-08-29 00:18:17 [DEBUG] [xplex4-0120150829001816c908d15c7ef13d9657b378c3be6ab38ba4a06753] Response (LGD_ESCROWYN, 0) = N
2015-08-29 00:18:17 [DEBUG] [xplex4-0120150829001816c908d15c7ef13d9657b378c3be6ab38ba4a06753] Response (LGD_PAYTYPE, 0) = SC0040
2015-08-29 00:18:17 [DEBUG] [xplex4-0120150829001816c908d15c7ef13d9657b378c3be6ab38ba4a06753] Response (LGD_CASFLAG, 0) = R
2015-08-29 00:18:17 [DEBUG] [xplex4-0120150829001816c908d15c7ef13d9657b378c3be6ab38ba4a06753] Response (LGD_CASCAMOUNT, 0) = 0
2015-08-29 00:18:17 [DEBUG] [xplex4-0120150829001816c908d15c7ef13d9657b378c3be6ab38ba4a06753] Response (LGD_CASTAMOUNT, 0) = 0
2015-08-29 00:18:17 [DEBUG] [xplex4-0120150829001816c908d15c7ef13d9657b378c3be6ab38ba4a06753] Response (LGD_AMOUNT, 0) = 150000
2015-08-29 00:18:17 [DEBUG] [xplex4-0120150829001816c908d15c7ef13d9657b378c3be6ab38ba4a06753] Response (LGD_BUYERSSN, 0) = .
2015-08-29 00:18:17 [DEBUG] [xplex4-0120150829001816c908d15c7ef13d9657b378c3be6ab38ba4a06753] Response (LGD_CASHRECEIPTCODE, 0) = 0000
2015-08-29 00:18:17 [DEBUG] [xplex4-0120150829001816c908d15c7ef13d9657b378c3be6ab38ba4a06753] Response (LGD_RESPMSG, 0) = 81: 
2015-08-29 00:18:17 [DEBUG] [xplex4-0120150829001816c908d15c7ef13d9657b378c3be6ab38ba4a06753] Response (LGD_PAYDATE, 0) = 20150829091817
2015-08-29 00:18:17 [DEBUG] [xplex4-0120150829001816c908d15c7ef13d9657b378c3be6ab38ba4a06753] Response (LGD_PRODUCTINFO, 0) = ÍπÄÌôçÎØºÏùò 1Ïù∏Ï∂úÌåê Ïä§ÌÉÄÌä∏ÏóÖ 4Í∏∞
2015-08-29 00:18:17 [DEBUG] [xplex4-0120150829001816c908d15c7ef13d9657b378c3be6ab38ba4a06753] Response (LGD_CASSEQNO, 0) = 000
2015-08-29 00:18:17 [DEBUG] [xplex4-0120150829001816c908d15c7ef13d9657b378c3be6ab38ba4a06753] Response (LGD_PRODUCTCODE, 0) = 
2015-08-29 00:18:17 [DEBUG] [xplex4-0120150829001816c908d15c7ef13d9657b378c3be6ab38ba4a06753] Response (LGD_HASHDATA, 0) = 06de6dd6224c4c1b2fc53d63648e781b
2015-08-29 00:18:17 [DEBUG] [xplex4-0120150829001816c908d15c7ef13d9657b378c3be6ab38ba4a06753] Response (LGD_BUYERADDRESS, 0) = ÎèÑÎ¥âÍµ¨ ÏåçÎ¨∏Îèô195 ÏåçÎ¨∏Ï≤≠Íµ¨@ 101-304
2015-08-29 00:18:17 [DEBUG] [xplex4-0120150829001816c908d15c7ef13d9657b378c3be6ab38ba4a06753] Response (LGD_RECEIVER, 0) = 
2015-08-29 00:18:17 [DEBUG] [xplex4-0120150829001816c908d15c7ef13d9657b378c3be6ab38ba4a06753] Response (LGD_RESPCODE, 0) = 0000
2015-08-29 00:18:17 [DEBUG] [xplex4-0120150829001816c908d15c7ef13d9657b378c3be6ab38ba4a06753] Response (LGD_ACCOUNTNUM, 0) = 29890493322737
2015-08-29 00:18:17 [DEBUG] [xplex4-0120150829001816c908d15c7ef13d9657b378c3be6ab38ba4a06753] Response (LGD_PAYER, 0) = ÏûÑÏ†ïÌõà
2015-08-29 00:18:17 [DEBUG] [xplex4-0120150829001816c908d15c7ef13d9657b378c3be6ab38ba4a06753] Response (LGD_BUYEREMAIL, 0) = jenith7@naver.com
2015-08-29 00:23:53 [INFO ] [] XPayClient initialize [/home/hosting_users/xplex/www/wp-content/plugins/woocommerce-lguplus-kr/lgdacom] [service]
2015-08-29 00:23:53 [DEBUG] [] Config [server_id] = [01]
2015-08-29 00:23:53 [DEBUG] [] Config [timeout] = [60]
2015-08-29 00:23:53 [DEBUG] [] Config [log_level] = [4]
2015-08-29 00:23:53 [DEBUG] [] Config [verify_cert] = [1]
2015-08-29 00:23:53 [DEBUG] [] Config [verify_host] = [1]
2015-08-29 00:23:53 [DEBUG] [] Config [report_error] = [1]
2015-08-29 00:23:53 [DEBUG] [] Config [output_UTF8] = [1]
2015-08-29 00:23:53 [DEBUG] [] Config [auto_rollback] = [1]
2015-08-29 00:23:53 [DEBUG] [] Config [log_dir] = [/home/hosting_users/xplex/www/wp-content/plugins/woocommerce-lguplus-kr/lgdacom/log]
2015-08-29 00:23:53 [DEBUG] [] Config [txplex4] = [12d7f002e43a80c0dd64128a1957e351]
2015-08-29 00:23:53 [DEBUG] [] Config [xplex4] = [12d7f002e43a80c0dd64128a1957e351]
2015-08-29 00:23:53 [DEBUG] [] Config [url] = [https://xpayclient.lgdacom.net/xpay/Gateway.do]
2015-08-29 00:23:53 [DEBUG] [] Config [test_url] = [https://xpayclient.lgdacom.net:7443/xpay/Gateway.do]
2015-08-29 00:23:53 [DEBUG] [] Config [aux_url] = [http://xpayclient.lgdacom.net:7080/xpay/Gateway.do]
2015-08-29 00:23:53 [DEBUG] [xplex4-012015082900235388e42a26bf21dae243ee1356cecfe10dd9ee252f] Post [LGD_TXID] = [xplex4-012015082900235388e42a26bf21dae243ee1356cecfe10dd9ee252f]
2015-08-29 00:23:53 [DEBUG] [xplex4-012015082900235388e42a26bf21dae243ee1356cecfe10dd9ee252f] Post [LGD_AUTHCODE] = [d1dbb9a32e2f4436ad4f07146fc44122ea829fda]
2015-08-29 00:23:53 [DEBUG] [xplex4-012015082900235388e42a26bf21dae243ee1356cecfe10dd9ee252f] Post [LGD_MID] = [xplex4]
2015-08-29 00:23:53 [DEBUG] [xplex4-012015082900235388e42a26bf21dae243ee1356cecfe10dd9ee252f] Post [LGD_TXNAME] = [PaymentByKey]
2015-08-29 00:23:53 [DEBUG] [xplex4-012015082900235388e42a26bf21dae243ee1356cecfe10dd9ee252f] Post [LGD_PAYKEY] = [201508290923517044E8CF8E8EB52B6D05DC7F9DC3762751867BCD]
2015-08-29 00:23:53 [DEBUG] [xplex4-012015082900235388e42a26bf21dae243ee1356cecfe10dd9ee252f] post_string = LGD_TXID=xplex4-012015082900235388e42a26bf21dae243ee1356cecfe10dd9ee252f&LGD_AUTHCODE=d1dbb9a32e2f4436ad4f07146fc44122ea829fda&LGD_MID=xplex4&LGD_TXNAME=PaymentByKey&LGD_PAYKEY=201508290923517044E8CF8E8EB52B6D05DC7F9DC3762751867BCD
2015-08-29 00:23:53 [DEBUG] [xplex4-012015082900235388e42a26bf21dae243ee1356cecfe10dd9ee252f] Result = [









{"LGD_RESPCODE":"A016","LGD_RESPMSG":"Ï§ëÎ≥µÎêú Ï£ºÎ¨∏Î≤àÌò∏ÏûÖÎãàÎã§.#","LGD_RESPONSE":[{"LGD_IFOS":"3A4C0S","LGD_MID":"xplex4","LGD_FINANCENAME":"ÌïòÎÇò","LGD_CASHRECEIPTKIND":"0","LGD_DELIVERYINFO":"","LGD_BUYER":"ÏûÑÏ†ïÌõà","LGD_BUYERID":"","LGD_OID":"3520","LGD_RECEIVERPHONE":"","LGD_2TR_FLAG":"Y","LGD_DEVICE":"","LGD_TID":"xplex2015082909181676444","LGD_TIMESTAMP":"20150829092353","LGD_SAOWNER":"ÏóëÏä§ÌîåÎ†âÏä§(X-PLEX)","LGD_FINANCECODE":"081","LGD_BUYERPHONE":"01053373079","LGD_ESCROWYN":"N","LGD_PAYTYPE":"SC0040","LGD_CASFLAG":"R","LGD_CASCAMOUNT":"0","LGD_CASTAMOUNT":"0","LGD_AMOUNT":"150000","LGD_BUYERSSN":".","LGD_CASHRECEIPTCODE":"0000","LGD_RESPMSG":"Ï§ëÎ≥µÎêú Ï£ºÎ¨∏Î≤àÌò∏ÏûÖÎãàÎã§.#","LGD_PAYDATE":"20150829092353","LGD_PRODUCTINFO":"ÍπÄÌôçÎØºÏùò 1Ïù∏Ï∂úÌåê Ïä§ÌÉÄÌä∏ÏóÖ 4Í∏∞","LGD_CASSEQNO":"000","LGD_PRODUCTCODE":"","LGD_HASHDATA":"f04661287d76e2f45d58f623322c36f6","LGD_BUYERADDRESS":"ÎèÑÎ¥âÍµ¨ ÏåçÎ¨∏Îèô195 ÏåçÎ¨∏Ï≤≠Íµ¨@ 101-304","LGD_RECEIVER":"","LGD_RESPCODE":"A016","LGD_ACCOUNTNUM":"    ","LGD_PAYER":"ÏûÑÏ†ïÌõà","LGD_BUYEREMAIL":"jenith7@naver.com"}]}
]
2015-08-29 00:23:53 [INFO ] [xplex4-012015082900235388e42a26bf21dae243ee1356cecfe10dd9ee252f] Response Code=[A016], Msg=[¡ﬂ∫πµ» ¡÷πÆπ¯»£¿‘¥œ¥Ÿ.#], Count=1
2015-08-29 00:23:53 [DEBUG] [xplex4-012015082900235388e42a26bf21dae243ee1356cecfe10dd9ee252f] Response (LGD_IFOS, 0) = 3A4C0S
2015-08-29 00:23:53 [DEBUG] [xplex4-012015082900235388e42a26bf21dae243ee1356cecfe10dd9ee252f] Response (LGD_MID, 0) = xplex4
2015-08-29 00:23:53 [DEBUG] [xplex4-012015082900235388e42a26bf21dae243ee1356cecfe10dd9ee252f] Response (LGD_FINANCENAME, 0) = ÌïòÎÇò
2015-08-29 00:23:53 [DEBUG] [xplex4-012015082900235388e42a26bf21dae243ee1356cecfe10dd9ee252f] Response (LGD_CASHRECEIPTKIND, 0) = 0
2015-08-29 00:23:53 [DEBUG] [xplex4-012015082900235388e42a26bf21dae243ee1356cecfe10dd9ee252f] Response (LGD_DELIVERYINFO, 0) = 
2015-08-29 00:23:53 [DEBUG] [xplex4-012015082900235388e42a26bf21dae243ee1356cecfe10dd9ee252f] Response (LGD_BUYER, 0) = ÏûÑÏ†ïÌõà
2015-08-29 00:23:53 [DEBUG] [xplex4-012015082900235388e42a26bf21dae243ee1356cecfe10dd9ee252f] Response (LGD_BUYERID, 0) = 
2015-08-29 00:23:53 [DEBUG] [xplex4-012015082900235388e42a26bf21dae243ee1356cecfe10dd9ee252f] Response (LGD_OID, 0) = 3520
2015-08-29 00:23:53 [DEBUG] [xplex4-012015082900235388e42a26bf21dae243ee1356cecfe10dd9ee252f] Response (LGD_RECEIVERPHONE, 0) = 
2015-08-29 00:23:53 [DEBUG] [xplex4-012015082900235388e42a26bf21dae243ee1356cecfe10dd9ee252f] Response (LGD_2TR_FLAG, 0) = Y
2015-08-29 00:23:53 [DEBUG] [xplex4-012015082900235388e42a26bf21dae243ee1356cecfe10dd9ee252f] Response (LGD_DEVICE, 0) = 
2015-08-29 00:23:53 [DEBUG] [xplex4-012015082900235388e42a26bf21dae243ee1356cecfe10dd9ee252f] Response (LGD_TID, 0) = xplex2015082909181676444
2015-08-29 00:23:53 [DEBUG] [xplex4-012015082900235388e42a26bf21dae243ee1356cecfe10dd9ee252f] Response (LGD_TIMESTAMP, 0) = 20150829092353
2015-08-29 00:23:53 [DEBUG] [xplex4-012015082900235388e42a26bf21dae243ee1356cecfe10dd9ee252f] Response (LGD_SAOWNER, 0) = ÏóëÏä§ÌîåÎ†âÏä§(X-PLEX)
2015-08-29 00:23:53 [DEBUG] [xplex4-012015082900235388e42a26bf21dae243ee1356cecfe10dd9ee252f] Response (LGD_FINANCECODE, 0) = 081
2015-08-29 00:23:53 [DEBUG] [xplex4-012015082900235388e42a26bf21dae243ee1356cecfe10dd9ee252f] Response (LGD_BUYERPHONE, 0) = 01053373079
2015-08-29 00:23:53 [DEBUG] [xplex4-012015082900235388e42a26bf21dae243ee1356cecfe10dd9ee252f] Response (LGD_ESCROWYN, 0) = N
2015-08-29 00:23:53 [DEBUG] [xplex4-012015082900235388e42a26bf21dae243ee1356cecfe10dd9ee252f] Response (LGD_PAYTYPE, 0) = SC0040
2015-08-29 00:23:53 [DEBUG] [xplex4-012015082900235388e42a26bf21dae243ee1356cecfe10dd9ee252f] Response (LGD_CASFLAG, 0) = R
2015-08-29 00:23:53 [DEBUG] [xplex4-012015082900235388e42a26bf21dae243ee1356cecfe10dd9ee252f] Response (LGD_CASCAMOUNT, 0) = 0
2015-08-29 00:23:53 [DEBUG] [xplex4-012015082900235388e42a26bf21dae243ee1356cecfe10dd9ee252f] Response (LGD_CASTAMOUNT, 0) = 0
2015-08-29 00:23:53 [DEBUG] [xplex4-012015082900235388e42a26bf21dae243ee1356cecfe10dd9ee252f] Response (LGD_AMOUNT, 0) = 150000
2015-08-29 00:23:53 [DEBUG] [xplex4-012015082900235388e42a26bf21dae243ee1356cecfe10dd9ee252f] Response (LGD_BUYERSSN, 0) = .
2015-08-29 00:23:53 [DEBUG] [xplex4-012015082900235388e42a26bf21dae243ee1356cecfe10dd9ee252f] Response (LGD_CASHRECEIPTCODE, 0) = 0000
2015-08-29 00:23:53 [DEBUG] [xplex4-012015082900235388e42a26bf21dae243ee1356cecfe10dd9ee252f] Response (LGD_RESPMSG, 0) = Ï§ëÎ≥µÎêú Ï£ºÎ¨∏Î≤àÌò∏ÏûÖÎãàÎã§.#
2015-08-29 00:23:53 [DEBUG] [xplex4-012015082900235388e42a26bf21dae243ee1356cecfe10dd9ee252f] Response (LGD_PAYDATE, 0) = 20150829092353
2015-08-29 00:23:53 [DEBUG] [xplex4-012015082900235388e42a26bf21dae243ee1356cecfe10dd9ee252f] Response (LGD_PRODUCTINFO, 0) = ÍπÄÌôçÎØºÏùò 1Ïù∏Ï∂úÌåê Ïä§ÌÉÄÌä∏ÏóÖ 4Í∏∞
2015-08-29 00:23:53 [DEBUG] [xplex4-012015082900235388e42a26bf21dae243ee1356cecfe10dd9ee252f] Response (LGD_CASSEQNO, 0) = 000
2015-08-29 00:23:53 [DEBUG] [xplex4-012015082900235388e42a26bf21dae243ee1356cecfe10dd9ee252f] Response (LGD_PRODUCTCODE, 0) = 
2015-08-29 00:23:53 [DEBUG] [xplex4-012015082900235388e42a26bf21dae243ee1356cecfe10dd9ee252f] Response (LGD_HASHDATA, 0) = f04661287d76e2f45d58f623322c36f6
2015-08-29 00:23:53 [DEBUG] [xplex4-012015082900235388e42a26bf21dae243ee1356cecfe10dd9ee252f] Response (LGD_BUYERADDRESS, 0) = ÎèÑÎ¥âÍµ¨ ÏåçÎ¨∏Îèô195 ÏåçÎ¨∏Ï≤≠Íµ¨@ 101-304
2015-08-29 00:23:53 [DEBUG] [xplex4-012015082900235388e42a26bf21dae243ee1356cecfe10dd9ee252f] Response (LGD_RECEIVER, 0) = 
2015-08-29 00:23:53 [DEBUG] [xplex4-012015082900235388e42a26bf21dae243ee1356cecfe10dd9ee252f] Response (LGD_RESPCODE, 0) = A016
2015-08-29 00:23:53 [DEBUG] [xplex4-012015082900235388e42a26bf21dae243ee1356cecfe10dd9ee252f] Response (LGD_ACCOUNTNUM, 0) =     
2015-08-29 00:23:53 [DEBUG] [xplex4-012015082900235388e42a26bf21dae243ee1356cecfe10dd9ee252f] Response (LGD_PAYER, 0) = ÏûÑÏ†ïÌõà
2015-08-29 00:23:53 [DEBUG] [xplex4-012015082900235388e42a26bf21dae243ee1356cecfe10dd9ee252f] Response (LGD_BUYEREMAIL, 0) = jenith7@naver.com
