2015-04-11 00:48:18 [INFO ] [] XPayClient initialize [/home/hosting_users/xplex/www/wp-content/plugins/woocommerce-lguplus-kr/lgdacom] [service]
2015-04-11 00:48:18 [DEBUG] [] Config [server_id] = [01]
2015-04-11 00:48:18 [DEBUG] [] Config [timeout] = [60]
2015-04-11 00:48:18 [DEBUG] [] Config [log_level] = [4]
2015-04-11 00:48:18 [DEBUG] [] Config [verify_cert] = [1]
2015-04-11 00:48:18 [DEBUG] [] Config [verify_host] = [1]
2015-04-11 00:48:18 [DEBUG] [] Config [report_error] = [1]
2015-04-11 00:48:18 [DEBUG] [] Config [output_UTF8] = [1]
2015-04-11 00:48:18 [DEBUG] [] Config [auto_rollback] = [1]
2015-04-11 00:48:18 [DEBUG] [] Config [log_dir] = [/home/hosting_users/xplex/www/wp-content/plugins/woocommerce-lguplus-kr/lgdacom/log]
2015-04-11 00:48:18 [DEBUG] [] Config [txplex4] = [12d7f002e43a80c0dd64128a1957e351]
2015-04-11 00:48:18 [DEBUG] [] Config [xplex4] = [12d7f002e43a80c0dd64128a1957e351]
2015-04-11 00:48:18 [DEBUG] [] Config [url] = [https://xpayclient.lgdacom.net/xpay/Gateway.do]
2015-04-11 00:48:18 [DEBUG] [] Config [test_url] = [https://xpayclient.lgdacom.net:7443/xpay/Gateway.do]
2015-04-11 00:48:18 [DEBUG] [] Config [aux_url] = [http://xpayclient.lgdacom.net:7080/xpay/Gateway.do]
2015-04-11 00:48:18 [DEBUG] [xplex4-012015041100481892307515755f5ccc71fc8927d218240c4f53239b] Post [LGD_TXID] = [xplex4-012015041100481892307515755f5ccc71fc8927d218240c4f53239b]
2015-04-11 00:48:18 [DEBUG] [xplex4-012015041100481892307515755f5ccc71fc8927d218240c4f53239b] Post [LGD_AUTHCODE] = [122bf07bd012d3d76c924250ad2299e5a9ff8565]
2015-04-11 00:48:18 [DEBUG] [xplex4-012015041100481892307515755f5ccc71fc8927d218240c4f53239b] Post [LGD_MID] = [xplex4]
2015-04-11 00:48:18 [DEBUG] [xplex4-012015041100481892307515755f5ccc71fc8927d218240c4f53239b] Post [LGD_TXNAME] = [PaymentByKey]
2015-04-11 00:48:18 [DEBUG] [xplex4-012015041100481892307515755f5ccc71fc8927d218240c4f53239b] Post [LGD_PAYKEY] = [2015041109481702B9C2B1DC6760B181E369F1DD48B626DD05C451]
2015-04-11 00:48:18 [DEBUG] [xplex4-012015041100481892307515755f5ccc71fc8927d218240c4f53239b] post_string = LGD_TXID=xplex4-012015041100481892307515755f5ccc71fc8927d218240c4f53239b&LGD_AUTHCODE=122bf07bd012d3d76c924250ad2299e5a9ff8565&LGD_MID=xplex4&LGD_TXNAME=PaymentByKey&LGD_PAYKEY=2015041109481702B9C2B1DC6760B181E369F1DD48B626DD05C451
2015-04-11 00:48:19 [DEBUG] [xplex4-012015041100481892307515755f5ccc71fc8927d218240c4f53239b] Result = [









{"LGD_RESPCODE":"0000","LGD_RESPMSG":"06: ","LGD_RESPONSE":[{"LGD_IFOS":"3A4C0S","LGD_MID":"xplex4","LGD_FINANCENAME":"국민","LGD_DELIVERYINFO":"","LGD_BUYER":"이유진","LGD_BUYERID":"","LGD_OID":"2371","LGD_RECEIVERPHONE":"","LGD_2TR_FLAG":"Y","LGD_DEVICE":"","LGD_TID":"xplex2015041109481982615","LGD_TIMESTAMP":"20150411094820","LGD_SAOWNER":"엑스플렉스(X-PLEX)","LGD_FINANCECODE":"004","LGD_BUYERPHONE":"01095401115","LGD_ESCROWYN":"N","LGD_PAYTYPE":"SC0040","LGD_CASFLAG":"R","LGD_CASCAMOUNT":"0","LGD_CASTAMOUNT":"0","LGD_AMOUNT":"150000","LGD_BUYERSSN":".","LGD_RESPMSG":"06: ","LGD_PAYDATE":"20150411094819","LGD_PRODUCTINFO":"디지털시대의 출판무엇을 준비하고 어떻게 진화할 것인가?","LGD_CASSEQNO":"000","LGD_PRODUCTCODE":"","LGD_HASHDATA":"8585e996e181feaa90d7ce2cf736b785","LGD_BUYERADDRESS":"노원구 공릉2동 한보아파트105-402","LGD_RECEIVER":"","LGD_RESPCODE":"0000","LGD_ACCOUNTNUM":"65859011337023","LGD_PAYER":"이유진","LGD_BUYEREMAIL":"crehands@naver.com"}]}
]
2015-04-11 00:48:19 [INFO ] [xplex4-012015041100481892307515755f5ccc71fc8927d218240c4f53239b] Response Code=[0000], Msg=[06: ], Count=1
2015-04-11 00:48:19 [DEBUG] [xplex4-012015041100481892307515755f5ccc71fc8927d218240c4f53239b] Response (LGD_IFOS, 0) = 3A4C0S
2015-04-11 00:48:19 [DEBUG] [xplex4-012015041100481892307515755f5ccc71fc8927d218240c4f53239b] Response (LGD_MID, 0) = xplex4
2015-04-11 00:48:19 [DEBUG] [xplex4-012015041100481892307515755f5ccc71fc8927d218240c4f53239b] Response (LGD_FINANCENAME, 0) = 국민
2015-04-11 00:48:19 [DEBUG] [xplex4-012015041100481892307515755f5ccc71fc8927d218240c4f53239b] Response (LGD_DELIVERYINFO, 0) = 
2015-04-11 00:48:19 [DEBUG] [xplex4-012015041100481892307515755f5ccc71fc8927d218240c4f53239b] Response (LGD_BUYER, 0) = 이유진
2015-04-11 00:48:19 [DEBUG] [xplex4-012015041100481892307515755f5ccc71fc8927d218240c4f53239b] Response (LGD_BUYERID, 0) = 
2015-04-11 00:48:19 [DEBUG] [xplex4-012015041100481892307515755f5ccc71fc8927d218240c4f53239b] Response (LGD_OID, 0) = 2371
2015-04-11 00:48:19 [DEBUG] [xplex4-012015041100481892307515755f5ccc71fc8927d218240c4f53239b] Response (LGD_RECEIVERPHONE, 0) = 
2015-04-11 00:48:19 [DEBUG] [xplex4-012015041100481892307515755f5ccc71fc8927d218240c4f53239b] Response (LGD_2TR_FLAG, 0) = Y
2015-04-11 00:48:19 [DEBUG] [xplex4-012015041100481892307515755f5ccc71fc8927d218240c4f53239b] Response (LGD_DEVICE, 0) = 
2015-04-11 00:48:19 [DEBUG] [xplex4-012015041100481892307515755f5ccc71fc8927d218240c4f53239b] Response (LGD_TID, 0) = xplex2015041109481982615
2015-04-11 00:48:19 [DEBUG] [xplex4-012015041100481892307515755f5ccc71fc8927d218240c4f53239b] Response (LGD_TIMESTAMP, 0) = 20150411094820
2015-04-11 00:48:19 [DEBUG] [xplex4-012015041100481892307515755f5ccc71fc8927d218240c4f53239b] Response (LGD_SAOWNER, 0) = 엑스플렉스(X-PLEX)
2015-04-11 00:48:19 [DEBUG] [xplex4-012015041100481892307515755f5ccc71fc8927d218240c4f53239b] Response (LGD_FINANCECODE, 0) = 004
2015-04-11 00:48:19 [DEBUG] [xplex4-012015041100481892307515755f5ccc71fc8927d218240c4f53239b] Response (LGD_BUYERPHONE, 0) = 01095401115
2015-04-11 00:48:19 [DEBUG] [xplex4-012015041100481892307515755f5ccc71fc8927d218240c4f53239b] Response (LGD_ESCROWYN, 0) = N
2015-04-11 00:48:19 [DEBUG] [xplex4-012015041100481892307515755f5ccc71fc8927d218240c4f53239b] Response (LGD_PAYTYPE, 0) = SC0040
2015-04-11 00:48:19 [DEBUG] [xplex4-012015041100481892307515755f5ccc71fc8927d218240c4f53239b] Response (LGD_CASFLAG, 0) = R
2015-04-11 00:48:19 [DEBUG] [xplex4-012015041100481892307515755f5ccc71fc8927d218240c4f53239b] Response (LGD_CASCAMOUNT, 0) = 0
2015-04-11 00:48:19 [DEBUG] [xplex4-012015041100481892307515755f5ccc71fc8927d218240c4f53239b] Response (LGD_CASTAMOUNT, 0) = 0
2015-04-11 00:48:19 [DEBUG] [xplex4-012015041100481892307515755f5ccc71fc8927d218240c4f53239b] Response (LGD_AMOUNT, 0) = 150000
2015-04-11 00:48:19 [DEBUG] [xplex4-012015041100481892307515755f5ccc71fc8927d218240c4f53239b] Response (LGD_BUYERSSN, 0) = .
2015-04-11 00:48:19 [DEBUG] [xplex4-012015041100481892307515755f5ccc71fc8927d218240c4f53239b] Response (LGD_RESPMSG, 0) = 06: 
2015-04-11 00:48:19 [DEBUG] [xplex4-012015041100481892307515755f5ccc71fc8927d218240c4f53239b] Response (LGD_PAYDATE, 0) = 20150411094819
2015-04-11 00:48:19 [DEBUG] [xplex4-012015041100481892307515755f5ccc71fc8927d218240c4f53239b] Response (LGD_PRODUCTINFO, 0) = 디지털시대의 출판무엇을 준비하고 어떻게 진화할 것인가?
2015-04-11 00:48:19 [DEBUG] [xplex4-012015041100481892307515755f5ccc71fc8927d218240c4f53239b] Response (LGD_CASSEQNO, 0) = 000
2015-04-11 00:48:19 [DEBUG] [xplex4-012015041100481892307515755f5ccc71fc8927d218240c4f53239b] Response (LGD_PRODUCTCODE, 0) = 
2015-04-11 00:48:19 [DEBUG] [xplex4-012015041100481892307515755f5ccc71fc8927d218240c4f53239b] Response (LGD_HASHDATA, 0) = 8585e996e181feaa90d7ce2cf736b785
2015-04-11 00:48:19 [DEBUG] [xplex4-012015041100481892307515755f5ccc71fc8927d218240c4f53239b] Response (LGD_BUYERADDRESS, 0) = 노원구 공릉2동 한보아파트105-402
2015-04-11 00:48:19 [DEBUG] [xplex4-012015041100481892307515755f5ccc71fc8927d218240c4f53239b] Response (LGD_RECEIVER, 0) = 
2015-04-11 00:48:19 [DEBUG] [xplex4-012015041100481892307515755f5ccc71fc8927d218240c4f53239b] Response (LGD_RESPCODE, 0) = 0000
2015-04-11 00:48:19 [DEBUG] [xplex4-012015041100481892307515755f5ccc71fc8927d218240c4f53239b] Response (LGD_ACCOUNTNUM, 0) = 65859011337023
2015-04-11 00:48:19 [DEBUG] [xplex4-012015041100481892307515755f5ccc71fc8927d218240c4f53239b] Response (LGD_PAYER, 0) = 이유진
2015-04-11 00:48:19 [DEBUG] [xplex4-012015041100481892307515755f5ccc71fc8927d218240c4f53239b] Response (LGD_BUYEREMAIL, 0) = crehands@naver.com
