2016-01-29 10:56:11 [INFO ] [] XPayClient initialize [/home/hosting_users/xplex/www/wp-content/plugins/woocommerce-lguplus-kr/lgdacom] [service]
2016-01-29 10:56:11 [DEBUG] [] Config [server_id] = [01]
2016-01-29 10:56:11 [DEBUG] [] Config [timeout] = [60]
2016-01-29 10:56:11 [DEBUG] [] Config [log_level] = [4]
2016-01-29 10:56:11 [DEBUG] [] Config [verify_cert] = [1]
2016-01-29 10:56:11 [DEBUG] [] Config [verify_host] = [1]
2016-01-29 10:56:11 [DEBUG] [] Config [report_error] = [1]
2016-01-29 10:56:11 [DEBUG] [] Config [output_UTF8] = [1]
2016-01-29 10:56:11 [DEBUG] [] Config [auto_rollback] = [1]
2016-01-29 10:56:11 [DEBUG] [] Config [log_dir] = [/home/hosting_users/xplex/www/wp-content/plugins/woocommerce-lguplus-kr/lgdacom/log]
2016-01-29 10:56:11 [DEBUG] [] Config [txplex4] = [12d7f002e43a80c0dd64128a1957e351]
2016-01-29 10:56:11 [DEBUG] [] Config [xplex4] = [12d7f002e43a80c0dd64128a1957e351]
2016-01-29 10:56:11 [DEBUG] [] Config [url] = [https://xpayclient.lgdacom.net/xpay/Gateway.do]
2016-01-29 10:56:11 [DEBUG] [] Config [test_url] = [https://xpayclient.lgdacom.net:7443/xpay/Gateway.do]
2016-01-29 10:56:11 [DEBUG] [] Config [aux_url] = [http://xpayclient.lgdacom.net:7080/xpay/Gateway.do]
2016-01-29 10:56:11 [DEBUG] [xplex4-0120160129105611cc52b8a7c2f89f1919773645fc0efa733bde78e2] Post [LGD_TXID] = [xplex4-0120160129105611cc52b8a7c2f89f1919773645fc0efa733bde78e2]
2016-01-29 10:56:11 [DEBUG] [xplex4-0120160129105611cc52b8a7c2f89f1919773645fc0efa733bde78e2] Post [LGD_AUTHCODE] = [049f5e8c6d8884153c9040d77b30014e0efa3094]
2016-01-29 10:56:11 [DEBUG] [xplex4-0120160129105611cc52b8a7c2f89f1919773645fc0efa733bde78e2] Post [LGD_MID] = [xplex4]
2016-01-29 10:56:11 [DEBUG] [xplex4-0120160129105611cc52b8a7c2f89f1919773645fc0efa733bde78e2] Post [LGD_TXNAME] = [PaymentByKey]
2016-01-29 10:56:11 [DEBUG] [xplex4-0120160129105611cc52b8a7c2f89f1919773645fc0efa733bde78e2] Post [LGD_PAYKEY] = [20160129195610CF5700E8D760357180AF13DC8231A1A8CF69A730]
2016-01-29 10:56:11 [DEBUG] [xplex4-0120160129105611cc52b8a7c2f89f1919773645fc0efa733bde78e2] post_string = LGD_TXID=xplex4-0120160129105611cc52b8a7c2f89f1919773645fc0efa733bde78e2&LGD_AUTHCODE=049f5e8c6d8884153c9040d77b30014e0efa3094&LGD_MID=xplex4&LGD_TXNAME=PaymentByKey&LGD_PAYKEY=20160129195610CF5700E8D760357180AF13DC8231A1A8CF69A730
2016-01-29 10:56:13 [DEBUG] [xplex4-0120160129105611cc52b8a7c2f89f1919773645fc0efa733bde78e2] Result = [









{"LGD_RESPCODE":"0000","LGD_RESPMSG":"26: ","LGD_RESPONSE":[{"LGD_IFOS":"3M9ETM","LGD_MID":"xplex4","LGD_FINANCENAME":"신한","LGD_CASHRECEIPTKIND":"0","LGD_DELIVERYINFO":"","LGD_BUYER":"김영지","LGD_BUYERID":"","LGD_OID":"4609","LGD_RECEIVERPHONE":"","LGD_2TR_FLAG":"Y","LGD_DEVICE":"","LGD_TID":"xplex2016012919561248272","LGD_TIMESTAMP":"20160129195614","LGD_SAOWNER":"엑스플렉스(X-PLEX)","LGD_FINANCECODE":"088","LGD_BUYERPHONE":"01022693967","LGD_ESCROWYN":"N","LGD_PAYTYPE":"SC0040","LGD_CASFLAG":"R","LGD_CASCAMOUNT":"0","LGD_CASTAMOUNT":"0","LGD_AMOUNT":"240000","LGD_BUYERSSN":".","LGD_CASHRECEIPTCODE":"0000","LGD_RESPMSG":"26: ","LGD_PAYDATE":"20160129195612","LGD_PRODUCTINFO":"대중문화 글쓰기 펀치-라이팅 6기문화와 이슈를 가지고 노는 글쓰기의 노하우","LGD_CASSEQNO":"000","LGD_PRODUCTCODE":"","LGD_HASHDATA":"ae1487f36358a04e47b03ffd23df7ab7","LGD_BUYERADDRESS":"금남면 달전리문절사길 43-13","LGD_RECEIVER":"","LGD_RESPCODE":"0000","LGD_ACCOUNTNUM":"63790117609932","LGD_PAYER":"김영디","LGD_BUYEREMAIL":"dudwlzla@nate.com"}]}
]
2016-01-29 10:56:13 [INFO ] [xplex4-0120160129105611cc52b8a7c2f89f1919773645fc0efa733bde78e2] Response Code=[0000], Msg=[26: ], Count=1
2016-01-29 10:56:13 [DEBUG] [xplex4-0120160129105611cc52b8a7c2f89f1919773645fc0efa733bde78e2] Response (LGD_IFOS, 0) = 3M9ETM
2016-01-29 10:56:13 [DEBUG] [xplex4-0120160129105611cc52b8a7c2f89f1919773645fc0efa733bde78e2] Response (LGD_MID, 0) = xplex4
2016-01-29 10:56:13 [DEBUG] [xplex4-0120160129105611cc52b8a7c2f89f1919773645fc0efa733bde78e2] Response (LGD_FINANCENAME, 0) = 신한
2016-01-29 10:56:13 [DEBUG] [xplex4-0120160129105611cc52b8a7c2f89f1919773645fc0efa733bde78e2] Response (LGD_CASHRECEIPTKIND, 0) = 0
2016-01-29 10:56:13 [DEBUG] [xplex4-0120160129105611cc52b8a7c2f89f1919773645fc0efa733bde78e2] Response (LGD_DELIVERYINFO, 0) = 
2016-01-29 10:56:13 [DEBUG] [xplex4-0120160129105611cc52b8a7c2f89f1919773645fc0efa733bde78e2] Response (LGD_BUYER, 0) = 김영지
2016-01-29 10:56:13 [DEBUG] [xplex4-0120160129105611cc52b8a7c2f89f1919773645fc0efa733bde78e2] Response (LGD_BUYERID, 0) = 
2016-01-29 10:56:13 [DEBUG] [xplex4-0120160129105611cc52b8a7c2f89f1919773645fc0efa733bde78e2] Response (LGD_OID, 0) = 4609
2016-01-29 10:56:13 [DEBUG] [xplex4-0120160129105611cc52b8a7c2f89f1919773645fc0efa733bde78e2] Response (LGD_RECEIVERPHONE, 0) = 
2016-01-29 10:56:13 [DEBUG] [xplex4-0120160129105611cc52b8a7c2f89f1919773645fc0efa733bde78e2] Response (LGD_2TR_FLAG, 0) = Y
2016-01-29 10:56:13 [DEBUG] [xplex4-0120160129105611cc52b8a7c2f89f1919773645fc0efa733bde78e2] Response (LGD_DEVICE, 0) = 
2016-01-29 10:56:13 [DEBUG] [xplex4-0120160129105611cc52b8a7c2f89f1919773645fc0efa733bde78e2] Response (LGD_TID, 0) = xplex2016012919561248272
2016-01-29 10:56:13 [DEBUG] [xplex4-0120160129105611cc52b8a7c2f89f1919773645fc0efa733bde78e2] Response (LGD_TIMESTAMP, 0) = 20160129195614
2016-01-29 10:56:13 [DEBUG] [xplex4-0120160129105611cc52b8a7c2f89f1919773645fc0efa733bde78e2] Response (LGD_SAOWNER, 0) = 엑스플렉스(X-PLEX)
2016-01-29 10:56:13 [DEBUG] [xplex4-0120160129105611cc52b8a7c2f89f1919773645fc0efa733bde78e2] Response (LGD_FINANCECODE, 0) = 088
2016-01-29 10:56:13 [DEBUG] [xplex4-0120160129105611cc52b8a7c2f89f1919773645fc0efa733bde78e2] Response (LGD_BUYERPHONE, 0) = 01022693967
2016-01-29 10:56:13 [DEBUG] [xplex4-0120160129105611cc52b8a7c2f89f1919773645fc0efa733bde78e2] Response (LGD_ESCROWYN, 0) = N
2016-01-29 10:56:13 [DEBUG] [xplex4-0120160129105611cc52b8a7c2f89f1919773645fc0efa733bde78e2] Response (LGD_PAYTYPE, 0) = SC0040
2016-01-29 10:56:13 [DEBUG] [xplex4-0120160129105611cc52b8a7c2f89f1919773645fc0efa733bde78e2] Response (LGD_CASFLAG, 0) = R
2016-01-29 10:56:13 [DEBUG] [xplex4-0120160129105611cc52b8a7c2f89f1919773645fc0efa733bde78e2] Response (LGD_CASCAMOUNT, 0) = 0
2016-01-29 10:56:13 [DEBUG] [xplex4-0120160129105611cc52b8a7c2f89f1919773645fc0efa733bde78e2] Response (LGD_CASTAMOUNT, 0) = 0
2016-01-29 10:56:13 [DEBUG] [xplex4-0120160129105611cc52b8a7c2f89f1919773645fc0efa733bde78e2] Response (LGD_AMOUNT, 0) = 240000
2016-01-29 10:56:13 [DEBUG] [xplex4-0120160129105611cc52b8a7c2f89f1919773645fc0efa733bde78e2] Response (LGD_BUYERSSN, 0) = .
2016-01-29 10:56:13 [DEBUG] [xplex4-0120160129105611cc52b8a7c2f89f1919773645fc0efa733bde78e2] Response (LGD_CASHRECEIPTCODE, 0) = 0000
2016-01-29 10:56:13 [DEBUG] [xplex4-0120160129105611cc52b8a7c2f89f1919773645fc0efa733bde78e2] Response (LGD_RESPMSG, 0) = 26: 
2016-01-29 10:56:13 [DEBUG] [xplex4-0120160129105611cc52b8a7c2f89f1919773645fc0efa733bde78e2] Response (LGD_PAYDATE, 0) = 20160129195612
2016-01-29 10:56:13 [DEBUG] [xplex4-0120160129105611cc52b8a7c2f89f1919773645fc0efa733bde78e2] Response (LGD_PRODUCTINFO, 0) = 대중문화 글쓰기 펀치-라이팅 6기문화와 이슈를 가지고 노는 글쓰기의 노하우
2016-01-29 10:56:13 [DEBUG] [xplex4-0120160129105611cc52b8a7c2f89f1919773645fc0efa733bde78e2] Response (LGD_CASSEQNO, 0) = 000
2016-01-29 10:56:13 [DEBUG] [xplex4-0120160129105611cc52b8a7c2f89f1919773645fc0efa733bde78e2] Response (LGD_PRODUCTCODE, 0) = 
2016-01-29 10:56:13 [DEBUG] [xplex4-0120160129105611cc52b8a7c2f89f1919773645fc0efa733bde78e2] Response (LGD_HASHDATA, 0) = ae1487f36358a04e47b03ffd23df7ab7
2016-01-29 10:56:13 [DEBUG] [xplex4-0120160129105611cc52b8a7c2f89f1919773645fc0efa733bde78e2] Response (LGD_BUYERADDRESS, 0) = 금남면 달전리문절사길 43-13
2016-01-29 10:56:13 [DEBUG] [xplex4-0120160129105611cc52b8a7c2f89f1919773645fc0efa733bde78e2] Response (LGD_RECEIVER, 0) = 
2016-01-29 10:56:13 [DEBUG] [xplex4-0120160129105611cc52b8a7c2f89f1919773645fc0efa733bde78e2] Response (LGD_RESPCODE, 0) = 0000
2016-01-29 10:56:13 [DEBUG] [xplex4-0120160129105611cc52b8a7c2f89f1919773645fc0efa733bde78e2] Response (LGD_ACCOUNTNUM, 0) = 63790117609932
2016-01-29 10:56:13 [DEBUG] [xplex4-0120160129105611cc52b8a7c2f89f1919773645fc0efa733bde78e2] Response (LGD_PAYER, 0) = 김영디
2016-01-29 10:56:13 [DEBUG] [xplex4-0120160129105611cc52b8a7c2f89f1919773645fc0efa733bde78e2] Response (LGD_BUYEREMAIL, 0) = dudwlzla@nate.com
