2014-12-16 12:02:07 [INFO ] [] XPayClient initialize [/home/hosting_users/xplex/www/wp-content/plugins/woocommerce-lguplus-kr/lgdacom] [service]
2014-12-16 12:02:07 [DEBUG] [] Config [server_id] = [01]
2014-12-16 12:02:07 [DEBUG] [] Config [timeout] = [60]
2014-12-16 12:02:07 [DEBUG] [] Config [log_level] = [4]
2014-12-16 12:02:07 [DEBUG] [] Config [verify_cert] = [1]
2014-12-16 12:02:07 [DEBUG] [] Config [verify_host] = [1]
2014-12-16 12:02:07 [DEBUG] [] Config [report_error] = [1]
2014-12-16 12:02:07 [DEBUG] [] Config [output_UTF8] = [1]
2014-12-16 12:02:07 [DEBUG] [] Config [auto_rollback] = [1]
2014-12-16 12:02:07 [DEBUG] [] Config [log_dir] = [/home/hosting_users/xplex/www/wp-content/plugins/woocommerce-lguplus-kr/lgdacom/log]
2014-12-16 12:02:07 [DEBUG] [] Config [txplex4] = [12d7f002e43a80c0dd64128a1957e351]
2014-12-16 12:02:07 [DEBUG] [] Config [xplex4] = [12d7f002e43a80c0dd64128a1957e351]
2014-12-16 12:02:07 [DEBUG] [] Config [url] = [https://xpayclient.lgdacom.net/xpay/Gateway.do]
2014-12-16 12:02:07 [DEBUG] [] Config [test_url] = [https://xpayclient.lgdacom.net:7443/xpay/Gateway.do]
2014-12-16 12:02:07 [DEBUG] [] Config [aux_url] = [http://xpayclient.lgdacom.net:7080/xpay/Gateway.do]
2014-12-16 12:02:07 [DEBUG] [xplex4-0120141216120207f22674a299822a0dc1ada7c4852432c02a2470e8] Post [LGD_TXID] = [xplex4-0120141216120207f22674a299822a0dc1ada7c4852432c02a2470e8]
2014-12-16 12:02:07 [DEBUG] [xplex4-0120141216120207f22674a299822a0dc1ada7c4852432c02a2470e8] Post [LGD_AUTHCODE] = [71e7f8c9c6ff2b8ae02a7ceacb236ae6c25d3e96]
2014-12-16 12:02:07 [DEBUG] [xplex4-0120141216120207f22674a299822a0dc1ada7c4852432c02a2470e8] Post [LGD_MID] = [xplex4]
2014-12-16 12:02:07 [DEBUG] [xplex4-0120141216120207f22674a299822a0dc1ada7c4852432c02a2470e8] Post [LGD_TXNAME] = [PaymentByKey]
2014-12-16 12:02:07 [DEBUG] [xplex4-0120141216120207f22674a299822a0dc1ada7c4852432c02a2470e8] Post [LGD_PAYKEY] = [20141216210205432C1B9D2E0059B8B8FDC45F9B296C024CCBC57D]
2014-12-16 12:02:07 [DEBUG] [xplex4-0120141216120207f22674a299822a0dc1ada7c4852432c02a2470e8] post_string = LGD_TXID=xplex4-0120141216120207f22674a299822a0dc1ada7c4852432c02a2470e8&LGD_AUTHCODE=71e7f8c9c6ff2b8ae02a7ceacb236ae6c25d3e96&LGD_MID=xplex4&LGD_TXNAME=PaymentByKey&LGD_PAYKEY=20141216210205432C1B9D2E0059B8B8FDC45F9B296C024CCBC57D
2014-12-16 12:02:08 [DEBUG] [xplex4-0120141216120207f22674a299822a0dc1ada7c4852432c02a2470e8] Result = [









{"LGD_RESPCODE":"0000","LGD_RESPMSG":"06: ","LGD_RESPONSE":[{"LGD_IFOS":"3M8ETM","LGD_MID":"xplex4","LGD_FINANCENAME":"국민","LGD_CASHRECEIPTKIND":"0","LGD_DELIVERYINFO":"","LGD_BUYER":"명민경","LGD_BUYERID":"","LGD_OID":"1135","LGD_RECEIVERPHONE":"","LGD_2TR_FLAG":"Y","LGD_DEVICE":"","LGD_TID":"xplex2014121621020626064","LGD_TIMESTAMP":"20141216210207","LGD_SAOWNER":"엑스플렉스(X-PLEX)","LGD_FINANCECODE":"004","LGD_BUYERPHONE":"01054916755","LGD_ESCROWYN":"N","LGD_PAYTYPE":"SC0040","LGD_CASFLAG":"R","LGD_CASCAMOUNT":"0","LGD_CASTAMOUNT":"0","LGD_AMOUNT":"150000","LGD_BUYERSSN":".","LGD_CASHRECEIPTCODE":"0000","LGD_RESPMSG":"06: ","LGD_PAYDATE":"20141216210207","LGD_PRODUCTINFO":"한방에 통과되는 기획서 작성법","LGD_CASSEQNO":"000","LGD_PRODUCTCODE":"","LGD_HASHDATA":"7d2a4c9e9945951b1550ffa7a1ce0738","LGD_BUYERADDRESS":"용산구 문배동프라임팰리스 1910호","LGD_RECEIVER":"","LGD_RESPCODE":"0000","LGD_ACCOUNTNUM":"68379011243696","LGD_PAYER":"명민경","LGD_BUYEREMAIL":"myungminkyung@gmail.com"}]}
]
2014-12-16 12:02:08 [INFO ] [xplex4-0120141216120207f22674a299822a0dc1ada7c4852432c02a2470e8] Response Code=[0000], Msg=[06: ], Count=1
2014-12-16 12:02:08 [DEBUG] [xplex4-0120141216120207f22674a299822a0dc1ada7c4852432c02a2470e8] Response (LGD_IFOS, 0) = 3M8ETM
2014-12-16 12:02:08 [DEBUG] [xplex4-0120141216120207f22674a299822a0dc1ada7c4852432c02a2470e8] Response (LGD_MID, 0) = xplex4
2014-12-16 12:02:08 [DEBUG] [xplex4-0120141216120207f22674a299822a0dc1ada7c4852432c02a2470e8] Response (LGD_FINANCENAME, 0) = 국민
2014-12-16 12:02:08 [DEBUG] [xplex4-0120141216120207f22674a299822a0dc1ada7c4852432c02a2470e8] Response (LGD_CASHRECEIPTKIND, 0) = 0
2014-12-16 12:02:08 [DEBUG] [xplex4-0120141216120207f22674a299822a0dc1ada7c4852432c02a2470e8] Response (LGD_DELIVERYINFO, 0) = 
2014-12-16 12:02:08 [DEBUG] [xplex4-0120141216120207f22674a299822a0dc1ada7c4852432c02a2470e8] Response (LGD_BUYER, 0) = 명민경
2014-12-16 12:02:08 [DEBUG] [xplex4-0120141216120207f22674a299822a0dc1ada7c4852432c02a2470e8] Response (LGD_BUYERID, 0) = 
2014-12-16 12:02:08 [DEBUG] [xplex4-0120141216120207f22674a299822a0dc1ada7c4852432c02a2470e8] Response (LGD_OID, 0) = 1135
2014-12-16 12:02:08 [DEBUG] [xplex4-0120141216120207f22674a299822a0dc1ada7c4852432c02a2470e8] Response (LGD_RECEIVERPHONE, 0) = 
2014-12-16 12:02:08 [DEBUG] [xplex4-0120141216120207f22674a299822a0dc1ada7c4852432c02a2470e8] Response (LGD_2TR_FLAG, 0) = Y
2014-12-16 12:02:08 [DEBUG] [xplex4-0120141216120207f22674a299822a0dc1ada7c4852432c02a2470e8] Response (LGD_DEVICE, 0) = 
2014-12-16 12:02:08 [DEBUG] [xplex4-0120141216120207f22674a299822a0dc1ada7c4852432c02a2470e8] Response (LGD_TID, 0) = xplex2014121621020626064
2014-12-16 12:02:08 [DEBUG] [xplex4-0120141216120207f22674a299822a0dc1ada7c4852432c02a2470e8] Response (LGD_TIMESTAMP, 0) = 20141216210207
2014-12-16 12:02:08 [DEBUG] [xplex4-0120141216120207f22674a299822a0dc1ada7c4852432c02a2470e8] Response (LGD_SAOWNER, 0) = 엑스플렉스(X-PLEX)
2014-12-16 12:02:08 [DEBUG] [xplex4-0120141216120207f22674a299822a0dc1ada7c4852432c02a2470e8] Response (LGD_FINANCECODE, 0) = 004
2014-12-16 12:02:08 [DEBUG] [xplex4-0120141216120207f22674a299822a0dc1ada7c4852432c02a2470e8] Response (LGD_BUYERPHONE, 0) = 01054916755
2014-12-16 12:02:08 [DEBUG] [xplex4-0120141216120207f22674a299822a0dc1ada7c4852432c02a2470e8] Response (LGD_ESCROWYN, 0) = N
2014-12-16 12:02:08 [DEBUG] [xplex4-0120141216120207f22674a299822a0dc1ada7c4852432c02a2470e8] Response (LGD_PAYTYPE, 0) = SC0040
2014-12-16 12:02:08 [DEBUG] [xplex4-0120141216120207f22674a299822a0dc1ada7c4852432c02a2470e8] Response (LGD_CASFLAG, 0) = R
2014-12-16 12:02:08 [DEBUG] [xplex4-0120141216120207f22674a299822a0dc1ada7c4852432c02a2470e8] Response (LGD_CASCAMOUNT, 0) = 0
2014-12-16 12:02:08 [DEBUG] [xplex4-0120141216120207f22674a299822a0dc1ada7c4852432c02a2470e8] Response (LGD_CASTAMOUNT, 0) = 0
2014-12-16 12:02:08 [DEBUG] [xplex4-0120141216120207f22674a299822a0dc1ada7c4852432c02a2470e8] Response (LGD_AMOUNT, 0) = 150000
2014-12-16 12:02:08 [DEBUG] [xplex4-0120141216120207f22674a299822a0dc1ada7c4852432c02a2470e8] Response (LGD_BUYERSSN, 0) = .
2014-12-16 12:02:08 [DEBUG] [xplex4-0120141216120207f22674a299822a0dc1ada7c4852432c02a2470e8] Response (LGD_CASHRECEIPTCODE, 0) = 0000
2014-12-16 12:02:08 [DEBUG] [xplex4-0120141216120207f22674a299822a0dc1ada7c4852432c02a2470e8] Response (LGD_RESPMSG, 0) = 06: 
2014-12-16 12:02:08 [DEBUG] [xplex4-0120141216120207f22674a299822a0dc1ada7c4852432c02a2470e8] Response (LGD_PAYDATE, 0) = 20141216210207
2014-12-16 12:02:08 [DEBUG] [xplex4-0120141216120207f22674a299822a0dc1ada7c4852432c02a2470e8] Response (LGD_PRODUCTINFO, 0) = 한방에 통과되는 기획서 작성법
2014-12-16 12:02:08 [DEBUG] [xplex4-0120141216120207f22674a299822a0dc1ada7c4852432c02a2470e8] Response (LGD_CASSEQNO, 0) = 000
2014-12-16 12:02:08 [DEBUG] [xplex4-0120141216120207f22674a299822a0dc1ada7c4852432c02a2470e8] Response (LGD_PRODUCTCODE, 0) = 
2014-12-16 12:02:08 [DEBUG] [xplex4-0120141216120207f22674a299822a0dc1ada7c4852432c02a2470e8] Response (LGD_HASHDATA, 0) = 7d2a4c9e9945951b1550ffa7a1ce0738
2014-12-16 12:02:08 [DEBUG] [xplex4-0120141216120207f22674a299822a0dc1ada7c4852432c02a2470e8] Response (LGD_BUYERADDRESS, 0) = 용산구 문배동프라임팰리스 1910호
2014-12-16 12:02:08 [DEBUG] [xplex4-0120141216120207f22674a299822a0dc1ada7c4852432c02a2470e8] Response (LGD_RECEIVER, 0) = 
2014-12-16 12:02:08 [DEBUG] [xplex4-0120141216120207f22674a299822a0dc1ada7c4852432c02a2470e8] Response (LGD_RESPCODE, 0) = 0000
2014-12-16 12:02:08 [DEBUG] [xplex4-0120141216120207f22674a299822a0dc1ada7c4852432c02a2470e8] Response (LGD_ACCOUNTNUM, 0) = 68379011243696
2014-12-16 12:02:08 [DEBUG] [xplex4-0120141216120207f22674a299822a0dc1ada7c4852432c02a2470e8] Response (LGD_PAYER, 0) = 명민경
2014-12-16 12:02:08 [DEBUG] [xplex4-0120141216120207f22674a299822a0dc1ada7c4852432c02a2470e8] Response (LGD_BUYEREMAIL, 0) = myungminkyung@gmail.com
