2015-02-13 16:40:17 [INFO ] [] XPayClient initialize [/home/hosting_users/xplex/www/wp-content/plugins/woocommerce-lguplus-kr/lgdacom] [service]
2015-02-13 16:40:17 [DEBUG] [] Config [server_id] = [01]
2015-02-13 16:40:17 [DEBUG] [] Config [timeout] = [60]
2015-02-13 16:40:17 [DEBUG] [] Config [log_level] = [4]
2015-02-13 16:40:17 [DEBUG] [] Config [verify_cert] = [1]
2015-02-13 16:40:17 [DEBUG] [] Config [verify_host] = [1]
2015-02-13 16:40:17 [DEBUG] [] Config [report_error] = [1]
2015-02-13 16:40:17 [DEBUG] [] Config [output_UTF8] = [1]
2015-02-13 16:40:17 [DEBUG] [] Config [auto_rollback] = [1]
2015-02-13 16:40:17 [DEBUG] [] Config [log_dir] = [/home/hosting_users/xplex/www/wp-content/plugins/woocommerce-lguplus-kr/lgdacom/log]
2015-02-13 16:40:17 [DEBUG] [] Config [txplex4] = [12d7f002e43a80c0dd64128a1957e351]
2015-02-13 16:40:17 [DEBUG] [] Config [xplex4] = [12d7f002e43a80c0dd64128a1957e351]
2015-02-13 16:40:17 [DEBUG] [] Config [url] = [https://xpayclient.lgdacom.net/xpay/Gateway.do]
2015-02-13 16:40:17 [DEBUG] [] Config [test_url] = [https://xpayclient.lgdacom.net:7443/xpay/Gateway.do]
2015-02-13 16:40:17 [DEBUG] [] Config [aux_url] = [http://xpayclient.lgdacom.net:7080/xpay/Gateway.do]
2015-02-13 16:40:17 [DEBUG] [xplex4-0120150213164017940f3d7449927df013b2840687eb6bd8e1582b73] Post [LGD_TXID] = [xplex4-0120150213164017940f3d7449927df013b2840687eb6bd8e1582b73]
2015-02-13 16:40:17 [DEBUG] [xplex4-0120150213164017940f3d7449927df013b2840687eb6bd8e1582b73] Post [LGD_AUTHCODE] = [a7799017b00b7b301113b9d6f08f6ae3f6fe6b53]
2015-02-13 16:40:17 [DEBUG] [xplex4-0120150213164017940f3d7449927df013b2840687eb6bd8e1582b73] Post [LGD_MID] = [xplex4]
2015-02-13 16:40:17 [DEBUG] [xplex4-0120150213164017940f3d7449927df013b2840687eb6bd8e1582b73] Post [LGD_TXNAME] = [PaymentByKey]
2015-02-13 16:40:17 [DEBUG] [xplex4-0120150213164017940f3d7449927df013b2840687eb6bd8e1582b73] Post [LGD_PAYKEY] = [2015021401401334F0EFDCA5D2D1C7EE8E95EA43E7AD2829C31AA3]
2015-02-13 16:40:17 [DEBUG] [xplex4-0120150213164017940f3d7449927df013b2840687eb6bd8e1582b73] post_string = LGD_TXID=xplex4-0120150213164017940f3d7449927df013b2840687eb6bd8e1582b73&LGD_AUTHCODE=a7799017b00b7b301113b9d6f08f6ae3f6fe6b53&LGD_MID=xplex4&LGD_TXNAME=PaymentByKey&LGD_PAYKEY=2015021401401334F0EFDCA5D2D1C7EE8E95EA43E7AD2829C31AA3
2015-02-13 16:40:18 [DEBUG] [xplex4-0120150213164017940f3d7449927df013b2840687eb6bd8e1582b73] Result = [









{"LGD_RESPCODE":"0000","LGD_RESPMSG":"20: ","LGD_RESPONSE":[{"LGD_IFOS":"3A4C0S","LGD_MID":"xplex4","LGD_FINANCENAME":"Ïö∞Î¶¨","LGD_DELIVERYINFO":"","LGD_BUYER":"Ïù¥Ï¢ÖÎØº","LGD_BUYERID":"","LGD_OID":"1808","LGD_RECEIVERPHONE":"","LGD_2TR_FLAG":"Y","LGD_DEVICE":"","LGD_TID":"xplex2015021401401658363","LGD_TIMESTAMP":"20150214014017","LGD_SAOWNER":"ÏóëÏä§ÌîåÎ†âÏä§(X-PLEX)","LGD_FINANCECODE":"020","LGD_BUYERPHONE":"01099907968","LGD_ESCROWYN":"N","LGD_PAYTYPE":"SC0040","LGD_CASFLAG":"R","LGD_CASCAMOUNT":"0","LGD_CASTAMOUNT":"0","LGD_AMOUNT":"150000","LGD_BUYERSSN":".","LGD_RESPMSG":"20: ","LGD_PAYDATE":"20150214014016","LGD_PRODUCTINFO":"ÎåÄÏ§ëÎ¨∏ÌôîÌèâÎ°†Í∞Ä ÍπÄÎ¥âÌòÑÏùò Î¨∏ÌôîÏôÄ Ïù¥ÏäàÎ•º Í∞ÄÏßÄÍ≥† ÎÖ∏Îäî Í∏ÄÏì∞Í∏∞Ïùò ÎÖ∏ÌïòÏö∞","LGD_CASSEQNO":"000","LGD_PRODUCTCODE":"","LGD_HASHDATA":"db83e6ef553a1cd364dcda2ab8d81422","LGD_BUYERADDRESS":"ÏùòÏôïÏãú Ïò§Ï†ÑÎèô ÎèôÎ∞±ÏïÑÌååÌä∏101Îèô 504Ìò∏","LGD_RECEIVER":"","LGD_RESPCODE":"0000","LGD_ACCOUNTNUM":"61648507018250","LGD_PAYER":"Ïù¥Ï¢ÖÎØº","LGD_BUYEREMAIL":"ljm607@naver.com"}]}
]
2015-02-13 16:40:18 [INFO ] [xplex4-0120150213164017940f3d7449927df013b2840687eb6bd8e1582b73] Response Code=[0000], Msg=[20: ], Count=1
2015-02-13 16:40:18 [DEBUG] [xplex4-0120150213164017940f3d7449927df013b2840687eb6bd8e1582b73] Response (LGD_IFOS, 0) = 3A4C0S
2015-02-13 16:40:18 [DEBUG] [xplex4-0120150213164017940f3d7449927df013b2840687eb6bd8e1582b73] Response (LGD_MID, 0) = xplex4
2015-02-13 16:40:18 [DEBUG] [xplex4-0120150213164017940f3d7449927df013b2840687eb6bd8e1582b73] Response (LGD_FINANCENAME, 0) = Ïö∞Î¶¨
2015-02-13 16:40:18 [DEBUG] [xplex4-0120150213164017940f3d7449927df013b2840687eb6bd8e1582b73] Response (LGD_DELIVERYINFO, 0) = 
2015-02-13 16:40:18 [DEBUG] [xplex4-0120150213164017940f3d7449927df013b2840687eb6bd8e1582b73] Response (LGD_BUYER, 0) = Ïù¥Ï¢ÖÎØº
2015-02-13 16:40:18 [DEBUG] [xplex4-0120150213164017940f3d7449927df013b2840687eb6bd8e1582b73] Response (LGD_BUYERID, 0) = 
2015-02-13 16:40:18 [DEBUG] [xplex4-0120150213164017940f3d7449927df013b2840687eb6bd8e1582b73] Response (LGD_OID, 0) = 1808
2015-02-13 16:40:18 [DEBUG] [xplex4-0120150213164017940f3d7449927df013b2840687eb6bd8e1582b73] Response (LGD_RECEIVERPHONE, 0) = 
2015-02-13 16:40:18 [DEBUG] [xplex4-0120150213164017940f3d7449927df013b2840687eb6bd8e1582b73] Response (LGD_2TR_FLAG, 0) = Y
2015-02-13 16:40:18 [DEBUG] [xplex4-0120150213164017940f3d7449927df013b2840687eb6bd8e1582b73] Response (LGD_DEVICE, 0) = 
2015-02-13 16:40:18 [DEBUG] [xplex4-0120150213164017940f3d7449927df013b2840687eb6bd8e1582b73] Response (LGD_TID, 0) = xplex2015021401401658363
2015-02-13 16:40:18 [DEBUG] [xplex4-0120150213164017940f3d7449927df013b2840687eb6bd8e1582b73] Response (LGD_TIMESTAMP, 0) = 20150214014017
2015-02-13 16:40:18 [DEBUG] [xplex4-0120150213164017940f3d7449927df013b2840687eb6bd8e1582b73] Response (LGD_SAOWNER, 0) = ÏóëÏä§ÌîåÎ†âÏä§(X-PLEX)
2015-02-13 16:40:18 [DEBUG] [xplex4-0120150213164017940f3d7449927df013b2840687eb6bd8e1582b73] Response (LGD_FINANCECODE, 0) = 020
2015-02-13 16:40:18 [DEBUG] [xplex4-0120150213164017940f3d7449927df013b2840687eb6bd8e1582b73] Response (LGD_BUYERPHONE, 0) = 01099907968
2015-02-13 16:40:18 [DEBUG] [xplex4-0120150213164017940f3d7449927df013b2840687eb6bd8e1582b73] Response (LGD_ESCROWYN, 0) = N
2015-02-13 16:40:18 [DEBUG] [xplex4-0120150213164017940f3d7449927df013b2840687eb6bd8e1582b73] Response (LGD_PAYTYPE, 0) = SC0040
2015-02-13 16:40:18 [DEBUG] [xplex4-0120150213164017940f3d7449927df013b2840687eb6bd8e1582b73] Response (LGD_CASFLAG, 0) = R
2015-02-13 16:40:18 [DEBUG] [xplex4-0120150213164017940f3d7449927df013b2840687eb6bd8e1582b73] Response (LGD_CASCAMOUNT, 0) = 0
2015-02-13 16:40:18 [DEBUG] [xplex4-0120150213164017940f3d7449927df013b2840687eb6bd8e1582b73] Response (LGD_CASTAMOUNT, 0) = 0
2015-02-13 16:40:18 [DEBUG] [xplex4-0120150213164017940f3d7449927df013b2840687eb6bd8e1582b73] Response (LGD_AMOUNT, 0) = 150000
2015-02-13 16:40:18 [DEBUG] [xplex4-0120150213164017940f3d7449927df013b2840687eb6bd8e1582b73] Response (LGD_BUYERSSN, 0) = .
2015-02-13 16:40:18 [DEBUG] [xplex4-0120150213164017940f3d7449927df013b2840687eb6bd8e1582b73] Response (LGD_RESPMSG, 0) = 20: 
2015-02-13 16:40:18 [DEBUG] [xplex4-0120150213164017940f3d7449927df013b2840687eb6bd8e1582b73] Response (LGD_PAYDATE, 0) = 20150214014016
2015-02-13 16:40:18 [DEBUG] [xplex4-0120150213164017940f3d7449927df013b2840687eb6bd8e1582b73] Response (LGD_PRODUCTINFO, 0) = ÎåÄÏ§ëÎ¨∏ÌôîÌèâÎ°†Í∞Ä ÍπÄÎ¥âÌòÑÏùò Î¨∏ÌôîÏôÄ Ïù¥ÏäàÎ•º Í∞ÄÏßÄÍ≥† ÎÖ∏Îäî Í∏ÄÏì∞Í∏∞Ïùò ÎÖ∏ÌïòÏö∞
2015-02-13 16:40:18 [DEBUG] [xplex4-0120150213164017940f3d7449927df013b2840687eb6bd8e1582b73] Response (LGD_CASSEQNO, 0) = 000
2015-02-13 16:40:18 [DEBUG] [xplex4-0120150213164017940f3d7449927df013b2840687eb6bd8e1582b73] Response (LGD_PRODUCTCODE, 0) = 
2015-02-13 16:40:18 [DEBUG] [xplex4-0120150213164017940f3d7449927df013b2840687eb6bd8e1582b73] Response (LGD_HASHDATA, 0) = db83e6ef553a1cd364dcda2ab8d81422
2015-02-13 16:40:18 [DEBUG] [xplex4-0120150213164017940f3d7449927df013b2840687eb6bd8e1582b73] Response (LGD_BUYERADDRESS, 0) = ÏùòÏôïÏãú Ïò§Ï†ÑÎèô ÎèôÎ∞±ÏïÑÌååÌä∏101Îèô 504Ìò∏
2015-02-13 16:40:18 [DEBUG] [xplex4-0120150213164017940f3d7449927df013b2840687eb6bd8e1582b73] Response (LGD_RECEIVER, 0) = 
2015-02-13 16:40:18 [DEBUG] [xplex4-0120150213164017940f3d7449927df013b2840687eb6bd8e1582b73] Response (LGD_RESPCODE, 0) = 0000
2015-02-13 16:40:18 [DEBUG] [xplex4-0120150213164017940f3d7449927df013b2840687eb6bd8e1582b73] Response (LGD_ACCOUNTNUM, 0) = 61648507018250
2015-02-13 16:40:18 [DEBUG] [xplex4-0120150213164017940f3d7449927df013b2840687eb6bd8e1582b73] Response (LGD_PAYER, 0) = Ïù¥Ï¢ÖÎØº
2015-02-13 16:40:18 [DEBUG] [xplex4-0120150213164017940f3d7449927df013b2840687eb6bd8e1582b73] Response (LGD_BUYEREMAIL, 0) = ljm607@naver.com
2015-02-13 16:42:14 [INFO ] [] XPayClient initialize [/home/hosting_users/xplex/www/wp-content/plugins/woocommerce-lguplus-kr/lgdacom] [service]
2015-02-13 16:42:14 [DEBUG] [] Config [server_id] = [01]
2015-02-13 16:42:14 [DEBUG] [] Config [timeout] = [60]
2015-02-13 16:42:14 [DEBUG] [] Config [log_level] = [4]
2015-02-13 16:42:14 [DEBUG] [] Config [verify_cert] = [1]
2015-02-13 16:42:14 [DEBUG] [] Config [verify_host] = [1]
2015-02-13 16:42:14 [DEBUG] [] Config [report_error] = [1]
2015-02-13 16:42:14 [DEBUG] [] Config [output_UTF8] = [1]
2015-02-13 16:42:14 [DEBUG] [] Config [auto_rollback] = [1]
2015-02-13 16:42:14 [DEBUG] [] Config [log_dir] = [/home/hosting_users/xplex/www/wp-content/plugins/woocommerce-lguplus-kr/lgdacom/log]
2015-02-13 16:42:14 [DEBUG] [] Config [txplex4] = [12d7f002e43a80c0dd64128a1957e351]
2015-02-13 16:42:14 [DEBUG] [] Config [xplex4] = [12d7f002e43a80c0dd64128a1957e351]
2015-02-13 16:42:14 [DEBUG] [] Config [url] = [https://xpayclient.lgdacom.net/xpay/Gateway.do]
2015-02-13 16:42:14 [DEBUG] [] Config [test_url] = [https://xpayclient.lgdacom.net:7443/xpay/Gateway.do]
2015-02-13 16:42:14 [DEBUG] [] Config [aux_url] = [http://xpayclient.lgdacom.net:7080/xpay/Gateway.do]
2015-02-13 16:42:14 [DEBUG] [xplex4-0120150213164214b3c7686701b891286573fbb21b9dc90ea0400717] Post [LGD_TXID] = [xplex4-0120150213164214b3c7686701b891286573fbb21b9dc90ea0400717]
2015-02-13 16:42:14 [DEBUG] [xplex4-0120150213164214b3c7686701b891286573fbb21b9dc90ea0400717] Post [LGD_AUTHCODE] = [634a1978abc47dee7ad1d90b88ffae911e13aecd]
2015-02-13 16:42:14 [DEBUG] [xplex4-0120150213164214b3c7686701b891286573fbb21b9dc90ea0400717] Post [LGD_MID] = [xplex4]
2015-02-13 16:42:14 [DEBUG] [xplex4-0120150213164214b3c7686701b891286573fbb21b9dc90ea0400717] Post [LGD_TXNAME] = [PaymentByKey]
2015-02-13 16:42:14 [DEBUG] [xplex4-0120150213164214b3c7686701b891286573fbb21b9dc90ea0400717] Post [LGD_PAYKEY] = [2015021401421234F0EFDCA5D2D1C7EE8E95EA43E7AD2829C31AA3]
2015-02-13 16:42:14 [DEBUG] [xplex4-0120150213164214b3c7686701b891286573fbb21b9dc90ea0400717] post_string = LGD_TXID=xplex4-0120150213164214b3c7686701b891286573fbb21b9dc90ea0400717&LGD_AUTHCODE=634a1978abc47dee7ad1d90b88ffae911e13aecd&LGD_MID=xplex4&LGD_TXNAME=PaymentByKey&LGD_PAYKEY=2015021401421234F0EFDCA5D2D1C7EE8E95EA43E7AD2829C31AA3
2015-02-13 16:42:14 [DEBUG] [xplex4-0120150213164214b3c7686701b891286573fbb21b9dc90ea0400717] Result = [









{"LGD_RESPCODE":"A016","LGD_RESPMSG":"Ï§ëÎ≥µÎêú Ï£ºÎ¨∏Î≤àÌò∏ÏûÖÎãàÎã§.#","LGD_RESPONSE":[{"LGD_IFOS":"3A4C0S","LGD_MID":"xplex4","LGD_FINANCENAME":"Ïö∞Î¶¨","LGD_DELIVERYINFO":"","LGD_BUYER":"Ïù¥Ï¢ÖÎØº","LGD_BUYERID":"","LGD_OID":"1808","LGD_RECEIVERPHONE":"","LGD_2TR_FLAG":"Y","LGD_DEVICE":"","LGD_TID":"xplex2015021401401658363","LGD_TIMESTAMP":"20150214014214","LGD_SAOWNER":"ÏóëÏä§ÌîåÎ†âÏä§(X-PLEX)","LGD_FINANCECODE":"020","LGD_BUYERPHONE":"01099907968","LGD_ESCROWYN":"N","LGD_PAYTYPE":"SC0040","LGD_CASFLAG":"R","LGD_CASCAMOUNT":"0","LGD_CASTAMOUNT":"0","LGD_AMOUNT":"150000","LGD_BUYERSSN":".","LGD_RESPMSG":"Ï§ëÎ≥µÎêú Ï£ºÎ¨∏Î≤àÌò∏ÏûÖÎãàÎã§.#","LGD_PAYDATE":"20150214014214","LGD_PRODUCTINFO":"ÎåÄÏ§ëÎ¨∏ÌôîÌèâÎ°†Í∞Ä ÍπÄÎ¥âÌòÑÏùò Î¨∏ÌôîÏôÄ Ïù¥ÏäàÎ•º Í∞ÄÏßÄÍ≥† ÎÖ∏Îäî Í∏ÄÏì∞Í∏∞Ïùò ÎÖ∏ÌïòÏö∞","LGD_CASSEQNO":"000","LGD_PRODUCTCODE":"","LGD_HASHDATA":"afcf127a7bf908e1a48160bd1c48a07e","LGD_BUYERADDRESS":"ÏùòÏôïÏãú Ïò§Ï†ÑÎèô ÎèôÎ∞±ÏïÑÌååÌä∏101Îèô 504Ìò∏","LGD_RECEIVER":"","LGD_RESPCODE":"A016","LGD_ACCOUNTNUM":"    ","LGD_PAYER":"Ïù¥Ï¢ÖÎØº","LGD_BUYEREMAIL":"ljm607@naver.com"}]}
]
2015-02-13 16:42:14 [INFO ] [xplex4-0120150213164214b3c7686701b891286573fbb21b9dc90ea0400717] Response Code=[A016], Msg=[¡ﬂ∫πµ» ¡÷πÆπ¯»£¿‘¥œ¥Ÿ.#], Count=1
2015-02-13 16:42:14 [DEBUG] [xplex4-0120150213164214b3c7686701b891286573fbb21b9dc90ea0400717] Response (LGD_IFOS, 0) = 3A4C0S
2015-02-13 16:42:14 [DEBUG] [xplex4-0120150213164214b3c7686701b891286573fbb21b9dc90ea0400717] Response (LGD_MID, 0) = xplex4
2015-02-13 16:42:14 [DEBUG] [xplex4-0120150213164214b3c7686701b891286573fbb21b9dc90ea0400717] Response (LGD_FINANCENAME, 0) = Ïö∞Î¶¨
2015-02-13 16:42:14 [DEBUG] [xplex4-0120150213164214b3c7686701b891286573fbb21b9dc90ea0400717] Response (LGD_DELIVERYINFO, 0) = 
2015-02-13 16:42:14 [DEBUG] [xplex4-0120150213164214b3c7686701b891286573fbb21b9dc90ea0400717] Response (LGD_BUYER, 0) = Ïù¥Ï¢ÖÎØº
2015-02-13 16:42:14 [DEBUG] [xplex4-0120150213164214b3c7686701b891286573fbb21b9dc90ea0400717] Response (LGD_BUYERID, 0) = 
2015-02-13 16:42:14 [DEBUG] [xplex4-0120150213164214b3c7686701b891286573fbb21b9dc90ea0400717] Response (LGD_OID, 0) = 1808
2015-02-13 16:42:14 [DEBUG] [xplex4-0120150213164214b3c7686701b891286573fbb21b9dc90ea0400717] Response (LGD_RECEIVERPHONE, 0) = 
2015-02-13 16:42:14 [DEBUG] [xplex4-0120150213164214b3c7686701b891286573fbb21b9dc90ea0400717] Response (LGD_2TR_FLAG, 0) = Y
2015-02-13 16:42:14 [DEBUG] [xplex4-0120150213164214b3c7686701b891286573fbb21b9dc90ea0400717] Response (LGD_DEVICE, 0) = 
2015-02-13 16:42:14 [DEBUG] [xplex4-0120150213164214b3c7686701b891286573fbb21b9dc90ea0400717] Response (LGD_TID, 0) = xplex2015021401401658363
2015-02-13 16:42:14 [DEBUG] [xplex4-0120150213164214b3c7686701b891286573fbb21b9dc90ea0400717] Response (LGD_TIMESTAMP, 0) = 20150214014214
2015-02-13 16:42:14 [DEBUG] [xplex4-0120150213164214b3c7686701b891286573fbb21b9dc90ea0400717] Response (LGD_SAOWNER, 0) = ÏóëÏä§ÌîåÎ†âÏä§(X-PLEX)
2015-02-13 16:42:14 [DEBUG] [xplex4-0120150213164214b3c7686701b891286573fbb21b9dc90ea0400717] Response (LGD_FINANCECODE, 0) = 020
2015-02-13 16:42:14 [DEBUG] [xplex4-0120150213164214b3c7686701b891286573fbb21b9dc90ea0400717] Response (LGD_BUYERPHONE, 0) = 01099907968
2015-02-13 16:42:14 [DEBUG] [xplex4-0120150213164214b3c7686701b891286573fbb21b9dc90ea0400717] Response (LGD_ESCROWYN, 0) = N
2015-02-13 16:42:14 [DEBUG] [xplex4-0120150213164214b3c7686701b891286573fbb21b9dc90ea0400717] Response (LGD_PAYTYPE, 0) = SC0040
2015-02-13 16:42:14 [DEBUG] [xplex4-0120150213164214b3c7686701b891286573fbb21b9dc90ea0400717] Response (LGD_CASFLAG, 0) = R
2015-02-13 16:42:14 [DEBUG] [xplex4-0120150213164214b3c7686701b891286573fbb21b9dc90ea0400717] Response (LGD_CASCAMOUNT, 0) = 0
2015-02-13 16:42:14 [DEBUG] [xplex4-0120150213164214b3c7686701b891286573fbb21b9dc90ea0400717] Response (LGD_CASTAMOUNT, 0) = 0
2015-02-13 16:42:14 [DEBUG] [xplex4-0120150213164214b3c7686701b891286573fbb21b9dc90ea0400717] Response (LGD_AMOUNT, 0) = 150000
2015-02-13 16:42:14 [DEBUG] [xplex4-0120150213164214b3c7686701b891286573fbb21b9dc90ea0400717] Response (LGD_BUYERSSN, 0) = .
2015-02-13 16:42:14 [DEBUG] [xplex4-0120150213164214b3c7686701b891286573fbb21b9dc90ea0400717] Response (LGD_RESPMSG, 0) = Ï§ëÎ≥µÎêú Ï£ºÎ¨∏Î≤àÌò∏ÏûÖÎãàÎã§.#
2015-02-13 16:42:14 [DEBUG] [xplex4-0120150213164214b3c7686701b891286573fbb21b9dc90ea0400717] Response (LGD_PAYDATE, 0) = 20150214014214
2015-02-13 16:42:14 [DEBUG] [xplex4-0120150213164214b3c7686701b891286573fbb21b9dc90ea0400717] Response (LGD_PRODUCTINFO, 0) = ÎåÄÏ§ëÎ¨∏ÌôîÌèâÎ°†Í∞Ä ÍπÄÎ¥âÌòÑÏùò Î¨∏ÌôîÏôÄ Ïù¥ÏäàÎ•º Í∞ÄÏßÄÍ≥† ÎÖ∏Îäî Í∏ÄÏì∞Í∏∞Ïùò ÎÖ∏ÌïòÏö∞
2015-02-13 16:42:14 [DEBUG] [xplex4-0120150213164214b3c7686701b891286573fbb21b9dc90ea0400717] Response (LGD_CASSEQNO, 0) = 000
2015-02-13 16:42:14 [DEBUG] [xplex4-0120150213164214b3c7686701b891286573fbb21b9dc90ea0400717] Response (LGD_PRODUCTCODE, 0) = 
2015-02-13 16:42:14 [DEBUG] [xplex4-0120150213164214b3c7686701b891286573fbb21b9dc90ea0400717] Response (LGD_HASHDATA, 0) = afcf127a7bf908e1a48160bd1c48a07e
2015-02-13 16:42:14 [DEBUG] [xplex4-0120150213164214b3c7686701b891286573fbb21b9dc90ea0400717] Response (LGD_BUYERADDRESS, 0) = ÏùòÏôïÏãú Ïò§Ï†ÑÎèô ÎèôÎ∞±ÏïÑÌååÌä∏101Îèô 504Ìò∏
2015-02-13 16:42:14 [DEBUG] [xplex4-0120150213164214b3c7686701b891286573fbb21b9dc90ea0400717] Response (LGD_RECEIVER, 0) = 
2015-02-13 16:42:14 [DEBUG] [xplex4-0120150213164214b3c7686701b891286573fbb21b9dc90ea0400717] Response (LGD_RESPCODE, 0) = A016
2015-02-13 16:42:14 [DEBUG] [xplex4-0120150213164214b3c7686701b891286573fbb21b9dc90ea0400717] Response (LGD_ACCOUNTNUM, 0) =     
2015-02-13 16:42:14 [DEBUG] [xplex4-0120150213164214b3c7686701b891286573fbb21b9dc90ea0400717] Response (LGD_PAYER, 0) = Ïù¥Ï¢ÖÎØº
2015-02-13 16:42:14 [DEBUG] [xplex4-0120150213164214b3c7686701b891286573fbb21b9dc90ea0400717] Response (LGD_BUYEREMAIL, 0) = ljm607@naver.com
