2015-02-08 05:02:45 [INFO ] [] XPayClient initialize [/home/hosting_users/xplex/www/wp-content/plugins/woocommerce-lguplus-kr/lgdacom] [service]
2015-02-08 05:02:45 [DEBUG] [] Config [server_id] = [01]
2015-02-08 05:02:45 [DEBUG] [] Config [timeout] = [60]
2015-02-08 05:02:45 [DEBUG] [] Config [log_level] = [4]
2015-02-08 05:02:45 [DEBUG] [] Config [verify_cert] = [1]
2015-02-08 05:02:45 [DEBUG] [] Config [verify_host] = [1]
2015-02-08 05:02:45 [DEBUG] [] Config [report_error] = [1]
2015-02-08 05:02:45 [DEBUG] [] Config [output_UTF8] = [1]
2015-02-08 05:02:45 [DEBUG] [] Config [auto_rollback] = [1]
2015-02-08 05:02:45 [DEBUG] [] Config [log_dir] = [/home/hosting_users/xplex/www/wp-content/plugins/woocommerce-lguplus-kr/lgdacom/log]
2015-02-08 05:02:45 [DEBUG] [] Config [txplex4] = [12d7f002e43a80c0dd64128a1957e351]
2015-02-08 05:02:45 [DEBUG] [] Config [xplex4] = [12d7f002e43a80c0dd64128a1957e351]
2015-02-08 05:02:45 [DEBUG] [] Config [url] = [https://xpayclient.lgdacom.net/xpay/Gateway.do]
2015-02-08 05:02:45 [DEBUG] [] Config [test_url] = [https://xpayclient.lgdacom.net:7443/xpay/Gateway.do]
2015-02-08 05:02:45 [DEBUG] [] Config [aux_url] = [http://xpayclient.lgdacom.net:7080/xpay/Gateway.do]
2015-02-08 05:02:45 [DEBUG] [xplex4-0120150208050245b60b9fdda111227a38df45f0524119a203686937] Post [LGD_TXID] = [xplex4-0120150208050245b60b9fdda111227a38df45f0524119a203686937]
2015-02-08 05:02:45 [DEBUG] [xplex4-0120150208050245b60b9fdda111227a38df45f0524119a203686937] Post [LGD_AUTHCODE] = [f8dbefbde010c1291e8d4de878c0d1442126657c]
2015-02-08 05:02:45 [DEBUG] [xplex4-0120150208050245b60b9fdda111227a38df45f0524119a203686937] Post [LGD_MID] = [xplex4]
2015-02-08 05:02:45 [DEBUG] [xplex4-0120150208050245b60b9fdda111227a38df45f0524119a203686937] Post [LGD_TXNAME] = [PaymentByKey]
2015-02-08 05:02:45 [DEBUG] [xplex4-0120150208050245b60b9fdda111227a38df45f0524119a203686937] Post [LGD_PAYKEY] = [201502081402453BC95BBE99ECB699FA98009B59E6B3F43CE383F9]
2015-02-08 05:02:45 [DEBUG] [xplex4-0120150208050245b60b9fdda111227a38df45f0524119a203686937] post_string = LGD_TXID=xplex4-0120150208050245b60b9fdda111227a38df45f0524119a203686937&LGD_AUTHCODE=f8dbefbde010c1291e8d4de878c0d1442126657c&LGD_MID=xplex4&LGD_TXNAME=PaymentByKey&LGD_PAYKEY=201502081402453BC95BBE99ECB699FA98009B59E6B3F43CE383F9
2015-02-08 05:02:47 [DEBUG] [xplex4-0120150208050245b60b9fdda111227a38df45f0524119a203686937] Result = [









{"LGD_RESPCODE":"0000","LGD_RESPMSG":"06: ","LGD_RESPONSE":[{"LGD_IFOS":"3A4C0S","LGD_MID":"xplex4","LGD_FINANCENAME":"Íµ≠ÎØº","LGD_CASHRECEIPTKIND":"0","LGD_DELIVERYINFO":"","LGD_BUYER":"Î∞ïÏ†ïÍ≤Ω","LGD_BUYERID":"","LGD_OID":"1615","LGD_RECEIVERPHONE":"","LGD_2TR_FLAG":"Y","LGD_DEVICE":"","LGD_TID":"xplex2015020814024636545","LGD_TIMESTAMP":"20150208140247","LGD_SAOWNER":"ÏóëÏä§ÌîåÎ†âÏä§(X-PLEX)","LGD_FINANCECODE":"004","LGD_BUYERPHONE":"01023939655","LGD_ESCROWYN":"N","LGD_PAYTYPE":"SC0040","LGD_CASFLAG":"R","LGD_CASCAMOUNT":"0","LGD_CASTAMOUNT":"0","LGD_AMOUNT":"150000","LGD_BUYERSSN":".","LGD_CASHRECEIPTCODE":"0000","LGD_RESPMSG":"06: ","LGD_PAYDATE":"20150208140247","LGD_PRODUCTINFO":"ÏòõÏù¥ÏïºÍ∏∞Î°ú ÏãúÏûëÌïòÎäî ÏûëÍ∞ÄÏùò Íøà(Ïò§Ï†ÑÎ∞ò)","LGD_CASSEQNO":"000","LGD_PRODUCTCODE":"","LGD_HASHDATA":"e82f24826366daad4ab6f14ea6127434","LGD_BUYERADDRESS":"ÏÑúÎåÄÎ¨∏Íµ¨ Ï∞ΩÏ≤úÎèô 120~515ÎûòÎîîÏïôÏïÑÌååÌä∏ 301Ìò∏","LGD_RECEIVER":"","LGD_RESPCODE":"0000","LGD_ACCOUNTNUM":"68379011958796","LGD_PAYER":"Î∞ïÏ†ïÍ≤Ω","LGD_BUYEREMAIL":"shinpodo@naver.com"}]}
]
2015-02-08 05:02:47 [INFO ] [xplex4-0120150208050245b60b9fdda111227a38df45f0524119a203686937] Response Code=[0000], Msg=[06: ], Count=1
2015-02-08 05:02:47 [DEBUG] [xplex4-0120150208050245b60b9fdda111227a38df45f0524119a203686937] Response (LGD_IFOS, 0) = 3A4C0S
2015-02-08 05:02:47 [DEBUG] [xplex4-0120150208050245b60b9fdda111227a38df45f0524119a203686937] Response (LGD_MID, 0) = xplex4
2015-02-08 05:02:47 [DEBUG] [xplex4-0120150208050245b60b9fdda111227a38df45f0524119a203686937] Response (LGD_FINANCENAME, 0) = Íµ≠ÎØº
2015-02-08 05:02:47 [DEBUG] [xplex4-0120150208050245b60b9fdda111227a38df45f0524119a203686937] Response (LGD_CASHRECEIPTKIND, 0) = 0
2015-02-08 05:02:47 [DEBUG] [xplex4-0120150208050245b60b9fdda111227a38df45f0524119a203686937] Response (LGD_DELIVERYINFO, 0) = 
2015-02-08 05:02:47 [DEBUG] [xplex4-0120150208050245b60b9fdda111227a38df45f0524119a203686937] Response (LGD_BUYER, 0) = Î∞ïÏ†ïÍ≤Ω
2015-02-08 05:02:47 [DEBUG] [xplex4-0120150208050245b60b9fdda111227a38df45f0524119a203686937] Response (LGD_BUYERID, 0) = 
2015-02-08 05:02:47 [DEBUG] [xplex4-0120150208050245b60b9fdda111227a38df45f0524119a203686937] Response (LGD_OID, 0) = 1615
2015-02-08 05:02:47 [DEBUG] [xplex4-0120150208050245b60b9fdda111227a38df45f0524119a203686937] Response (LGD_RECEIVERPHONE, 0) = 
2015-02-08 05:02:47 [DEBUG] [xplex4-0120150208050245b60b9fdda111227a38df45f0524119a203686937] Response (LGD_2TR_FLAG, 0) = Y
2015-02-08 05:02:47 [DEBUG] [xplex4-0120150208050245b60b9fdda111227a38df45f0524119a203686937] Response (LGD_DEVICE, 0) = 
2015-02-08 05:02:47 [DEBUG] [xplex4-0120150208050245b60b9fdda111227a38df45f0524119a203686937] Response (LGD_TID, 0) = xplex2015020814024636545
2015-02-08 05:02:47 [DEBUG] [xplex4-0120150208050245b60b9fdda111227a38df45f0524119a203686937] Response (LGD_TIMESTAMP, 0) = 20150208140247
2015-02-08 05:02:47 [DEBUG] [xplex4-0120150208050245b60b9fdda111227a38df45f0524119a203686937] Response (LGD_SAOWNER, 0) = ÏóëÏä§ÌîåÎ†âÏä§(X-PLEX)
2015-02-08 05:02:47 [DEBUG] [xplex4-0120150208050245b60b9fdda111227a38df45f0524119a203686937] Response (LGD_FINANCECODE, 0) = 004
2015-02-08 05:02:47 [DEBUG] [xplex4-0120150208050245b60b9fdda111227a38df45f0524119a203686937] Response (LGD_BUYERPHONE, 0) = 01023939655
2015-02-08 05:02:47 [DEBUG] [xplex4-0120150208050245b60b9fdda111227a38df45f0524119a203686937] Response (LGD_ESCROWYN, 0) = N
2015-02-08 05:02:47 [DEBUG] [xplex4-0120150208050245b60b9fdda111227a38df45f0524119a203686937] Response (LGD_PAYTYPE, 0) = SC0040
2015-02-08 05:02:47 [DEBUG] [xplex4-0120150208050245b60b9fdda111227a38df45f0524119a203686937] Response (LGD_CASFLAG, 0) = R
2015-02-08 05:02:47 [DEBUG] [xplex4-0120150208050245b60b9fdda111227a38df45f0524119a203686937] Response (LGD_CASCAMOUNT, 0) = 0
2015-02-08 05:02:47 [DEBUG] [xplex4-0120150208050245b60b9fdda111227a38df45f0524119a203686937] Response (LGD_CASTAMOUNT, 0) = 0
2015-02-08 05:02:47 [DEBUG] [xplex4-0120150208050245b60b9fdda111227a38df45f0524119a203686937] Response (LGD_AMOUNT, 0) = 150000
2015-02-08 05:02:47 [DEBUG] [xplex4-0120150208050245b60b9fdda111227a38df45f0524119a203686937] Response (LGD_BUYERSSN, 0) = .
2015-02-08 05:02:47 [DEBUG] [xplex4-0120150208050245b60b9fdda111227a38df45f0524119a203686937] Response (LGD_CASHRECEIPTCODE, 0) = 0000
2015-02-08 05:02:47 [DEBUG] [xplex4-0120150208050245b60b9fdda111227a38df45f0524119a203686937] Response (LGD_RESPMSG, 0) = 06: 
2015-02-08 05:02:47 [DEBUG] [xplex4-0120150208050245b60b9fdda111227a38df45f0524119a203686937] Response (LGD_PAYDATE, 0) = 20150208140247
2015-02-08 05:02:47 [DEBUG] [xplex4-0120150208050245b60b9fdda111227a38df45f0524119a203686937] Response (LGD_PRODUCTINFO, 0) = ÏòõÏù¥ÏïºÍ∏∞Î°ú ÏãúÏûëÌïòÎäî ÏûëÍ∞ÄÏùò Íøà(Ïò§Ï†ÑÎ∞ò)
2015-02-08 05:02:47 [DEBUG] [xplex4-0120150208050245b60b9fdda111227a38df45f0524119a203686937] Response (LGD_CASSEQNO, 0) = 000
2015-02-08 05:02:47 [DEBUG] [xplex4-0120150208050245b60b9fdda111227a38df45f0524119a203686937] Response (LGD_PRODUCTCODE, 0) = 
2015-02-08 05:02:47 [DEBUG] [xplex4-0120150208050245b60b9fdda111227a38df45f0524119a203686937] Response (LGD_HASHDATA, 0) = e82f24826366daad4ab6f14ea6127434
2015-02-08 05:02:47 [DEBUG] [xplex4-0120150208050245b60b9fdda111227a38df45f0524119a203686937] Response (LGD_BUYERADDRESS, 0) = ÏÑúÎåÄÎ¨∏Íµ¨ Ï∞ΩÏ≤úÎèô 120~515ÎûòÎîîÏïôÏïÑÌååÌä∏ 301Ìò∏
2015-02-08 05:02:47 [DEBUG] [xplex4-0120150208050245b60b9fdda111227a38df45f0524119a203686937] Response (LGD_RECEIVER, 0) = 
2015-02-08 05:02:47 [DEBUG] [xplex4-0120150208050245b60b9fdda111227a38df45f0524119a203686937] Response (LGD_RESPCODE, 0) = 0000
2015-02-08 05:02:47 [DEBUG] [xplex4-0120150208050245b60b9fdda111227a38df45f0524119a203686937] Response (LGD_ACCOUNTNUM, 0) = 68379011958796
2015-02-08 05:02:47 [DEBUG] [xplex4-0120150208050245b60b9fdda111227a38df45f0524119a203686937] Response (LGD_PAYER, 0) = Î∞ïÏ†ïÍ≤Ω
2015-02-08 05:02:47 [DEBUG] [xplex4-0120150208050245b60b9fdda111227a38df45f0524119a203686937] Response (LGD_BUYEREMAIL, 0) = shinpodo@naver.com
2015-02-08 07:39:35 [INFO ] [] XPayClient initialize [/home/hosting_users/xplex/www/wp-content/plugins/woocommerce-lguplus-kr/lgdacom] [service]
2015-02-08 07:39:35 [DEBUG] [] Config [server_id] = [01]
2015-02-08 07:39:35 [DEBUG] [] Config [timeout] = [60]
2015-02-08 07:39:35 [DEBUG] [] Config [log_level] = [4]
2015-02-08 07:39:35 [DEBUG] [] Config [verify_cert] = [1]
2015-02-08 07:39:35 [DEBUG] [] Config [verify_host] = [1]
2015-02-08 07:39:35 [DEBUG] [] Config [report_error] = [1]
2015-02-08 07:39:35 [DEBUG] [] Config [output_UTF8] = [1]
2015-02-08 07:39:35 [DEBUG] [] Config [auto_rollback] = [1]
2015-02-08 07:39:35 [DEBUG] [] Config [log_dir] = [/home/hosting_users/xplex/www/wp-content/plugins/woocommerce-lguplus-kr/lgdacom/log]
2015-02-08 07:39:35 [DEBUG] [] Config [txplex4] = [12d7f002e43a80c0dd64128a1957e351]
2015-02-08 07:39:35 [DEBUG] [] Config [xplex4] = [12d7f002e43a80c0dd64128a1957e351]
2015-02-08 07:39:35 [DEBUG] [] Config [url] = [https://xpayclient.lgdacom.net/xpay/Gateway.do]
2015-02-08 07:39:35 [DEBUG] [] Config [test_url] = [https://xpayclient.lgdacom.net:7443/xpay/Gateway.do]
2015-02-08 07:39:35 [DEBUG] [] Config [aux_url] = [http://xpayclient.lgdacom.net:7080/xpay/Gateway.do]
2015-02-08 07:39:35 [DEBUG] [xplex4-012015020807393579d8a0396b704de0380e3f5b4abd8675877503b9] Post [LGD_TXID] = [xplex4-012015020807393579d8a0396b704de0380e3f5b4abd8675877503b9]
2015-02-08 07:39:35 [DEBUG] [xplex4-012015020807393579d8a0396b704de0380e3f5b4abd8675877503b9] Post [LGD_AUTHCODE] = [9b923bd802849a944be27f8b4a602ca1263d59c1]
2015-02-08 07:39:35 [DEBUG] [xplex4-012015020807393579d8a0396b704de0380e3f5b4abd8675877503b9] Post [LGD_MID] = [xplex4]
2015-02-08 07:39:35 [DEBUG] [xplex4-012015020807393579d8a0396b704de0380e3f5b4abd8675877503b9] Post [LGD_TXNAME] = [PaymentByKey]
2015-02-08 07:39:35 [DEBUG] [xplex4-012015020807393579d8a0396b704de0380e3f5b4abd8675877503b9] Post [LGD_PAYKEY] = [2015020816393451C99AF1A6E0EC61E74011CBDC069291DC138032]
2015-02-08 07:39:35 [DEBUG] [xplex4-012015020807393579d8a0396b704de0380e3f5b4abd8675877503b9] post_string = LGD_TXID=xplex4-012015020807393579d8a0396b704de0380e3f5b4abd8675877503b9&LGD_AUTHCODE=9b923bd802849a944be27f8b4a602ca1263d59c1&LGD_MID=xplex4&LGD_TXNAME=PaymentByKey&LGD_PAYKEY=2015020816393451C99AF1A6E0EC61E74011CBDC069291DC138032
2015-02-08 07:39:36 [DEBUG] [xplex4-012015020807393579d8a0396b704de0380e3f5b4abd8675877503b9] Result = [









{"LGD_RESPCODE":"3000","LGD_RESPMSG":"A3:Ìï†Î∂ÄÍ∞úÏõîÏò§Î•ò","LGD_RESPONSE":[{"LGD_CARDACQUIRER":"21","LGD_IFOS":"3M8ETM","LGD_MID":"xplex4","LGD_FINANCENAME":"Ïô∏ÌôòVISA","LGD_PCANCELFLAG":"1","LGD_FINANCEAUTHNUM":"        ","LGD_DELIVERYINFO":"","LGD_BUYER":"ÍπÄÎßàÎ¶¨","LGD_AFFILIATECODE":"******","LGD_TRANSAMOUNT":"150000","LGD_BUYERID":"","LGD_OID":"1617","LGD_CARDNUM":"459930******2630","LGD_RECEIVERPHONE":"","LGD_2TR_FLAG":"Y","LGD_DEVICE":"iPhone","LGD_TID":"xplex2015020816393623154","LGD_TIMESTAMP":"20150208163937","LGD_FINANCECODE":"21100","LGD_CARDNOINTYN":"0","LGD_PCANCELSTR":"0","LGD_DISCOUNTUSEYN":"0","LGD_BUYERPHONE":"010-2244-5667","LGD_ESCROWYN":"N","LGD_PAYTYPE":"SC0010","LGD_AMOUNT":"150000","LGD_VANCODE":"van0011","LGD_EXCHANGERATE":"1.0","LGD_BUYERSSN":"","LGD_CARDINSTALLMONTH":"03","LGD_RESPMSG":"A3:Ìï†Î∂ÄÍ∞úÏõîÏò§Î•ò","LGD_PAYDATE":"20150208163937","LGD_PRODUCTINFO":"ÏßÄÏÜçÍ∞ÄÎä•Ìïú Ï∂úÌåêÏùÑ ÏúÑÌïú ÎßàÏºÄÌåÖ Ï†ÑÎûµ Í∞ïÏùò","LGD_PRODUCTCODE":"","LGD_HASHDATA":"feb533b8857960202c656b48f5385de9","LGD_CARDGUBUN1":"0","LGD_CARDGUBUN2":"1","LGD_BUYERADDRESS":"ÏÑúÎåÄÎ¨∏Íµ¨ Ïó∞Ìù¨Îèô 601~685627-1","LGD_RECEIVER":"","LGD_RESPCODE":"3000","LGD_BUYEREMAIL":"hello.eve.december@gmail.com","LGD_DISCOUNTUSEAMOUNT":"0"}]}
]
2015-02-08 07:39:36 [INFO ] [xplex4-012015020807393579d8a0396b704de0380e3f5b4abd8675877503b9] Response Code=[3000], Msg=[A3:«“∫Œ∞≥ø˘ø¿∑˘], Count=1
2015-02-08 07:39:36 [DEBUG] [xplex4-012015020807393579d8a0396b704de0380e3f5b4abd8675877503b9] Response (LGD_CARDACQUIRER, 0) = 21
2015-02-08 07:39:36 [DEBUG] [xplex4-012015020807393579d8a0396b704de0380e3f5b4abd8675877503b9] Response (LGD_IFOS, 0) = 3M8ETM
2015-02-08 07:39:36 [DEBUG] [xplex4-012015020807393579d8a0396b704de0380e3f5b4abd8675877503b9] Response (LGD_MID, 0) = xplex4
2015-02-08 07:39:36 [DEBUG] [xplex4-012015020807393579d8a0396b704de0380e3f5b4abd8675877503b9] Response (LGD_FINANCENAME, 0) = Ïô∏ÌôòVISA
2015-02-08 07:39:36 [DEBUG] [xplex4-012015020807393579d8a0396b704de0380e3f5b4abd8675877503b9] Response (LGD_PCANCELFLAG, 0) = 1
2015-02-08 07:39:36 [DEBUG] [xplex4-012015020807393579d8a0396b704de0380e3f5b4abd8675877503b9] Response (LGD_FINANCEAUTHNUM, 0) =         
2015-02-08 07:39:36 [DEBUG] [xplex4-012015020807393579d8a0396b704de0380e3f5b4abd8675877503b9] Response (LGD_DELIVERYINFO, 0) = 
2015-02-08 07:39:36 [DEBUG] [xplex4-012015020807393579d8a0396b704de0380e3f5b4abd8675877503b9] Response (LGD_BUYER, 0) = ÍπÄÎßàÎ¶¨
2015-02-08 07:39:36 [DEBUG] [xplex4-012015020807393579d8a0396b704de0380e3f5b4abd8675877503b9] Response (LGD_AFFILIATECODE, 0) = ******
2015-02-08 07:39:36 [DEBUG] [xplex4-012015020807393579d8a0396b704de0380e3f5b4abd8675877503b9] Response (LGD_TRANSAMOUNT, 0) = 150000
2015-02-08 07:39:36 [DEBUG] [xplex4-012015020807393579d8a0396b704de0380e3f5b4abd8675877503b9] Response (LGD_BUYERID, 0) = 
2015-02-08 07:39:36 [DEBUG] [xplex4-012015020807393579d8a0396b704de0380e3f5b4abd8675877503b9] Response (LGD_OID, 0) = 1617
2015-02-08 07:39:36 [DEBUG] [xplex4-012015020807393579d8a0396b704de0380e3f5b4abd8675877503b9] Response (LGD_CARDNUM, 0) = 459930******2630
2015-02-08 07:39:36 [DEBUG] [xplex4-012015020807393579d8a0396b704de0380e3f5b4abd8675877503b9] Response (LGD_RECEIVERPHONE, 0) = 
2015-02-08 07:39:36 [DEBUG] [xplex4-012015020807393579d8a0396b704de0380e3f5b4abd8675877503b9] Response (LGD_2TR_FLAG, 0) = Y
2015-02-08 07:39:36 [DEBUG] [xplex4-012015020807393579d8a0396b704de0380e3f5b4abd8675877503b9] Response (LGD_DEVICE, 0) = iPhone
2015-02-08 07:39:36 [DEBUG] [xplex4-012015020807393579d8a0396b704de0380e3f5b4abd8675877503b9] Response (LGD_TID, 0) = xplex2015020816393623154
2015-02-08 07:39:36 [DEBUG] [xplex4-012015020807393579d8a0396b704de0380e3f5b4abd8675877503b9] Response (LGD_TIMESTAMP, 0) = 20150208163937
2015-02-08 07:39:36 [DEBUG] [xplex4-012015020807393579d8a0396b704de0380e3f5b4abd8675877503b9] Response (LGD_FINANCECODE, 0) = 21100
2015-02-08 07:39:36 [DEBUG] [xplex4-012015020807393579d8a0396b704de0380e3f5b4abd8675877503b9] Response (LGD_CARDNOINTYN, 0) = 0
2015-02-08 07:39:36 [DEBUG] [xplex4-012015020807393579d8a0396b704de0380e3f5b4abd8675877503b9] Response (LGD_PCANCELSTR, 0) = 0
2015-02-08 07:39:36 [DEBUG] [xplex4-012015020807393579d8a0396b704de0380e3f5b4abd8675877503b9] Response (LGD_DISCOUNTUSEYN, 0) = 0
2015-02-08 07:39:36 [DEBUG] [xplex4-012015020807393579d8a0396b704de0380e3f5b4abd8675877503b9] Response (LGD_BUYERPHONE, 0) = 010-2244-5667
2015-02-08 07:39:36 [DEBUG] [xplex4-012015020807393579d8a0396b704de0380e3f5b4abd8675877503b9] Response (LGD_ESCROWYN, 0) = N
2015-02-08 07:39:36 [DEBUG] [xplex4-012015020807393579d8a0396b704de0380e3f5b4abd8675877503b9] Response (LGD_PAYTYPE, 0) = SC0010
2015-02-08 07:39:36 [DEBUG] [xplex4-012015020807393579d8a0396b704de0380e3f5b4abd8675877503b9] Response (LGD_AMOUNT, 0) = 150000
2015-02-08 07:39:36 [DEBUG] [xplex4-012015020807393579d8a0396b704de0380e3f5b4abd8675877503b9] Response (LGD_VANCODE, 0) = van0011
2015-02-08 07:39:36 [DEBUG] [xplex4-012015020807393579d8a0396b704de0380e3f5b4abd8675877503b9] Response (LGD_EXCHANGERATE, 0) = 1.0
2015-02-08 07:39:36 [DEBUG] [xplex4-012015020807393579d8a0396b704de0380e3f5b4abd8675877503b9] Response (LGD_BUYERSSN, 0) = 
2015-02-08 07:39:36 [DEBUG] [xplex4-012015020807393579d8a0396b704de0380e3f5b4abd8675877503b9] Response (LGD_CARDINSTALLMONTH, 0) = 03
2015-02-08 07:39:36 [DEBUG] [xplex4-012015020807393579d8a0396b704de0380e3f5b4abd8675877503b9] Response (LGD_RESPMSG, 0) = A3:Ìï†Î∂ÄÍ∞úÏõîÏò§Î•ò
2015-02-08 07:39:36 [DEBUG] [xplex4-012015020807393579d8a0396b704de0380e3f5b4abd8675877503b9] Response (LGD_PAYDATE, 0) = 20150208163937
2015-02-08 07:39:36 [DEBUG] [xplex4-012015020807393579d8a0396b704de0380e3f5b4abd8675877503b9] Response (LGD_PRODUCTINFO, 0) = ÏßÄÏÜçÍ∞ÄÎä•Ìïú Ï∂úÌåêÏùÑ ÏúÑÌïú ÎßàÏºÄÌåÖ Ï†ÑÎûµ Í∞ïÏùò
2015-02-08 07:39:36 [DEBUG] [xplex4-012015020807393579d8a0396b704de0380e3f5b4abd8675877503b9] Response (LGD_PRODUCTCODE, 0) = 
2015-02-08 07:39:36 [DEBUG] [xplex4-012015020807393579d8a0396b704de0380e3f5b4abd8675877503b9] Response (LGD_HASHDATA, 0) = feb533b8857960202c656b48f5385de9
2015-02-08 07:39:36 [DEBUG] [xplex4-012015020807393579d8a0396b704de0380e3f5b4abd8675877503b9] Response (LGD_CARDGUBUN1, 0) = 0
2015-02-08 07:39:36 [DEBUG] [xplex4-012015020807393579d8a0396b704de0380e3f5b4abd8675877503b9] Response (LGD_CARDGUBUN2, 0) = 1
2015-02-08 07:39:36 [DEBUG] [xplex4-012015020807393579d8a0396b704de0380e3f5b4abd8675877503b9] Response (LGD_BUYERADDRESS, 0) = ÏÑúÎåÄÎ¨∏Íµ¨ Ïó∞Ìù¨Îèô 601~685627-1
2015-02-08 07:39:36 [DEBUG] [xplex4-012015020807393579d8a0396b704de0380e3f5b4abd8675877503b9] Response (LGD_RECEIVER, 0) = 
2015-02-08 07:39:36 [DEBUG] [xplex4-012015020807393579d8a0396b704de0380e3f5b4abd8675877503b9] Response (LGD_RESPCODE, 0) = 3000
2015-02-08 07:39:36 [DEBUG] [xplex4-012015020807393579d8a0396b704de0380e3f5b4abd8675877503b9] Response (LGD_BUYEREMAIL, 0) = hello.eve.december@gmail.com
2015-02-08 07:39:36 [DEBUG] [xplex4-012015020807393579d8a0396b704de0380e3f5b4abd8675877503b9] Response (LGD_DISCOUNTUSEAMOUNT, 0) = 0
2015-02-08 07:44:37 [INFO ] [] XPayClient initialize [/home/hosting_users/xplex/www/wp-content/plugins/woocommerce-lguplus-kr/lgdacom] [service]
2015-02-08 07:44:37 [DEBUG] [] Config [server_id] = [01]
2015-02-08 07:44:37 [DEBUG] [] Config [timeout] = [60]
2015-02-08 07:44:37 [DEBUG] [] Config [log_level] = [4]
2015-02-08 07:44:37 [DEBUG] [] Config [verify_cert] = [1]
2015-02-08 07:44:37 [DEBUG] [] Config [verify_host] = [1]
2015-02-08 07:44:37 [DEBUG] [] Config [report_error] = [1]
2015-02-08 07:44:37 [DEBUG] [] Config [output_UTF8] = [1]
2015-02-08 07:44:37 [DEBUG] [] Config [auto_rollback] = [1]
2015-02-08 07:44:37 [DEBUG] [] Config [log_dir] = [/home/hosting_users/xplex/www/wp-content/plugins/woocommerce-lguplus-kr/lgdacom/log]
2015-02-08 07:44:37 [DEBUG] [] Config [txplex4] = [12d7f002e43a80c0dd64128a1957e351]
2015-02-08 07:44:37 [DEBUG] [] Config [xplex4] = [12d7f002e43a80c0dd64128a1957e351]
2015-02-08 07:44:37 [DEBUG] [] Config [url] = [https://xpayclient.lgdacom.net/xpay/Gateway.do]
2015-02-08 07:44:37 [DEBUG] [] Config [test_url] = [https://xpayclient.lgdacom.net:7443/xpay/Gateway.do]
2015-02-08 07:44:37 [DEBUG] [] Config [aux_url] = [http://xpayclient.lgdacom.net:7080/xpay/Gateway.do]
2015-02-08 07:44:37 [DEBUG] [xplex4-0120150208074437f509b8e5888670a0226ac113e736847624f24094] Post [LGD_TXID] = [xplex4-0120150208074437f509b8e5888670a0226ac113e736847624f24094]
2015-02-08 07:44:37 [DEBUG] [xplex4-0120150208074437f509b8e5888670a0226ac113e736847624f24094] Post [LGD_AUTHCODE] = [90affefd67a2aab0cdd55fde654f8f857280ca72]
2015-02-08 07:44:37 [DEBUG] [xplex4-0120150208074437f509b8e5888670a0226ac113e736847624f24094] Post [LGD_MID] = [xplex4]
2015-02-08 07:44:37 [DEBUG] [xplex4-0120150208074437f509b8e5888670a0226ac113e736847624f24094] Post [LGD_TXNAME] = [PaymentByKey]
2015-02-08 07:44:37 [DEBUG] [xplex4-0120150208074437f509b8e5888670a0226ac113e736847624f24094] Post [LGD_PAYKEY] = [20150208164436A1B71C81CE0FC69600CF655D30F7437E253154B5]
2015-02-08 07:44:37 [DEBUG] [xplex4-0120150208074437f509b8e5888670a0226ac113e736847624f24094] post_string = LGD_TXID=xplex4-0120150208074437f509b8e5888670a0226ac113e736847624f24094&LGD_AUTHCODE=90affefd67a2aab0cdd55fde654f8f857280ca72&LGD_MID=xplex4&LGD_TXNAME=PaymentByKey&LGD_PAYKEY=20150208164436A1B71C81CE0FC69600CF655D30F7437E253154B5
2015-02-08 07:44:41 [DEBUG] [xplex4-0120150208074437f509b8e5888670a0226ac113e736847624f24094] Result = [









{"LGD_RESPCODE":"3000","LGD_RESPMSG":"A3:Ìï†Î∂ÄÍ∞úÏõîÏò§Î•ò","LGD_RESPONSE":[{"LGD_CARDACQUIRER":"21","LGD_IFOS":"3M8ETM","LGD_MID":"xplex4","LGD_FINANCENAME":"Ïô∏ÌôòVISA","LGD_PCANCELFLAG":"1","LGD_FINANCEAUTHNUM":"        ","LGD_DELIVERYINFO":"","LGD_BUYER":"ÍπÄÎßàÎ¶¨","LGD_AFFILIATECODE":"******","LGD_TRANSAMOUNT":"150000","LGD_BUYERID":"","LGD_OID":"1617","LGD_CARDNUM":"459930******2630","LGD_RECEIVERPHONE":"","LGD_2TR_FLAG":"Y","LGD_DEVICE":"iPhone","LGD_TID":"xplex2015020816393623154","LGD_TIMESTAMP":"20150208164442","LGD_FINANCECODE":"21100","LGD_CARDNOINTYN":"0","LGD_PCANCELSTR":"0","LGD_DISCOUNTUSEYN":"0","LGD_BUYERPHONE":"010-2244-5667","LGD_ESCROWYN":"N","LGD_PAYTYPE":"SC0010","LGD_AMOUNT":"150000","LGD_VANCODE":"van0011","LGD_EXCHANGERATE":"1.0","LGD_BUYERSSN":"","LGD_CARDINSTALLMONTH":"03","LGD_RESPMSG":"A3:Ìï†Î∂ÄÍ∞úÏõîÏò§Î•ò","LGD_PAYDATE":"20150208164442","LGD_PRODUCTINFO":"ÏßÄÏÜçÍ∞ÄÎä•Ìïú Ï∂úÌåêÏùÑ ÏúÑÌïú ÎßàÏºÄÌåÖ Ï†ÑÎûµ Í∞ïÏùò","LGD_PRODUCTCODE":"","LGD_HASHDATA":"a01de7afcd746e4db4a244ff18fc2490","LGD_CARDGUBUN1":"0","LGD_CARDGUBUN2":"1","LGD_BUYERADDRESS":"ÏÑúÎåÄÎ¨∏Íµ¨ Ïó∞Ìù¨Îèô 601~685627-1","LGD_RECEIVER":"","LGD_RESPCODE":"3000","LGD_BUYEREMAIL":"hello.eve.december@gmail.com","LGD_DISCOUNTUSEAMOUNT":"0"}]}
]
2015-02-08 07:44:41 [INFO ] [xplex4-0120150208074437f509b8e5888670a0226ac113e736847624f24094] Response Code=[3000], Msg=[A3:«“∫Œ∞≥ø˘ø¿∑˘], Count=1
2015-02-08 07:44:41 [DEBUG] [xplex4-0120150208074437f509b8e5888670a0226ac113e736847624f24094] Response (LGD_CARDACQUIRER, 0) = 21
2015-02-08 07:44:41 [DEBUG] [xplex4-0120150208074437f509b8e5888670a0226ac113e736847624f24094] Response (LGD_IFOS, 0) = 3M8ETM
2015-02-08 07:44:41 [DEBUG] [xplex4-0120150208074437f509b8e5888670a0226ac113e736847624f24094] Response (LGD_MID, 0) = xplex4
2015-02-08 07:44:41 [DEBUG] [xplex4-0120150208074437f509b8e5888670a0226ac113e736847624f24094] Response (LGD_FINANCENAME, 0) = Ïô∏ÌôòVISA
2015-02-08 07:44:41 [DEBUG] [xplex4-0120150208074437f509b8e5888670a0226ac113e736847624f24094] Response (LGD_PCANCELFLAG, 0) = 1
2015-02-08 07:44:41 [DEBUG] [xplex4-0120150208074437f509b8e5888670a0226ac113e736847624f24094] Response (LGD_FINANCEAUTHNUM, 0) =         
2015-02-08 07:44:41 [DEBUG] [xplex4-0120150208074437f509b8e5888670a0226ac113e736847624f24094] Response (LGD_DELIVERYINFO, 0) = 
2015-02-08 07:44:41 [DEBUG] [xplex4-0120150208074437f509b8e5888670a0226ac113e736847624f24094] Response (LGD_BUYER, 0) = ÍπÄÎßàÎ¶¨
2015-02-08 07:44:41 [DEBUG] [xplex4-0120150208074437f509b8e5888670a0226ac113e736847624f24094] Response (LGD_AFFILIATECODE, 0) = ******
2015-02-08 07:44:41 [DEBUG] [xplex4-0120150208074437f509b8e5888670a0226ac113e736847624f24094] Response (LGD_TRANSAMOUNT, 0) = 150000
2015-02-08 07:44:41 [DEBUG] [xplex4-0120150208074437f509b8e5888670a0226ac113e736847624f24094] Response (LGD_BUYERID, 0) = 
2015-02-08 07:44:41 [DEBUG] [xplex4-0120150208074437f509b8e5888670a0226ac113e736847624f24094] Response (LGD_OID, 0) = 1617
2015-02-08 07:44:41 [DEBUG] [xplex4-0120150208074437f509b8e5888670a0226ac113e736847624f24094] Response (LGD_CARDNUM, 0) = 459930******2630
2015-02-08 07:44:41 [DEBUG] [xplex4-0120150208074437f509b8e5888670a0226ac113e736847624f24094] Response (LGD_RECEIVERPHONE, 0) = 
2015-02-08 07:44:41 [DEBUG] [xplex4-0120150208074437f509b8e5888670a0226ac113e736847624f24094] Response (LGD_2TR_FLAG, 0) = Y
2015-02-08 07:44:41 [DEBUG] [xplex4-0120150208074437f509b8e5888670a0226ac113e736847624f24094] Response (LGD_DEVICE, 0) = iPhone
2015-02-08 07:44:41 [DEBUG] [xplex4-0120150208074437f509b8e5888670a0226ac113e736847624f24094] Response (LGD_TID, 0) = xplex2015020816393623154
2015-02-08 07:44:41 [DEBUG] [xplex4-0120150208074437f509b8e5888670a0226ac113e736847624f24094] Response (LGD_TIMESTAMP, 0) = 20150208164442
2015-02-08 07:44:41 [DEBUG] [xplex4-0120150208074437f509b8e5888670a0226ac113e736847624f24094] Response (LGD_FINANCECODE, 0) = 21100
2015-02-08 07:44:41 [DEBUG] [xplex4-0120150208074437f509b8e5888670a0226ac113e736847624f24094] Response (LGD_CARDNOINTYN, 0) = 0
2015-02-08 07:44:41 [DEBUG] [xplex4-0120150208074437f509b8e5888670a0226ac113e736847624f24094] Response (LGD_PCANCELSTR, 0) = 0
2015-02-08 07:44:41 [DEBUG] [xplex4-0120150208074437f509b8e5888670a0226ac113e736847624f24094] Response (LGD_DISCOUNTUSEYN, 0) = 0
2015-02-08 07:44:41 [DEBUG] [xplex4-0120150208074437f509b8e5888670a0226ac113e736847624f24094] Response (LGD_BUYERPHONE, 0) = 010-2244-5667
2015-02-08 07:44:41 [DEBUG] [xplex4-0120150208074437f509b8e5888670a0226ac113e736847624f24094] Response (LGD_ESCROWYN, 0) = N
2015-02-08 07:44:41 [DEBUG] [xplex4-0120150208074437f509b8e5888670a0226ac113e736847624f24094] Response (LGD_PAYTYPE, 0) = SC0010
2015-02-08 07:44:41 [DEBUG] [xplex4-0120150208074437f509b8e5888670a0226ac113e736847624f24094] Response (LGD_AMOUNT, 0) = 150000
2015-02-08 07:44:41 [DEBUG] [xplex4-0120150208074437f509b8e5888670a0226ac113e736847624f24094] Response (LGD_VANCODE, 0) = van0011
2015-02-08 07:44:41 [DEBUG] [xplex4-0120150208074437f509b8e5888670a0226ac113e736847624f24094] Response (LGD_EXCHANGERATE, 0) = 1.0
2015-02-08 07:44:41 [DEBUG] [xplex4-0120150208074437f509b8e5888670a0226ac113e736847624f24094] Response (LGD_BUYERSSN, 0) = 
2015-02-08 07:44:41 [DEBUG] [xplex4-0120150208074437f509b8e5888670a0226ac113e736847624f24094] Response (LGD_CARDINSTALLMONTH, 0) = 03
2015-02-08 07:44:41 [DEBUG] [xplex4-0120150208074437f509b8e5888670a0226ac113e736847624f24094] Response (LGD_RESPMSG, 0) = A3:Ìï†Î∂ÄÍ∞úÏõîÏò§Î•ò
2015-02-08 07:44:41 [DEBUG] [xplex4-0120150208074437f509b8e5888670a0226ac113e736847624f24094] Response (LGD_PAYDATE, 0) = 20150208164442
2015-02-08 07:44:41 [DEBUG] [xplex4-0120150208074437f509b8e5888670a0226ac113e736847624f24094] Response (LGD_PRODUCTINFO, 0) = ÏßÄÏÜçÍ∞ÄÎä•Ìïú Ï∂úÌåêÏùÑ ÏúÑÌïú ÎßàÏºÄÌåÖ Ï†ÑÎûµ Í∞ïÏùò
2015-02-08 07:44:41 [DEBUG] [xplex4-0120150208074437f509b8e5888670a0226ac113e736847624f24094] Response (LGD_PRODUCTCODE, 0) = 
2015-02-08 07:44:41 [DEBUG] [xplex4-0120150208074437f509b8e5888670a0226ac113e736847624f24094] Response (LGD_HASHDATA, 0) = a01de7afcd746e4db4a244ff18fc2490
2015-02-08 07:44:41 [DEBUG] [xplex4-0120150208074437f509b8e5888670a0226ac113e736847624f24094] Response (LGD_CARDGUBUN1, 0) = 0
2015-02-08 07:44:41 [DEBUG] [xplex4-0120150208074437f509b8e5888670a0226ac113e736847624f24094] Response (LGD_CARDGUBUN2, 0) = 1
2015-02-08 07:44:41 [DEBUG] [xplex4-0120150208074437f509b8e5888670a0226ac113e736847624f24094] Response (LGD_BUYERADDRESS, 0) = ÏÑúÎåÄÎ¨∏Íµ¨ Ïó∞Ìù¨Îèô 601~685627-1
2015-02-08 07:44:41 [DEBUG] [xplex4-0120150208074437f509b8e5888670a0226ac113e736847624f24094] Response (LGD_RECEIVER, 0) = 
2015-02-08 07:44:41 [DEBUG] [xplex4-0120150208074437f509b8e5888670a0226ac113e736847624f24094] Response (LGD_RESPCODE, 0) = 3000
2015-02-08 07:44:41 [DEBUG] [xplex4-0120150208074437f509b8e5888670a0226ac113e736847624f24094] Response (LGD_BUYEREMAIL, 0) = hello.eve.december@gmail.com
2015-02-08 07:44:41 [DEBUG] [xplex4-0120150208074437f509b8e5888670a0226ac113e736847624f24094] Response (LGD_DISCOUNTUSEAMOUNT, 0) = 0
