2016-04-02 09:28:36 [INFO ] [] XPayClient initialize [/home/hosting_users/xplex/www/wp-content/plugins/woocommerce-lguplus-kr/lgdacom] [service]
2016-04-02 09:28:36 [DEBUG] [] Config [server_id] = [01]
2016-04-02 09:28:36 [DEBUG] [] Config [timeout] = [60]
2016-04-02 09:28:36 [DEBUG] [] Config [log_level] = [4]
2016-04-02 09:28:36 [DEBUG] [] Config [verify_cert] = [1]
2016-04-02 09:28:36 [DEBUG] [] Config [verify_host] = [1]
2016-04-02 09:28:36 [DEBUG] [] Config [report_error] = [1]
2016-04-02 09:28:36 [DEBUG] [] Config [output_UTF8] = [1]
2016-04-02 09:28:36 [DEBUG] [] Config [auto_rollback] = [1]
2016-04-02 09:28:36 [DEBUG] [] Config [log_dir] = [/home/hosting_users/xplex/www/wp-content/plugins/woocommerce-lguplus-kr/lgdacom/log]
2016-04-02 09:28:36 [DEBUG] [] Config [txplex4] = [12d7f002e43a80c0dd64128a1957e351]
2016-04-02 09:28:36 [DEBUG] [] Config [xplex4] = [12d7f002e43a80c0dd64128a1957e351]
2016-04-02 09:28:36 [DEBUG] [] Config [url] = [https://xpayclient.lgdacom.net/xpay/Gateway.do]
2016-04-02 09:28:36 [DEBUG] [] Config [test_url] = [https://xpayclient.lgdacom.net:7443/xpay/Gateway.do]
2016-04-02 09:28:36 [DEBUG] [] Config [aux_url] = [http://xpayclient.lgdacom.net:7080/xpay/Gateway.do]
2016-04-02 09:28:36 [DEBUG] [xplex4-0120160402092836554748cc9bbde28f99b9b2abac8eaaf4aba1db34] Post [LGD_TXID] = [xplex4-0120160402092836554748cc9bbde28f99b9b2abac8eaaf4aba1db34]
2016-04-02 09:28:36 [DEBUG] [xplex4-0120160402092836554748cc9bbde28f99b9b2abac8eaaf4aba1db34] Post [LGD_AUTHCODE] = [992b4124860f68e01094f3df659a291c124b1af6]
2016-04-02 09:28:36 [DEBUG] [xplex4-0120160402092836554748cc9bbde28f99b9b2abac8eaaf4aba1db34] Post [LGD_MID] = [xplex4]
2016-04-02 09:28:36 [DEBUG] [xplex4-0120160402092836554748cc9bbde28f99b9b2abac8eaaf4aba1db34] Post [LGD_TXNAME] = [PaymentByKey]
2016-04-02 09:28:36 [DEBUG] [xplex4-0120160402092836554748cc9bbde28f99b9b2abac8eaaf4aba1db34] Post [LGD_PAYKEY] = [20160402182835D4224CB1DAF00175ED3F4CE8DEABB17DD4657B91]
2016-04-02 09:28:36 [DEBUG] [xplex4-0120160402092836554748cc9bbde28f99b9b2abac8eaaf4aba1db34] post_string = LGD_TXID=xplex4-0120160402092836554748cc9bbde28f99b9b2abac8eaaf4aba1db34&LGD_AUTHCODE=992b4124860f68e01094f3df659a291c124b1af6&LGD_MID=xplex4&LGD_TXNAME=PaymentByKey&LGD_PAYKEY=20160402182835D4224CB1DAF00175ED3F4CE8DEABB17DD4657B91
2016-04-02 09:28:37 [DEBUG] [xplex4-0120160402092836554748cc9bbde28f99b9b2abac8eaaf4aba1db34] Result = [









{"LGD_RESPCODE":"0000","LGD_RESPMSG":"06: ","LGD_RESPONSE":[{"LGD_IFOS":"3A6C0S","LGD_MID":"xplex4","LGD_FINANCENAME":"국민","LGD_CASHRECEIPTKIND":"0","LGD_DELIVERYINFO":"","LGD_BUYER":"안다비","LGD_BUYERID":"","LGD_OID":"5071","LGD_RECEIVERPHONE":"","LGD_2TR_FLAG":"Y","LGD_DEVICE":"","LGD_TID":"xplex2016040218283670573","LGD_TIMESTAMP":"20160402182837","LGD_SAOWNER":"엑스플렉스(X-PLEX)","LGD_FINANCECODE":"004","LGD_BUYERPHONE":"01076629198","LGD_ESCROWYN":"N","LGD_PAYTYPE":"SC0040","LGD_CASFLAG":"R","LGD_CASCAMOUNT":"0","LGD_CASTAMOUNT":"0","LGD_AMOUNT":"50000","LGD_BUYERSSN":".","LGD_CASHRECEIPTCODE":"0000","LGD_RESPMSG":"06: ","LGD_PAYDATE":"20160402182837","LGD_PRODUCTINFO":"너의 개인적인 강의 -밥장의 1:1 수업테라피","LGD_CASSEQNO":"000","LGD_PRODUCTCODE":"","LGD_HASHDATA":"e98a735d6af75f31cfea1c5dab7a3493","LGD_BUYERADDRESS":"안성시 공도읍 만정리","LGD_RECEIVER":"","LGD_RESPCODE":"0000","LGD_ACCOUNTNUM":"69509011866197","LGD_PAYER":"박미아","LGD_BUYEREMAIL":"idea_director@naver.com"}]}
]
2016-04-02 09:28:37 [INFO ] [xplex4-0120160402092836554748cc9bbde28f99b9b2abac8eaaf4aba1db34] Response Code=[0000], Msg=[06: ], Count=1
2016-04-02 09:28:37 [DEBUG] [xplex4-0120160402092836554748cc9bbde28f99b9b2abac8eaaf4aba1db34] Response (LGD_IFOS, 0) = 3A6C0S
2016-04-02 09:28:37 [DEBUG] [xplex4-0120160402092836554748cc9bbde28f99b9b2abac8eaaf4aba1db34] Response (LGD_MID, 0) = xplex4
2016-04-02 09:28:37 [DEBUG] [xplex4-0120160402092836554748cc9bbde28f99b9b2abac8eaaf4aba1db34] Response (LGD_FINANCENAME, 0) = 국민
2016-04-02 09:28:37 [DEBUG] [xplex4-0120160402092836554748cc9bbde28f99b9b2abac8eaaf4aba1db34] Response (LGD_CASHRECEIPTKIND, 0) = 0
2016-04-02 09:28:37 [DEBUG] [xplex4-0120160402092836554748cc9bbde28f99b9b2abac8eaaf4aba1db34] Response (LGD_DELIVERYINFO, 0) = 
2016-04-02 09:28:37 [DEBUG] [xplex4-0120160402092836554748cc9bbde28f99b9b2abac8eaaf4aba1db34] Response (LGD_BUYER, 0) = 안다비
2016-04-02 09:28:37 [DEBUG] [xplex4-0120160402092836554748cc9bbde28f99b9b2abac8eaaf4aba1db34] Response (LGD_BUYERID, 0) = 
2016-04-02 09:28:37 [DEBUG] [xplex4-0120160402092836554748cc9bbde28f99b9b2abac8eaaf4aba1db34] Response (LGD_OID, 0) = 5071
2016-04-02 09:28:37 [DEBUG] [xplex4-0120160402092836554748cc9bbde28f99b9b2abac8eaaf4aba1db34] Response (LGD_RECEIVERPHONE, 0) = 
2016-04-02 09:28:37 [DEBUG] [xplex4-0120160402092836554748cc9bbde28f99b9b2abac8eaaf4aba1db34] Response (LGD_2TR_FLAG, 0) = Y
2016-04-02 09:28:37 [DEBUG] [xplex4-0120160402092836554748cc9bbde28f99b9b2abac8eaaf4aba1db34] Response (LGD_DEVICE, 0) = 
2016-04-02 09:28:37 [DEBUG] [xplex4-0120160402092836554748cc9bbde28f99b9b2abac8eaaf4aba1db34] Response (LGD_TID, 0) = xplex2016040218283670573
2016-04-02 09:28:37 [DEBUG] [xplex4-0120160402092836554748cc9bbde28f99b9b2abac8eaaf4aba1db34] Response (LGD_TIMESTAMP, 0) = 20160402182837
2016-04-02 09:28:37 [DEBUG] [xplex4-0120160402092836554748cc9bbde28f99b9b2abac8eaaf4aba1db34] Response (LGD_SAOWNER, 0) = 엑스플렉스(X-PLEX)
2016-04-02 09:28:37 [DEBUG] [xplex4-0120160402092836554748cc9bbde28f99b9b2abac8eaaf4aba1db34] Response (LGD_FINANCECODE, 0) = 004
2016-04-02 09:28:37 [DEBUG] [xplex4-0120160402092836554748cc9bbde28f99b9b2abac8eaaf4aba1db34] Response (LGD_BUYERPHONE, 0) = 01076629198
2016-04-02 09:28:37 [DEBUG] [xplex4-0120160402092836554748cc9bbde28f99b9b2abac8eaaf4aba1db34] Response (LGD_ESCROWYN, 0) = N
2016-04-02 09:28:37 [DEBUG] [xplex4-0120160402092836554748cc9bbde28f99b9b2abac8eaaf4aba1db34] Response (LGD_PAYTYPE, 0) = SC0040
2016-04-02 09:28:37 [DEBUG] [xplex4-0120160402092836554748cc9bbde28f99b9b2abac8eaaf4aba1db34] Response (LGD_CASFLAG, 0) = R
2016-04-02 09:28:37 [DEBUG] [xplex4-0120160402092836554748cc9bbde28f99b9b2abac8eaaf4aba1db34] Response (LGD_CASCAMOUNT, 0) = 0
2016-04-02 09:28:37 [DEBUG] [xplex4-0120160402092836554748cc9bbde28f99b9b2abac8eaaf4aba1db34] Response (LGD_CASTAMOUNT, 0) = 0
2016-04-02 09:28:37 [DEBUG] [xplex4-0120160402092836554748cc9bbde28f99b9b2abac8eaaf4aba1db34] Response (LGD_AMOUNT, 0) = 50000
2016-04-02 09:28:37 [DEBUG] [xplex4-0120160402092836554748cc9bbde28f99b9b2abac8eaaf4aba1db34] Response (LGD_BUYERSSN, 0) = .
2016-04-02 09:28:37 [DEBUG] [xplex4-0120160402092836554748cc9bbde28f99b9b2abac8eaaf4aba1db34] Response (LGD_CASHRECEIPTCODE, 0) = 0000
2016-04-02 09:28:37 [DEBUG] [xplex4-0120160402092836554748cc9bbde28f99b9b2abac8eaaf4aba1db34] Response (LGD_RESPMSG, 0) = 06: 
2016-04-02 09:28:37 [DEBUG] [xplex4-0120160402092836554748cc9bbde28f99b9b2abac8eaaf4aba1db34] Response (LGD_PAYDATE, 0) = 20160402182837
2016-04-02 09:28:37 [DEBUG] [xplex4-0120160402092836554748cc9bbde28f99b9b2abac8eaaf4aba1db34] Response (LGD_PRODUCTINFO, 0) = 너의 개인적인 강의 -밥장의 1:1 수업테라피
2016-04-02 09:28:37 [DEBUG] [xplex4-0120160402092836554748cc9bbde28f99b9b2abac8eaaf4aba1db34] Response (LGD_CASSEQNO, 0) = 000
2016-04-02 09:28:37 [DEBUG] [xplex4-0120160402092836554748cc9bbde28f99b9b2abac8eaaf4aba1db34] Response (LGD_PRODUCTCODE, 0) = 
2016-04-02 09:28:37 [DEBUG] [xplex4-0120160402092836554748cc9bbde28f99b9b2abac8eaaf4aba1db34] Response (LGD_HASHDATA, 0) = e98a735d6af75f31cfea1c5dab7a3493
2016-04-02 09:28:37 [DEBUG] [xplex4-0120160402092836554748cc9bbde28f99b9b2abac8eaaf4aba1db34] Response (LGD_BUYERADDRESS, 0) = 안성시 공도읍 만정리
2016-04-02 09:28:37 [DEBUG] [xplex4-0120160402092836554748cc9bbde28f99b9b2abac8eaaf4aba1db34] Response (LGD_RECEIVER, 0) = 
2016-04-02 09:28:37 [DEBUG] [xplex4-0120160402092836554748cc9bbde28f99b9b2abac8eaaf4aba1db34] Response (LGD_RESPCODE, 0) = 0000
2016-04-02 09:28:37 [DEBUG] [xplex4-0120160402092836554748cc9bbde28f99b9b2abac8eaaf4aba1db34] Response (LGD_ACCOUNTNUM, 0) = 69509011866197
2016-04-02 09:28:37 [DEBUG] [xplex4-0120160402092836554748cc9bbde28f99b9b2abac8eaaf4aba1db34] Response (LGD_PAYER, 0) = 박미아
2016-04-02 09:28:37 [DEBUG] [xplex4-0120160402092836554748cc9bbde28f99b9b2abac8eaaf4aba1db34] Response (LGD_BUYEREMAIL, 0) = idea_director@naver.com
