2016-01-30 04:44:30 [INFO ] [] XPayClient initialize [/home/hosting_users/xplex/www/wp-content/plugins/woocommerce-lguplus-kr/lgdacom] [service]
2016-01-30 04:44:30 [DEBUG] [] Config [server_id] = [01]
2016-01-30 04:44:30 [DEBUG] [] Config [timeout] = [60]
2016-01-30 04:44:30 [DEBUG] [] Config [log_level] = [4]
2016-01-30 04:44:30 [DEBUG] [] Config [verify_cert] = [1]
2016-01-30 04:44:30 [DEBUG] [] Config [verify_host] = [1]
2016-01-30 04:44:30 [DEBUG] [] Config [report_error] = [1]
2016-01-30 04:44:30 [DEBUG] [] Config [output_UTF8] = [1]
2016-01-30 04:44:30 [DEBUG] [] Config [auto_rollback] = [1]
2016-01-30 04:44:30 [DEBUG] [] Config [log_dir] = [/home/hosting_users/xplex/www/wp-content/plugins/woocommerce-lguplus-kr/lgdacom/log]
2016-01-30 04:44:30 [DEBUG] [] Config [txplex4] = [12d7f002e43a80c0dd64128a1957e351]
2016-01-30 04:44:30 [DEBUG] [] Config [xplex4] = [12d7f002e43a80c0dd64128a1957e351]
2016-01-30 04:44:30 [DEBUG] [] Config [url] = [https://xpayclient.lgdacom.net/xpay/Gateway.do]
2016-01-30 04:44:30 [DEBUG] [] Config [test_url] = [https://xpayclient.lgdacom.net:7443/xpay/Gateway.do]
2016-01-30 04:44:30 [DEBUG] [] Config [aux_url] = [http://xpayclient.lgdacom.net:7080/xpay/Gateway.do]
2016-01-30 04:44:30 [DEBUG] [xplex4-0120160130044430787b4f4c47dc27db50dae1bc76a2b2951962b88e] Post [LGD_TXID] = [xplex4-0120160130044430787b4f4c47dc27db50dae1bc76a2b2951962b88e]
2016-01-30 04:44:30 [DEBUG] [xplex4-0120160130044430787b4f4c47dc27db50dae1bc76a2b2951962b88e] Post [LGD_AUTHCODE] = [3372536c89822118008d158527769c109629cde2]
2016-01-30 04:44:30 [DEBUG] [xplex4-0120160130044430787b4f4c47dc27db50dae1bc76a2b2951962b88e] Post [LGD_MID] = [xplex4]
2016-01-30 04:44:30 [DEBUG] [xplex4-0120160130044430787b4f4c47dc27db50dae1bc76a2b2951962b88e] Post [LGD_TXNAME] = [PaymentByKey]
2016-01-30 04:44:30 [DEBUG] [xplex4-0120160130044430787b4f4c47dc27db50dae1bc76a2b2951962b88e] Post [LGD_PAYKEY] = [20160130134428FCDB6834585C540D43B5AAE31A8108B39B20DA4B]
2016-01-30 04:44:30 [DEBUG] [xplex4-0120160130044430787b4f4c47dc27db50dae1bc76a2b2951962b88e] post_string = LGD_TXID=xplex4-0120160130044430787b4f4c47dc27db50dae1bc76a2b2951962b88e&LGD_AUTHCODE=3372536c89822118008d158527769c109629cde2&LGD_MID=xplex4&LGD_TXNAME=PaymentByKey&LGD_PAYKEY=20160130134428FCDB6834585C540D43B5AAE31A8108B39B20DA4B
2016-01-30 04:44:31 [DEBUG] [xplex4-0120160130044430787b4f4c47dc27db50dae1bc76a2b2951962b88e] Result = [









{"LGD_RESPCODE":"0000","LGD_RESPMSG":"20: ","LGD_RESPONSE":[{"LGD_IFOS":"3M9S0M","LGD_MID":"xplex4","LGD_FINANCENAME":"우리","LGD_DELIVERYINFO":"","LGD_BUYER":"김기홍","LGD_BUYERID":"","LGD_OID":"4610","LGD_RECEIVERPHONE":"","LGD_2TR_FLAG":"Y","LGD_DEVICE":"","LGD_TID":"xplex2016013013443045757","LGD_TIMESTAMP":"20160130134431","LGD_SAOWNER":"엑스플렉스(X-PLEX)","LGD_FINANCECODE":"020","LGD_BUYERPHONE":"01079287179","LGD_ESCROWYN":"N","LGD_PAYTYPE":"SC0040","LGD_CASFLAG":"R","LGD_CASCAMOUNT":"0","LGD_CASTAMOUNT":"0","LGD_AMOUNT":"240000","LGD_BUYERSSN":".","LGD_RESPMSG":"20: ","LGD_PAYDATE":"20160130134430","LGD_PRODUCTINFO":"대중문화 글쓰기 펀치-라이팅 6기문화와 이슈를 가지고 노는 글쓰기의 노하우","LGD_CASSEQNO":"000","LGD_PRODUCTCODE":"","LGD_HASHDATA":"17f20a3eb44fee4543e5e3bfa76daecb","LGD_BUYERADDRESS":"부천시 원미구 중3동 덕유마을아파트 201~238동208동1104호","LGD_RECEIVER":"","LGD_RESPCODE":"0000","LGD_ACCOUNTNUM":"61650418718311","LGD_PAYER":"김기홍","LGD_BUYEREMAIL":"rlgjd43@naver.com"}]}
]
2016-01-30 04:44:31 [INFO ] [xplex4-0120160130044430787b4f4c47dc27db50dae1bc76a2b2951962b88e] Response Code=[0000], Msg=[20: ], Count=1
2016-01-30 04:44:31 [DEBUG] [xplex4-0120160130044430787b4f4c47dc27db50dae1bc76a2b2951962b88e] Response (LGD_IFOS, 0) = 3M9S0M
2016-01-30 04:44:31 [DEBUG] [xplex4-0120160130044430787b4f4c47dc27db50dae1bc76a2b2951962b88e] Response (LGD_MID, 0) = xplex4
2016-01-30 04:44:31 [DEBUG] [xplex4-0120160130044430787b4f4c47dc27db50dae1bc76a2b2951962b88e] Response (LGD_FINANCENAME, 0) = 우리
2016-01-30 04:44:31 [DEBUG] [xplex4-0120160130044430787b4f4c47dc27db50dae1bc76a2b2951962b88e] Response (LGD_DELIVERYINFO, 0) = 
2016-01-30 04:44:31 [DEBUG] [xplex4-0120160130044430787b4f4c47dc27db50dae1bc76a2b2951962b88e] Response (LGD_BUYER, 0) = 김기홍
2016-01-30 04:44:31 [DEBUG] [xplex4-0120160130044430787b4f4c47dc27db50dae1bc76a2b2951962b88e] Response (LGD_BUYERID, 0) = 
2016-01-30 04:44:31 [DEBUG] [xplex4-0120160130044430787b4f4c47dc27db50dae1bc76a2b2951962b88e] Response (LGD_OID, 0) = 4610
2016-01-30 04:44:31 [DEBUG] [xplex4-0120160130044430787b4f4c47dc27db50dae1bc76a2b2951962b88e] Response (LGD_RECEIVERPHONE, 0) = 
2016-01-30 04:44:31 [DEBUG] [xplex4-0120160130044430787b4f4c47dc27db50dae1bc76a2b2951962b88e] Response (LGD_2TR_FLAG, 0) = Y
2016-01-30 04:44:31 [DEBUG] [xplex4-0120160130044430787b4f4c47dc27db50dae1bc76a2b2951962b88e] Response (LGD_DEVICE, 0) = 
2016-01-30 04:44:31 [DEBUG] [xplex4-0120160130044430787b4f4c47dc27db50dae1bc76a2b2951962b88e] Response (LGD_TID, 0) = xplex2016013013443045757
2016-01-30 04:44:31 [DEBUG] [xplex4-0120160130044430787b4f4c47dc27db50dae1bc76a2b2951962b88e] Response (LGD_TIMESTAMP, 0) = 20160130134431
2016-01-30 04:44:31 [DEBUG] [xplex4-0120160130044430787b4f4c47dc27db50dae1bc76a2b2951962b88e] Response (LGD_SAOWNER, 0) = 엑스플렉스(X-PLEX)
2016-01-30 04:44:31 [DEBUG] [xplex4-0120160130044430787b4f4c47dc27db50dae1bc76a2b2951962b88e] Response (LGD_FINANCECODE, 0) = 020
2016-01-30 04:44:31 [DEBUG] [xplex4-0120160130044430787b4f4c47dc27db50dae1bc76a2b2951962b88e] Response (LGD_BUYERPHONE, 0) = 01079287179
2016-01-30 04:44:31 [DEBUG] [xplex4-0120160130044430787b4f4c47dc27db50dae1bc76a2b2951962b88e] Response (LGD_ESCROWYN, 0) = N
2016-01-30 04:44:31 [DEBUG] [xplex4-0120160130044430787b4f4c47dc27db50dae1bc76a2b2951962b88e] Response (LGD_PAYTYPE, 0) = SC0040
2016-01-30 04:44:31 [DEBUG] [xplex4-0120160130044430787b4f4c47dc27db50dae1bc76a2b2951962b88e] Response (LGD_CASFLAG, 0) = R
2016-01-30 04:44:31 [DEBUG] [xplex4-0120160130044430787b4f4c47dc27db50dae1bc76a2b2951962b88e] Response (LGD_CASCAMOUNT, 0) = 0
2016-01-30 04:44:31 [DEBUG] [xplex4-0120160130044430787b4f4c47dc27db50dae1bc76a2b2951962b88e] Response (LGD_CASTAMOUNT, 0) = 0
2016-01-30 04:44:31 [DEBUG] [xplex4-0120160130044430787b4f4c47dc27db50dae1bc76a2b2951962b88e] Response (LGD_AMOUNT, 0) = 240000
2016-01-30 04:44:31 [DEBUG] [xplex4-0120160130044430787b4f4c47dc27db50dae1bc76a2b2951962b88e] Response (LGD_BUYERSSN, 0) = .
2016-01-30 04:44:31 [DEBUG] [xplex4-0120160130044430787b4f4c47dc27db50dae1bc76a2b2951962b88e] Response (LGD_RESPMSG, 0) = 20: 
2016-01-30 04:44:31 [DEBUG] [xplex4-0120160130044430787b4f4c47dc27db50dae1bc76a2b2951962b88e] Response (LGD_PAYDATE, 0) = 20160130134430
2016-01-30 04:44:31 [DEBUG] [xplex4-0120160130044430787b4f4c47dc27db50dae1bc76a2b2951962b88e] Response (LGD_PRODUCTINFO, 0) = 대중문화 글쓰기 펀치-라이팅 6기문화와 이슈를 가지고 노는 글쓰기의 노하우
2016-01-30 04:44:31 [DEBUG] [xplex4-0120160130044430787b4f4c47dc27db50dae1bc76a2b2951962b88e] Response (LGD_CASSEQNO, 0) = 000
2016-01-30 04:44:31 [DEBUG] [xplex4-0120160130044430787b4f4c47dc27db50dae1bc76a2b2951962b88e] Response (LGD_PRODUCTCODE, 0) = 
2016-01-30 04:44:31 [DEBUG] [xplex4-0120160130044430787b4f4c47dc27db50dae1bc76a2b2951962b88e] Response (LGD_HASHDATA, 0) = 17f20a3eb44fee4543e5e3bfa76daecb
2016-01-30 04:44:31 [DEBUG] [xplex4-0120160130044430787b4f4c47dc27db50dae1bc76a2b2951962b88e] Response (LGD_BUYERADDRESS, 0) = 부천시 원미구 중3동 덕유마을아파트 201~238동208동1104호
2016-01-30 04:44:31 [DEBUG] [xplex4-0120160130044430787b4f4c47dc27db50dae1bc76a2b2951962b88e] Response (LGD_RECEIVER, 0) = 
2016-01-30 04:44:31 [DEBUG] [xplex4-0120160130044430787b4f4c47dc27db50dae1bc76a2b2951962b88e] Response (LGD_RESPCODE, 0) = 0000
2016-01-30 04:44:31 [DEBUG] [xplex4-0120160130044430787b4f4c47dc27db50dae1bc76a2b2951962b88e] Response (LGD_ACCOUNTNUM, 0) = 61650418718311
2016-01-30 04:44:31 [DEBUG] [xplex4-0120160130044430787b4f4c47dc27db50dae1bc76a2b2951962b88e] Response (LGD_PAYER, 0) = 김기홍
2016-01-30 04:44:31 [DEBUG] [xplex4-0120160130044430787b4f4c47dc27db50dae1bc76a2b2951962b88e] Response (LGD_BUYEREMAIL, 0) = rlgjd43@naver.com
