2015-09-18 14:59:21 [INFO ] [] XPayClient initialize [/home/hosting_users/xplex/www/wp-content/plugins/woocommerce-lguplus-kr/lgdacom] [service]
2015-09-18 14:59:21 [DEBUG] [] Config [server_id] = [01]
2015-09-18 14:59:21 [DEBUG] [] Config [timeout] = [60]
2015-09-18 14:59:21 [DEBUG] [] Config [log_level] = [4]
2015-09-18 14:59:21 [DEBUG] [] Config [verify_cert] = [1]
2015-09-18 14:59:21 [DEBUG] [] Config [verify_host] = [1]
2015-09-18 14:59:21 [DEBUG] [] Config [report_error] = [1]
2015-09-18 14:59:21 [DEBUG] [] Config [output_UTF8] = [1]
2015-09-18 14:59:21 [DEBUG] [] Config [auto_rollback] = [1]
2015-09-18 14:59:21 [DEBUG] [] Config [log_dir] = [/home/hosting_users/xplex/www/wp-content/plugins/woocommerce-lguplus-kr/lgdacom/log]
2015-09-18 14:59:21 [DEBUG] [] Config [txplex4] = [12d7f002e43a80c0dd64128a1957e351]
2015-09-18 14:59:21 [DEBUG] [] Config [xplex4] = [12d7f002e43a80c0dd64128a1957e351]
2015-09-18 14:59:21 [DEBUG] [] Config [url] = [https://xpayclient.lgdacom.net/xpay/Gateway.do]
2015-09-18 14:59:21 [DEBUG] [] Config [test_url] = [https://xpayclient.lgdacom.net:7443/xpay/Gateway.do]
2015-09-18 14:59:21 [DEBUG] [] Config [aux_url] = [http://xpayclient.lgdacom.net:7080/xpay/Gateway.do]
2015-09-18 14:59:21 [DEBUG] [xplex4-01201509181459211c984789ce401150eb13fe4bddc25de0a6773975] Post [LGD_TXID] = [xplex4-01201509181459211c984789ce401150eb13fe4bddc25de0a6773975]
2015-09-18 14:59:21 [DEBUG] [xplex4-01201509181459211c984789ce401150eb13fe4bddc25de0a6773975] Post [LGD_AUTHCODE] = [d6b709c4ecc8d02fa3bf36ceb3a921d4c660f1da]
2015-09-18 14:59:21 [DEBUG] [xplex4-01201509181459211c984789ce401150eb13fe4bddc25de0a6773975] Post [LGD_MID] = [xplex4]
2015-09-18 14:59:21 [DEBUG] [xplex4-01201509181459211c984789ce401150eb13fe4bddc25de0a6773975] Post [LGD_TXNAME] = [PaymentByKey]
2015-09-18 14:59:21 [DEBUG] [xplex4-01201509181459211c984789ce401150eb13fe4bddc25de0a6773975] Post [LGD_PAYKEY] = [2015091823592016B9F65AC0BCD5E3EECC1575E99C5CC16C9CF192]
2015-09-18 14:59:21 [DEBUG] [xplex4-01201509181459211c984789ce401150eb13fe4bddc25de0a6773975] post_string = LGD_TXID=xplex4-01201509181459211c984789ce401150eb13fe4bddc25de0a6773975&LGD_AUTHCODE=d6b709c4ecc8d02fa3bf36ceb3a921d4c660f1da&LGD_MID=xplex4&LGD_TXNAME=PaymentByKey&LGD_PAYKEY=2015091823592016B9F65AC0BCD5E3EECC1575E99C5CC16C9CF192
2015-09-18 14:59:22 [DEBUG] [xplex4-01201509181459211c984789ce401150eb13fe4bddc25de0a6773975] Result = [









{"LGD_RESPCODE":"0000","LGD_RESPMSG":"06: ","LGD_RESPONSE":[{"LGD_IFOS":"3M8ETM","LGD_MID":"xplex4","LGD_FINANCENAME":"국민","LGD_DELIVERYINFO":"","LGD_BUYER":"박정철","LGD_BUYERID":"","LGD_OID":"3815","LGD_RECEIVERPHONE":"","LGD_2TR_FLAG":"Y","LGD_DEVICE":"","LGD_TID":"xplex2015091823592264055","LGD_TIMESTAMP":"20150918235923","LGD_SAOWNER":"엑스플렉스(X-PLEX)","LGD_FINANCECODE":"004","LGD_BUYERPHONE":"01056352623","LGD_ESCROWYN":"N","LGD_PAYTYPE":"SC0040","LGD_CASFLAG":"R","LGD_CASCAMOUNT":"0","LGD_CASTAMOUNT":"0","LGD_AMOUNT":"320000","LGD_BUYERSSN":".","LGD_RESPMSG":"06: ","LGD_PAYDATE":"20150918235922","LGD_PRODUCTINFO":"나만의 사전을 만드는 글쓰기 [시즌1]– 내가 사로잡힌 세계를 사로잡기 위하여","LGD_CASSEQNO":"000","LGD_PRODUCTCODE":"","LGD_HASHDATA":"25f980e5dcb45a1f649d1176b22fe269","LGD_BUYERADDRESS":"구로구 궁동178-21","LGD_RECEIVER":"","LGD_RESPCODE":"0000","LGD_ACCOUNTNUM":"69509011562402","LGD_PAYER":"박정철","LGD_BUYEREMAIL":"jc2623@gmail.com"}]}
]
2015-09-18 14:59:22 [INFO ] [xplex4-01201509181459211c984789ce401150eb13fe4bddc25de0a6773975] Response Code=[0000], Msg=[06: ], Count=1
2015-09-18 14:59:22 [DEBUG] [xplex4-01201509181459211c984789ce401150eb13fe4bddc25de0a6773975] Response (LGD_IFOS, 0) = 3M8ETM
2015-09-18 14:59:22 [DEBUG] [xplex4-01201509181459211c984789ce401150eb13fe4bddc25de0a6773975] Response (LGD_MID, 0) = xplex4
2015-09-18 14:59:22 [DEBUG] [xplex4-01201509181459211c984789ce401150eb13fe4bddc25de0a6773975] Response (LGD_FINANCENAME, 0) = 국민
2015-09-18 14:59:22 [DEBUG] [xplex4-01201509181459211c984789ce401150eb13fe4bddc25de0a6773975] Response (LGD_DELIVERYINFO, 0) = 
2015-09-18 14:59:22 [DEBUG] [xplex4-01201509181459211c984789ce401150eb13fe4bddc25de0a6773975] Response (LGD_BUYER, 0) = 박정철
2015-09-18 14:59:22 [DEBUG] [xplex4-01201509181459211c984789ce401150eb13fe4bddc25de0a6773975] Response (LGD_BUYERID, 0) = 
2015-09-18 14:59:22 [DEBUG] [xplex4-01201509181459211c984789ce401150eb13fe4bddc25de0a6773975] Response (LGD_OID, 0) = 3815
2015-09-18 14:59:22 [DEBUG] [xplex4-01201509181459211c984789ce401150eb13fe4bddc25de0a6773975] Response (LGD_RECEIVERPHONE, 0) = 
2015-09-18 14:59:22 [DEBUG] [xplex4-01201509181459211c984789ce401150eb13fe4bddc25de0a6773975] Response (LGD_2TR_FLAG, 0) = Y
2015-09-18 14:59:22 [DEBUG] [xplex4-01201509181459211c984789ce401150eb13fe4bddc25de0a6773975] Response (LGD_DEVICE, 0) = 
2015-09-18 14:59:22 [DEBUG] [xplex4-01201509181459211c984789ce401150eb13fe4bddc25de0a6773975] Response (LGD_TID, 0) = xplex2015091823592264055
2015-09-18 14:59:22 [DEBUG] [xplex4-01201509181459211c984789ce401150eb13fe4bddc25de0a6773975] Response (LGD_TIMESTAMP, 0) = 20150918235923
2015-09-18 14:59:22 [DEBUG] [xplex4-01201509181459211c984789ce401150eb13fe4bddc25de0a6773975] Response (LGD_SAOWNER, 0) = 엑스플렉스(X-PLEX)
2015-09-18 14:59:22 [DEBUG] [xplex4-01201509181459211c984789ce401150eb13fe4bddc25de0a6773975] Response (LGD_FINANCECODE, 0) = 004
2015-09-18 14:59:22 [DEBUG] [xplex4-01201509181459211c984789ce401150eb13fe4bddc25de0a6773975] Response (LGD_BUYERPHONE, 0) = 01056352623
2015-09-18 14:59:22 [DEBUG] [xplex4-01201509181459211c984789ce401150eb13fe4bddc25de0a6773975] Response (LGD_ESCROWYN, 0) = N
2015-09-18 14:59:22 [DEBUG] [xplex4-01201509181459211c984789ce401150eb13fe4bddc25de0a6773975] Response (LGD_PAYTYPE, 0) = SC0040
2015-09-18 14:59:22 [DEBUG] [xplex4-01201509181459211c984789ce401150eb13fe4bddc25de0a6773975] Response (LGD_CASFLAG, 0) = R
2015-09-18 14:59:22 [DEBUG] [xplex4-01201509181459211c984789ce401150eb13fe4bddc25de0a6773975] Response (LGD_CASCAMOUNT, 0) = 0
2015-09-18 14:59:22 [DEBUG] [xplex4-01201509181459211c984789ce401150eb13fe4bddc25de0a6773975] Response (LGD_CASTAMOUNT, 0) = 0
2015-09-18 14:59:22 [DEBUG] [xplex4-01201509181459211c984789ce401150eb13fe4bddc25de0a6773975] Response (LGD_AMOUNT, 0) = 320000
2015-09-18 14:59:22 [DEBUG] [xplex4-01201509181459211c984789ce401150eb13fe4bddc25de0a6773975] Response (LGD_BUYERSSN, 0) = .
2015-09-18 14:59:22 [DEBUG] [xplex4-01201509181459211c984789ce401150eb13fe4bddc25de0a6773975] Response (LGD_RESPMSG, 0) = 06: 
2015-09-18 14:59:22 [DEBUG] [xplex4-01201509181459211c984789ce401150eb13fe4bddc25de0a6773975] Response (LGD_PAYDATE, 0) = 20150918235922
2015-09-18 14:59:22 [DEBUG] [xplex4-01201509181459211c984789ce401150eb13fe4bddc25de0a6773975] Response (LGD_PRODUCTINFO, 0) = 나만의 사전을 만드는 글쓰기 [시즌1]– 내가 사로잡힌 세계를 사로잡기 위하여
2015-09-18 14:59:22 [DEBUG] [xplex4-01201509181459211c984789ce401150eb13fe4bddc25de0a6773975] Response (LGD_CASSEQNO, 0) = 000
2015-09-18 14:59:22 [DEBUG] [xplex4-01201509181459211c984789ce401150eb13fe4bddc25de0a6773975] Response (LGD_PRODUCTCODE, 0) = 
2015-09-18 14:59:22 [DEBUG] [xplex4-01201509181459211c984789ce401150eb13fe4bddc25de0a6773975] Response (LGD_HASHDATA, 0) = 25f980e5dcb45a1f649d1176b22fe269
2015-09-18 14:59:22 [DEBUG] [xplex4-01201509181459211c984789ce401150eb13fe4bddc25de0a6773975] Response (LGD_BUYERADDRESS, 0) = 구로구 궁동178-21
2015-09-18 14:59:22 [DEBUG] [xplex4-01201509181459211c984789ce401150eb13fe4bddc25de0a6773975] Response (LGD_RECEIVER, 0) = 
2015-09-18 14:59:22 [DEBUG] [xplex4-01201509181459211c984789ce401150eb13fe4bddc25de0a6773975] Response (LGD_RESPCODE, 0) = 0000
2015-09-18 14:59:22 [DEBUG] [xplex4-01201509181459211c984789ce401150eb13fe4bddc25de0a6773975] Response (LGD_ACCOUNTNUM, 0) = 69509011562402
2015-09-18 14:59:22 [DEBUG] [xplex4-01201509181459211c984789ce401150eb13fe4bddc25de0a6773975] Response (LGD_PAYER, 0) = 박정철
2015-09-18 14:59:22 [DEBUG] [xplex4-01201509181459211c984789ce401150eb13fe4bddc25de0a6773975] Response (LGD_BUYEREMAIL, 0) = jc2623@gmail.com
