2016-05-22 06:53:02 [INFO ] [] XPayClient initialize [/home/hosting_users/xplex/www/wp-content/plugins/woocommerce-lguplus-kr/lgdacom] [service]
2016-05-22 06:53:02 [DEBUG] [] Config [server_id] = [01]
2016-05-22 06:53:02 [DEBUG] [] Config [timeout] = [60]
2016-05-22 06:53:02 [DEBUG] [] Config [log_level] = [4]
2016-05-22 06:53:02 [DEBUG] [] Config [verify_cert] = [1]
2016-05-22 06:53:02 [DEBUG] [] Config [verify_host] = [1]
2016-05-22 06:53:02 [DEBUG] [] Config [report_error] = [1]
2016-05-22 06:53:02 [DEBUG] [] Config [output_UTF8] = [1]
2016-05-22 06:53:02 [DEBUG] [] Config [auto_rollback] = [1]
2016-05-22 06:53:02 [DEBUG] [] Config [log_dir] = [/home/hosting_users/xplex/www/wp-content/plugins/woocommerce-lguplus-kr/lgdacom/log]
2016-05-22 06:53:02 [DEBUG] [] Config [txplex4] = [12d7f002e43a80c0dd64128a1957e351]
2016-05-22 06:53:02 [DEBUG] [] Config [xplex4] = [12d7f002e43a80c0dd64128a1957e351]
2016-05-22 06:53:02 [DEBUG] [] Config [url] = [https://xpayclient.lgdacom.net/xpay/Gateway.do]
2016-05-22 06:53:02 [DEBUG] [] Config [test_url] = [https://xpayclient.lgdacom.net:7443/xpay/Gateway.do]
2016-05-22 06:53:02 [DEBUG] [] Config [aux_url] = [http://xpayclient.lgdacom.net:7080/xpay/Gateway.do]
2016-05-22 06:53:02 [DEBUG] [xplex4-0120160522065302e89bf004a2f323005af2df3a830f53fcac647c64] Post [LGD_TXID] = [xplex4-0120160522065302e89bf004a2f323005af2df3a830f53fcac647c64]
2016-05-22 06:53:02 [DEBUG] [xplex4-0120160522065302e89bf004a2f323005af2df3a830f53fcac647c64] Post [LGD_AUTHCODE] = [babd416afcd10e50cfe4afce40dd90277f02f75b]
2016-05-22 06:53:02 [DEBUG] [xplex4-0120160522065302e89bf004a2f323005af2df3a830f53fcac647c64] Post [LGD_MID] = [xplex4]
2016-05-22 06:53:02 [DEBUG] [xplex4-0120160522065302e89bf004a2f323005af2df3a830f53fcac647c64] Post [LGD_TXNAME] = [PaymentByKey]
2016-05-22 06:53:02 [DEBUG] [xplex4-0120160522065302e89bf004a2f323005af2df3a830f53fcac647c64] Post [LGD_PAYKEY] = [2016052215530198DB2140884D4426CC469BA2A4EB372E80952E2D]
2016-05-22 06:53:02 [DEBUG] [xplex4-0120160522065302e89bf004a2f323005af2df3a830f53fcac647c64] post_string = LGD_TXID=xplex4-0120160522065302e89bf004a2f323005af2df3a830f53fcac647c64&LGD_AUTHCODE=babd416afcd10e50cfe4afce40dd90277f02f75b&LGD_MID=xplex4&LGD_TXNAME=PaymentByKey&LGD_PAYKEY=2016052215530198DB2140884D4426CC469BA2A4EB372E80952E2D
2016-05-22 06:53:04 [DEBUG] [xplex4-0120160522065302e89bf004a2f323005af2df3a830f53fcac647c64] Result = [









{"LGD_RESPCODE":"0000","LGD_RESPMSG":"20: ","LGD_RESPONSE":[{"LGD_IFOS":"3A6C0S","LGD_MID":"xplex4","LGD_FINANCENAME":"우리","LGD_CASHRECEIPTKIND":"0","LGD_DELIVERYINFO":"","LGD_BUYER":"김휘수","LGD_BUYERID":"","LGD_OID":"5332","LGD_RECEIVERPHONE":"","LGD_2TR_FLAG":"Y","LGD_DEVICE":"","LGD_TID":"xplex2016052215530370976","LGD_TIMESTAMP":"20160522155304","LGD_SAOWNER":"엑스플렉스(X-PLEX)","LGD_FINANCECODE":"020","LGD_BUYERPHONE":"01020219352","LGD_ESCROWYN":"N","LGD_PAYTYPE":"SC0040","LGD_CASFLAG":"R","LGD_CASCAMOUNT":"0","LGD_CASTAMOUNT":"0","LGD_AMOUNT":"250000","LGD_BUYERSSN":".","LGD_CASHRECEIPTCODE":"0000","LGD_RESPMSG":"20: ","LGD_PAYDATE":"20160522155303","LGD_PRODUCTINFO":"스피노자의 『윤리학』 읽기","LGD_CASSEQNO":"000","LGD_PRODUCTCODE":"","LGD_HASHDATA":"5a8ac61e92fec6ef549e8ed9f450d8fb","LGD_BUYERADDRESS":"서구 신현동 신현e편한세상하늘채아파트 101~120동110 3201","LGD_RECEIVER":"","LGD_RESPCODE":"0000","LGD_ACCOUNTNUM":"61650419518750","LGD_PAYER":"김휘수","LGD_BUYEREMAIL":"kkhhss23@naver.com"}]}
]
2016-05-22 06:53:04 [INFO ] [xplex4-0120160522065302e89bf004a2f323005af2df3a830f53fcac647c64] Response Code=[0000], Msg=[20: ], Count=1
2016-05-22 06:53:04 [DEBUG] [xplex4-0120160522065302e89bf004a2f323005af2df3a830f53fcac647c64] Response (LGD_IFOS, 0) = 3A6C0S
2016-05-22 06:53:04 [DEBUG] [xplex4-0120160522065302e89bf004a2f323005af2df3a830f53fcac647c64] Response (LGD_MID, 0) = xplex4
2016-05-22 06:53:04 [DEBUG] [xplex4-0120160522065302e89bf004a2f323005af2df3a830f53fcac647c64] Response (LGD_FINANCENAME, 0) = 우리
2016-05-22 06:53:04 [DEBUG] [xplex4-0120160522065302e89bf004a2f323005af2df3a830f53fcac647c64] Response (LGD_CASHRECEIPTKIND, 0) = 0
2016-05-22 06:53:04 [DEBUG] [xplex4-0120160522065302e89bf004a2f323005af2df3a830f53fcac647c64] Response (LGD_DELIVERYINFO, 0) = 
2016-05-22 06:53:04 [DEBUG] [xplex4-0120160522065302e89bf004a2f323005af2df3a830f53fcac647c64] Response (LGD_BUYER, 0) = 김휘수
2016-05-22 06:53:04 [DEBUG] [xplex4-0120160522065302e89bf004a2f323005af2df3a830f53fcac647c64] Response (LGD_BUYERID, 0) = 
2016-05-22 06:53:04 [DEBUG] [xplex4-0120160522065302e89bf004a2f323005af2df3a830f53fcac647c64] Response (LGD_OID, 0) = 5332
2016-05-22 06:53:04 [DEBUG] [xplex4-0120160522065302e89bf004a2f323005af2df3a830f53fcac647c64] Response (LGD_RECEIVERPHONE, 0) = 
2016-05-22 06:53:04 [DEBUG] [xplex4-0120160522065302e89bf004a2f323005af2df3a830f53fcac647c64] Response (LGD_2TR_FLAG, 0) = Y
2016-05-22 06:53:04 [DEBUG] [xplex4-0120160522065302e89bf004a2f323005af2df3a830f53fcac647c64] Response (LGD_DEVICE, 0) = 
2016-05-22 06:53:04 [DEBUG] [xplex4-0120160522065302e89bf004a2f323005af2df3a830f53fcac647c64] Response (LGD_TID, 0) = xplex2016052215530370976
2016-05-22 06:53:04 [DEBUG] [xplex4-0120160522065302e89bf004a2f323005af2df3a830f53fcac647c64] Response (LGD_TIMESTAMP, 0) = 20160522155304
2016-05-22 06:53:04 [DEBUG] [xplex4-0120160522065302e89bf004a2f323005af2df3a830f53fcac647c64] Response (LGD_SAOWNER, 0) = 엑스플렉스(X-PLEX)
2016-05-22 06:53:04 [DEBUG] [xplex4-0120160522065302e89bf004a2f323005af2df3a830f53fcac647c64] Response (LGD_FINANCECODE, 0) = 020
2016-05-22 06:53:04 [DEBUG] [xplex4-0120160522065302e89bf004a2f323005af2df3a830f53fcac647c64] Response (LGD_BUYERPHONE, 0) = 01020219352
2016-05-22 06:53:04 [DEBUG] [xplex4-0120160522065302e89bf004a2f323005af2df3a830f53fcac647c64] Response (LGD_ESCROWYN, 0) = N
2016-05-22 06:53:04 [DEBUG] [xplex4-0120160522065302e89bf004a2f323005af2df3a830f53fcac647c64] Response (LGD_PAYTYPE, 0) = SC0040
2016-05-22 06:53:04 [DEBUG] [xplex4-0120160522065302e89bf004a2f323005af2df3a830f53fcac647c64] Response (LGD_CASFLAG, 0) = R
2016-05-22 06:53:04 [DEBUG] [xplex4-0120160522065302e89bf004a2f323005af2df3a830f53fcac647c64] Response (LGD_CASCAMOUNT, 0) = 0
2016-05-22 06:53:04 [DEBUG] [xplex4-0120160522065302e89bf004a2f323005af2df3a830f53fcac647c64] Response (LGD_CASTAMOUNT, 0) = 0
2016-05-22 06:53:04 [DEBUG] [xplex4-0120160522065302e89bf004a2f323005af2df3a830f53fcac647c64] Response (LGD_AMOUNT, 0) = 250000
2016-05-22 06:53:04 [DEBUG] [xplex4-0120160522065302e89bf004a2f323005af2df3a830f53fcac647c64] Response (LGD_BUYERSSN, 0) = .
2016-05-22 06:53:04 [DEBUG] [xplex4-0120160522065302e89bf004a2f323005af2df3a830f53fcac647c64] Response (LGD_CASHRECEIPTCODE, 0) = 0000
2016-05-22 06:53:04 [DEBUG] [xplex4-0120160522065302e89bf004a2f323005af2df3a830f53fcac647c64] Response (LGD_RESPMSG, 0) = 20: 
2016-05-22 06:53:04 [DEBUG] [xplex4-0120160522065302e89bf004a2f323005af2df3a830f53fcac647c64] Response (LGD_PAYDATE, 0) = 20160522155303
2016-05-22 06:53:04 [DEBUG] [xplex4-0120160522065302e89bf004a2f323005af2df3a830f53fcac647c64] Response (LGD_PRODUCTINFO, 0) = 스피노자의 『윤리학』 읽기
2016-05-22 06:53:04 [DEBUG] [xplex4-0120160522065302e89bf004a2f323005af2df3a830f53fcac647c64] Response (LGD_CASSEQNO, 0) = 000
2016-05-22 06:53:04 [DEBUG] [xplex4-0120160522065302e89bf004a2f323005af2df3a830f53fcac647c64] Response (LGD_PRODUCTCODE, 0) = 
2016-05-22 06:53:04 [DEBUG] [xplex4-0120160522065302e89bf004a2f323005af2df3a830f53fcac647c64] Response (LGD_HASHDATA, 0) = 5a8ac61e92fec6ef549e8ed9f450d8fb
2016-05-22 06:53:04 [DEBUG] [xplex4-0120160522065302e89bf004a2f323005af2df3a830f53fcac647c64] Response (LGD_BUYERADDRESS, 0) = 서구 신현동 신현e편한세상하늘채아파트 101~120동110 3201
2016-05-22 06:53:04 [DEBUG] [xplex4-0120160522065302e89bf004a2f323005af2df3a830f53fcac647c64] Response (LGD_RECEIVER, 0) = 
2016-05-22 06:53:04 [DEBUG] [xplex4-0120160522065302e89bf004a2f323005af2df3a830f53fcac647c64] Response (LGD_RESPCODE, 0) = 0000
2016-05-22 06:53:04 [DEBUG] [xplex4-0120160522065302e89bf004a2f323005af2df3a830f53fcac647c64] Response (LGD_ACCOUNTNUM, 0) = 61650419518750
2016-05-22 06:53:04 [DEBUG] [xplex4-0120160522065302e89bf004a2f323005af2df3a830f53fcac647c64] Response (LGD_PAYER, 0) = 김휘수
2016-05-22 06:53:04 [DEBUG] [xplex4-0120160522065302e89bf004a2f323005af2df3a830f53fcac647c64] Response (LGD_BUYEREMAIL, 0) = kkhhss23@naver.com
