2016-06-30 10:53:45 [INFO ] [] XPayClient initialize [/home/hosting_users/xplex/www/wp-content/plugins/woocommerce-lguplus-kr/lgdacom] [service]
2016-06-30 10:53:45 [DEBUG] [] Config [server_id] = [01]
2016-06-30 10:53:45 [DEBUG] [] Config [timeout] = [60]
2016-06-30 10:53:45 [DEBUG] [] Config [log_level] = [4]
2016-06-30 10:53:45 [DEBUG] [] Config [verify_cert] = [1]
2016-06-30 10:53:45 [DEBUG] [] Config [verify_host] = [1]
2016-06-30 10:53:45 [DEBUG] [] Config [report_error] = [1]
2016-06-30 10:53:45 [DEBUG] [] Config [output_UTF8] = [1]
2016-06-30 10:53:45 [DEBUG] [] Config [auto_rollback] = [1]
2016-06-30 10:53:45 [DEBUG] [] Config [log_dir] = [/home/hosting_users/xplex/www/wp-content/plugins/woocommerce-lguplus-kr/lgdacom/log]
2016-06-30 10:53:45 [DEBUG] [] Config [txplex4] = [12d7f002e43a80c0dd64128a1957e351]
2016-06-30 10:53:45 [DEBUG] [] Config [xplex4] = [12d7f002e43a80c0dd64128a1957e351]
2016-06-30 10:53:45 [DEBUG] [] Config [url] = [https://xpayclient.lgdacom.net/xpay/Gateway.do]
2016-06-30 10:53:45 [DEBUG] [] Config [test_url] = [https://xpayclient.lgdacom.net:7443/xpay/Gateway.do]
2016-06-30 10:53:45 [DEBUG] [] Config [aux_url] = [http://xpayclient.lgdacom.net:7080/xpay/Gateway.do]
2016-06-30 10:53:45 [DEBUG] [xplex4-0120160630105345a2612144a1d49696995d024a0bd00430d649d588] Post [LGD_TXID] = [xplex4-0120160630105345a2612144a1d49696995d024a0bd00430d649d588]
2016-06-30 10:53:45 [DEBUG] [xplex4-0120160630105345a2612144a1d49696995d024a0bd00430d649d588] Post [LGD_AUTHCODE] = [0ac618398ffbb9c112448b97216a0553c7033567]
2016-06-30 10:53:45 [DEBUG] [xplex4-0120160630105345a2612144a1d49696995d024a0bd00430d649d588] Post [LGD_MID] = [xplex4]
2016-06-30 10:53:45 [DEBUG] [xplex4-0120160630105345a2612144a1d49696995d024a0bd00430d649d588] Post [LGD_TXNAME] = [PaymentByKey]
2016-06-30 10:53:45 [DEBUG] [xplex4-0120160630105345a2612144a1d49696995d024a0bd00430d649d588] Post [LGD_PAYKEY] = [201606301953449DA9E15E991190B232C212F1AEE9BD10504469DD]
2016-06-30 10:53:45 [DEBUG] [xplex4-0120160630105345a2612144a1d49696995d024a0bd00430d649d588] post_string = LGD_TXID=xplex4-0120160630105345a2612144a1d49696995d024a0bd00430d649d588&LGD_AUTHCODE=0ac618398ffbb9c112448b97216a0553c7033567&LGD_MID=xplex4&LGD_TXNAME=PaymentByKey&LGD_PAYKEY=201606301953449DA9E15E991190B232C212F1AEE9BD10504469DD
2016-06-30 10:53:46 [DEBUG] [xplex4-0120160630105345a2612144a1d49696995d024a0bd00430d649d588] Result = [









{"LGD_RESPCODE":"0000","LGD_RESPMSG":"06: ","LGD_RESPONSE":[{"LGD_IFOS":"3A6C0S","LGD_MID":"xplex4","LGD_FINANCENAME":"국민","LGD_CASHRECEIPTKIND":"0","LGD_DELIVERYINFO":"","LGD_BUYER":"이지혜","LGD_BUYERID":"","LGD_OID":"5849","LGD_RECEIVERPHONE":"","LGD_2TR_FLAG":"Y","LGD_DEVICE":"","LGD_TID":"xplex2016063019534661610","LGD_TIMESTAMP":"20160630195347","LGD_SAOWNER":"엑스플렉스(X-PLEX)","LGD_FINANCECODE":"004","LGD_BUYERPHONE":"01043939390","LGD_ESCROWYN":"N","LGD_PAYTYPE":"SC0040","LGD_CASFLAG":"R","LGD_CASCAMOUNT":"0","LGD_CASTAMOUNT":"0","LGD_AMOUNT":"150000","LGD_BUYERSSN":".","LGD_CASHRECEIPTCODE":"0000","LGD_RESPMSG":"06: ","LGD_PAYDATE":"20160630195346","LGD_PRODUCTINFO":"한방에 통과되는 기획서/보고서 작성법 9기– 업무용 글쓰기 솔루션","LGD_CASSEQNO":"000","LGD_PRODUCTCODE":"","LGD_HASHDATA":"8df1024a1bf44462f7d388705051c581","LGD_BUYERADDRESS":"서대문구 홍은동벽산","LGD_RECEIVER":"","LGD_RESPCODE":"0000","LGD_ACCOUNTNUM":"69479011330677","LGD_PAYER":"이지혜","LGD_BUYEREMAIL":"coreawiz@powerpt.co.kr"}]}
]
2016-06-30 10:53:46 [INFO ] [xplex4-0120160630105345a2612144a1d49696995d024a0bd00430d649d588] Response Code=[0000], Msg=[06: ], Count=1
2016-06-30 10:53:46 [DEBUG] [xplex4-0120160630105345a2612144a1d49696995d024a0bd00430d649d588] Response (LGD_IFOS, 0) = 3A6C0S
2016-06-30 10:53:46 [DEBUG] [xplex4-0120160630105345a2612144a1d49696995d024a0bd00430d649d588] Response (LGD_MID, 0) = xplex4
2016-06-30 10:53:46 [DEBUG] [xplex4-0120160630105345a2612144a1d49696995d024a0bd00430d649d588] Response (LGD_FINANCENAME, 0) = 국민
2016-06-30 10:53:46 [DEBUG] [xplex4-0120160630105345a2612144a1d49696995d024a0bd00430d649d588] Response (LGD_CASHRECEIPTKIND, 0) = 0
2016-06-30 10:53:46 [DEBUG] [xplex4-0120160630105345a2612144a1d49696995d024a0bd00430d649d588] Response (LGD_DELIVERYINFO, 0) = 
2016-06-30 10:53:46 [DEBUG] [xplex4-0120160630105345a2612144a1d49696995d024a0bd00430d649d588] Response (LGD_BUYER, 0) = 이지혜
2016-06-30 10:53:46 [DEBUG] [xplex4-0120160630105345a2612144a1d49696995d024a0bd00430d649d588] Response (LGD_BUYERID, 0) = 
2016-06-30 10:53:46 [DEBUG] [xplex4-0120160630105345a2612144a1d49696995d024a0bd00430d649d588] Response (LGD_OID, 0) = 5849
2016-06-30 10:53:46 [DEBUG] [xplex4-0120160630105345a2612144a1d49696995d024a0bd00430d649d588] Response (LGD_RECEIVERPHONE, 0) = 
2016-06-30 10:53:46 [DEBUG] [xplex4-0120160630105345a2612144a1d49696995d024a0bd00430d649d588] Response (LGD_2TR_FLAG, 0) = Y
2016-06-30 10:53:46 [DEBUG] [xplex4-0120160630105345a2612144a1d49696995d024a0bd00430d649d588] Response (LGD_DEVICE, 0) = 
2016-06-30 10:53:46 [DEBUG] [xplex4-0120160630105345a2612144a1d49696995d024a0bd00430d649d588] Response (LGD_TID, 0) = xplex2016063019534661610
2016-06-30 10:53:46 [DEBUG] [xplex4-0120160630105345a2612144a1d49696995d024a0bd00430d649d588] Response (LGD_TIMESTAMP, 0) = 20160630195347
2016-06-30 10:53:46 [DEBUG] [xplex4-0120160630105345a2612144a1d49696995d024a0bd00430d649d588] Response (LGD_SAOWNER, 0) = 엑스플렉스(X-PLEX)
2016-06-30 10:53:46 [DEBUG] [xplex4-0120160630105345a2612144a1d49696995d024a0bd00430d649d588] Response (LGD_FINANCECODE, 0) = 004
2016-06-30 10:53:46 [DEBUG] [xplex4-0120160630105345a2612144a1d49696995d024a0bd00430d649d588] Response (LGD_BUYERPHONE, 0) = 01043939390
2016-06-30 10:53:46 [DEBUG] [xplex4-0120160630105345a2612144a1d49696995d024a0bd00430d649d588] Response (LGD_ESCROWYN, 0) = N
2016-06-30 10:53:46 [DEBUG] [xplex4-0120160630105345a2612144a1d49696995d024a0bd00430d649d588] Response (LGD_PAYTYPE, 0) = SC0040
2016-06-30 10:53:46 [DEBUG] [xplex4-0120160630105345a2612144a1d49696995d024a0bd00430d649d588] Response (LGD_CASFLAG, 0) = R
2016-06-30 10:53:46 [DEBUG] [xplex4-0120160630105345a2612144a1d49696995d024a0bd00430d649d588] Response (LGD_CASCAMOUNT, 0) = 0
2016-06-30 10:53:46 [DEBUG] [xplex4-0120160630105345a2612144a1d49696995d024a0bd00430d649d588] Response (LGD_CASTAMOUNT, 0) = 0
2016-06-30 10:53:46 [DEBUG] [xplex4-0120160630105345a2612144a1d49696995d024a0bd00430d649d588] Response (LGD_AMOUNT, 0) = 150000
2016-06-30 10:53:46 [DEBUG] [xplex4-0120160630105345a2612144a1d49696995d024a0bd00430d649d588] Response (LGD_BUYERSSN, 0) = .
2016-06-30 10:53:46 [DEBUG] [xplex4-0120160630105345a2612144a1d49696995d024a0bd00430d649d588] Response (LGD_CASHRECEIPTCODE, 0) = 0000
2016-06-30 10:53:46 [DEBUG] [xplex4-0120160630105345a2612144a1d49696995d024a0bd00430d649d588] Response (LGD_RESPMSG, 0) = 06: 
2016-06-30 10:53:46 [DEBUG] [xplex4-0120160630105345a2612144a1d49696995d024a0bd00430d649d588] Response (LGD_PAYDATE, 0) = 20160630195346
2016-06-30 10:53:46 [DEBUG] [xplex4-0120160630105345a2612144a1d49696995d024a0bd00430d649d588] Response (LGD_PRODUCTINFO, 0) = 한방에 통과되는 기획서/보고서 작성법 9기– 업무용 글쓰기 솔루션
2016-06-30 10:53:46 [DEBUG] [xplex4-0120160630105345a2612144a1d49696995d024a0bd00430d649d588] Response (LGD_CASSEQNO, 0) = 000
2016-06-30 10:53:46 [DEBUG] [xplex4-0120160630105345a2612144a1d49696995d024a0bd00430d649d588] Response (LGD_PRODUCTCODE, 0) = 
2016-06-30 10:53:46 [DEBUG] [xplex4-0120160630105345a2612144a1d49696995d024a0bd00430d649d588] Response (LGD_HASHDATA, 0) = 8df1024a1bf44462f7d388705051c581
2016-06-30 10:53:46 [DEBUG] [xplex4-0120160630105345a2612144a1d49696995d024a0bd00430d649d588] Response (LGD_BUYERADDRESS, 0) = 서대문구 홍은동벽산
2016-06-30 10:53:46 [DEBUG] [xplex4-0120160630105345a2612144a1d49696995d024a0bd00430d649d588] Response (LGD_RECEIVER, 0) = 
2016-06-30 10:53:46 [DEBUG] [xplex4-0120160630105345a2612144a1d49696995d024a0bd00430d649d588] Response (LGD_RESPCODE, 0) = 0000
2016-06-30 10:53:46 [DEBUG] [xplex4-0120160630105345a2612144a1d49696995d024a0bd00430d649d588] Response (LGD_ACCOUNTNUM, 0) = 69479011330677
2016-06-30 10:53:46 [DEBUG] [xplex4-0120160630105345a2612144a1d49696995d024a0bd00430d649d588] Response (LGD_PAYER, 0) = 이지혜
2016-06-30 10:53:46 [DEBUG] [xplex4-0120160630105345a2612144a1d49696995d024a0bd00430d649d588] Response (LGD_BUYEREMAIL, 0) = coreawiz@powerpt.co.kr
